[0.414s] Invoking command in '/home/lee/robot_ws/build/my_first_ros_rclpy_pkg': PYTHONPATH=/home/lee/robot_ws/install/my_first_ros_rclpy_pkg/lib/python3.8/site-packages:${PYTHONPATH} /usr/bin/python3 setup.py develop --prefix /home/lee/robot_ws/install/my_first_ros_rclpy_pkg --editable --build-directory /home/lee/robot_ws/build/my_first_ros_rclpy_pkg/build --no-deps install_data --install-dir /home/lee/robot_ws/install/my_first_ros_rclpy_pkg
[0.554s] running develop
[0.636s] running egg_info
[0.636s] creating my_first_ros_rclpy_pkg.egg-info
[0.636s] writing my_first_ros_rclpy_pkg.egg-info/PKG-INFO
[0.636s] writing dependency_links to my_first_ros_rclpy_pkg.egg-info/dependency_links.txt
[0.636s] writing entry points to my_first_ros_rclpy_pkg.egg-info/entry_points.txt
[0.636s] writing requirements to my_first_ros_rclpy_pkg.egg-info/requires.txt
[0.636s] writing top-level names to my_first_ros_rclpy_pkg.egg-info/top_level.txt
[0.638s] writing manifest file 'my_first_ros_rclpy_pkg.egg-info/SOURCES.txt'
[0.659s] reading manifest file 'my_first_ros_rclpy_pkg.egg-info/SOURCES.txt'
[0.659s] writing manifest file 'my_first_ros_rclpy_pkg.egg-info/SOURCES.txt'
[0.681s] running build_ext
[0.681s] Creating /home/lee/robot_ws/install/my_first_ros_rclpy_pkg/lib/python3.8/site-packages/site.py
[0.682s] Creating /home/lee/robot_ws/install/my_first_ros_rclpy_pkg/lib/python3.8/site-packages/my-first-ros-rclpy-pkg.egg-link (link to .)
[0.683s] Installing helloworld_publisher script to /home/lee/robot_ws/install/my_first_ros_rclpy_pkg/lib/my_first_ros_rclpy_pkg
[0.683s] Installing helloworld_subscriber script to /home/lee/robot_ws/install/my_first_ros_rclpy_pkg/lib/my_first_ros_rclpy_pkg
[0.683s] 
[0.683s] Installed /home/lee/robot_ws/build/my_first_ros_rclpy_pkg
[0.683s] running install_data
[0.684s] creating /home/lee/robot_ws/install/my_first_ros_rclpy_pkg/share/ament_index
[0.684s] creating /home/lee/robot_ws/install/my_first_ros_rclpy_pkg/share/ament_index/resource_index
[0.684s] creating /home/lee/robot_ws/install/my_first_ros_rclpy_pkg/share/ament_index/resource_index/packages
[0.684s] copying resource/my_first_ros_rclpy_pkg -> /home/lee/robot_ws/install/my_first_ros_rclpy_pkg/share/ament_index/resource_index/packages
[0.684s] copying package.xml -> /home/lee/robot_ws/install/my_first_ros_rclpy_pkg/share/my_first_ros_rclpy_pkg
[0.702s] Invoked command in '/home/lee/robot_ws/build/my_first_ros_rclpy_pkg' returned '0': PYTHONPATH=/home/lee/robot_ws/install/my_first_ros_rclpy_pkg/lib/python3.8/site-packages:${PYTHONPATH} /usr/bin/python3 setup.py develop --prefix /home/lee/robot_ws/install/my_first_ros_rclpy_pkg --editable --build-directory /home/lee/robot_ws/build/my_first_ros_rclpy_pkg/build --no-deps install_data --install-dir /home/lee/robot_ws/install/my_first_ros_rclpy_pkg
