-- The C compiler identification is GNU 9.4.0
-- The CXX compiler identification is GNU 9.4.0
-- Check for working C compiler: /usr/bin/cc
-- Check for working C compiler: /usr/bin/cc -- works
-- Detecting C compiler ABI info
-- Detecting C compiler ABI info - done
-- Detecting C compile features
-- Detecting C compile features - done
-- Check for working CXX compiler: /usr/bin/c++
-- Check for working CXX compiler: /usr/bin/c++ -- works
-- Detecting CXX compiler ABI info
-- Detecting CXX compiler ABI info - done
-- Detecting CXX compile features
-- Detecting CXX compile features - done
-- Found ament_cmake: 0.9.9 (/opt/ros/foxy/share/ament_cmake/cmake)
-- Found PythonInterp: /usr/bin/python3 (found suitable version "3.8.10", minimum required is "3") 
-- Using PYTHON_EXECUTABLE: /usr/bin/python3
-- Override CMake install command with custom implementation using symlinks instead of copying resources
-- Found builtin_interfaces: 1.0.0 (/opt/ros/foxy/share/builtin_interfaces/cmake)
-- Using all available rosidl_typesupport_c: rosidl_typesupport_fastrtps_c;rosidl_typesupport_introspection_c
-- Found rosidl_adapter: 1.2.1 (/opt/ros/foxy/share/rosidl_adapter/cmake)
-- Found OpenSSL: /usr/lib/x86_64-linux-gnu/libcrypto.so (found version "1.1.1f")  
-- Found FastRTPS: /opt/ros/foxy/include  
-- Using all available rosidl_typesupport_cpp: rosidl_typesupport_fastrtps_cpp;rosidl_typesupport_introspection_cpp
-- Found rosidl_default_generators: 1.0.1 (/opt/ros/foxy/share/rosidl_default_generators/cmake)
-- Found PythonInterp: /usr/bin/python3 (found version "3.8.10") 
-- Found ament_cmake_ros: 0.9.2 (/opt/ros/foxy/share/ament_cmake_ros/cmake)
-- Using all available rosidl_typesupport_c: rosidl_typesupport_fastrtps_c;rosidl_typesupport_introspection_c
-- Using all available rosidl_typesupport_cpp: rosidl_typesupport_fastrtps_cpp;rosidl_typesupport_introspection_cpp
-- Found PythonInterp: /usr/bin/python3 (found suitable version "3.8.10", minimum required is "3.5") 
-- Found python_cmake_module: 0.8.1 (/opt/ros/foxy/share/python_cmake_module/cmake)
-- Found PythonLibs: /usr/lib/x86_64-linux-gnu/libpython3.8.so (found suitable version "3.8.10", minimum required is "3.5") 
-- Using PYTHON_EXECUTABLE: /usr/bin/python3
-- Using PYTHON_INCLUDE_DIRS: /usr/include/python3.8
-- Using PYTHON_LIBRARIES: /usr/lib/x86_64-linux-gnu/libpython3.8.so
-- Found PythonExtra: .so  
-- Configuring done
-- Generating done
-- Build files have been written to: /home/lee/robot_ws/build/msg_srv_action_interface_cpp
[35m[1mScanning dependencies of target msg_srv_action_interface_cpp__cpp[0m
[  2%] [34m[1mGenerating C code for ROS interfaces[0m
[  4%] [34m[1mGenerating C++ code for ROS interfaces[0m
[35m[1mScanning dependencies of target msg_srv_action_interface_cpp__rosidl_generator_c[0m
[  4%] Built target msg_srv_action_interface_cpp__cpp
[ 10%] [32mBuilding C object CMakeFiles/msg_srv_action_interface_cpp__rosidl_generator_c.dir/rosidl_generator_c/msg_srv_action_interface_cpp/action/detail/coordinates_checker__functions.c.o[0m
[ 10%] [32mBuilding C object CMakeFiles/msg_srv_action_interface_cpp__rosidl_generator_c.dir/rosidl_generator_c/msg_srv_action_interface_cpp/srv/detail/conversion__functions.c.o[0m
[ 10%] [32mBuilding C object CMakeFiles/msg_srv_action_interface_cpp__rosidl_generator_c.dir/rosidl_generator_c/msg_srv_action_interface_cpp/msg/detail/coordinates__functions.c.o[0m
[ 14%] [34m[1mGenerating C++ type support dispatch for ROS interfaces[0m
[ 14%] [34m[1mGenerating C++ introspection for ROS interfaces[0m
[ 17%] [34m[1mGenerating C++ type support for eProsima Fast-RTPS[0m
[ 19%] [32m[1mLinking C shared library libmsg_srv_action_interface_cpp__rosidl_generator_c.so[0m
[ 19%] Built target msg_srv_action_interface_cpp__rosidl_generator_c
[ 23%] [34m[1mGenerating C type support dispatch for ROS interfaces[0m
[ 23%] [34m[1mGenerating C introspection for ROS interfaces[0m
[35m[1mScanning dependencies of target msg_srv_action_interface_cpp__rosidl_typesupport_cpp[0m
[ 25%] [32mBuilding CXX object CMakeFiles/msg_srv_action_interface_cpp__rosidl_typesupport_cpp.dir/rosidl_typesupport_cpp/msg_srv_action_interface_cpp/msg/coordinates__type_support.cpp.o[0m
[ 27%] [32mBuilding CXX object CMakeFiles/msg_srv_action_interface_cpp__rosidl_typesupport_cpp.dir/rosidl_typesupport_cpp/msg_srv_action_interface_cpp/action/coordinates_checker__type_support.cpp.o[0m
[ 29%] [32mBuilding CXX object CMakeFiles/msg_srv_action_interface_cpp__rosidl_typesupport_cpp.dir/rosidl_typesupport_cpp/msg_srv_action_interface_cpp/srv/conversion__type_support.cpp.o[0m
[35m[1mScanning dependencies of target msg_srv_action_interface_cpp__rosidl_typesupport_introspection_cpp[0m
[ 31%] [32mBuilding CXX object CMakeFiles/msg_srv_action_interface_cpp__rosidl_typesupport_introspection_cpp.dir/rosidl_typesupport_introspection_cpp/msg_srv_action_interface_cpp/action/detail/coordinates_checker__type_support.cpp.o[0m
[ 36%] [32mBuilding CXX object CMakeFiles/msg_srv_action_interface_cpp__rosidl_typesupport_introspection_cpp.dir/rosidl_typesupport_introspection_cpp/msg_srv_action_interface_cpp/msg/detail/coordinates__type_support.cpp.o[0m
[ 36%] [32mBuilding CXX object CMakeFiles/msg_srv_action_interface_cpp__rosidl_typesupport_introspection_cpp.dir/rosidl_typesupport_introspection_cpp/msg_srv_action_interface_cpp/srv/detail/conversion__type_support.cpp.o[0m
[35m[1mScanning dependencies of target msg_srv_action_interface_cpp__rosidl_typesupport_c[0m
[ 38%] [32mBuilding CXX object CMakeFiles/msg_srv_action_interface_cpp__rosidl_typesupport_c.dir/rosidl_typesupport_c/msg_srv_action_interface_cpp/action/coordinates_checker__type_support.cpp.o[0m
[ 40%] [32mBuilding CXX object CMakeFiles/msg_srv_action_interface_cpp__rosidl_typesupport_c.dir/rosidl_typesupport_c/msg_srv_action_interface_cpp/srv/conversion__type_support.cpp.o[0m
[ 42%] [32mBuilding CXX object CMakeFiles/msg_srv_action_interface_cpp__rosidl_typesupport_c.dir/rosidl_typesupport_c/msg_srv_action_interface_cpp/msg/coordinates__type_support.cpp.o[0m
[ 44%] [32m[1mLinking CXX shared library libmsg_srv_action_interface_cpp__rosidl_typesupport_c.so[0m
[35m[1mScanning dependencies of target msg_srv_action_interface_cpp__rosidl_typesupport_fastrtps_cpp[0m
[ 46%] [32mBuilding CXX object CMakeFiles/msg_srv_action_interface_cpp__rosidl_typesupport_fastrtps_cpp.dir/rosidl_typesupport_fastrtps_cpp/msg_srv_action_interface_cpp/srv/detail/dds_fastrtps/conversion__type_support.cpp.o[0m
[ 48%] [32mBuilding CXX object CMakeFiles/msg_srv_action_interface_cpp__rosidl_typesupport_fastrtps_cpp.dir/rosidl_typesupport_fastrtps_cpp/msg_srv_action_interface_cpp/msg/detail/dds_fastrtps/coordinates__type_support.cpp.o[0m
[ 51%] [32mBuilding CXX object CMakeFiles/msg_srv_action_interface_cpp__rosidl_typesupport_fastrtps_cpp.dir/rosidl_typesupport_fastrtps_cpp/msg_srv_action_interface_cpp/action/detail/dds_fastrtps/coordinates_checker__type_support.cpp.o[0m
[ 51%] Built target msg_srv_action_interface_cpp__rosidl_typesupport_c
[35m[1mScanning dependencies of target msg_srv_action_interface_cpp__rosidl_typesupport_introspection_c[0m
[ 53%] [32mBuilding C object CMakeFiles/msg_srv_action_interface_cpp__rosidl_typesupport_introspection_c.dir/rosidl_typesupport_introspection_c/msg_srv_action_interface_cpp/msg/detail/coordinates__type_support.c.o[0m
[ 55%] [32mBuilding C object CMakeFiles/msg_srv_action_interface_cpp__rosidl_typesupport_introspection_c.dir/rosidl_typesupport_introspection_c/msg_srv_action_interface_cpp/action/detail/coordinates_checker__type_support.c.o[0m
[ 57%] [32mBuilding C object CMakeFiles/msg_srv_action_interface_cpp__rosidl_typesupport_introspection_c.dir/rosidl_typesupport_introspection_c/msg_srv_action_interface_cpp/srv/detail/conversion__type_support.c.o[0m
[ 59%] [32m[1mLinking C shared library libmsg_srv_action_interface_cpp__rosidl_typesupport_introspection_c.so[0m
[ 59%] Built target msg_srv_action_interface_cpp__rosidl_typesupport_introspection_c
[ 61%] [32m[1mLinking CXX shared library libmsg_srv_action_interface_cpp__rosidl_typesupport_cpp.so[0m
[ 61%] Built target msg_srv_action_interface_cpp__rosidl_typesupport_cpp
[ 63%] [32m[1mLinking CXX shared library libmsg_srv_action_interface_cpp__rosidl_typesupport_introspection_cpp.so[0m
[ 63%] Built target msg_srv_action_interface_cpp__rosidl_typesupport_introspection_cpp
[ 65%] [32m[1mLinking CXX shared library libmsg_srv_action_interface_cpp__rosidl_typesupport_fastrtps_cpp.so[0m
[ 65%] Built target msg_srv_action_interface_cpp__rosidl_typesupport_fastrtps_cpp
[ 68%] [34m[1mGenerating C type support for eProsima Fast-RTPS[0m
[35m[1mScanning dependencies of target msg_srv_action_interface_cpp__rosidl_typesupport_fastrtps_c[0m
[ 70%] [32mBuilding CXX object CMakeFiles/msg_srv_action_interface_cpp__rosidl_typesupport_fastrtps_c.dir/rosidl_typesupport_fastrtps_c/msg_srv_action_interface_cpp/msg/detail/coordinates__type_support_c.cpp.o[0m
[ 74%] [32mBuilding CXX object CMakeFiles/msg_srv_action_interface_cpp__rosidl_typesupport_fastrtps_c.dir/rosidl_typesupport_fastrtps_c/msg_srv_action_interface_cpp/srv/detail/conversion__type_support_c.cpp.o[0m
[ 74%] [32mBuilding CXX object CMakeFiles/msg_srv_action_interface_cpp__rosidl_typesupport_fastrtps_c.dir/rosidl_typesupport_fastrtps_c/msg_srv_action_interface_cpp/action/detail/coordinates_checker__type_support_c.cpp.o[0m
[ 76%] [32m[1mLinking CXX shared library libmsg_srv_action_interface_cpp__rosidl_typesupport_fastrtps_c.so[0m
[ 76%] Built target msg_srv_action_interface_cpp__rosidl_typesupport_fastrtps_c
[35m[1mScanning dependencies of target msg_srv_action_interface_cpp[0m
[ 76%] Built target msg_srv_action_interface_cpp
[35m[1mScanning dependencies of target msg_srv_action_interface_cpp__py[0m
[ 78%] [34m[1mGenerating Python code for ROS interfaces[0m
[ 78%] Built target msg_srv_action_interface_cpp__py
[35m[1mScanning dependencies of target msg_srv_action_interface_cpp__python[0m
[ 85%] [32mBuilding C object CMakeFiles/msg_srv_action_interface_cpp__python.dir/rosidl_generator_py/msg_srv_action_interface_cpp/srv/_conversion_s.c.o[0m
[ 85%] [32mBuilding C object CMakeFiles/msg_srv_action_interface_cpp__python.dir/rosidl_generator_py/msg_srv_action_interface_cpp/action/_coordinates_checker_s.c.o[0m
[ 85%] [32mBuilding C object CMakeFiles/msg_srv_action_interface_cpp__python.dir/rosidl_generator_py/msg_srv_action_interface_cpp/msg/_coordinates_s.c.o[0m
[ 87%] [32m[1mLinking C shared library rosidl_generator_py/msg_srv_action_interface_cpp/libmsg_srv_action_interface_cpp__python.so[0m
[ 87%] Built target msg_srv_action_interface_cpp__python
[35m[1mScanning dependencies of target msg_srv_action_interface_cpp__rosidl_typesupport_c__pyext[0m
[35m[1mScanning dependencies of target msg_srv_action_interface_cpp__rosidl_typesupport_introspection_c__pyext[0m
[35m[1mScanning dependencies of target msg_srv_action_interface_cpp__rosidl_typesupport_fastrtps_c__pyext[0m
[ 93%] [32mBuilding C object CMakeFiles/msg_srv_action_interface_cpp__rosidl_typesupport_c__pyext.dir/rosidl_generator_py/msg_srv_action_interface_cpp/_msg_srv_action_interface_cpp_s.ep.rosidl_typesupport_c.c.o[0m
[ 93%] [32mBuilding C object CMakeFiles/msg_srv_action_interface_cpp__rosidl_typesupport_fastrtps_c__pyext.dir/rosidl_generator_py/msg_srv_action_interface_cpp/_msg_srv_action_interface_cpp_s.ep.rosidl_typesupport_fastrtps_c.c.o[0m
[ 93%] [32mBuilding C object CMakeFiles/msg_srv_action_interface_cpp__rosidl_typesupport_introspection_c__pyext.dir/rosidl_generator_py/msg_srv_action_interface_cpp/_msg_srv_action_interface_cpp_s.ep.rosidl_typesupport_introspection_c.c.o[0m
[ 97%] [32m[1mLinking C shared library rosidl_generator_py/msg_srv_action_interface_cpp/msg_srv_action_interface_cpp_s__rosidl_typesupport_introspection_c.cpython-38-x86_64-linux-gnu.so[0m
[ 97%] [32m[1mLinking C shared library rosidl_generator_py/msg_srv_action_interface_cpp/msg_srv_action_interface_cpp_s__rosidl_typesupport_c.cpython-38-x86_64-linux-gnu.so[0m
[100%] [32m[1mLinking CXX shared library rosidl_generator_py/msg_srv_action_interface_cpp/msg_srv_action_interface_cpp_s__rosidl_typesupport_fastrtps_c.cpython-38-x86_64-linux-gnu.so[0m
[100%] Built target msg_srv_action_interface_cpp__rosidl_typesupport_c__pyext
[100%] Built target msg_srv_action_interface_cpp__rosidl_typesupport_introspection_c__pyext
[100%] Built target msg_srv_action_interface_cpp__rosidl_typesupport_fastrtps_c__pyext
-- Install configuration: ""
-- Execute custom install script
-- Symlinking: /home/lee/robot_ws/install/msg_srv_action_interface_cpp/share/ament_index/resource_index/rosidl_interfaces/msg_srv_action_interface_cpp
-- Symlinking: /home/lee/robot_ws/install/msg_srv_action_interface_cpp/include/msg_srv_action_interface_cpp/action/coordinates_checker.h
-- Symlinking: /home/lee/robot_ws/install/msg_srv_action_interface_cpp/include/msg_srv_action_interface_cpp/action/detail/coordinates_checker__functions.h
-- Symlinking: /home/lee/robot_ws/install/msg_srv_action_interface_cpp/include/msg_srv_action_interface_cpp/action/detail/coordinates_checker__struct.h
-- Symlinking: /home/lee/robot_ws/install/msg_srv_action_interface_cpp/include/msg_srv_action_interface_cpp/action/detail/coordinates_checker__type_support.h
-- Symlinking: /home/lee/robot_ws/install/msg_srv_action_interface_cpp/include/msg_srv_action_interface_cpp/msg/coordinates.h
-- Symlinking: /home/lee/robot_ws/install/msg_srv_action_interface_cpp/include/msg_srv_action_interface_cpp/msg/detail/coordinates__functions.h
-- Symlinking: /home/lee/robot_ws/install/msg_srv_action_interface_cpp/include/msg_srv_action_interface_cpp/msg/detail/coordinates__struct.h
-- Symlinking: /home/lee/robot_ws/install/msg_srv_action_interface_cpp/include/msg_srv_action_interface_cpp/msg/detail/coordinates__type_support.h
-- Symlinking: /home/lee/robot_ws/install/msg_srv_action_interface_cpp/include/msg_srv_action_interface_cpp/msg/rosidl_generator_c__visibility_control.h
-- Symlinking: /home/lee/robot_ws/install/msg_srv_action_interface_cpp/include/msg_srv_action_interface_cpp/srv/conversion.h
-- Symlinking: /home/lee/robot_ws/install/msg_srv_action_interface_cpp/include/msg_srv_action_interface_cpp/srv/detail/conversion__functions.h
-- Symlinking: /home/lee/robot_ws/install/msg_srv_action_interface_cpp/include/msg_srv_action_interface_cpp/srv/detail/conversion__struct.h
-- Symlinking: /home/lee/robot_ws/install/msg_srv_action_interface_cpp/include/msg_srv_action_interface_cpp/srv/detail/conversion__type_support.h
-- Symlinking: /home/lee/robot_ws/install/msg_srv_action_interface_cpp/share/msg_srv_action_interface_cpp/environment/library_path.sh
-- Symlinking: /home/lee/robot_ws/install/msg_srv_action_interface_cpp/share/msg_srv_action_interface_cpp/environment/library_path.dsv
-- Symlinking: /home/lee/robot_ws/install/msg_srv_action_interface_cpp/include/msg_srv_action_interface_cpp/action/detail/coordinates_checker__rosidl_typesupport_fastrtps_c.h
-- Symlinking: /home/lee/robot_ws/install/msg_srv_action_interface_cpp/include/msg_srv_action_interface_cpp/msg/detail/coordinates__rosidl_typesupport_fastrtps_c.h
-- Symlinking: /home/lee/robot_ws/install/msg_srv_action_interface_cpp/include/msg_srv_action_interface_cpp/msg/rosidl_typesupport_fastrtps_c__visibility_control.h
-- Symlinking: /home/lee/robot_ws/install/msg_srv_action_interface_cpp/include/msg_srv_action_interface_cpp/srv/detail/conversion__rosidl_typesupport_fastrtps_c.h
-- Symlinking: /home/lee/robot_ws/install/msg_srv_action_interface_cpp/lib/libmsg_srv_action_interface_cpp__rosidl_typesupport_fastrtps_c.so
-- Symlinking: /home/lee/robot_ws/install/msg_srv_action_interface_cpp/include/msg_srv_action_interface_cpp/action/detail/coordinates_checker__rosidl_typesupport_fastrtps_cpp.hpp
-- Symlinking: /home/lee/robot_ws/install/msg_srv_action_interface_cpp/include/msg_srv_action_interface_cpp/msg/detail/coordinates__rosidl_typesupport_fastrtps_cpp.hpp
-- Symlinking: /home/lee/robot_ws/install/msg_srv_action_interface_cpp/include/msg_srv_action_interface_cpp/msg/rosidl_typesupport_fastrtps_cpp__visibility_control.h
-- Symlinking: /home/lee/robot_ws/install/msg_srv_action_interface_cpp/include/msg_srv_action_interface_cpp/srv/detail/conversion__rosidl_typesupport_fastrtps_cpp.hpp
-- Symlinking: /home/lee/robot_ws/install/msg_srv_action_interface_cpp/lib/libmsg_srv_action_interface_cpp__rosidl_typesupport_fastrtps_cpp.so
-- Symlinking: /home/lee/robot_ws/install/msg_srv_action_interface_cpp/include/msg_srv_action_interface_cpp/action/detail/coordinates_checker__rosidl_typesupport_introspection_c.h
-- Symlinking: /home/lee/robot_ws/install/msg_srv_action_interface_cpp/include/msg_srv_action_interface_cpp/msg/detail/coordinates__rosidl_typesupport_introspection_c.h
-- Symlinking: /home/lee/robot_ws/install/msg_srv_action_interface_cpp/include/msg_srv_action_interface_cpp/msg/rosidl_typesupport_introspection_c__visibility_control.h
-- Symlinking: /home/lee/robot_ws/install/msg_srv_action_interface_cpp/include/msg_srv_action_interface_cpp/srv/detail/conversion__rosidl_typesupport_introspection_c.h
-- Symlinking: /home/lee/robot_ws/install/msg_srv_action_interface_cpp/include/msg_srv_action_interface_cpp/action/coordinates_checker.hpp
-- Symlinking: /home/lee/robot_ws/install/msg_srv_action_interface_cpp/include/msg_srv_action_interface_cpp/action/detail/coordinates_checker__builder.hpp
-- Symlinking: /home/lee/robot_ws/install/msg_srv_action_interface_cpp/include/msg_srv_action_interface_cpp/action/detail/coordinates_checker__struct.hpp
-- Symlinking: /home/lee/robot_ws/install/msg_srv_action_interface_cpp/include/msg_srv_action_interface_cpp/action/detail/coordinates_checker__traits.hpp
-- Symlinking: /home/lee/robot_ws/install/msg_srv_action_interface_cpp/include/msg_srv_action_interface_cpp/msg/coordinates.hpp
-- Symlinking: /home/lee/robot_ws/install/msg_srv_action_interface_cpp/include/msg_srv_action_interface_cpp/msg/detail/coordinates__builder.hpp
-- Symlinking: /home/lee/robot_ws/install/msg_srv_action_interface_cpp/include/msg_srv_action_interface_cpp/msg/detail/coordinates__struct.hpp
-- Symlinking: /home/lee/robot_ws/install/msg_srv_action_interface_cpp/include/msg_srv_action_interface_cpp/msg/detail/coordinates__traits.hpp
-- Symlinking: /home/lee/robot_ws/install/msg_srv_action_interface_cpp/include/msg_srv_action_interface_cpp/srv/conversion.hpp
-- Symlinking: /home/lee/robot_ws/install/msg_srv_action_interface_cpp/include/msg_srv_action_interface_cpp/srv/detail/conversion__builder.hpp
-- Symlinking: /home/lee/robot_ws/install/msg_srv_action_interface_cpp/include/msg_srv_action_interface_cpp/srv/detail/conversion__struct.hpp
-- Symlinking: /home/lee/robot_ws/install/msg_srv_action_interface_cpp/include/msg_srv_action_interface_cpp/srv/detail/conversion__traits.hpp
-- Symlinking: /home/lee/robot_ws/install/msg_srv_action_interface_cpp/include/msg_srv_action_interface_cpp/action/detail/coordinates_checker__rosidl_typesupport_introspection_cpp.hpp
-- Symlinking: /home/lee/robot_ws/install/msg_srv_action_interface_cpp/include/msg_srv_action_interface_cpp/msg/detail/coordinates__rosidl_typesupport_introspection_cpp.hpp
-- Symlinking: /home/lee/robot_ws/install/msg_srv_action_interface_cpp/include/msg_srv_action_interface_cpp/srv/detail/conversion__rosidl_typesupport_introspection_cpp.hpp
-- Symlinking: /home/lee/robot_ws/install/msg_srv_action_interface_cpp/share/msg_srv_action_interface_cpp/environment/pythonpath.sh
-- Symlinking: /home/lee/robot_ws/install/msg_srv_action_interface_cpp/share/msg_srv_action_interface_cpp/environment/pythonpath.dsv
-- Symlinking: /home/lee/robot_ws/install/msg_srv_action_interface_cpp/lib/python3.8/site-packages/msg_srv_action_interface_cpp/__init__.py
-- Symlinking: /home/lee/robot_ws/install/msg_srv_action_interface_cpp/lib/python3.8/site-packages/msg_srv_action_interface_cpp/msg/__init__.py
-- Symlinking: /home/lee/robot_ws/install/msg_srv_action_interface_cpp/lib/python3.8/site-packages/msg_srv_action_interface_cpp/msg/_coordinates.py
-- Symlinking: /home/lee/robot_ws/install/msg_srv_action_interface_cpp/lib/python3.8/site-packages/msg_srv_action_interface_cpp/srv/__init__.py
-- Symlinking: /home/lee/robot_ws/install/msg_srv_action_interface_cpp/lib/python3.8/site-packages/msg_srv_action_interface_cpp/srv/_conversion.py
-- Symlinking: /home/lee/robot_ws/install/msg_srv_action_interface_cpp/lib/python3.8/site-packages/msg_srv_action_interface_cpp/action/__init__.py
-- Symlinking: /home/lee/robot_ws/install/msg_srv_action_interface_cpp/lib/python3.8/site-packages/msg_srv_action_interface_cpp/action/_coordinates_checker.py
-- Symlinking: /home/lee/robot_ws/install/msg_srv_action_interface_cpp/lib/python3.8/site-packages/msg_srv_action_interface_cpp/msg_srv_action_interface_cpp_s__rosidl_typesupport_fastrtps_c.cpython-38-x86_64-linux-gnu.so
-- Symlinking: /home/lee/robot_ws/install/msg_srv_action_interface_cpp/lib/python3.8/site-packages/msg_srv_action_interface_cpp/msg_srv_action_interface_cpp_s__rosidl_typesupport_introspection_c.cpython-38-x86_64-linux-gnu.so
-- Symlinking: /home/lee/robot_ws/install/msg_srv_action_interface_cpp/lib/python3.8/site-packages/msg_srv_action_interface_cpp/msg_srv_action_interface_cpp_s__rosidl_typesupport_c.cpython-38-x86_64-linux-gnu.so
-- Symlinking: /home/lee/robot_ws/install/msg_srv_action_interface_cpp/lib/libmsg_srv_action_interface_cpp__python.so
-- Symlinking: /home/lee/robot_ws/install/msg_srv_action_interface_cpp/share/msg_srv_action_interface_cpp/msg/Coordinates.idl
-- Symlinking: /home/lee/robot_ws/install/msg_srv_action_interface_cpp/share/msg_srv_action_interface_cpp/srv/Conversion.idl
-- Symlinking: /home/lee/robot_ws/install/msg_srv_action_interface_cpp/share/msg_srv_action_interface_cpp/action/CoordinatesChecker.idl
-- Symlinking: /home/lee/robot_ws/install/msg_srv_action_interface_cpp/share/msg_srv_action_interface_cpp/msg/Coordinates.msg
-- Symlinking: /home/lee/robot_ws/install/msg_srv_action_interface_cpp/share/msg_srv_action_interface_cpp/srv/Conversion.srv
-- Symlinking: /home/lee/robot_ws/install/msg_srv_action_interface_cpp/share/msg_srv_action_interface_cpp/srv/Conversion_Request.msg
-- Symlinking: /home/lee/robot_ws/install/msg_srv_action_interface_cpp/share/msg_srv_action_interface_cpp/srv/Conversion_Response.msg
-- Symlinking: /home/lee/robot_ws/install/msg_srv_action_interface_cpp/share/msg_srv_action_interface_cpp/action/CoordinatesChecker.action
-- Symlinking: /home/lee/robot_ws/install/msg_srv_action_interface_cpp/share/ament_index/resource_index/package_run_dependencies/msg_srv_action_interface_cpp
-- Symlinking: /home/lee/robot_ws/install/msg_srv_action_interface_cpp/share/ament_index/resource_index/parent_prefix_path/msg_srv_action_interface_cpp
-- Symlinking: /home/lee/robot_ws/install/msg_srv_action_interface_cpp/share/msg_srv_action_interface_cpp/environment/ament_prefix_path.sh
-- Symlinking: /home/lee/robot_ws/install/msg_srv_action_interface_cpp/share/msg_srv_action_interface_cpp/environment/ament_prefix_path.dsv
-- Symlinking: /home/lee/robot_ws/install/msg_srv_action_interface_cpp/share/msg_srv_action_interface_cpp/environment/path.sh
-- Symlinking: /home/lee/robot_ws/install/msg_srv_action_interface_cpp/share/msg_srv_action_interface_cpp/environment/path.dsv
-- Symlinking: /home/lee/robot_ws/install/msg_srv_action_interface_cpp/share/msg_srv_action_interface_cpp/local_setup.bash
-- Symlinking: /home/lee/robot_ws/install/msg_srv_action_interface_cpp/share/msg_srv_action_interface_cpp/local_setup.sh
-- Symlinking: /home/lee/robot_ws/install/msg_srv_action_interface_cpp/share/msg_srv_action_interface_cpp/local_setup.zsh
-- Symlinking: /home/lee/robot_ws/install/msg_srv_action_interface_cpp/share/msg_srv_action_interface_cpp/local_setup.dsv
-- Symlinking: /home/lee/robot_ws/install/msg_srv_action_interface_cpp/share/msg_srv_action_interface_cpp/package.dsv
-- Symlinking: /home/lee/robot_ws/install/msg_srv_action_interface_cpp/share/ament_index/resource_index/packages/msg_srv_action_interface_cpp
-- Symlinking: /home/lee/robot_ws/install/msg_srv_action_interface_cpp/share/msg_srv_action_interface_cpp/cmake/rosidl_cmake-extras.cmake
-- Symlinking: /home/lee/robot_ws/install/msg_srv_action_interface_cpp/share/msg_srv_action_interface_cpp/cmake/ament_cmake_export_dependencies-extras.cmake
-- Symlinking: /home/lee/robot_ws/install/msg_srv_action_interface_cpp/share/msg_srv_action_interface_cpp/cmake/ament_cmake_export_libraries-extras.cmake
-- Symlinking: /home/lee/robot_ws/install/msg_srv_action_interface_cpp/share/msg_srv_action_interface_cpp/cmake/ament_cmake_export_targets-extras.cmake
-- Symlinking: /home/lee/robot_ws/install/msg_srv_action_interface_cpp/share/msg_srv_action_interface_cpp/cmake/ament_cmake_export_include_directories-extras.cmake
-- Symlinking: /home/lee/robot_ws/install/msg_srv_action_interface_cpp/share/msg_srv_action_interface_cpp/cmake/rosidl_cmake_export_typesupport_libraries-extras.cmake
-- Symlinking: /home/lee/robot_ws/install/msg_srv_action_interface_cpp/share/msg_srv_action_interface_cpp/cmake/rosidl_cmake_export_typesupport_targets-extras.cmake
-- Symlinking: /home/lee/robot_ws/install/msg_srv_action_interface_cpp/share/msg_srv_action_interface_cpp/cmake/msg_srv_action_interface_cppConfig.cmake
-- Symlinking: /home/lee/robot_ws/install/msg_srv_action_interface_cpp/share/msg_srv_action_interface_cpp/cmake/msg_srv_action_interface_cppConfig-version.cmake
-- Symlinking: /home/lee/robot_ws/install/msg_srv_action_interface_cpp/share/msg_srv_action_interface_cpp/package.xml
-- Installing: /home/lee/robot_ws/install/msg_srv_action_interface_cpp/lib/libmsg_srv_action_interface_cpp__rosidl_generator_c.so
-- Set runtime path of "/home/lee/robot_ws/install/msg_srv_action_interface_cpp/lib/libmsg_srv_action_interface_cpp__rosidl_generator_c.so" to ""
-- Installing: /home/lee/robot_ws/install/msg_srv_action_interface_cpp/lib/libmsg_srv_action_interface_cpp__rosidl_typesupport_introspection_c.so
-- Set runtime path of "/home/lee/robot_ws/install/msg_srv_action_interface_cpp/lib/libmsg_srv_action_interface_cpp__rosidl_typesupport_introspection_c.so" to ""
-- Installing: /home/lee/robot_ws/install/msg_srv_action_interface_cpp/lib/libmsg_srv_action_interface_cpp__rosidl_typesupport_c.so
-- Set runtime path of "/home/lee/robot_ws/install/msg_srv_action_interface_cpp/lib/libmsg_srv_action_interface_cpp__rosidl_typesupport_c.so" to ""
-- Installing: /home/lee/robot_ws/install/msg_srv_action_interface_cpp/lib/libmsg_srv_action_interface_cpp__rosidl_typesupport_introspection_cpp.so
-- Set runtime path of "/home/lee/robot_ws/install/msg_srv_action_interface_cpp/lib/libmsg_srv_action_interface_cpp__rosidl_typesupport_introspection_cpp.so" to ""
-- Installing: /home/lee/robot_ws/install/msg_srv_action_interface_cpp/lib/libmsg_srv_action_interface_cpp__rosidl_typesupport_cpp.so
-- Set runtime path of "/home/lee/robot_ws/install/msg_srv_action_interface_cpp/lib/libmsg_srv_action_interface_cpp__rosidl_typesupport_cpp.so" to ""
Compiling '/home/lee/robot_ws/install/msg_srv_action_interface_cpp/lib/python3.8/site-packages/msg_srv_action_interface_cpp/__init__.py'...
-- Installing: /home/lee/robot_ws/install/msg_srv_action_interface_cpp/share/msg_srv_action_interface_cpp/cmake/msg_srv_action_interface_cpp__rosidl_generator_cExport.cmake
-- Installing: /home/lee/robot_ws/install/msg_srv_action_interface_cpp/share/msg_srv_action_interface_cpp/cmake/msg_srv_action_interface_cpp__rosidl_generator_cExport-noconfig.cmake
-- Installing: /home/lee/robot_ws/install/msg_srv_action_interface_cpp/share/msg_srv_action_interface_cpp/cmake/msg_srv_action_interface_cpp__rosidl_typesupport_introspection_cExport.cmake
-- Installing: /home/lee/robot_ws/install/msg_srv_action_interface_cpp/share/msg_srv_action_interface_cpp/cmake/msg_srv_action_interface_cpp__rosidl_typesupport_introspection_cExport-noconfig.cmake
-- Installing: /home/lee/robot_ws/install/msg_srv_action_interface_cpp/share/msg_srv_action_interface_cpp/cmake/msg_srv_action_interface_cpp__rosidl_typesupport_cExport.cmake
-- Installing: /home/lee/robot_ws/install/msg_srv_action_interface_cpp/share/msg_srv_action_interface_cpp/cmake/msg_srv_action_interface_cpp__rosidl_typesupport_cExport-noconfig.cmake
-- Installing: /home/lee/robot_ws/install/msg_srv_action_interface_cpp/share/msg_srv_action_interface_cpp/cmake/msg_srv_action_interface_cpp__rosidl_generator_cppExport.cmake
-- Installing: /home/lee/robot_ws/install/msg_srv_action_interface_cpp/share/msg_srv_action_interface_cpp/cmake/msg_srv_action_interface_cpp__rosidl_typesupport_introspection_cppExport.cmake
-- Installing: /home/lee/robot_ws/install/msg_srv_action_interface_cpp/share/msg_srv_action_interface_cpp/cmake/msg_srv_action_interface_cpp__rosidl_typesupport_introspection_cppExport-noconfig.cmake
-- Installing: /home/lee/robot_ws/install/msg_srv_action_interface_cpp/share/msg_srv_action_interface_cpp/cmake/msg_srv_action_interface_cpp__rosidl_typesupport_cppExport.cmake
-- Installing: /home/lee/robot_ws/install/msg_srv_action_interface_cpp/share/msg_srv_action_interface_cpp/cmake/msg_srv_action_interface_cpp__rosidl_typesupport_cppExport-noconfig.cmake
