[0.012s] Invoking command in '/home/lee/robot_ws/build/msg_srv_action_interface_cpp': CMAKE_PREFIX_PATH=${CMAKE_PREFIX_PATH}:/home/lee/robot_ws/install/topic_service_action_rclpy_example:/home/lee/robot_ws/install/time_rclpy_example:/home/lee/robot_ws/install/tf2_rclpy_example:/home/lee/robot_ws/install/test_lee_rclpy:/home/lee/robot_ws/install/ros2env:/home/lee/robot_ws/install/my_first_ros_rclpy_pkg:/home/lee/robot_ws/install/logging_rclpy_example:/opt/ros/foxy /usr/bin/cmake --build /home/lee/robot_ws/build/msg_srv_action_interface_cpp -- -j12 -l12
[0.029s] -- Found ament_cmake: 0.9.9 (/opt/ros/foxy/share/ament_cmake/cmake)
[0.051s] -- Found PythonInterp: /usr/bin/python3 (found suitable version "3.8.10", minimum required is "3") 
[0.052s] -- Using PYTHON_EXECUTABLE: /usr/bin/python3
[0.169s] -- Override CMake install command with custom implementation using symlinks instead of copying resources
[0.174s] -- Found builtin_interfaces: 1.0.0 (/opt/ros/foxy/share/builtin_interfaces/cmake)
[0.187s] -- Using all available rosidl_typesupport_c: rosidl_typesupport_fastrtps_c;rosidl_typesupport_introspection_c
[0.189s] -- Found rosidl_adapter: 1.2.1 (/opt/ros/foxy/share/rosidl_adapter/cmake)
[0.262s] -- Using all available rosidl_typesupport_cpp: rosidl_typesupport_fastrtps_cpp;rosidl_typesupport_introspection_cpp
[0.277s] -- Found rosidl_default_generators: 1.0.1 (/opt/ros/foxy/share/rosidl_default_generators/cmake)
[0.305s] -- Found PythonInterp: /usr/bin/python3 (found version "3.8.10") 
[0.438s] -- Found ament_cmake_ros: 0.9.2 (/opt/ros/foxy/share/ament_cmake_ros/cmake)
[0.518s] -- Using all available rosidl_typesupport_c: rosidl_typesupport_fastrtps_c;rosidl_typesupport_introspection_c
[0.535s] -- Using all available rosidl_typesupport_cpp: rosidl_typesupport_fastrtps_cpp;rosidl_typesupport_introspection_cpp
[0.561s] -- Found PythonInterp: /usr/bin/python3 (found suitable version "3.8.10", minimum required is "3.5") 
[0.561s] -- Found python_cmake_module: 0.8.1 (/opt/ros/foxy/share/python_cmake_module/cmake)
[0.585s] -- Using PYTHON_EXECUTABLE: /usr/bin/python3
[0.585s] -- Using PYTHON_INCLUDE_DIRS: /usr/include/python3.8
[0.585s] -- Using PYTHON_LIBRARIES: /usr/lib/x86_64-linux-gnu/libpython3.8.so
[0.614s] -- Configuring done
[0.645s] -- Generating done
[0.647s] -- Build files have been written to: /home/lee/robot_ws/build/msg_srv_action_interface_cpp
[0.663s] [  2%] [34m[1mGenerating C code for ROS interfaces[0m
[0.670s] [  4%] [34m[1mGenerating C++ code for ROS interfaces[0m
[0.994s] [35m[1mScanning dependencies of target msg_srv_action_interface_cpp__rosidl_generator_c[0m
[1.007s] [  4%] Built target msg_srv_action_interface_cpp__cpp
[1.008s] [  8%] [32mBuilding C object CMakeFiles/msg_srv_action_interface_cpp__rosidl_generator_c.dir/rosidl_generator_c/msg_srv_action_interface_cpp/msg/detail/coordinates__functions.c.o[0m
[1.008s] [  8%] [32mBuilding C object CMakeFiles/msg_srv_action_interface_cpp__rosidl_generator_c.dir/rosidl_generator_c/msg_srv_action_interface_cpp/srv/detail/conversion__functions.c.o[0m
[1.008s] [ 10%] [32mBuilding C object CMakeFiles/msg_srv_action_interface_cpp__rosidl_generator_c.dir/rosidl_generator_c/msg_srv_action_interface_cpp/action/detail/coordinates_checker__functions.c.o[0m
[1.015s] [ 17%] [34m[1mGenerating C++ type support dispatch for ROS interfaces[0m
[1.015s] [ 17%] [34m[1mGenerating C++ type support for eProsima Fast-RTPS[0m
[1.015s] [ 17%] [34m[1mGenerating C++ introspection for ROS interfaces[0m
[1.062s] [ 19%] [32m[1mLinking C shared library libmsg_srv_action_interface_cpp__rosidl_generator_c.so[0m
[1.086s] [ 19%] Built target msg_srv_action_interface_cpp__rosidl_generator_c
[1.093s] [ 23%] [34m[1mGenerating C introspection for ROS interfaces[0m
[1.093s] [ 23%] [34m[1mGenerating C type support dispatch for ROS interfaces[0m
[1.259s] [35m[1mScanning dependencies of target msg_srv_action_interface_cpp__rosidl_typesupport_cpp[0m
[1.268s] [ 25%] [32mBuilding CXX object CMakeFiles/msg_srv_action_interface_cpp__rosidl_typesupport_cpp.dir/rosidl_typesupport_cpp/msg_srv_action_interface_cpp/msg/coordinates__type_support.cpp.o[0m
[1.268s] [ 27%] [32mBuilding CXX object CMakeFiles/msg_srv_action_interface_cpp__rosidl_typesupport_cpp.dir/rosidl_typesupport_cpp/msg_srv_action_interface_cpp/action/coordinates_checker__type_support.cpp.o[0m
[1.270s] [ 29%] [32mBuilding CXX object CMakeFiles/msg_srv_action_interface_cpp__rosidl_typesupport_cpp.dir/rosidl_typesupport_cpp/msg_srv_action_interface_cpp/srv/conversion__type_support.cpp.o[0m
[1.299s] [35m[1mScanning dependencies of target msg_srv_action_interface_cpp__rosidl_typesupport_introspection_cpp[0m
[1.311s] [ 34%] [32mBuilding CXX object CMakeFiles/msg_srv_action_interface_cpp__rosidl_typesupport_introspection_cpp.dir/rosidl_typesupport_introspection_cpp/msg_srv_action_interface_cpp/msg/detail/coordinates__type_support.cpp.o[0m
[1.311s] [ 34%] [32mBuilding CXX object CMakeFiles/msg_srv_action_interface_cpp__rosidl_typesupport_introspection_cpp.dir/rosidl_typesupport_introspection_cpp/msg_srv_action_interface_cpp/srv/detail/conversion__type_support.cpp.o[0m
[1.311s] [ 36%] [32mBuilding CXX object CMakeFiles/msg_srv_action_interface_cpp__rosidl_typesupport_introspection_cpp.dir/rosidl_typesupport_introspection_cpp/msg_srv_action_interface_cpp/action/detail/coordinates_checker__type_support.cpp.o[0m
[1.351s] [35m[1mScanning dependencies of target msg_srv_action_interface_cpp__rosidl_typesupport_c[0m
[1.362s] [ 38%] [32mBuilding CXX object CMakeFiles/msg_srv_action_interface_cpp__rosidl_typesupport_c.dir/rosidl_typesupport_c/msg_srv_action_interface_cpp/srv/conversion__type_support.cpp.o[0m
[1.363s] [ 42%] [32mBuilding CXX object CMakeFiles/msg_srv_action_interface_cpp__rosidl_typesupport_c.dir/rosidl_typesupport_c/msg_srv_action_interface_cpp/action/coordinates_checker__type_support.cpp.o[0m
[1.363s] [ 42%] [32mBuilding CXX object CMakeFiles/msg_srv_action_interface_cpp__rosidl_typesupport_c.dir/rosidl_typesupport_c/msg_srv_action_interface_cpp/msg/coordinates__type_support.cpp.o[0m
[1.365s] [35m[1mScanning dependencies of target msg_srv_action_interface_cpp__rosidl_typesupport_fastrtps_cpp[0m
[1.392s] [ 44%] [32mBuilding CXX object CMakeFiles/msg_srv_action_interface_cpp__rosidl_typesupport_fastrtps_cpp.dir/rosidl_typesupport_fastrtps_cpp/msg_srv_action_interface_cpp/action/detail/dds_fastrtps/coordinates_checker__type_support.cpp.o[0m
[1.392s] [ 48%] [32mBuilding CXX object CMakeFiles/msg_srv_action_interface_cpp__rosidl_typesupport_fastrtps_cpp.dir/rosidl_typesupport_fastrtps_cpp/msg_srv_action_interface_cpp/msg/detail/dds_fastrtps/coordinates__type_support.cpp.o[0m
[1.392s] [ 48%] [32mBuilding CXX object CMakeFiles/msg_srv_action_interface_cpp__rosidl_typesupport_fastrtps_cpp.dir/rosidl_typesupport_fastrtps_cpp/msg_srv_action_interface_cpp/srv/detail/dds_fastrtps/conversion__type_support.cpp.o[0m
[1.411s] [ 51%] [32m[1mLinking CXX shared library libmsg_srv_action_interface_cpp__rosidl_typesupport_c.so[0m
[1.457s] [ 51%] Built target msg_srv_action_interface_cpp__rosidl_typesupport_c
[1.493s] [35m[1mScanning dependencies of target msg_srv_action_interface_cpp__rosidl_typesupport_introspection_c[0m
[1.516s] [ 53%] [32mBuilding C object CMakeFiles/msg_srv_action_interface_cpp__rosidl_typesupport_introspection_c.dir/rosidl_typesupport_introspection_c/msg_srv_action_interface_cpp/msg/detail/coordinates__type_support.c.o[0m
[1.525s] [ 55%] [32mBuilding C object CMakeFiles/msg_srv_action_interface_cpp__rosidl_typesupport_introspection_c.dir/rosidl_typesupport_introspection_c/msg_srv_action_interface_cpp/action/detail/coordinates_checker__type_support.c.o[0m
[1.532s] [ 57%] [32mBuilding C object CMakeFiles/msg_srv_action_interface_cpp__rosidl_typesupport_introspection_c.dir/rosidl_typesupport_introspection_c/msg_srv_action_interface_cpp/srv/detail/conversion__type_support.c.o[0m
[1.591s] [ 59%] [32m[1mLinking C shared library libmsg_srv_action_interface_cpp__rosidl_typesupport_introspection_c.so[0m
[1.610s] [ 61%] [32m[1mLinking CXX shared library libmsg_srv_action_interface_cpp__rosidl_typesupport_cpp.so[0m
[1.617s] [ 61%] Built target msg_srv_action_interface_cpp__rosidl_typesupport_introspection_c
[1.650s] [ 61%] Built target msg_srv_action_interface_cpp__rosidl_typesupport_cpp
[1.716s] [ 63%] [32m[1mLinking CXX shared library libmsg_srv_action_interface_cpp__rosidl_typesupport_introspection_cpp.so[0m
[1.775s] [ 63%] Built target msg_srv_action_interface_cpp__rosidl_typesupport_introspection_cpp
[1.869s] [ 65%] [32m[1mLinking CXX shared library libmsg_srv_action_interface_cpp__rosidl_typesupport_fastrtps_cpp.so[0m
[1.928s] [ 65%] Built target msg_srv_action_interface_cpp__rosidl_typesupport_fastrtps_cpp
[1.935s] [ 68%] [34m[1mGenerating C type support for eProsima Fast-RTPS[0m
[2.243s] [35m[1mScanning dependencies of target msg_srv_action_interface_cpp__rosidl_typesupport_fastrtps_c[0m
[2.255s] [ 74%] [32mBuilding CXX object CMakeFiles/msg_srv_action_interface_cpp__rosidl_typesupport_fastrtps_c.dir/rosidl_typesupport_fastrtps_c/msg_srv_action_interface_cpp/action/detail/coordinates_checker__type_support_c.cpp.o[0m
[2.255s] [ 74%] [32mBuilding CXX object CMakeFiles/msg_srv_action_interface_cpp__rosidl_typesupport_fastrtps_c.dir/rosidl_typesupport_fastrtps_c/msg_srv_action_interface_cpp/msg/detail/coordinates__type_support_c.cpp.o[0m
[2.255s] [ 74%] [32mBuilding CXX object CMakeFiles/msg_srv_action_interface_cpp__rosidl_typesupport_fastrtps_c.dir/rosidl_typesupport_fastrtps_c/msg_srv_action_interface_cpp/srv/detail/conversion__type_support_c.cpp.o[0m
[2.523s] [ 76%] [32m[1mLinking CXX shared library libmsg_srv_action_interface_cpp__rosidl_typesupport_fastrtps_c.so[0m
[2.583s] [ 76%] Built target msg_srv_action_interface_cpp__rosidl_typesupport_fastrtps_c
[2.597s] [ 76%] Built target msg_srv_action_interface_cpp
[2.610s] [ 78%] [34m[1mGenerating Python code for ROS interfaces[0m
[3.301s] [ 78%] Built target msg_srv_action_interface_cpp__py
[3.308s] [35m[1mScanning dependencies of target msg_srv_action_interface_cpp__python[0m
[3.320s] [ 85%] [32mBuilding C object CMakeFiles/msg_srv_action_interface_cpp__python.dir/rosidl_generator_py/msg_srv_action_interface_cpp/srv/_conversion_s.c.o[0m
[3.320s] [ 85%] [32mBuilding C object CMakeFiles/msg_srv_action_interface_cpp__python.dir/rosidl_generator_py/msg_srv_action_interface_cpp/action/_coordinates_checker_s.c.o[0m
[3.320s] [ 85%] [32mBuilding C object CMakeFiles/msg_srv_action_interface_cpp__python.dir/rosidl_generator_py/msg_srv_action_interface_cpp/msg/_coordinates_s.c.o[0m
[3.404s] [ 87%] [32m[1mLinking C shared library rosidl_generator_py/msg_srv_action_interface_cpp/libmsg_srv_action_interface_cpp__python.so[0m
[3.435s] [ 87%] Built target msg_srv_action_interface_cpp__python
[3.443s] [35m[1mScanning dependencies of target msg_srv_action_interface_cpp__rosidl_typesupport_fastrtps_c__pyext[0m
[3.443s] [35m[1mScanning dependencies of target msg_srv_action_interface_cpp__rosidl_typesupport_c__pyext[0m
[3.443s] [35m[1mScanning dependencies of target msg_srv_action_interface_cpp__rosidl_typesupport_introspection_c__pyext[0m
[3.454s] [ 93%] [32mBuilding C object CMakeFiles/msg_srv_action_interface_cpp__rosidl_typesupport_c__pyext.dir/rosidl_generator_py/msg_srv_action_interface_cpp/_msg_srv_action_interface_cpp_s.ep.rosidl_typesupport_c.c.o[0m
[3.454s] [ 93%] [32mBuilding C object CMakeFiles/msg_srv_action_interface_cpp__rosidl_typesupport_introspection_c__pyext.dir/rosidl_generator_py/msg_srv_action_interface_cpp/_msg_srv_action_interface_cpp_s.ep.rosidl_typesupport_introspection_c.c.o[0m
[3.454s] [ 93%] [32mBuilding C object CMakeFiles/msg_srv_action_interface_cpp__rosidl_typesupport_fastrtps_c__pyext.dir/rosidl_generator_py/msg_srv_action_interface_cpp/_msg_srv_action_interface_cpp_s.ep.rosidl_typesupport_fastrtps_c.c.o[0m
[3.523s] [100%] [32m[1mLinking C shared library rosidl_generator_py/msg_srv_action_interface_cpp/msg_srv_action_interface_cpp_s__rosidl_typesupport_introspection_c.cpython-38-x86_64-linux-gnu.so[0m
[3.523s] [100%] [32m[1mLinking C shared library rosidl_generator_py/msg_srv_action_interface_cpp/msg_srv_action_interface_cpp_s__rosidl_typesupport_c.cpython-38-x86_64-linux-gnu.so[0m
[3.523s] [100%] [32m[1mLinking CXX shared library rosidl_generator_py/msg_srv_action_interface_cpp/msg_srv_action_interface_cpp_s__rosidl_typesupport_fastrtps_c.cpython-38-x86_64-linux-gnu.so[0m
[3.549s] [100%] Built target msg_srv_action_interface_cpp__rosidl_typesupport_introspection_c__pyext
[3.549s] [100%] Built target msg_srv_action_interface_cpp__rosidl_typesupport_c__pyext
[3.566s] [100%] Built target msg_srv_action_interface_cpp__rosidl_typesupport_fastrtps_c__pyext
[3.574s] Invoked command in '/home/lee/robot_ws/build/msg_srv_action_interface_cpp' returned '0': CMAKE_PREFIX_PATH=${CMAKE_PREFIX_PATH}:/home/lee/robot_ws/install/topic_service_action_rclpy_example:/home/lee/robot_ws/install/time_rclpy_example:/home/lee/robot_ws/install/tf2_rclpy_example:/home/lee/robot_ws/install/test_lee_rclpy:/home/lee/robot_ws/install/ros2env:/home/lee/robot_ws/install/my_first_ros_rclpy_pkg:/home/lee/robot_ws/install/logging_rclpy_example:/opt/ros/foxy /usr/bin/cmake --build /home/lee/robot_ws/build/msg_srv_action_interface_cpp -- -j12 -l12
[3.629s] Invoking command in '/home/lee/robot_ws/build/msg_srv_action_interface_cpp': CMAKE_PREFIX_PATH=${CMAKE_PREFIX_PATH}:/home/lee/robot_ws/install/topic_service_action_rclpy_example:/home/lee/robot_ws/install/time_rclpy_example:/home/lee/robot_ws/install/tf2_rclpy_example:/home/lee/robot_ws/install/test_lee_rclpy:/home/lee/robot_ws/install/ros2env:/home/lee/robot_ws/install/my_first_ros_rclpy_pkg:/home/lee/robot_ws/install/logging_rclpy_example:/opt/ros/foxy /usr/bin/cmake --install /home/lee/robot_ws/build/msg_srv_action_interface_cpp
[3.634s] -- Install configuration: ""
[3.634s] -- Execute custom install script
[3.634s] -- Up-to-date symlink: /home/lee/robot_ws/install/msg_srv_action_interface_cpp/share/ament_index/resource_index/rosidl_interfaces/msg_srv_action_interface_cpp
[3.635s] -- Up-to-date symlink: /home/lee/robot_ws/install/msg_srv_action_interface_cpp/include/msg_srv_action_interface_cpp/action/coordinates_checker.h
[3.635s] -- Up-to-date symlink: /home/lee/robot_ws/install/msg_srv_action_interface_cpp/include/msg_srv_action_interface_cpp/action/detail/coordinates_checker__functions.h
[3.635s] -- Up-to-date symlink: /home/lee/robot_ws/install/msg_srv_action_interface_cpp/include/msg_srv_action_interface_cpp/action/detail/coordinates_checker__struct.h
[3.635s] -- Up-to-date symlink: /home/lee/robot_ws/install/msg_srv_action_interface_cpp/include/msg_srv_action_interface_cpp/action/detail/coordinates_checker__type_support.h
[3.635s] -- Up-to-date symlink: /home/lee/robot_ws/install/msg_srv_action_interface_cpp/include/msg_srv_action_interface_cpp/msg/coordinates.h
[3.635s] -- Up-to-date symlink: /home/lee/robot_ws/install/msg_srv_action_interface_cpp/include/msg_srv_action_interface_cpp/msg/detail/coordinates__functions.h
[3.635s] -- Up-to-date symlink: /home/lee/robot_ws/install/msg_srv_action_interface_cpp/include/msg_srv_action_interface_cpp/msg/detail/coordinates__struct.h
[3.635s] -- Up-to-date symlink: /home/lee/robot_ws/install/msg_srv_action_interface_cpp/include/msg_srv_action_interface_cpp/msg/detail/coordinates__type_support.h
[3.636s] -- Up-to-date symlink: /home/lee/robot_ws/install/msg_srv_action_interface_cpp/include/msg_srv_action_interface_cpp/msg/rosidl_generator_c__visibility_control.h
[3.636s] -- Up-to-date symlink: /home/lee/robot_ws/install/msg_srv_action_interface_cpp/include/msg_srv_action_interface_cpp/srv/conversion.h
[3.636s] -- Up-to-date symlink: /home/lee/robot_ws/install/msg_srv_action_interface_cpp/include/msg_srv_action_interface_cpp/srv/detail/conversion__functions.h
[3.636s] -- Up-to-date symlink: /home/lee/robot_ws/install/msg_srv_action_interface_cpp/include/msg_srv_action_interface_cpp/srv/detail/conversion__struct.h
[3.636s] -- Up-to-date symlink: /home/lee/robot_ws/install/msg_srv_action_interface_cpp/include/msg_srv_action_interface_cpp/srv/detail/conversion__type_support.h
[3.636s] -- Up-to-date symlink: /home/lee/robot_ws/install/msg_srv_action_interface_cpp/share/msg_srv_action_interface_cpp/environment/library_path.sh
[3.636s] -- Up-to-date symlink: /home/lee/robot_ws/install/msg_srv_action_interface_cpp/share/msg_srv_action_interface_cpp/environment/library_path.dsv
[3.636s] -- Up-to-date symlink: /home/lee/robot_ws/install/msg_srv_action_interface_cpp/include/msg_srv_action_interface_cpp/action/detail/coordinates_checker__rosidl_typesupport_fastrtps_c.h
[3.637s] -- Up-to-date symlink: /home/lee/robot_ws/install/msg_srv_action_interface_cpp/include/msg_srv_action_interface_cpp/msg/detail/coordinates__rosidl_typesupport_fastrtps_c.h
[3.637s] -- Up-to-date symlink: /home/lee/robot_ws/install/msg_srv_action_interface_cpp/include/msg_srv_action_interface_cpp/msg/rosidl_typesupport_fastrtps_c__visibility_control.h
[3.637s] -- Up-to-date symlink: /home/lee/robot_ws/install/msg_srv_action_interface_cpp/include/msg_srv_action_interface_cpp/srv/detail/conversion__rosidl_typesupport_fastrtps_c.h
[3.637s] -- Up-to-date symlink: /home/lee/robot_ws/install/msg_srv_action_interface_cpp/lib/libmsg_srv_action_interface_cpp__rosidl_typesupport_fastrtps_c.so
[3.637s] -- Up-to-date symlink: /home/lee/robot_ws/install/msg_srv_action_interface_cpp/include/msg_srv_action_interface_cpp/action/detail/coordinates_checker__rosidl_typesupport_fastrtps_cpp.hpp
[3.638s] -- Up-to-date symlink: /home/lee/robot_ws/install/msg_srv_action_interface_cpp/include/msg_srv_action_interface_cpp/msg/detail/coordinates__rosidl_typesupport_fastrtps_cpp.hpp
[3.638s] -- Up-to-date symlink: /home/lee/robot_ws/install/msg_srv_action_interface_cpp/include/msg_srv_action_interface_cpp/msg/rosidl_typesupport_fastrtps_cpp__visibility_control.h
[3.638s] -- Up-to-date symlink: /home/lee/robot_ws/install/msg_srv_action_interface_cpp/include/msg_srv_action_interface_cpp/srv/detail/conversion__rosidl_typesupport_fastrtps_cpp.hpp
[3.638s] -- Up-to-date symlink: /home/lee/robot_ws/install/msg_srv_action_interface_cpp/lib/libmsg_srv_action_interface_cpp__rosidl_typesupport_fastrtps_cpp.so
[3.638s] -- Up-to-date symlink: /home/lee/robot_ws/install/msg_srv_action_interface_cpp/include/msg_srv_action_interface_cpp/action/detail/coordinates_checker__rosidl_typesupport_introspection_c.h
[3.638s] -- Up-to-date symlink: /home/lee/robot_ws/install/msg_srv_action_interface_cpp/include/msg_srv_action_interface_cpp/msg/detail/coordinates__rosidl_typesupport_introspection_c.h
[3.638s] -- Up-to-date symlink: /home/lee/robot_ws/install/msg_srv_action_interface_cpp/include/msg_srv_action_interface_cpp/msg/rosidl_typesupport_introspection_c__visibility_control.h
[3.639s] -- Up-to-date symlink: /home/lee/robot_ws/install/msg_srv_action_interface_cpp/include/msg_srv_action_interface_cpp/srv/detail/conversion__rosidl_typesupport_introspection_c.h
[3.639s] -- Up-to-date symlink: /home/lee/robot_ws/install/msg_srv_action_interface_cpp/include/msg_srv_action_interface_cpp/action/coordinates_checker.hpp
[3.639s] -- Up-to-date symlink: /home/lee/robot_ws/install/msg_srv_action_interface_cpp/include/msg_srv_action_interface_cpp/action/detail/coordinates_checker__builder.hpp
[3.639s] -- Up-to-date symlink: /home/lee/robot_ws/install/msg_srv_action_interface_cpp/include/msg_srv_action_interface_cpp/action/detail/coordinates_checker__struct.hpp
[3.639s] -- Up-to-date symlink: /home/lee/robot_ws/install/msg_srv_action_interface_cpp/include/msg_srv_action_interface_cpp/action/detail/coordinates_checker__traits.hpp
[3.639s] -- Up-to-date symlink: /home/lee/robot_ws/install/msg_srv_action_interface_cpp/include/msg_srv_action_interface_cpp/msg/coordinates.hpp
[3.639s] -- Up-to-date symlink: /home/lee/robot_ws/install/msg_srv_action_interface_cpp/include/msg_srv_action_interface_cpp/msg/detail/coordinates__builder.hpp
[3.639s] -- Up-to-date symlink: /home/lee/robot_ws/install/msg_srv_action_interface_cpp/include/msg_srv_action_interface_cpp/msg/detail/coordinates__struct.hpp
[3.640s] -- Up-to-date symlink: /home/lee/robot_ws/install/msg_srv_action_interface_cpp/include/msg_srv_action_interface_cpp/msg/detail/coordinates__traits.hpp
[3.640s] -- Up-to-date symlink: /home/lee/robot_ws/install/msg_srv_action_interface_cpp/include/msg_srv_action_interface_cpp/srv/conversion.hpp
[3.640s] -- Up-to-date symlink: /home/lee/robot_ws/install/msg_srv_action_interface_cpp/include/msg_srv_action_interface_cpp/srv/detail/conversion__builder.hpp
[3.640s] -- Up-to-date symlink: /home/lee/robot_ws/install/msg_srv_action_interface_cpp/include/msg_srv_action_interface_cpp/srv/detail/conversion__struct.hpp
[3.640s] -- Up-to-date symlink: /home/lee/robot_ws/install/msg_srv_action_interface_cpp/include/msg_srv_action_interface_cpp/srv/detail/conversion__traits.hpp
[3.640s] -- Up-to-date symlink: /home/lee/robot_ws/install/msg_srv_action_interface_cpp/include/msg_srv_action_interface_cpp/action/detail/coordinates_checker__rosidl_typesupport_introspection_cpp.hpp
[3.640s] -- Up-to-date symlink: /home/lee/robot_ws/install/msg_srv_action_interface_cpp/include/msg_srv_action_interface_cpp/msg/detail/coordinates__rosidl_typesupport_introspection_cpp.hpp
[3.640s] -- Up-to-date symlink: /home/lee/robot_ws/install/msg_srv_action_interface_cpp/include/msg_srv_action_interface_cpp/srv/detail/conversion__rosidl_typesupport_introspection_cpp.hpp
[3.640s] -- Up-to-date symlink: /home/lee/robot_ws/install/msg_srv_action_interface_cpp/share/msg_srv_action_interface_cpp/environment/pythonpath.sh
[3.641s] -- Up-to-date symlink: /home/lee/robot_ws/install/msg_srv_action_interface_cpp/share/msg_srv_action_interface_cpp/environment/pythonpath.dsv
[3.641s] -- Up-to-date symlink: /home/lee/robot_ws/install/msg_srv_action_interface_cpp/lib/python3.8/site-packages/msg_srv_action_interface_cpp/__init__.py
[3.641s] -- Up-to-date symlink: /home/lee/robot_ws/install/msg_srv_action_interface_cpp/lib/python3.8/site-packages/msg_srv_action_interface_cpp/msg/__init__.py
[3.641s] -- Up-to-date symlink: /home/lee/robot_ws/install/msg_srv_action_interface_cpp/lib/python3.8/site-packages/msg_srv_action_interface_cpp/msg/_coordinates.py
[3.641s] -- Up-to-date symlink: /home/lee/robot_ws/install/msg_srv_action_interface_cpp/lib/python3.8/site-packages/msg_srv_action_interface_cpp/srv/__init__.py
[3.641s] -- Up-to-date symlink: /home/lee/robot_ws/install/msg_srv_action_interface_cpp/lib/python3.8/site-packages/msg_srv_action_interface_cpp/srv/_conversion.py
[3.642s] -- Up-to-date symlink: /home/lee/robot_ws/install/msg_srv_action_interface_cpp/lib/python3.8/site-packages/msg_srv_action_interface_cpp/action/__init__.py
[3.642s] -- Up-to-date symlink: /home/lee/robot_ws/install/msg_srv_action_interface_cpp/lib/python3.8/site-packages/msg_srv_action_interface_cpp/action/_coordinates_checker.py
[3.642s] -- Up-to-date symlink: /home/lee/robot_ws/install/msg_srv_action_interface_cpp/lib/python3.8/site-packages/msg_srv_action_interface_cpp/msg_srv_action_interface_cpp_s__rosidl_typesupport_fastrtps_c.cpython-38-x86_64-linux-gnu.so
[3.642s] -- Up-to-date symlink: /home/lee/robot_ws/install/msg_srv_action_interface_cpp/lib/python3.8/site-packages/msg_srv_action_interface_cpp/msg_srv_action_interface_cpp_s__rosidl_typesupport_introspection_c.cpython-38-x86_64-linux-gnu.so
[3.643s] -- Up-to-date symlink: /home/lee/robot_ws/install/msg_srv_action_interface_cpp/lib/python3.8/site-packages/msg_srv_action_interface_cpp/msg_srv_action_interface_cpp_s__rosidl_typesupport_c.cpython-38-x86_64-linux-gnu.so
[3.643s] -- Up-to-date symlink: /home/lee/robot_ws/install/msg_srv_action_interface_cpp/lib/libmsg_srv_action_interface_cpp__python.so
[3.643s] -- Up-to-date symlink: /home/lee/robot_ws/install/msg_srv_action_interface_cpp/share/msg_srv_action_interface_cpp/msg/Coordinates.idl
[3.643s] -- Up-to-date symlink: /home/lee/robot_ws/install/msg_srv_action_interface_cpp/share/msg_srv_action_interface_cpp/srv/Conversion.idl
[3.643s] -- Up-to-date symlink: /home/lee/robot_ws/install/msg_srv_action_interface_cpp/share/msg_srv_action_interface_cpp/action/CoordinatesChecker.idl
[3.643s] -- Up-to-date symlink: /home/lee/robot_ws/install/msg_srv_action_interface_cpp/share/msg_srv_action_interface_cpp/msg/Coordinates.msg
[3.644s] -- Up-to-date symlink: /home/lee/robot_ws/install/msg_srv_action_interface_cpp/share/msg_srv_action_interface_cpp/srv/Conversion.srv
[3.644s] -- Up-to-date symlink: /home/lee/robot_ws/install/msg_srv_action_interface_cpp/share/msg_srv_action_interface_cpp/srv/Conversion_Request.msg
[3.644s] -- Up-to-date symlink: /home/lee/robot_ws/install/msg_srv_action_interface_cpp/share/msg_srv_action_interface_cpp/srv/Conversion_Response.msg
[3.644s] -- Up-to-date symlink: /home/lee/robot_ws/install/msg_srv_action_interface_cpp/share/msg_srv_action_interface_cpp/action/CoordinatesChecker.action
[3.644s] -- Up-to-date symlink: /home/lee/robot_ws/install/msg_srv_action_interface_cpp/share/ament_index/resource_index/package_run_dependencies/msg_srv_action_interface_cpp
[3.644s] -- Up-to-date symlink: /home/lee/robot_ws/install/msg_srv_action_interface_cpp/share/ament_index/resource_index/parent_prefix_path/msg_srv_action_interface_cpp
[3.644s] -- Up-to-date symlink: /home/lee/robot_ws/install/msg_srv_action_interface_cpp/share/msg_srv_action_interface_cpp/environment/ament_prefix_path.sh
[3.645s] -- Up-to-date symlink: /home/lee/robot_ws/install/msg_srv_action_interface_cpp/share/msg_srv_action_interface_cpp/environment/ament_prefix_path.dsv
[3.645s] -- Up-to-date symlink: /home/lee/robot_ws/install/msg_srv_action_interface_cpp/share/msg_srv_action_interface_cpp/environment/path.sh
[3.645s] -- Up-to-date symlink: /home/lee/robot_ws/install/msg_srv_action_interface_cpp/share/msg_srv_action_interface_cpp/environment/path.dsv
[3.645s] -- Up-to-date symlink: /home/lee/robot_ws/install/msg_srv_action_interface_cpp/share/msg_srv_action_interface_cpp/local_setup.bash
[3.645s] -- Up-to-date symlink: /home/lee/robot_ws/install/msg_srv_action_interface_cpp/share/msg_srv_action_interface_cpp/local_setup.sh
[3.645s] -- Up-to-date symlink: /home/lee/robot_ws/install/msg_srv_action_interface_cpp/share/msg_srv_action_interface_cpp/local_setup.zsh
[3.645s] -- Up-to-date symlink: /home/lee/robot_ws/install/msg_srv_action_interface_cpp/share/msg_srv_action_interface_cpp/local_setup.dsv
[3.645s] -- Symlinking: /home/lee/robot_ws/install/msg_srv_action_interface_cpp/share/msg_srv_action_interface_cpp/package.dsv
[3.651s] -- Up-to-date symlink: /home/lee/robot_ws/install/msg_srv_action_interface_cpp/share/ament_index/resource_index/packages/msg_srv_action_interface_cpp
[3.651s] -- Up-to-date symlink: /home/lee/robot_ws/install/msg_srv_action_interface_cpp/share/msg_srv_action_interface_cpp/cmake/rosidl_cmake-extras.cmake
[3.652s] -- Up-to-date symlink: /home/lee/robot_ws/install/msg_srv_action_interface_cpp/share/msg_srv_action_interface_cpp/cmake/ament_cmake_export_dependencies-extras.cmake
[3.652s] -- Up-to-date symlink: /home/lee/robot_ws/install/msg_srv_action_interface_cpp/share/msg_srv_action_interface_cpp/cmake/ament_cmake_export_libraries-extras.cmake
[3.652s] -- Up-to-date symlink: /home/lee/robot_ws/install/msg_srv_action_interface_cpp/share/msg_srv_action_interface_cpp/cmake/ament_cmake_export_targets-extras.cmake
[3.652s] -- Up-to-date symlink: /home/lee/robot_ws/install/msg_srv_action_interface_cpp/share/msg_srv_action_interface_cpp/cmake/ament_cmake_export_include_directories-extras.cmake
[3.652s] -- Up-to-date symlink: /home/lee/robot_ws/install/msg_srv_action_interface_cpp/share/msg_srv_action_interface_cpp/cmake/rosidl_cmake_export_typesupport_libraries-extras.cmake
[3.652s] -- Up-to-date symlink: /home/lee/robot_ws/install/msg_srv_action_interface_cpp/share/msg_srv_action_interface_cpp/cmake/rosidl_cmake_export_typesupport_targets-extras.cmake
[3.652s] -- Up-to-date symlink: /home/lee/robot_ws/install/msg_srv_action_interface_cpp/share/msg_srv_action_interface_cpp/cmake/msg_srv_action_interface_cppConfig.cmake
[3.653s] -- Up-to-date symlink: /home/lee/robot_ws/install/msg_srv_action_interface_cpp/share/msg_srv_action_interface_cpp/cmake/msg_srv_action_interface_cppConfig-version.cmake
[3.653s] -- Up-to-date symlink: /home/lee/robot_ws/install/msg_srv_action_interface_cpp/share/msg_srv_action_interface_cpp/package.xml
[3.653s] -- Installing: /home/lee/robot_ws/install/msg_srv_action_interface_cpp/lib/libmsg_srv_action_interface_cpp__rosidl_generator_c.so
[3.653s] -- Set runtime path of "/home/lee/robot_ws/install/msg_srv_action_interface_cpp/lib/libmsg_srv_action_interface_cpp__rosidl_generator_c.so" to ""
[3.653s] -- Installing: /home/lee/robot_ws/install/msg_srv_action_interface_cpp/lib/libmsg_srv_action_interface_cpp__rosidl_typesupport_introspection_c.so
[3.654s] -- Set runtime path of "/home/lee/robot_ws/install/msg_srv_action_interface_cpp/lib/libmsg_srv_action_interface_cpp__rosidl_typesupport_introspection_c.so" to ""
[3.654s] -- Installing: /home/lee/robot_ws/install/msg_srv_action_interface_cpp/lib/libmsg_srv_action_interface_cpp__rosidl_typesupport_c.so
[3.654s] -- Set runtime path of "/home/lee/robot_ws/install/msg_srv_action_interface_cpp/lib/libmsg_srv_action_interface_cpp__rosidl_typesupport_c.so" to ""
[3.654s] -- Installing: /home/lee/robot_ws/install/msg_srv_action_interface_cpp/lib/libmsg_srv_action_interface_cpp__rosidl_typesupport_introspection_cpp.so
[3.654s] -- Set runtime path of "/home/lee/robot_ws/install/msg_srv_action_interface_cpp/lib/libmsg_srv_action_interface_cpp__rosidl_typesupport_introspection_cpp.so" to ""
[3.654s] -- Installing: /home/lee/robot_ws/install/msg_srv_action_interface_cpp/lib/libmsg_srv_action_interface_cpp__rosidl_typesupport_cpp.so
[3.655s] -- Set runtime path of "/home/lee/robot_ws/install/msg_srv_action_interface_cpp/lib/libmsg_srv_action_interface_cpp__rosidl_typesupport_cpp.so" to ""
[3.681s] Compiling '/home/lee/robot_ws/install/msg_srv_action_interface_cpp/lib/python3.8/site-packages/msg_srv_action_interface_cpp/__init__.py'...
[3.683s] -- Up-to-date: /home/lee/robot_ws/install/msg_srv_action_interface_cpp/share/msg_srv_action_interface_cpp/cmake/msg_srv_action_interface_cpp__rosidl_generator_cExport.cmake
[3.683s] -- Installing: /home/lee/robot_ws/install/msg_srv_action_interface_cpp/share/msg_srv_action_interface_cpp/cmake/msg_srv_action_interface_cpp__rosidl_generator_cExport-noconfig.cmake
[3.684s] -- Up-to-date: /home/lee/robot_ws/install/msg_srv_action_interface_cpp/share/msg_srv_action_interface_cpp/cmake/msg_srv_action_interface_cpp__rosidl_typesupport_introspection_cExport.cmake
[3.684s] -- Installing: /home/lee/robot_ws/install/msg_srv_action_interface_cpp/share/msg_srv_action_interface_cpp/cmake/msg_srv_action_interface_cpp__rosidl_typesupport_introspection_cExport-noconfig.cmake
[3.684s] -- Up-to-date: /home/lee/robot_ws/install/msg_srv_action_interface_cpp/share/msg_srv_action_interface_cpp/cmake/msg_srv_action_interface_cpp__rosidl_typesupport_cExport.cmake
[3.684s] -- Installing: /home/lee/robot_ws/install/msg_srv_action_interface_cpp/share/msg_srv_action_interface_cpp/cmake/msg_srv_action_interface_cpp__rosidl_typesupport_cExport-noconfig.cmake
[3.684s] -- Up-to-date: /home/lee/robot_ws/install/msg_srv_action_interface_cpp/share/msg_srv_action_interface_cpp/cmake/msg_srv_action_interface_cpp__rosidl_generator_cppExport.cmake
[3.684s] -- Up-to-date: /home/lee/robot_ws/install/msg_srv_action_interface_cpp/share/msg_srv_action_interface_cpp/cmake/msg_srv_action_interface_cpp__rosidl_typesupport_introspection_cppExport.cmake
[3.684s] -- Installing: /home/lee/robot_ws/install/msg_srv_action_interface_cpp/share/msg_srv_action_interface_cpp/cmake/msg_srv_action_interface_cpp__rosidl_typesupport_introspection_cppExport-noconfig.cmake
[3.684s] -- Up-to-date: /home/lee/robot_ws/install/msg_srv_action_interface_cpp/share/msg_srv_action_interface_cpp/cmake/msg_srv_action_interface_cpp__rosidl_typesupport_cppExport.cmake
[3.684s] -- Installing: /home/lee/robot_ws/install/msg_srv_action_interface_cpp/share/msg_srv_action_interface_cpp/cmake/msg_srv_action_interface_cpp__rosidl_typesupport_cppExport-noconfig.cmake
[3.686s] Invoked command in '/home/lee/robot_ws/build/msg_srv_action_interface_cpp' returned '0': CMAKE_PREFIX_PATH=${CMAKE_PREFIX_PATH}:/home/lee/robot_ws/install/topic_service_action_rclpy_example:/home/lee/robot_ws/install/time_rclpy_example:/home/lee/robot_ws/install/tf2_rclpy_example:/home/lee/robot_ws/install/test_lee_rclpy:/home/lee/robot_ws/install/ros2env:/home/lee/robot_ws/install/my_first_ros_rclpy_pkg:/home/lee/robot_ws/install/logging_rclpy_example:/opt/ros/foxy /usr/bin/cmake --install /home/lee/robot_ws/build/msg_srv_action_interface_cpp
