[0.015s] Invoking command in '/home/lee/robot_ws/build/my_first_ros_rclcpp_pkg': CMAKE_PREFIX_PATH=/home/lee/robot_ws/install/my_first_ros_rclpy_pkg:/opt/ros/foxy /usr/bin/cmake /home/lee/robot_ws/src/my_first_ros_rclcpp_pkg -DAMENT_CMAKE_SYMLINK_INSTALL=1 -DCMAKE_INSTALL_PREFIX=/home/lee/robot_ws/install/my_first_ros_rclcpp_pkg
[0.154s] -- The C compiler identification is GNU 9.4.0
[0.244s] -- The CXX compiler identification is GNU 9.4.0
[0.252s] -- Check for working C compiler: /usr/bin/cc
[0.330s] -- Check for working C compiler: /usr/bin/cc -- works
[0.332s] -- Detecting C compiler ABI info
[0.408s] -- Detecting C compiler ABI info - done
[0.419s] -- Detecting C compile features
[0.419s] -- Detecting C compile features - done
[0.422s] -- Check for working CXX compiler: /usr/bin/c++
[0.506s] -- Check for working CXX compiler: /usr/bin/c++ -- works
[0.507s] -- Detecting CXX compiler ABI info
[0.595s] -- Detecting CXX compiler ABI info - done
[0.607s] -- Detecting CXX compile features
[0.607s] -- Detecting CXX compile features - done
[0.610s] -- Found ament_cmake: 0.9.9 (/opt/ros/foxy/share/ament_cmake/cmake)
[0.643s] -- Found PythonInterp: /usr/bin/python3 (found suitable version "3.8.10", minimum required is "3") 
[0.644s] -- Using PYTHON_EXECUTABLE: /usr/bin/python3
[0.817s] -- Override CMake install command with custom implementation using symlinks instead of copying resources
[0.848s] -- Found rclcpp: 2.4.1 (/opt/ros/foxy/share/rclcpp/cmake)
[0.905s] -- Using all available rosidl_typesupport_c: rosidl_typesupport_fastrtps_c;rosidl_typesupport_introspection_c
[0.913s] -- Found rosidl_adapter: 1.2.1 (/opt/ros/foxy/share/rosidl_adapter/cmake)
[1.003s] -- Found OpenSSL: /usr/lib/x86_64-linux-gnu/libcrypto.so (found version "1.1.1f")  
[1.032s] -- Found FastRTPS: /opt/ros/foxy/include  
[1.107s] -- Using all available rosidl_typesupport_cpp: rosidl_typesupport_fastrtps_cpp;rosidl_typesupport_introspection_cpp
[1.163s] -- Found rmw_implementation_cmake: 1.0.3 (/opt/ros/foxy/share/rmw_implementation_cmake/cmake)
[1.165s] -- Using RMW implementation 'rmw_fastrtps_cpp' as default
[1.167s] -- Looking for pthread.h
[1.235s] -- Looking for pthread.h - found
[1.235s] -- Performing Test CMAKE_HAVE_LIBC_PTHREAD
[1.306s] -- Performing Test CMAKE_HAVE_LIBC_PTHREAD - Failed
[1.306s] -- Looking for pthread_create in pthreads
[1.368s] -- Looking for pthread_create in pthreads - not found
[1.368s] -- Looking for pthread_create in pthread
[1.437s] -- Looking for pthread_create in pthread - found
[1.438s] -- Found Threads: TRUE  
[1.586s] -- Found ament_lint_auto: 0.9.6 (/opt/ros/foxy/share/ament_lint_auto/cmake)
[1.661s] -- Added test 'copyright' to check source files copyright and LICENSE
[1.663s] -- Added test 'cppcheck' to perform static code analysis on C / C++ code
[1.663s] -- Configured cppcheck include dirs: 
[1.663s] -- Configured cppcheck exclude dirs and/or files: 
[1.664s] -- Added test 'cpplint' to check C / C++ code against the Google style
[1.664s] -- Configured cpplint exclude dirs and/or files: 
[1.665s] -- Added test 'lint_cmake' to check CMake code style
[1.666s] -- Added test 'uncrustify' to check C / C++ code style
[1.666s] -- Configured uncrustify additional arguments: 
[1.667s] -- Added test 'xmllint' to check XML markup files
[1.671s] -- Configuring done
[1.680s] -- Generating done
[1.681s] -- Build files have been written to: /home/lee/robot_ws/build/my_first_ros_rclcpp_pkg
[1.690s] Invoked command in '/home/lee/robot_ws/build/my_first_ros_rclcpp_pkg' returned '0': CMAKE_PREFIX_PATH=/home/lee/robot_ws/install/my_first_ros_rclpy_pkg:/opt/ros/foxy /usr/bin/cmake /home/lee/robot_ws/src/my_first_ros_rclcpp_pkg -DAMENT_CMAKE_SYMLINK_INSTALL=1 -DCMAKE_INSTALL_PREFIX=/home/lee/robot_ws/install/my_first_ros_rclcpp_pkg
[1.693s] Invoking command in '/home/lee/robot_ws/build/my_first_ros_rclcpp_pkg': CMAKE_PREFIX_PATH=/home/lee/robot_ws/install/my_first_ros_rclpy_pkg:/opt/ros/foxy /usr/bin/cmake --build /home/lee/robot_ws/build/my_first_ros_rclcpp_pkg -- -j8 -l8
[1.742s] [35m[1mScanning dependencies of target helloworld_publisher[0m
[1.742s] [35m[1mScanning dependencies of target helloworld_subscriber[0m
[1.774s] [ 50%] [32mBuilding CXX object CMakeFiles/helloworld_publisher.dir/src/helloworld_publisher.cpp.o[0m
[1.774s] [ 50%] [32mBuilding CXX object CMakeFiles/helloworld_subscriber.dir/src/helloworld_subscriber.cpp.o[0m
[4.279s] [ 75%] [32m[1mLinking CXX executable helloworld_publisher[0m
[4.430s] [ 75%] Built target helloworld_publisher
[5.632s] [100%] [32m[1mLinking CXX executable helloworld_subscriber[0m
[5.818s] [100%] Built target helloworld_subscriber
[5.832s] Invoked command in '/home/lee/robot_ws/build/my_first_ros_rclcpp_pkg' returned '0': CMAKE_PREFIX_PATH=/home/lee/robot_ws/install/my_first_ros_rclpy_pkg:/opt/ros/foxy /usr/bin/cmake --build /home/lee/robot_ws/build/my_first_ros_rclcpp_pkg -- -j8 -l8
[5.871s] Invoking command in '/home/lee/robot_ws/build/my_first_ros_rclcpp_pkg': CMAKE_PREFIX_PATH=/home/lee/robot_ws/install/my_first_ros_rclpy_pkg:/opt/ros/foxy /usr/bin/cmake --install /home/lee/robot_ws/build/my_first_ros_rclcpp_pkg
[5.878s] -- Install configuration: ""
[5.879s] -- Execute custom install script
[5.879s] -- Symlinking: /home/lee/robot_ws/install/my_first_ros_rclcpp_pkg/lib/my_first_ros_rclcpp_pkg/helloworld_publisher
[5.890s] -- Symlinking: /home/lee/robot_ws/install/my_first_ros_rclcpp_pkg/lib/my_first_ros_rclcpp_pkg/helloworld_subscriber
[5.897s] -- Symlinking: /home/lee/robot_ws/install/my_first_ros_rclcpp_pkg/share/ament_index/resource_index/package_run_dependencies/my_first_ros_rclcpp_pkg
[5.905s] -- Symlinking: /home/lee/robot_ws/install/my_first_ros_rclcpp_pkg/share/ament_index/resource_index/parent_prefix_path/my_first_ros_rclcpp_pkg
[5.913s] -- Symlinking: /home/lee/robot_ws/install/my_first_ros_rclcpp_pkg/share/my_first_ros_rclcpp_pkg/environment/ament_prefix_path.sh
[5.920s] -- Symlinking: /home/lee/robot_ws/install/my_first_ros_rclcpp_pkg/share/my_first_ros_rclcpp_pkg/environment/ament_prefix_path.dsv
[5.928s] -- Symlinking: /home/lee/robot_ws/install/my_first_ros_rclcpp_pkg/share/my_first_ros_rclcpp_pkg/environment/path.sh
[5.935s] -- Symlinking: /home/lee/robot_ws/install/my_first_ros_rclcpp_pkg/share/my_first_ros_rclcpp_pkg/environment/path.dsv
[5.943s] -- Symlinking: /home/lee/robot_ws/install/my_first_ros_rclcpp_pkg/share/my_first_ros_rclcpp_pkg/local_setup.bash
[5.951s] -- Symlinking: /home/lee/robot_ws/install/my_first_ros_rclcpp_pkg/share/my_first_ros_rclcpp_pkg/local_setup.sh
[5.958s] -- Symlinking: /home/lee/robot_ws/install/my_first_ros_rclcpp_pkg/share/my_first_ros_rclcpp_pkg/local_setup.zsh
[5.966s] -- Symlinking: /home/lee/robot_ws/install/my_first_ros_rclcpp_pkg/share/my_first_ros_rclcpp_pkg/local_setup.dsv
[5.973s] -- Symlinking: /home/lee/robot_ws/install/my_first_ros_rclcpp_pkg/share/my_first_ros_rclcpp_pkg/package.dsv
[5.980s] -- Symlinking: /home/lee/robot_ws/install/my_first_ros_rclcpp_pkg/share/ament_index/resource_index/packages/my_first_ros_rclcpp_pkg
[5.987s] -- Symlinking: /home/lee/robot_ws/install/my_first_ros_rclcpp_pkg/share/my_first_ros_rclcpp_pkg/cmake/my_first_ros_rclcpp_pkgConfig.cmake
[5.995s] -- Symlinking: /home/lee/robot_ws/install/my_first_ros_rclcpp_pkg/share/my_first_ros_rclcpp_pkg/cmake/my_first_ros_rclcpp_pkgConfig-version.cmake
[6.002s] -- Symlinking: /home/lee/robot_ws/install/my_first_ros_rclcpp_pkg/share/my_first_ros_rclcpp_pkg/package.xml
[6.011s] Invoked command in '/home/lee/robot_ws/build/my_first_ros_rclcpp_pkg' returned '0': CMAKE_PREFIX_PATH=/home/lee/robot_ws/install/my_first_ros_rclpy_pkg:/opt/ros/foxy /usr/bin/cmake --install /home/lee/robot_ws/build/my_first_ros_rclcpp_pkg
