[0.132s] DEBUG:colcon:Command line arguments: ['/usr/bin/colcon', 'list', '-p', '--base-paths', '/home/lee/robot_ws']
[0.132s] DEBUG:colcon:Parsed command line arguments: Namespace(allow_overriding=[], base_paths=['/home/lee/robot_ws'], build_base='build', ignore_user_meta=False, log_base=None, log_level=None, main=<bound method ListVerb.main of <colcon_package_information.verb.list.ListVerb object at 0x7fcfbc64dc40>>, metas=['./colcon.meta'], names_only=False, packages_above=None, packages_above_and_dependencies=None, packages_above_depth=None, packages_end=None, packages_ignore=None, packages_ignore_regex=None, packages_select=None, packages_select_build_failed=False, packages_select_by_dep=None, packages_select_regex=None, packages_select_test_failures=False, packages_skip=None, packages_skip_build_finished=False, packages_skip_by_dep=None, packages_skip_regex=None, packages_skip_test_passed=False, packages_skip_up_to=None, packages_start=None, packages_up_to=None, packages_up_to_regex=None, paths=None, paths_only=True, topological_graph=False, topological_graph_density=False, topological_graph_dot=False, topological_graph_dot_cluster=False, topological_graph_dot_include_skipped=False, topological_graph_legend=False, topological_order=False, verb_extension=<colcon_package_information.verb.list.ListVerb object at 0x7fcfbc64dc40>, verb_name='list', verb_parser=<colcon_defaults.argument_parser.defaults.DefaultArgumentsDecorator object at 0x7fcfbc65f040>)
[0.167s] Level 1:colcon.colcon_core.package_discovery:discover_packages(colcon_meta) check parameters
[0.168s] Level 1:colcon.colcon_core.package_discovery:discover_packages(recursive) check parameters
[0.168s] Level 1:colcon.colcon_core.package_discovery:discover_packages(ignore) check parameters
[0.168s] Level 1:colcon.colcon_core.package_discovery:discover_packages(path) check parameters
[0.168s] Level 1:colcon.colcon_core.package_discovery:discover_packages(recursive) discover
[0.168s] INFO:colcon.colcon_core.package_discovery:Crawling recursively for packages in '/home/lee/robot_ws'
[0.168s] Level 1:colcon.colcon_core.package_identification:_identify(/home/lee/robot_ws) by extensions ['ignore', 'ignore_ament_install']
[0.168s] Level 1:colcon.colcon_core.package_identification:_identify(/home/lee/robot_ws) by extension 'ignore'
[0.168s] Level 1:colcon.colcon_core.package_identification:_identify(/home/lee/robot_ws) by extension 'ignore_ament_install'
[0.168s] Level 1:colcon.colcon_core.package_identification:_identify(/home/lee/robot_ws) by extensions ['colcon_pkg']
[0.168s] Level 1:colcon.colcon_core.package_identification:_identify(/home/lee/robot_ws) by extension 'colcon_pkg'
[0.168s] Level 1:colcon.colcon_core.package_identification:_identify(/home/lee/robot_ws) by extensions ['colcon_meta']
[0.168s] Level 1:colcon.colcon_core.package_identification:_identify(/home/lee/robot_ws) by extension 'colcon_meta'
[0.168s] Level 1:colcon.colcon_core.package_identification:_identify(/home/lee/robot_ws) by extensions ['ros']
[0.169s] Level 1:colcon.colcon_core.package_identification:_identify(/home/lee/robot_ws) by extension 'ros'
[0.182s] Level 1:colcon.colcon_core.package_identification:_identify(/home/lee/robot_ws) by extensions ['cmake', 'python']
[0.182s] Level 1:colcon.colcon_core.package_identification:_identify(/home/lee/robot_ws) by extension 'cmake'
[0.182s] Level 1:colcon.colcon_core.package_identification:_identify(/home/lee/robot_ws) by extension 'python'
[0.182s] Level 1:colcon.colcon_core.package_identification:_identify(/home/lee/robot_ws) by extensions ['python_setup_py']
[0.182s] Level 1:colcon.colcon_core.package_identification:_identify(/home/lee/robot_ws) by extension 'python_setup_py'
[0.182s] Level 1:colcon.colcon_core.package_identification:_identify(/home/lee/robot_ws/build) by extensions ['ignore', 'ignore_ament_install']
[0.182s] Level 1:colcon.colcon_core.package_identification:_identify(/home/lee/robot_ws/build) by extension 'ignore'
[0.182s] Level 1:colcon.colcon_core.package_identification:_identify(/home/lee/robot_ws/build) ignored
[0.183s] Level 1:colcon.colcon_core.package_identification:_identify(/home/lee/robot_ws/install) by extensions ['ignore', 'ignore_ament_install']
[0.183s] Level 1:colcon.colcon_core.package_identification:_identify(/home/lee/robot_ws/install) by extension 'ignore'
[0.183s] Level 1:colcon.colcon_core.package_identification:_identify(/home/lee/robot_ws/install) ignored
[0.183s] Level 1:colcon.colcon_core.package_identification:_identify(/home/lee/robot_ws/log) by extensions ['ignore', 'ignore_ament_install']
[0.183s] Level 1:colcon.colcon_core.package_identification:_identify(/home/lee/robot_ws/log) by extension 'ignore'
[0.183s] Level 1:colcon.colcon_core.package_identification:_identify(/home/lee/robot_ws/log) ignored
[0.183s] Level 1:colcon.colcon_core.package_identification:_identify(/home/lee/robot_ws/src) by extensions ['ignore', 'ignore_ament_install']
[0.183s] Level 1:colcon.colcon_core.package_identification:_identify(/home/lee/robot_ws/src) by extension 'ignore'
[0.183s] Level 1:colcon.colcon_core.package_identification:_identify(/home/lee/robot_ws/src) by extension 'ignore_ament_install'
[0.183s] Level 1:colcon.colcon_core.package_identification:_identify(/home/lee/robot_ws/src) by extensions ['colcon_pkg']
[0.184s] Level 1:colcon.colcon_core.package_identification:_identify(/home/lee/robot_ws/src) by extension 'colcon_pkg'
[0.184s] Level 1:colcon.colcon_core.package_identification:_identify(/home/lee/robot_ws/src) by extensions ['colcon_meta']
[0.184s] Level 1:colcon.colcon_core.package_identification:_identify(/home/lee/robot_ws/src) by extension 'colcon_meta'
[0.184s] Level 1:colcon.colcon_core.package_identification:_identify(/home/lee/robot_ws/src) by extensions ['ros']
[0.184s] Level 1:colcon.colcon_core.package_identification:_identify(/home/lee/robot_ws/src) by extension 'ros'
[0.184s] Level 1:colcon.colcon_core.package_identification:_identify(/home/lee/robot_ws/src) by extensions ['cmake', 'python']
[0.184s] Level 1:colcon.colcon_core.package_identification:_identify(/home/lee/robot_ws/src) by extension 'cmake'
[0.184s] Level 1:colcon.colcon_core.package_identification:_identify(/home/lee/robot_ws/src) by extension 'python'
[0.184s] Level 1:colcon.colcon_core.package_identification:_identify(/home/lee/robot_ws/src) by extensions ['python_setup_py']
[0.184s] Level 1:colcon.colcon_core.package_identification:_identify(/home/lee/robot_ws/src) by extension 'python_setup_py'
[0.184s] Level 1:colcon.colcon_core.package_identification:_identify(/home/lee/robot_ws/src/build) by extensions ['ignore', 'ignore_ament_install']
[0.184s] Level 1:colcon.colcon_core.package_identification:_identify(/home/lee/robot_ws/src/build) by extension 'ignore'
[0.184s] Level 1:colcon.colcon_core.package_identification:_identify(/home/lee/robot_ws/src/build) ignored
[0.185s] Level 1:colcon.colcon_core.package_identification:_identify(/home/lee/robot_ws/src/demos) by extensions ['ignore', 'ignore_ament_install']
[0.185s] Level 1:colcon.colcon_core.package_identification:_identify(/home/lee/robot_ws/src/demos) by extension 'ignore'
[0.185s] Level 1:colcon.colcon_core.package_identification:_identify(/home/lee/robot_ws/src/demos) by extension 'ignore_ament_install'
[0.185s] Level 1:colcon.colcon_core.package_identification:_identify(/home/lee/robot_ws/src/demos) by extensions ['colcon_pkg']
[0.185s] Level 1:colcon.colcon_core.package_identification:_identify(/home/lee/robot_ws/src/demos) by extension 'colcon_pkg'
[0.185s] Level 1:colcon.colcon_core.package_identification:_identify(/home/lee/robot_ws/src/demos) by extensions ['colcon_meta']
[0.185s] Level 1:colcon.colcon_core.package_identification:_identify(/home/lee/robot_ws/src/demos) by extension 'colcon_meta'
[0.185s] Level 1:colcon.colcon_core.package_identification:_identify(/home/lee/robot_ws/src/demos) by extensions ['ros']
[0.185s] Level 1:colcon.colcon_core.package_identification:_identify(/home/lee/robot_ws/src/demos) by extension 'ros'
[0.185s] Level 1:colcon.colcon_core.package_identification:_identify(/home/lee/robot_ws/src/demos) by extensions ['cmake', 'python']
[0.185s] Level 1:colcon.colcon_core.package_identification:_identify(/home/lee/robot_ws/src/demos) by extension 'cmake'
[0.185s] Level 1:colcon.colcon_core.package_identification:_identify(/home/lee/robot_ws/src/demos) by extension 'python'
[0.185s] Level 1:colcon.colcon_core.package_identification:_identify(/home/lee/robot_ws/src/demos) by extensions ['python_setup_py']
[0.185s] Level 1:colcon.colcon_core.package_identification:_identify(/home/lee/robot_ws/src/demos) by extension 'python_setup_py'
[0.185s] Level 1:colcon.colcon_core.package_identification:_identify(/home/lee/robot_ws/src/demos/action_tutorials) by extensions ['ignore', 'ignore_ament_install']
[0.186s] Level 1:colcon.colcon_core.package_identification:_identify(/home/lee/robot_ws/src/demos/action_tutorials) by extension 'ignore'
[0.186s] Level 1:colcon.colcon_core.package_identification:_identify(/home/lee/robot_ws/src/demos/action_tutorials) by extension 'ignore_ament_install'
[0.186s] Level 1:colcon.colcon_core.package_identification:_identify(/home/lee/robot_ws/src/demos/action_tutorials) by extensions ['colcon_pkg']
[0.186s] Level 1:colcon.colcon_core.package_identification:_identify(/home/lee/robot_ws/src/demos/action_tutorials) by extension 'colcon_pkg'
[0.186s] Level 1:colcon.colcon_core.package_identification:_identify(/home/lee/robot_ws/src/demos/action_tutorials) by extensions ['colcon_meta']
[0.186s] Level 1:colcon.colcon_core.package_identification:_identify(/home/lee/robot_ws/src/demos/action_tutorials) by extension 'colcon_meta'
[0.186s] Level 1:colcon.colcon_core.package_identification:_identify(/home/lee/robot_ws/src/demos/action_tutorials) by extensions ['ros']
[0.186s] Level 1:colcon.colcon_core.package_identification:_identify(/home/lee/robot_ws/src/demos/action_tutorials) by extension 'ros'
[0.186s] Level 1:colcon.colcon_core.package_identification:_identify(/home/lee/robot_ws/src/demos/action_tutorials) by extensions ['cmake', 'python']
[0.186s] Level 1:colcon.colcon_core.package_identification:_identify(/home/lee/robot_ws/src/demos/action_tutorials) by extension 'cmake'
[0.186s] Level 1:colcon.colcon_core.package_identification:_identify(/home/lee/robot_ws/src/demos/action_tutorials) by extension 'python'
[0.186s] Level 1:colcon.colcon_core.package_identification:_identify(/home/lee/robot_ws/src/demos/action_tutorials) by extensions ['python_setup_py']
[0.186s] Level 1:colcon.colcon_core.package_identification:_identify(/home/lee/robot_ws/src/demos/action_tutorials) by extension 'python_setup_py'
[0.187s] Level 1:colcon.colcon_core.package_identification:_identify(/home/lee/robot_ws/src/demos/action_tutorials/action_tutorials_cpp) by extensions ['ignore', 'ignore_ament_install']
[0.187s] Level 1:colcon.colcon_core.package_identification:_identify(/home/lee/robot_ws/src/demos/action_tutorials/action_tutorials_cpp) by extension 'ignore'
[0.187s] Level 1:colcon.colcon_core.package_identification:_identify(/home/lee/robot_ws/src/demos/action_tutorials/action_tutorials_cpp) by extension 'ignore_ament_install'
[0.187s] Level 1:colcon.colcon_core.package_identification:_identify(/home/lee/robot_ws/src/demos/action_tutorials/action_tutorials_cpp) by extensions ['colcon_pkg']
[0.187s] Level 1:colcon.colcon_core.package_identification:_identify(/home/lee/robot_ws/src/demos/action_tutorials/action_tutorials_cpp) by extension 'colcon_pkg'
[0.187s] Level 1:colcon.colcon_core.package_identification:_identify(/home/lee/robot_ws/src/demos/action_tutorials/action_tutorials_cpp) by extensions ['colcon_meta']
[0.187s] Level 1:colcon.colcon_core.package_identification:_identify(/home/lee/robot_ws/src/demos/action_tutorials/action_tutorials_cpp) by extension 'colcon_meta'
[0.187s] Level 1:colcon.colcon_core.package_identification:_identify(/home/lee/robot_ws/src/demos/action_tutorials/action_tutorials_cpp) by extensions ['ros']
[0.187s] Level 1:colcon.colcon_core.package_identification:_identify(/home/lee/robot_ws/src/demos/action_tutorials/action_tutorials_cpp) by extension 'ros'
[0.191s] DEBUG:colcon.colcon_core.package_identification:Package '/home/lee/robot_ws/src/demos/action_tutorials/action_tutorials_cpp' with type 'ros.ament_cmake' and name 'action_tutorials_cpp'
[0.191s] Level 1:colcon.colcon_core.package_identification:_identify(/home/lee/robot_ws/src/demos/action_tutorials/action_tutorials_interfaces) by extensions ['ignore', 'ignore_ament_install']
[0.191s] Level 1:colcon.colcon_core.package_identification:_identify(/home/lee/robot_ws/src/demos/action_tutorials/action_tutorials_interfaces) by extension 'ignore'
[0.191s] Level 1:colcon.colcon_core.package_identification:_identify(/home/lee/robot_ws/src/demos/action_tutorials/action_tutorials_interfaces) by extension 'ignore_ament_install'
[0.191s] Level 1:colcon.colcon_core.package_identification:_identify(/home/lee/robot_ws/src/demos/action_tutorials/action_tutorials_interfaces) by extensions ['colcon_pkg']
[0.191s] Level 1:colcon.colcon_core.package_identification:_identify(/home/lee/robot_ws/src/demos/action_tutorials/action_tutorials_interfaces) by extension 'colcon_pkg'
[0.191s] Level 1:colcon.colcon_core.package_identification:_identify(/home/lee/robot_ws/src/demos/action_tutorials/action_tutorials_interfaces) by extensions ['colcon_meta']
[0.192s] Level 1:colcon.colcon_core.package_identification:_identify(/home/lee/robot_ws/src/demos/action_tutorials/action_tutorials_interfaces) by extension 'colcon_meta'
[0.192s] Level 1:colcon.colcon_core.package_identification:_identify(/home/lee/robot_ws/src/demos/action_tutorials/action_tutorials_interfaces) by extensions ['ros']
[0.192s] Level 1:colcon.colcon_core.package_identification:_identify(/home/lee/robot_ws/src/demos/action_tutorials/action_tutorials_interfaces) by extension 'ros'
[0.193s] DEBUG:colcon.colcon_core.package_identification:Package '/home/lee/robot_ws/src/demos/action_tutorials/action_tutorials_interfaces' with type 'ros.ament_cmake' and name 'action_tutorials_interfaces'
[0.193s] Level 1:colcon.colcon_core.package_identification:_identify(/home/lee/robot_ws/src/demos/action_tutorials/action_tutorials_py) by extensions ['ignore', 'ignore_ament_install']
[0.193s] Level 1:colcon.colcon_core.package_identification:_identify(/home/lee/robot_ws/src/demos/action_tutorials/action_tutorials_py) by extension 'ignore'
[0.194s] Level 1:colcon.colcon_core.package_identification:_identify(/home/lee/robot_ws/src/demos/action_tutorials/action_tutorials_py) by extension 'ignore_ament_install'
[0.194s] Level 1:colcon.colcon_core.package_identification:_identify(/home/lee/robot_ws/src/demos/action_tutorials/action_tutorials_py) by extensions ['colcon_pkg']
[0.194s] Level 1:colcon.colcon_core.package_identification:_identify(/home/lee/robot_ws/src/demos/action_tutorials/action_tutorials_py) by extension 'colcon_pkg'
[0.194s] Level 1:colcon.colcon_core.package_identification:_identify(/home/lee/robot_ws/src/demos/action_tutorials/action_tutorials_py) by extensions ['colcon_meta']
[0.194s] Level 1:colcon.colcon_core.package_identification:_identify(/home/lee/robot_ws/src/demos/action_tutorials/action_tutorials_py) by extension 'colcon_meta'
[0.194s] Level 1:colcon.colcon_core.package_identification:_identify(/home/lee/robot_ws/src/demos/action_tutorials/action_tutorials_py) by extensions ['ros']
[0.194s] Level 1:colcon.colcon_core.package_identification:_identify(/home/lee/robot_ws/src/demos/action_tutorials/action_tutorials_py) by extension 'ros'
[0.195s] DEBUG:colcon.colcon_core.package_identification:Package '/home/lee/robot_ws/src/demos/action_tutorials/action_tutorials_py' with type 'ros.ament_python' and name 'action_tutorials_py'
[0.195s] Level 1:colcon.colcon_core.package_identification:_identify(/home/lee/robot_ws/src/demos/composition) by extensions ['ignore', 'ignore_ament_install']
[0.195s] Level 1:colcon.colcon_core.package_identification:_identify(/home/lee/robot_ws/src/demos/composition) by extension 'ignore'
[0.195s] Level 1:colcon.colcon_core.package_identification:_identify(/home/lee/robot_ws/src/demos/composition) by extension 'ignore_ament_install'
[0.195s] Level 1:colcon.colcon_core.package_identification:_identify(/home/lee/robot_ws/src/demos/composition) by extensions ['colcon_pkg']
[0.195s] Level 1:colcon.colcon_core.package_identification:_identify(/home/lee/robot_ws/src/demos/composition) by extension 'colcon_pkg'
[0.195s] Level 1:colcon.colcon_core.package_identification:_identify(/home/lee/robot_ws/src/demos/composition) by extensions ['colcon_meta']
[0.195s] Level 1:colcon.colcon_core.package_identification:_identify(/home/lee/robot_ws/src/demos/composition) by extension 'colcon_meta'
[0.195s] Level 1:colcon.colcon_core.package_identification:_identify(/home/lee/robot_ws/src/demos/composition) by extensions ['ros']
[0.195s] Level 1:colcon.colcon_core.package_identification:_identify(/home/lee/robot_ws/src/demos/composition) by extension 'ros'
[0.197s] DEBUG:colcon.colcon_core.package_identification:Package '/home/lee/robot_ws/src/demos/composition' with type 'ros.ament_cmake' and name 'composition'
[0.197s] Level 1:colcon.colcon_core.package_identification:_identify(/home/lee/robot_ws/src/demos/demo_nodes_cpp) by extensions ['ignore', 'ignore_ament_install']
[0.197s] Level 1:colcon.colcon_core.package_identification:_identify(/home/lee/robot_ws/src/demos/demo_nodes_cpp) by extension 'ignore'
[0.197s] Level 1:colcon.colcon_core.package_identification:_identify(/home/lee/robot_ws/src/demos/demo_nodes_cpp) by extension 'ignore_ament_install'
[0.197s] Level 1:colcon.colcon_core.package_identification:_identify(/home/lee/robot_ws/src/demos/demo_nodes_cpp) by extensions ['colcon_pkg']
[0.197s] Level 1:colcon.colcon_core.package_identification:_identify(/home/lee/robot_ws/src/demos/demo_nodes_cpp) by extension 'colcon_pkg'
[0.197s] Level 1:colcon.colcon_core.package_identification:_identify(/home/lee/robot_ws/src/demos/demo_nodes_cpp) by extensions ['colcon_meta']
[0.197s] Level 1:colcon.colcon_core.package_identification:_identify(/home/lee/robot_ws/src/demos/demo_nodes_cpp) by extension 'colcon_meta'
[0.198s] Level 1:colcon.colcon_core.package_identification:_identify(/home/lee/robot_ws/src/demos/demo_nodes_cpp) by extensions ['ros']
[0.198s] Level 1:colcon.colcon_core.package_identification:_identify(/home/lee/robot_ws/src/demos/demo_nodes_cpp) by extension 'ros'
[0.200s] DEBUG:colcon.colcon_core.package_identification:Package '/home/lee/robot_ws/src/demos/demo_nodes_cpp' with type 'ros.ament_cmake' and name 'demo_nodes_cpp'
[0.200s] Level 1:colcon.colcon_core.package_identification:_identify(/home/lee/robot_ws/src/demos/demo_nodes_cpp_native) by extensions ['ignore', 'ignore_ament_install']
[0.201s] Level 1:colcon.colcon_core.package_identification:_identify(/home/lee/robot_ws/src/demos/demo_nodes_cpp_native) by extension 'ignore'
[0.201s] Level 1:colcon.colcon_core.package_identification:_identify(/home/lee/robot_ws/src/demos/demo_nodes_cpp_native) by extension 'ignore_ament_install'
[0.201s] Level 1:colcon.colcon_core.package_identification:_identify(/home/lee/robot_ws/src/demos/demo_nodes_cpp_native) by extensions ['colcon_pkg']
[0.201s] Level 1:colcon.colcon_core.package_identification:_identify(/home/lee/robot_ws/src/demos/demo_nodes_cpp_native) by extension 'colcon_pkg'
[0.201s] Level 1:colcon.colcon_core.package_identification:_identify(/home/lee/robot_ws/src/demos/demo_nodes_cpp_native) by extensions ['colcon_meta']
[0.201s] Level 1:colcon.colcon_core.package_identification:_identify(/home/lee/robot_ws/src/demos/demo_nodes_cpp_native) by extension 'colcon_meta'
[0.201s] Level 1:colcon.colcon_core.package_identification:_identify(/home/lee/robot_ws/src/demos/demo_nodes_cpp_native) by extensions ['ros']
[0.201s] Level 1:colcon.colcon_core.package_identification:_identify(/home/lee/robot_ws/src/demos/demo_nodes_cpp_native) by extension 'ros'
[0.202s] DEBUG:colcon.colcon_core.package_identification:Package '/home/lee/robot_ws/src/demos/demo_nodes_cpp_native' with type 'ros.ament_cmake' and name 'demo_nodes_cpp_native'
[0.203s] Level 1:colcon.colcon_core.package_identification:_identify(/home/lee/robot_ws/src/demos/demo_nodes_py) by extensions ['ignore', 'ignore_ament_install']
[0.203s] Level 1:colcon.colcon_core.package_identification:_identify(/home/lee/robot_ws/src/demos/demo_nodes_py) by extension 'ignore'
[0.203s] Level 1:colcon.colcon_core.package_identification:_identify(/home/lee/robot_ws/src/demos/demo_nodes_py) by extension 'ignore_ament_install'
[0.203s] Level 1:colcon.colcon_core.package_identification:_identify(/home/lee/robot_ws/src/demos/demo_nodes_py) by extensions ['colcon_pkg']
[0.203s] Level 1:colcon.colcon_core.package_identification:_identify(/home/lee/robot_ws/src/demos/demo_nodes_py) by extension 'colcon_pkg'
[0.203s] Level 1:colcon.colcon_core.package_identification:_identify(/home/lee/robot_ws/src/demos/demo_nodes_py) by extensions ['colcon_meta']
[0.203s] Level 1:colcon.colcon_core.package_identification:_identify(/home/lee/robot_ws/src/demos/demo_nodes_py) by extension 'colcon_meta'
[0.203s] Level 1:colcon.colcon_core.package_identification:_identify(/home/lee/robot_ws/src/demos/demo_nodes_py) by extensions ['ros']
[0.203s] Level 1:colcon.colcon_core.package_identification:_identify(/home/lee/robot_ws/src/demos/demo_nodes_py) by extension 'ros'
[0.204s] DEBUG:colcon.colcon_core.package_identification:Package '/home/lee/robot_ws/src/demos/demo_nodes_py' with type 'ros.ament_python' and name 'demo_nodes_py'
[0.204s] Level 1:colcon.colcon_core.package_identification:_identify(/home/lee/robot_ws/src/demos/dummy_robot) by extensions ['ignore', 'ignore_ament_install']
[0.204s] Level 1:colcon.colcon_core.package_identification:_identify(/home/lee/robot_ws/src/demos/dummy_robot) by extension 'ignore'
[0.204s] Level 1:colcon.colcon_core.package_identification:_identify(/home/lee/robot_ws/src/demos/dummy_robot) by extension 'ignore_ament_install'
[0.205s] Level 1:colcon.colcon_core.package_identification:_identify(/home/lee/robot_ws/src/demos/dummy_robot) by extensions ['colcon_pkg']
[0.205s] Level 1:colcon.colcon_core.package_identification:_identify(/home/lee/robot_ws/src/demos/dummy_robot) by extension 'colcon_pkg'
[0.205s] Level 1:colcon.colcon_core.package_identification:_identify(/home/lee/robot_ws/src/demos/dummy_robot) by extensions ['colcon_meta']
[0.205s] Level 1:colcon.colcon_core.package_identification:_identify(/home/lee/robot_ws/src/demos/dummy_robot) by extension 'colcon_meta'
[0.205s] Level 1:colcon.colcon_core.package_identification:_identify(/home/lee/robot_ws/src/demos/dummy_robot) by extensions ['ros']
[0.205s] Level 1:colcon.colcon_core.package_identification:_identify(/home/lee/robot_ws/src/demos/dummy_robot) by extension 'ros'
[0.205s] Level 1:colcon.colcon_core.package_identification:_identify(/home/lee/robot_ws/src/demos/dummy_robot) by extensions ['cmake', 'python']
[0.205s] Level 1:colcon.colcon_core.package_identification:_identify(/home/lee/robot_ws/src/demos/dummy_robot) by extension 'cmake'
[0.205s] Level 1:colcon.colcon_core.package_identification:_identify(/home/lee/robot_ws/src/demos/dummy_robot) by extension 'python'
[0.205s] Level 1:colcon.colcon_core.package_identification:_identify(/home/lee/robot_ws/src/demos/dummy_robot) by extensions ['python_setup_py']
[0.205s] Level 1:colcon.colcon_core.package_identification:_identify(/home/lee/robot_ws/src/demos/dummy_robot) by extension 'python_setup_py'
[0.205s] Level 1:colcon.colcon_core.package_identification:_identify(/home/lee/robot_ws/src/demos/dummy_robot/dummy_map_server) by extensions ['ignore', 'ignore_ament_install']
[0.205s] Level 1:colcon.colcon_core.package_identification:_identify(/home/lee/robot_ws/src/demos/dummy_robot/dummy_map_server) by extension 'ignore'
[0.205s] Level 1:colcon.colcon_core.package_identification:_identify(/home/lee/robot_ws/src/demos/dummy_robot/dummy_map_server) by extension 'ignore_ament_install'
[0.206s] Level 1:colcon.colcon_core.package_identification:_identify(/home/lee/robot_ws/src/demos/dummy_robot/dummy_map_server) by extensions ['colcon_pkg']
[0.206s] Level 1:colcon.colcon_core.package_identification:_identify(/home/lee/robot_ws/src/demos/dummy_robot/dummy_map_server) by extension 'colcon_pkg'
[0.206s] Level 1:colcon.colcon_core.package_identification:_identify(/home/lee/robot_ws/src/demos/dummy_robot/dummy_map_server) by extensions ['colcon_meta']
[0.206s] Level 1:colcon.colcon_core.package_identification:_identify(/home/lee/robot_ws/src/demos/dummy_robot/dummy_map_server) by extension 'colcon_meta'
[0.206s] Level 1:colcon.colcon_core.package_identification:_identify(/home/lee/robot_ws/src/demos/dummy_robot/dummy_map_server) by extensions ['ros']
[0.206s] Level 1:colcon.colcon_core.package_identification:_identify(/home/lee/robot_ws/src/demos/dummy_robot/dummy_map_server) by extension 'ros'
[0.224s] DEBUG:colcon.colcon_core.package_identification:Package '/home/lee/robot_ws/src/demos/dummy_robot/dummy_map_server' with type 'ros.ament_cmake' and name 'dummy_map_server'
[0.225s] Level 1:colcon.colcon_core.package_identification:_identify(/home/lee/robot_ws/src/demos/dummy_robot/dummy_robot_bringup) by extensions ['ignore', 'ignore_ament_install']
[0.226s] Level 1:colcon.colcon_core.package_identification:_identify(/home/lee/robot_ws/src/demos/dummy_robot/dummy_robot_bringup) by extension 'ignore'
[0.226s] Level 1:colcon.colcon_core.package_identification:_identify(/home/lee/robot_ws/src/demos/dummy_robot/dummy_robot_bringup) by extension 'ignore_ament_install'
[0.226s] Level 1:colcon.colcon_core.package_identification:_identify(/home/lee/robot_ws/src/demos/dummy_robot/dummy_robot_bringup) by extensions ['colcon_pkg']
[0.226s] Level 1:colcon.colcon_core.package_identification:_identify(/home/lee/robot_ws/src/demos/dummy_robot/dummy_robot_bringup) by extension 'colcon_pkg'
[0.226s] Level 1:colcon.colcon_core.package_identification:_identify(/home/lee/robot_ws/src/demos/dummy_robot/dummy_robot_bringup) by extensions ['colcon_meta']
[0.226s] Level 1:colcon.colcon_core.package_identification:_identify(/home/lee/robot_ws/src/demos/dummy_robot/dummy_robot_bringup) by extension 'colcon_meta'
[0.226s] Level 1:colcon.colcon_core.package_identification:_identify(/home/lee/robot_ws/src/demos/dummy_robot/dummy_robot_bringup) by extensions ['ros']
[0.226s] Level 1:colcon.colcon_core.package_identification:_identify(/home/lee/robot_ws/src/demos/dummy_robot/dummy_robot_bringup) by extension 'ros'
[0.227s] DEBUG:colcon.colcon_core.package_identification:Package '/home/lee/robot_ws/src/demos/dummy_robot/dummy_robot_bringup' with type 'ros.ament_cmake' and name 'dummy_robot_bringup'
[0.227s] Level 1:colcon.colcon_core.package_identification:_identify(/home/lee/robot_ws/src/demos/dummy_robot/dummy_sensors) by extensions ['ignore', 'ignore_ament_install']
[0.227s] Level 1:colcon.colcon_core.package_identification:_identify(/home/lee/robot_ws/src/demos/dummy_robot/dummy_sensors) by extension 'ignore'
[0.227s] Level 1:colcon.colcon_core.package_identification:_identify(/home/lee/robot_ws/src/demos/dummy_robot/dummy_sensors) by extension 'ignore_ament_install'
[0.227s] Level 1:colcon.colcon_core.package_identification:_identify(/home/lee/robot_ws/src/demos/dummy_robot/dummy_sensors) by extensions ['colcon_pkg']
[0.227s] Level 1:colcon.colcon_core.package_identification:_identify(/home/lee/robot_ws/src/demos/dummy_robot/dummy_sensors) by extension 'colcon_pkg'
[0.227s] Level 1:colcon.colcon_core.package_identification:_identify(/home/lee/robot_ws/src/demos/dummy_robot/dummy_sensors) by extensions ['colcon_meta']
[0.227s] Level 1:colcon.colcon_core.package_identification:_identify(/home/lee/robot_ws/src/demos/dummy_robot/dummy_sensors) by extension 'colcon_meta'
[0.227s] Level 1:colcon.colcon_core.package_identification:_identify(/home/lee/robot_ws/src/demos/dummy_robot/dummy_sensors) by extensions ['ros']
[0.227s] Level 1:colcon.colcon_core.package_identification:_identify(/home/lee/robot_ws/src/demos/dummy_robot/dummy_sensors) by extension 'ros'
[0.228s] DEBUG:colcon.colcon_core.package_identification:Package '/home/lee/robot_ws/src/demos/dummy_robot/dummy_sensors' with type 'ros.ament_cmake' and name 'dummy_sensors'
[0.228s] Level 1:colcon.colcon_core.package_identification:_identify(/home/lee/robot_ws/src/demos/image_tools) by extensions ['ignore', 'ignore_ament_install']
[0.228s] Level 1:colcon.colcon_core.package_identification:_identify(/home/lee/robot_ws/src/demos/image_tools) by extension 'ignore'
[0.228s] Level 1:colcon.colcon_core.package_identification:_identify(/home/lee/robot_ws/src/demos/image_tools) by extension 'ignore_ament_install'
[0.228s] Level 1:colcon.colcon_core.package_identification:_identify(/home/lee/robot_ws/src/demos/image_tools) by extensions ['colcon_pkg']
[0.228s] Level 1:colcon.colcon_core.package_identification:_identify(/home/lee/robot_ws/src/demos/image_tools) by extension 'colcon_pkg'
[0.228s] Level 1:colcon.colcon_core.package_identification:_identify(/home/lee/robot_ws/src/demos/image_tools) by extensions ['colcon_meta']
[0.228s] Level 1:colcon.colcon_core.package_identification:_identify(/home/lee/robot_ws/src/demos/image_tools) by extension 'colcon_meta'
[0.228s] Level 1:colcon.colcon_core.package_identification:_identify(/home/lee/robot_ws/src/demos/image_tools) by extensions ['ros']
[0.228s] Level 1:colcon.colcon_core.package_identification:_identify(/home/lee/robot_ws/src/demos/image_tools) by extension 'ros'
[0.229s] DEBUG:colcon.colcon_core.package_identification:Package '/home/lee/robot_ws/src/demos/image_tools' with type 'ros.ament_cmake' and name 'image_tools'
[0.229s] Level 1:colcon.colcon_core.package_identification:_identify(/home/lee/robot_ws/src/demos/intra_process_demo) by extensions ['ignore', 'ignore_ament_install']
[0.229s] Level 1:colcon.colcon_core.package_identification:_identify(/home/lee/robot_ws/src/demos/intra_process_demo) by extension 'ignore'
[0.229s] Level 1:colcon.colcon_core.package_identification:_identify(/home/lee/robot_ws/src/demos/intra_process_demo) by extension 'ignore_ament_install'
[0.229s] Level 1:colcon.colcon_core.package_identification:_identify(/home/lee/robot_ws/src/demos/intra_process_demo) by extensions ['colcon_pkg']
[0.229s] Level 1:colcon.colcon_core.package_identification:_identify(/home/lee/robot_ws/src/demos/intra_process_demo) by extension 'colcon_pkg'
[0.229s] Level 1:colcon.colcon_core.package_identification:_identify(/home/lee/robot_ws/src/demos/intra_process_demo) by extensions ['colcon_meta']
[0.229s] Level 1:colcon.colcon_core.package_identification:_identify(/home/lee/robot_ws/src/demos/intra_process_demo) by extension 'colcon_meta'
[0.229s] Level 1:colcon.colcon_core.package_identification:_identify(/home/lee/robot_ws/src/demos/intra_process_demo) by extensions ['ros']
[0.230s] Level 1:colcon.colcon_core.package_identification:_identify(/home/lee/robot_ws/src/demos/intra_process_demo) by extension 'ros'
[0.230s] DEBUG:colcon.colcon_core.package_identification:Package '/home/lee/robot_ws/src/demos/intra_process_demo' with type 'ros.ament_cmake' and name 'intra_process_demo'
[0.230s] Level 1:colcon.colcon_core.package_identification:_identify(/home/lee/robot_ws/src/demos/lifecycle) by extensions ['ignore', 'ignore_ament_install']
[0.231s] Level 1:colcon.colcon_core.package_identification:_identify(/home/lee/robot_ws/src/demos/lifecycle) by extension 'ignore'
[0.231s] Level 1:colcon.colcon_core.package_identification:_identify(/home/lee/robot_ws/src/demos/lifecycle) by extension 'ignore_ament_install'
[0.231s] Level 1:colcon.colcon_core.package_identification:_identify(/home/lee/robot_ws/src/demos/lifecycle) by extensions ['colcon_pkg']
[0.231s] Level 1:colcon.colcon_core.package_identification:_identify(/home/lee/robot_ws/src/demos/lifecycle) by extension 'colcon_pkg'
[0.231s] Level 1:colcon.colcon_core.package_identification:_identify(/home/lee/robot_ws/src/demos/lifecycle) by extensions ['colcon_meta']
[0.231s] Level 1:colcon.colcon_core.package_identification:_identify(/home/lee/robot_ws/src/demos/lifecycle) by extension 'colcon_meta'
[0.231s] Level 1:colcon.colcon_core.package_identification:_identify(/home/lee/robot_ws/src/demos/lifecycle) by extensions ['ros']
[0.231s] Level 1:colcon.colcon_core.package_identification:_identify(/home/lee/robot_ws/src/demos/lifecycle) by extension 'ros'
[0.231s] DEBUG:colcon.colcon_core.package_identification:Package '/home/lee/robot_ws/src/demos/lifecycle' with type 'ros.ament_cmake' and name 'lifecycle'
[0.231s] Level 1:colcon.colcon_core.package_identification:_identify(/home/lee/robot_ws/src/demos/lifecycle_py) by extensions ['ignore', 'ignore_ament_install']
[0.231s] Level 1:colcon.colcon_core.package_identification:_identify(/home/lee/robot_ws/src/demos/lifecycle_py) by extension 'ignore'
[0.231s] Level 1:colcon.colcon_core.package_identification:_identify(/home/lee/robot_ws/src/demos/lifecycle_py) by extension 'ignore_ament_install'
[0.232s] Level 1:colcon.colcon_core.package_identification:_identify(/home/lee/robot_ws/src/demos/lifecycle_py) by extensions ['colcon_pkg']
[0.232s] Level 1:colcon.colcon_core.package_identification:_identify(/home/lee/robot_ws/src/demos/lifecycle_py) by extension 'colcon_pkg'
[0.232s] Level 1:colcon.colcon_core.package_identification:_identify(/home/lee/robot_ws/src/demos/lifecycle_py) by extensions ['colcon_meta']
[0.232s] Level 1:colcon.colcon_core.package_identification:_identify(/home/lee/robot_ws/src/demos/lifecycle_py) by extension 'colcon_meta'
[0.232s] Level 1:colcon.colcon_core.package_identification:_identify(/home/lee/robot_ws/src/demos/lifecycle_py) by extensions ['ros']
[0.232s] Level 1:colcon.colcon_core.package_identification:_identify(/home/lee/robot_ws/src/demos/lifecycle_py) by extension 'ros'
[0.232s] DEBUG:colcon.colcon_core.package_identification:Package '/home/lee/robot_ws/src/demos/lifecycle_py' with type 'ros.ament_python' and name 'lifecycle_py'
[0.232s] Level 1:colcon.colcon_core.package_identification:_identify(/home/lee/robot_ws/src/demos/logging_demo) by extensions ['ignore', 'ignore_ament_install']
[0.232s] Level 1:colcon.colcon_core.package_identification:_identify(/home/lee/robot_ws/src/demos/logging_demo) by extension 'ignore'
[0.232s] Level 1:colcon.colcon_core.package_identification:_identify(/home/lee/robot_ws/src/demos/logging_demo) by extension 'ignore_ament_install'
[0.232s] Level 1:colcon.colcon_core.package_identification:_identify(/home/lee/robot_ws/src/demos/logging_demo) by extensions ['colcon_pkg']
[0.232s] Level 1:colcon.colcon_core.package_identification:_identify(/home/lee/robot_ws/src/demos/logging_demo) by extension 'colcon_pkg'
[0.232s] Level 1:colcon.colcon_core.package_identification:_identify(/home/lee/robot_ws/src/demos/logging_demo) by extensions ['colcon_meta']
[0.232s] Level 1:colcon.colcon_core.package_identification:_identify(/home/lee/robot_ws/src/demos/logging_demo) by extension 'colcon_meta'
[0.232s] Level 1:colcon.colcon_core.package_identification:_identify(/home/lee/robot_ws/src/demos/logging_demo) by extensions ['ros']
[0.233s] Level 1:colcon.colcon_core.package_identification:_identify(/home/lee/robot_ws/src/demos/logging_demo) by extension 'ros'
[0.233s] DEBUG:colcon.colcon_core.package_identification:Package '/home/lee/robot_ws/src/demos/logging_demo' with type 'ros.ament_cmake' and name 'logging_demo'
[0.233s] Level 1:colcon.colcon_core.package_identification:_identify(/home/lee/robot_ws/src/demos/pendulum_control) by extensions ['ignore', 'ignore_ament_install']
[0.233s] Level 1:colcon.colcon_core.package_identification:_identify(/home/lee/robot_ws/src/demos/pendulum_control) by extension 'ignore'
[0.234s] Level 1:colcon.colcon_core.package_identification:_identify(/home/lee/robot_ws/src/demos/pendulum_control) by extension 'ignore_ament_install'
[0.234s] Level 1:colcon.colcon_core.package_identification:_identify(/home/lee/robot_ws/src/demos/pendulum_control) by extensions ['colcon_pkg']
[0.234s] Level 1:colcon.colcon_core.package_identification:_identify(/home/lee/robot_ws/src/demos/pendulum_control) by extension 'colcon_pkg'
[0.234s] Level 1:colcon.colcon_core.package_identification:_identify(/home/lee/robot_ws/src/demos/pendulum_control) by extensions ['colcon_meta']
[0.234s] Level 1:colcon.colcon_core.package_identification:_identify(/home/lee/robot_ws/src/demos/pendulum_control) by extension 'colcon_meta'
[0.234s] Level 1:colcon.colcon_core.package_identification:_identify(/home/lee/robot_ws/src/demos/pendulum_control) by extensions ['ros']
[0.234s] Level 1:colcon.colcon_core.package_identification:_identify(/home/lee/robot_ws/src/demos/pendulum_control) by extension 'ros'
[0.235s] DEBUG:colcon.colcon_core.package_identification:Package '/home/lee/robot_ws/src/demos/pendulum_control' with type 'ros.ament_cmake' and name 'pendulum_control'
[0.235s] Level 1:colcon.colcon_core.package_identification:_identify(/home/lee/robot_ws/src/demos/pendulum_msgs) by extensions ['ignore', 'ignore_ament_install']
[0.235s] Level 1:colcon.colcon_core.package_identification:_identify(/home/lee/robot_ws/src/demos/pendulum_msgs) by extension 'ignore'
[0.235s] Level 1:colcon.colcon_core.package_identification:_identify(/home/lee/robot_ws/src/demos/pendulum_msgs) by extension 'ignore_ament_install'
[0.235s] Level 1:colcon.colcon_core.package_identification:_identify(/home/lee/robot_ws/src/demos/pendulum_msgs) by extensions ['colcon_pkg']
[0.235s] Level 1:colcon.colcon_core.package_identification:_identify(/home/lee/robot_ws/src/demos/pendulum_msgs) by extension 'colcon_pkg'
[0.235s] Level 1:colcon.colcon_core.package_identification:_identify(/home/lee/robot_ws/src/demos/pendulum_msgs) by extensions ['colcon_meta']
[0.235s] Level 1:colcon.colcon_core.package_identification:_identify(/home/lee/robot_ws/src/demos/pendulum_msgs) by extension 'colcon_meta'
[0.235s] Level 1:colcon.colcon_core.package_identification:_identify(/home/lee/robot_ws/src/demos/pendulum_msgs) by extensions ['ros']
[0.235s] Level 1:colcon.colcon_core.package_identification:_identify(/home/lee/robot_ws/src/demos/pendulum_msgs) by extension 'ros'
[0.235s] DEBUG:colcon.colcon_core.package_identification:Package '/home/lee/robot_ws/src/demos/pendulum_msgs' with type 'ros.ament_cmake' and name 'pendulum_msgs'
[0.236s] Level 1:colcon.colcon_core.package_identification:_identify(/home/lee/robot_ws/src/demos/quality_of_service_demo) by extensions ['ignore', 'ignore_ament_install']
[0.236s] Level 1:colcon.colcon_core.package_identification:_identify(/home/lee/robot_ws/src/demos/quality_of_service_demo) by extension 'ignore'
[0.236s] Level 1:colcon.colcon_core.package_identification:_identify(/home/lee/robot_ws/src/demos/quality_of_service_demo) by extension 'ignore_ament_install'
[0.236s] Level 1:colcon.colcon_core.package_identification:_identify(/home/lee/robot_ws/src/demos/quality_of_service_demo) by extensions ['colcon_pkg']
[0.236s] Level 1:colcon.colcon_core.package_identification:_identify(/home/lee/robot_ws/src/demos/quality_of_service_demo) by extension 'colcon_pkg'
[0.236s] Level 1:colcon.colcon_core.package_identification:_identify(/home/lee/robot_ws/src/demos/quality_of_service_demo) by extensions ['colcon_meta']
[0.236s] Level 1:colcon.colcon_core.package_identification:_identify(/home/lee/robot_ws/src/demos/quality_of_service_demo) by extension 'colcon_meta'
[0.236s] Level 1:colcon.colcon_core.package_identification:_identify(/home/lee/robot_ws/src/demos/quality_of_service_demo) by extensions ['ros']
[0.236s] Level 1:colcon.colcon_core.package_identification:_identify(/home/lee/robot_ws/src/demos/quality_of_service_demo) by extension 'ros'
[0.236s] Level 1:colcon.colcon_core.package_identification:_identify(/home/lee/robot_ws/src/demos/quality_of_service_demo) by extensions ['cmake', 'python']
[0.236s] Level 1:colcon.colcon_core.package_identification:_identify(/home/lee/robot_ws/src/demos/quality_of_service_demo) by extension 'cmake'
[0.236s] Level 1:colcon.colcon_core.package_identification:_identify(/home/lee/robot_ws/src/demos/quality_of_service_demo) by extension 'python'
[0.236s] Level 1:colcon.colcon_core.package_identification:_identify(/home/lee/robot_ws/src/demos/quality_of_service_demo) by extensions ['python_setup_py']
[0.236s] Level 1:colcon.colcon_core.package_identification:_identify(/home/lee/robot_ws/src/demos/quality_of_service_demo) by extension 'python_setup_py'
[0.236s] Level 1:colcon.colcon_core.package_identification:_identify(/home/lee/robot_ws/src/demos/quality_of_service_demo/rclcpp) by extensions ['ignore', 'ignore_ament_install']
[0.236s] Level 1:colcon.colcon_core.package_identification:_identify(/home/lee/robot_ws/src/demos/quality_of_service_demo/rclcpp) by extension 'ignore'
[0.236s] Level 1:colcon.colcon_core.package_identification:_identify(/home/lee/robot_ws/src/demos/quality_of_service_demo/rclcpp) by extension 'ignore_ament_install'
[0.236s] Level 1:colcon.colcon_core.package_identification:_identify(/home/lee/robot_ws/src/demos/quality_of_service_demo/rclcpp) by extensions ['colcon_pkg']
[0.236s] Level 1:colcon.colcon_core.package_identification:_identify(/home/lee/robot_ws/src/demos/quality_of_service_demo/rclcpp) by extension 'colcon_pkg'
[0.236s] Level 1:colcon.colcon_core.package_identification:_identify(/home/lee/robot_ws/src/demos/quality_of_service_demo/rclcpp) by extensions ['colcon_meta']
[0.236s] Level 1:colcon.colcon_core.package_identification:_identify(/home/lee/robot_ws/src/demos/quality_of_service_demo/rclcpp) by extension 'colcon_meta'
[0.237s] Level 1:colcon.colcon_core.package_identification:_identify(/home/lee/robot_ws/src/demos/quality_of_service_demo/rclcpp) by extensions ['ros']
[0.237s] Level 1:colcon.colcon_core.package_identification:_identify(/home/lee/robot_ws/src/demos/quality_of_service_demo/rclcpp) by extension 'ros'
[0.237s] DEBUG:colcon.colcon_core.package_identification:Package '/home/lee/robot_ws/src/demos/quality_of_service_demo/rclcpp' with type 'ros.ament_cmake' and name 'quality_of_service_demo_cpp'
[0.237s] Level 1:colcon.colcon_core.package_identification:_identify(/home/lee/robot_ws/src/demos/quality_of_service_demo/rclpy) by extensions ['ignore', 'ignore_ament_install']
[0.237s] Level 1:colcon.colcon_core.package_identification:_identify(/home/lee/robot_ws/src/demos/quality_of_service_demo/rclpy) by extension 'ignore'
[0.237s] Level 1:colcon.colcon_core.package_identification:_identify(/home/lee/robot_ws/src/demos/quality_of_service_demo/rclpy) by extension 'ignore_ament_install'
[0.237s] Level 1:colcon.colcon_core.package_identification:_identify(/home/lee/robot_ws/src/demos/quality_of_service_demo/rclpy) by extensions ['colcon_pkg']
[0.237s] Level 1:colcon.colcon_core.package_identification:_identify(/home/lee/robot_ws/src/demos/quality_of_service_demo/rclpy) by extension 'colcon_pkg'
[0.238s] Level 1:colcon.colcon_core.package_identification:_identify(/home/lee/robot_ws/src/demos/quality_of_service_demo/rclpy) by extensions ['colcon_meta']
[0.238s] Level 1:colcon.colcon_core.package_identification:_identify(/home/lee/robot_ws/src/demos/quality_of_service_demo/rclpy) by extension 'colcon_meta'
[0.238s] Level 1:colcon.colcon_core.package_identification:_identify(/home/lee/robot_ws/src/demos/quality_of_service_demo/rclpy) by extensions ['ros']
[0.238s] Level 1:colcon.colcon_core.package_identification:_identify(/home/lee/robot_ws/src/demos/quality_of_service_demo/rclpy) by extension 'ros'
[0.238s] DEBUG:colcon.colcon_core.package_identification:Package '/home/lee/robot_ws/src/demos/quality_of_service_demo/rclpy' with type 'ros.ament_python' and name 'quality_of_service_demo_py'
[0.238s] Level 1:colcon.colcon_core.package_identification:_identify(/home/lee/robot_ws/src/demos/topic_monitor) by extensions ['ignore', 'ignore_ament_install']
[0.238s] Level 1:colcon.colcon_core.package_identification:_identify(/home/lee/robot_ws/src/demos/topic_monitor) by extension 'ignore'
[0.238s] Level 1:colcon.colcon_core.package_identification:_identify(/home/lee/robot_ws/src/demos/topic_monitor) by extension 'ignore_ament_install'
[0.238s] Level 1:colcon.colcon_core.package_identification:_identify(/home/lee/robot_ws/src/demos/topic_monitor) by extensions ['colcon_pkg']
[0.238s] Level 1:colcon.colcon_core.package_identification:_identify(/home/lee/robot_ws/src/demos/topic_monitor) by extension 'colcon_pkg'
[0.238s] Level 1:colcon.colcon_core.package_identification:_identify(/home/lee/robot_ws/src/demos/topic_monitor) by extensions ['colcon_meta']
[0.238s] Level 1:colcon.colcon_core.package_identification:_identify(/home/lee/robot_ws/src/demos/topic_monitor) by extension 'colcon_meta'
[0.238s] Level 1:colcon.colcon_core.package_identification:_identify(/home/lee/robot_ws/src/demos/topic_monitor) by extensions ['ros']
[0.238s] Level 1:colcon.colcon_core.package_identification:_identify(/home/lee/robot_ws/src/demos/topic_monitor) by extension 'ros'
[0.239s] DEBUG:colcon.colcon_core.package_identification:Package '/home/lee/robot_ws/src/demos/topic_monitor' with type 'ros.ament_python' and name 'topic_monitor'
[0.239s] Level 1:colcon.colcon_core.package_identification:_identify(/home/lee/robot_ws/src/demos/topic_statistics_demo) by extensions ['ignore', 'ignore_ament_install']
[0.239s] Level 1:colcon.colcon_core.package_identification:_identify(/home/lee/robot_ws/src/demos/topic_statistics_demo) by extension 'ignore'
[0.239s] Level 1:colcon.colcon_core.package_identification:_identify(/home/lee/robot_ws/src/demos/topic_statistics_demo) by extension 'ignore_ament_install'
[0.239s] Level 1:colcon.colcon_core.package_identification:_identify(/home/lee/robot_ws/src/demos/topic_statistics_demo) by extensions ['colcon_pkg']
[0.239s] Level 1:colcon.colcon_core.package_identification:_identify(/home/lee/robot_ws/src/demos/topic_statistics_demo) by extension 'colcon_pkg'
[0.239s] Level 1:colcon.colcon_core.package_identification:_identify(/home/lee/robot_ws/src/demos/topic_statistics_demo) by extensions ['colcon_meta']
[0.239s] Level 1:colcon.colcon_core.package_identification:_identify(/home/lee/robot_ws/src/demos/topic_statistics_demo) by extension 'colcon_meta'
[0.239s] Level 1:colcon.colcon_core.package_identification:_identify(/home/lee/robot_ws/src/demos/topic_statistics_demo) by extensions ['ros']
[0.239s] Level 1:colcon.colcon_core.package_identification:_identify(/home/lee/robot_ws/src/demos/topic_statistics_demo) by extension 'ros'
[0.240s] DEBUG:colcon.colcon_core.package_identification:Package '/home/lee/robot_ws/src/demos/topic_statistics_demo' with type 'ros.ament_cmake' and name 'topic_statistics_demo'
[0.240s] Level 1:colcon.colcon_core.package_identification:_identify(/home/lee/robot_ws/src/install) by extensions ['ignore', 'ignore_ament_install']
[0.240s] Level 1:colcon.colcon_core.package_identification:_identify(/home/lee/robot_ws/src/install) by extension 'ignore'
[0.240s] Level 1:colcon.colcon_core.package_identification:_identify(/home/lee/robot_ws/src/install) ignored
[0.240s] Level 1:colcon.colcon_core.package_identification:_identify(/home/lee/robot_ws/src/log) by extensions ['ignore', 'ignore_ament_install']
[0.240s] Level 1:colcon.colcon_core.package_identification:_identify(/home/lee/robot_ws/src/log) by extension 'ignore'
[0.240s] Level 1:colcon.colcon_core.package_identification:_identify(/home/lee/robot_ws/src/log) ignored
[0.241s] Level 1:colcon.colcon_core.package_identification:_identify(/home/lee/robot_ws/src/msg_interface_py_test) by extensions ['ignore', 'ignore_ament_install']
[0.241s] Level 1:colcon.colcon_core.package_identification:_identify(/home/lee/robot_ws/src/msg_interface_py_test) by extension 'ignore'
[0.241s] Level 1:colcon.colcon_core.package_identification:_identify(/home/lee/robot_ws/src/msg_interface_py_test) by extension 'ignore_ament_install'
[0.241s] Level 1:colcon.colcon_core.package_identification:_identify(/home/lee/robot_ws/src/msg_interface_py_test) by extensions ['colcon_pkg']
[0.241s] Level 1:colcon.colcon_core.package_identification:_identify(/home/lee/robot_ws/src/msg_interface_py_test) by extension 'colcon_pkg'
[0.241s] Level 1:colcon.colcon_core.package_identification:_identify(/home/lee/robot_ws/src/msg_interface_py_test) by extensions ['colcon_meta']
[0.241s] Level 1:colcon.colcon_core.package_identification:_identify(/home/lee/robot_ws/src/msg_interface_py_test) by extension 'colcon_meta'
[0.241s] Level 1:colcon.colcon_core.package_identification:_identify(/home/lee/robot_ws/src/msg_interface_py_test) by extensions ['ros']
[0.241s] Level 1:colcon.colcon_core.package_identification:_identify(/home/lee/robot_ws/src/msg_interface_py_test) by extension 'ros'
[0.241s] DEBUG:colcon.colcon_core.package_identification:Package '/home/lee/robot_ws/src/msg_interface_py_test' with type 'ros.ament_cmake' and name 'msg_interface_py_test'
[0.241s] Level 1:colcon.colcon_core.package_identification:_identify(/home/lee/robot_ws/src/msg_srv_action_interface_cpp) by extensions ['ignore', 'ignore_ament_install']
[0.242s] Level 1:colcon.colcon_core.package_identification:_identify(/home/lee/robot_ws/src/msg_srv_action_interface_cpp) by extension 'ignore'
[0.242s] Level 1:colcon.colcon_core.package_identification:_identify(/home/lee/robot_ws/src/msg_srv_action_interface_cpp) by extension 'ignore_ament_install'
[0.242s] Level 1:colcon.colcon_core.package_identification:_identify(/home/lee/robot_ws/src/msg_srv_action_interface_cpp) by extensions ['colcon_pkg']
[0.242s] Level 1:colcon.colcon_core.package_identification:_identify(/home/lee/robot_ws/src/msg_srv_action_interface_cpp) by extension 'colcon_pkg'
[0.242s] Level 1:colcon.colcon_core.package_identification:_identify(/home/lee/robot_ws/src/msg_srv_action_interface_cpp) by extensions ['colcon_meta']
[0.242s] Level 1:colcon.colcon_core.package_identification:_identify(/home/lee/robot_ws/src/msg_srv_action_interface_cpp) by extension 'colcon_meta'
[0.242s] Level 1:colcon.colcon_core.package_identification:_identify(/home/lee/robot_ws/src/msg_srv_action_interface_cpp) by extensions ['ros']
[0.242s] Level 1:colcon.colcon_core.package_identification:_identify(/home/lee/robot_ws/src/msg_srv_action_interface_cpp) by extension 'ros'
[0.242s] DEBUG:colcon.colcon_core.package_identification:Package '/home/lee/robot_ws/src/msg_srv_action_interface_cpp' with type 'ros.ament_cmake' and name 'msg_srv_action_interface_cpp'
[0.242s] Level 1:colcon.colcon_core.package_identification:_identify(/home/lee/robot_ws/src/msg_srv_action_interface_py_test) by extensions ['ignore', 'ignore_ament_install']
[0.242s] Level 1:colcon.colcon_core.package_identification:_identify(/home/lee/robot_ws/src/msg_srv_action_interface_py_test) by extension 'ignore'
[0.242s] Level 1:colcon.colcon_core.package_identification:_identify(/home/lee/robot_ws/src/msg_srv_action_interface_py_test) by extension 'ignore_ament_install'
[0.242s] Level 1:colcon.colcon_core.package_identification:_identify(/home/lee/robot_ws/src/msg_srv_action_interface_py_test) by extensions ['colcon_pkg']
[0.242s] Level 1:colcon.colcon_core.package_identification:_identify(/home/lee/robot_ws/src/msg_srv_action_interface_py_test) by extension 'colcon_pkg'
[0.242s] Level 1:colcon.colcon_core.package_identification:_identify(/home/lee/robot_ws/src/msg_srv_action_interface_py_test) by extensions ['colcon_meta']
[0.242s] Level 1:colcon.colcon_core.package_identification:_identify(/home/lee/robot_ws/src/msg_srv_action_interface_py_test) by extension 'colcon_meta'
[0.242s] Level 1:colcon.colcon_core.package_identification:_identify(/home/lee/robot_ws/src/msg_srv_action_interface_py_test) by extensions ['ros']
[0.242s] Level 1:colcon.colcon_core.package_identification:_identify(/home/lee/robot_ws/src/msg_srv_action_interface_py_test) by extension 'ros'
[0.243s] DEBUG:colcon.colcon_core.package_identification:Package '/home/lee/robot_ws/src/msg_srv_action_interface_py_test' with type 'ros.ament_cmake' and name 'msg_srv_action_interface_py_test'
[0.243s] Level 1:colcon.colcon_core.package_identification:_identify(/home/lee/robot_ws/src/msg_srv_interface_py_test) by extensions ['ignore', 'ignore_ament_install']
[0.243s] Level 1:colcon.colcon_core.package_identification:_identify(/home/lee/robot_ws/src/msg_srv_interface_py_test) by extension 'ignore'
[0.243s] Level 1:colcon.colcon_core.package_identification:_identify(/home/lee/robot_ws/src/msg_srv_interface_py_test) by extension 'ignore_ament_install'
[0.243s] Level 1:colcon.colcon_core.package_identification:_identify(/home/lee/robot_ws/src/msg_srv_interface_py_test) by extensions ['colcon_pkg']
[0.243s] Level 1:colcon.colcon_core.package_identification:_identify(/home/lee/robot_ws/src/msg_srv_interface_py_test) by extension 'colcon_pkg'
[0.243s] Level 1:colcon.colcon_core.package_identification:_identify(/home/lee/robot_ws/src/msg_srv_interface_py_test) by extensions ['colcon_meta']
[0.243s] Level 1:colcon.colcon_core.package_identification:_identify(/home/lee/robot_ws/src/msg_srv_interface_py_test) by extension 'colcon_meta'
[0.243s] Level 1:colcon.colcon_core.package_identification:_identify(/home/lee/robot_ws/src/msg_srv_interface_py_test) by extensions ['ros']
[0.243s] Level 1:colcon.colcon_core.package_identification:_identify(/home/lee/robot_ws/src/msg_srv_interface_py_test) by extension 'ros'
[0.244s] DEBUG:colcon.colcon_core.package_identification:Package '/home/lee/robot_ws/src/msg_srv_interface_py_test' with type 'ros.ament_cmake' and name 'msg_srv_interface_py_test'
[0.244s] Level 1:colcon.colcon_core.package_identification:_identify(/home/lee/robot_ws/src/ros2-seminar-examples) by extensions ['ignore', 'ignore_ament_install']
[0.244s] Level 1:colcon.colcon_core.package_identification:_identify(/home/lee/robot_ws/src/ros2-seminar-examples) by extension 'ignore'
[0.244s] Level 1:colcon.colcon_core.package_identification:_identify(/home/lee/robot_ws/src/ros2-seminar-examples) by extension 'ignore_ament_install'
[0.244s] Level 1:colcon.colcon_core.package_identification:_identify(/home/lee/robot_ws/src/ros2-seminar-examples) by extensions ['colcon_pkg']
[0.244s] Level 1:colcon.colcon_core.package_identification:_identify(/home/lee/robot_ws/src/ros2-seminar-examples) by extension 'colcon_pkg'
[0.244s] Level 1:colcon.colcon_core.package_identification:_identify(/home/lee/robot_ws/src/ros2-seminar-examples) by extensions ['colcon_meta']
[0.244s] Level 1:colcon.colcon_core.package_identification:_identify(/home/lee/robot_ws/src/ros2-seminar-examples) by extension 'colcon_meta'
[0.244s] Level 1:colcon.colcon_core.package_identification:_identify(/home/lee/robot_ws/src/ros2-seminar-examples) by extensions ['ros']
[0.244s] Level 1:colcon.colcon_core.package_identification:_identify(/home/lee/robot_ws/src/ros2-seminar-examples) by extension 'ros'
[0.244s] Level 1:colcon.colcon_core.package_identification:_identify(/home/lee/robot_ws/src/ros2-seminar-examples) by extensions ['cmake', 'python']
[0.244s] Level 1:colcon.colcon_core.package_identification:_identify(/home/lee/robot_ws/src/ros2-seminar-examples) by extension 'cmake'
[0.244s] Level 1:colcon.colcon_core.package_identification:_identify(/home/lee/robot_ws/src/ros2-seminar-examples) by extension 'python'
[0.244s] Level 1:colcon.colcon_core.package_identification:_identify(/home/lee/robot_ws/src/ros2-seminar-examples) by extensions ['python_setup_py']
[0.244s] Level 1:colcon.colcon_core.package_identification:_identify(/home/lee/robot_ws/src/ros2-seminar-examples) by extension 'python_setup_py'
[0.244s] Level 1:colcon.colcon_core.package_identification:_identify(/home/lee/robot_ws/src/ros2-seminar-examples/logging_rclpy_example) by extensions ['ignore', 'ignore_ament_install']
[0.244s] Level 1:colcon.colcon_core.package_identification:_identify(/home/lee/robot_ws/src/ros2-seminar-examples/logging_rclpy_example) by extension 'ignore'
[0.244s] Level 1:colcon.colcon_core.package_identification:_identify(/home/lee/robot_ws/src/ros2-seminar-examples/logging_rclpy_example) by extension 'ignore_ament_install'
[0.244s] Level 1:colcon.colcon_core.package_identification:_identify(/home/lee/robot_ws/src/ros2-seminar-examples/logging_rclpy_example) by extensions ['colcon_pkg']
[0.244s] Level 1:colcon.colcon_core.package_identification:_identify(/home/lee/robot_ws/src/ros2-seminar-examples/logging_rclpy_example) by extension 'colcon_pkg'
[0.244s] Level 1:colcon.colcon_core.package_identification:_identify(/home/lee/robot_ws/src/ros2-seminar-examples/logging_rclpy_example) by extensions ['colcon_meta']
[0.244s] Level 1:colcon.colcon_core.package_identification:_identify(/home/lee/robot_ws/src/ros2-seminar-examples/logging_rclpy_example) by extension 'colcon_meta'
[0.244s] Level 1:colcon.colcon_core.package_identification:_identify(/home/lee/robot_ws/src/ros2-seminar-examples/logging_rclpy_example) by extensions ['ros']
[0.244s] Level 1:colcon.colcon_core.package_identification:_identify(/home/lee/robot_ws/src/ros2-seminar-examples/logging_rclpy_example) by extension 'ros'
[0.245s] DEBUG:colcon.colcon_core.package_identification:Package '/home/lee/robot_ws/src/ros2-seminar-examples/logging_rclpy_example' with type 'ros.ament_python' and name 'logging_rclpy_example'
[0.245s] Level 1:colcon.colcon_core.package_identification:_identify(/home/lee/robot_ws/src/ros2-seminar-examples/msg_srv_action_interface_example) by extensions ['ignore', 'ignore_ament_install']
[0.245s] Level 1:colcon.colcon_core.package_identification:_identify(/home/lee/robot_ws/src/ros2-seminar-examples/msg_srv_action_interface_example) by extension 'ignore'
[0.245s] Level 1:colcon.colcon_core.package_identification:_identify(/home/lee/robot_ws/src/ros2-seminar-examples/msg_srv_action_interface_example) by extension 'ignore_ament_install'
[0.245s] Level 1:colcon.colcon_core.package_identification:_identify(/home/lee/robot_ws/src/ros2-seminar-examples/msg_srv_action_interface_example) by extensions ['colcon_pkg']
[0.245s] Level 1:colcon.colcon_core.package_identification:_identify(/home/lee/robot_ws/src/ros2-seminar-examples/msg_srv_action_interface_example) by extension 'colcon_pkg'
[0.245s] Level 1:colcon.colcon_core.package_identification:_identify(/home/lee/robot_ws/src/ros2-seminar-examples/msg_srv_action_interface_example) by extensions ['colcon_meta']
[0.245s] Level 1:colcon.colcon_core.package_identification:_identify(/home/lee/robot_ws/src/ros2-seminar-examples/msg_srv_action_interface_example) by extension 'colcon_meta'
[0.245s] Level 1:colcon.colcon_core.package_identification:_identify(/home/lee/robot_ws/src/ros2-seminar-examples/msg_srv_action_interface_example) by extensions ['ros']
[0.245s] Level 1:colcon.colcon_core.package_identification:_identify(/home/lee/robot_ws/src/ros2-seminar-examples/msg_srv_action_interface_example) by extension 'ros'
[0.246s] DEBUG:colcon.colcon_core.package_identification:Package '/home/lee/robot_ws/src/ros2-seminar-examples/msg_srv_action_interface_example' with type 'ros.ament_cmake' and name 'msg_srv_action_interface_example'
[0.246s] Level 1:colcon.colcon_core.package_identification:_identify(/home/lee/robot_ws/src/ros2-seminar-examples/my_first_ros_rclpy_pkg) by extensions ['ignore', 'ignore_ament_install']
[0.246s] Level 1:colcon.colcon_core.package_identification:_identify(/home/lee/robot_ws/src/ros2-seminar-examples/my_first_ros_rclpy_pkg) by extension 'ignore'
[0.246s] Level 1:colcon.colcon_core.package_identification:_identify(/home/lee/robot_ws/src/ros2-seminar-examples/my_first_ros_rclpy_pkg) by extension 'ignore_ament_install'
[0.246s] Level 1:colcon.colcon_core.package_identification:_identify(/home/lee/robot_ws/src/ros2-seminar-examples/my_first_ros_rclpy_pkg) by extensions ['colcon_pkg']
[0.246s] Level 1:colcon.colcon_core.package_identification:_identify(/home/lee/robot_ws/src/ros2-seminar-examples/my_first_ros_rclpy_pkg) by extension 'colcon_pkg'
[0.246s] Level 1:colcon.colcon_core.package_identification:_identify(/home/lee/robot_ws/src/ros2-seminar-examples/my_first_ros_rclpy_pkg) by extensions ['colcon_meta']
[0.246s] Level 1:colcon.colcon_core.package_identification:_identify(/home/lee/robot_ws/src/ros2-seminar-examples/my_first_ros_rclpy_pkg) by extension 'colcon_meta'
[0.246s] Level 1:colcon.colcon_core.package_identification:_identify(/home/lee/robot_ws/src/ros2-seminar-examples/my_first_ros_rclpy_pkg) by extensions ['ros']
[0.246s] Level 1:colcon.colcon_core.package_identification:_identify(/home/lee/robot_ws/src/ros2-seminar-examples/my_first_ros_rclpy_pkg) by extension 'ros'
[0.247s] DEBUG:colcon.colcon_core.package_identification:Package '/home/lee/robot_ws/src/ros2-seminar-examples/my_first_ros_rclpy_pkg' with type 'ros.ament_python' and name 'my_first_ros_rclpy_pkg'
[0.247s] Level 1:colcon.colcon_core.package_identification:_identify(/home/lee/robot_ws/src/ros2-seminar-examples/ros2env) by extensions ['ignore', 'ignore_ament_install']
[0.247s] Level 1:colcon.colcon_core.package_identification:_identify(/home/lee/robot_ws/src/ros2-seminar-examples/ros2env) by extension 'ignore'
[0.247s] Level 1:colcon.colcon_core.package_identification:_identify(/home/lee/robot_ws/src/ros2-seminar-examples/ros2env) by extension 'ignore_ament_install'
[0.247s] Level 1:colcon.colcon_core.package_identification:_identify(/home/lee/robot_ws/src/ros2-seminar-examples/ros2env) by extensions ['colcon_pkg']
[0.247s] Level 1:colcon.colcon_core.package_identification:_identify(/home/lee/robot_ws/src/ros2-seminar-examples/ros2env) by extension 'colcon_pkg'
[0.247s] Level 1:colcon.colcon_core.package_identification:_identify(/home/lee/robot_ws/src/ros2-seminar-examples/ros2env) by extensions ['colcon_meta']
[0.247s] Level 1:colcon.colcon_core.package_identification:_identify(/home/lee/robot_ws/src/ros2-seminar-examples/ros2env) by extension 'colcon_meta'
[0.247s] Level 1:colcon.colcon_core.package_identification:_identify(/home/lee/robot_ws/src/ros2-seminar-examples/ros2env) by extensions ['ros']
[0.247s] Level 1:colcon.colcon_core.package_identification:_identify(/home/lee/robot_ws/src/ros2-seminar-examples/ros2env) by extension 'ros'
[0.248s] DEBUG:colcon.colcon_core.package_identification:Package '/home/lee/robot_ws/src/ros2-seminar-examples/ros2env' with type 'ros.ament_python' and name 'ros2env'
[0.248s] Level 1:colcon.colcon_core.package_identification:_identify(/home/lee/robot_ws/src/ros2-seminar-examples/rqt_example) by extensions ['ignore', 'ignore_ament_install']
[0.248s] Level 1:colcon.colcon_core.package_identification:_identify(/home/lee/robot_ws/src/ros2-seminar-examples/rqt_example) by extension 'ignore'
[0.248s] Level 1:colcon.colcon_core.package_identification:_identify(/home/lee/robot_ws/src/ros2-seminar-examples/rqt_example) by extension 'ignore_ament_install'
[0.248s] Level 1:colcon.colcon_core.package_identification:_identify(/home/lee/robot_ws/src/ros2-seminar-examples/rqt_example) by extensions ['colcon_pkg']
[0.248s] Level 1:colcon.colcon_core.package_identification:_identify(/home/lee/robot_ws/src/ros2-seminar-examples/rqt_example) by extension 'colcon_pkg'
[0.248s] Level 1:colcon.colcon_core.package_identification:_identify(/home/lee/robot_ws/src/ros2-seminar-examples/rqt_example) by extensions ['colcon_meta']
[0.248s] Level 1:colcon.colcon_core.package_identification:_identify(/home/lee/robot_ws/src/ros2-seminar-examples/rqt_example) by extension 'colcon_meta'
[0.248s] Level 1:colcon.colcon_core.package_identification:_identify(/home/lee/robot_ws/src/ros2-seminar-examples/rqt_example) by extensions ['ros']
[0.248s] Level 1:colcon.colcon_core.package_identification:_identify(/home/lee/robot_ws/src/ros2-seminar-examples/rqt_example) by extension 'ros'
[0.249s] DEBUG:colcon.colcon_core.package_identification:Package '/home/lee/robot_ws/src/ros2-seminar-examples/rqt_example' with type 'ros.ament_cmake' and name 'rqt_example'
[0.249s] Level 1:colcon.colcon_core.package_identification:_identify(/home/lee/robot_ws/src/ros2-seminar-examples/testbot_description) by extensions ['ignore', 'ignore_ament_install']
[0.249s] Level 1:colcon.colcon_core.package_identification:_identify(/home/lee/robot_ws/src/ros2-seminar-examples/testbot_description) by extension 'ignore'
[0.249s] Level 1:colcon.colcon_core.package_identification:_identify(/home/lee/robot_ws/src/ros2-seminar-examples/testbot_description) by extension 'ignore_ament_install'
[0.249s] Level 1:colcon.colcon_core.package_identification:_identify(/home/lee/robot_ws/src/ros2-seminar-examples/testbot_description) by extensions ['colcon_pkg']
[0.249s] Level 1:colcon.colcon_core.package_identification:_identify(/home/lee/robot_ws/src/ros2-seminar-examples/testbot_description) by extension 'colcon_pkg'
[0.249s] Level 1:colcon.colcon_core.package_identification:_identify(/home/lee/robot_ws/src/ros2-seminar-examples/testbot_description) by extensions ['colcon_meta']
[0.249s] Level 1:colcon.colcon_core.package_identification:_identify(/home/lee/robot_ws/src/ros2-seminar-examples/testbot_description) by extension 'colcon_meta'
[0.249s] Level 1:colcon.colcon_core.package_identification:_identify(/home/lee/robot_ws/src/ros2-seminar-examples/testbot_description) by extensions ['ros']
[0.249s] Level 1:colcon.colcon_core.package_identification:_identify(/home/lee/robot_ws/src/ros2-seminar-examples/testbot_description) by extension 'ros'
[0.250s] DEBUG:colcon.colcon_core.package_identification:Package '/home/lee/robot_ws/src/ros2-seminar-examples/testbot_description' with type 'ros.ament_cmake' and name 'testbot_description'
[0.250s] Level 1:colcon.colcon_core.package_identification:_identify(/home/lee/robot_ws/src/ros2-seminar-examples/tf2_rclcpp_example) by extensions ['ignore', 'ignore_ament_install']
[0.250s] Level 1:colcon.colcon_core.package_identification:_identify(/home/lee/robot_ws/src/ros2-seminar-examples/tf2_rclcpp_example) by extension 'ignore'
[0.250s] Level 1:colcon.colcon_core.package_identification:_identify(/home/lee/robot_ws/src/ros2-seminar-examples/tf2_rclcpp_example) by extension 'ignore_ament_install'
[0.250s] Level 1:colcon.colcon_core.package_identification:_identify(/home/lee/robot_ws/src/ros2-seminar-examples/tf2_rclcpp_example) by extensions ['colcon_pkg']
[0.250s] Level 1:colcon.colcon_core.package_identification:_identify(/home/lee/robot_ws/src/ros2-seminar-examples/tf2_rclcpp_example) by extension 'colcon_pkg'
[0.250s] Level 1:colcon.colcon_core.package_identification:_identify(/home/lee/robot_ws/src/ros2-seminar-examples/tf2_rclcpp_example) by extensions ['colcon_meta']
[0.250s] Level 1:colcon.colcon_core.package_identification:_identify(/home/lee/robot_ws/src/ros2-seminar-examples/tf2_rclcpp_example) by extension 'colcon_meta'
[0.250s] Level 1:colcon.colcon_core.package_identification:_identify(/home/lee/robot_ws/src/ros2-seminar-examples/tf2_rclcpp_example) by extensions ['ros']
[0.251s] Level 1:colcon.colcon_core.package_identification:_identify(/home/lee/robot_ws/src/ros2-seminar-examples/tf2_rclcpp_example) by extension 'ros'
[0.251s] DEBUG:colcon.colcon_core.package_identification:Package '/home/lee/robot_ws/src/ros2-seminar-examples/tf2_rclcpp_example' with type 'ros.ament_cmake' and name 'tf2_rclcpp_example'
[0.251s] Level 1:colcon.colcon_core.package_identification:_identify(/home/lee/robot_ws/src/ros2-seminar-examples/tf2_rclpy_example) by extensions ['ignore', 'ignore_ament_install']
[0.252s] Level 1:colcon.colcon_core.package_identification:_identify(/home/lee/robot_ws/src/ros2-seminar-examples/tf2_rclpy_example) by extension 'ignore'
[0.252s] Level 1:colcon.colcon_core.package_identification:_identify(/home/lee/robot_ws/src/ros2-seminar-examples/tf2_rclpy_example) by extension 'ignore_ament_install'
[0.252s] Level 1:colcon.colcon_core.package_identification:_identify(/home/lee/robot_ws/src/ros2-seminar-examples/tf2_rclpy_example) by extensions ['colcon_pkg']
[0.252s] Level 1:colcon.colcon_core.package_identification:_identify(/home/lee/robot_ws/src/ros2-seminar-examples/tf2_rclpy_example) by extension 'colcon_pkg'
[0.252s] Level 1:colcon.colcon_core.package_identification:_identify(/home/lee/robot_ws/src/ros2-seminar-examples/tf2_rclpy_example) by extensions ['colcon_meta']
[0.252s] Level 1:colcon.colcon_core.package_identification:_identify(/home/lee/robot_ws/src/ros2-seminar-examples/tf2_rclpy_example) by extension 'colcon_meta'
[0.252s] Level 1:colcon.colcon_core.package_identification:_identify(/home/lee/robot_ws/src/ros2-seminar-examples/tf2_rclpy_example) by extensions ['ros']
[0.252s] Level 1:colcon.colcon_core.package_identification:_identify(/home/lee/robot_ws/src/ros2-seminar-examples/tf2_rclpy_example) by extension 'ros'
[0.252s] DEBUG:colcon.colcon_core.package_identification:Package '/home/lee/robot_ws/src/ros2-seminar-examples/tf2_rclpy_example' with type 'ros.ament_python' and name 'tf2_rclpy_example'
[0.253s] Level 1:colcon.colcon_core.package_identification:_identify(/home/lee/robot_ws/src/ros2-seminar-examples/time_rclcpp_example) by extensions ['ignore', 'ignore_ament_install']
[0.253s] Level 1:colcon.colcon_core.package_identification:_identify(/home/lee/robot_ws/src/ros2-seminar-examples/time_rclcpp_example) by extension 'ignore'
[0.253s] Level 1:colcon.colcon_core.package_identification:_identify(/home/lee/robot_ws/src/ros2-seminar-examples/time_rclcpp_example) by extension 'ignore_ament_install'
[0.253s] Level 1:colcon.colcon_core.package_identification:_identify(/home/lee/robot_ws/src/ros2-seminar-examples/time_rclcpp_example) by extensions ['colcon_pkg']
[0.253s] Level 1:colcon.colcon_core.package_identification:_identify(/home/lee/robot_ws/src/ros2-seminar-examples/time_rclcpp_example) by extension 'colcon_pkg'
[0.253s] Level 1:colcon.colcon_core.package_identification:_identify(/home/lee/robot_ws/src/ros2-seminar-examples/time_rclcpp_example) by extensions ['colcon_meta']
[0.253s] Level 1:colcon.colcon_core.package_identification:_identify(/home/lee/robot_ws/src/ros2-seminar-examples/time_rclcpp_example) by extension 'colcon_meta'
[0.253s] Level 1:colcon.colcon_core.package_identification:_identify(/home/lee/robot_ws/src/ros2-seminar-examples/time_rclcpp_example) by extensions ['ros']
[0.253s] Level 1:colcon.colcon_core.package_identification:_identify(/home/lee/robot_ws/src/ros2-seminar-examples/time_rclcpp_example) by extension 'ros'
[0.253s] DEBUG:colcon.colcon_core.package_identification:Package '/home/lee/robot_ws/src/ros2-seminar-examples/time_rclcpp_example' with type 'ros.ament_cmake' and name 'time_rclcpp_example'
[0.254s] Level 1:colcon.colcon_core.package_identification:_identify(/home/lee/robot_ws/src/ros2-seminar-examples/time_rclpy_example) by extensions ['ignore', 'ignore_ament_install']
[0.254s] Level 1:colcon.colcon_core.package_identification:_identify(/home/lee/robot_ws/src/ros2-seminar-examples/time_rclpy_example) by extension 'ignore'
[0.254s] Level 1:colcon.colcon_core.package_identification:_identify(/home/lee/robot_ws/src/ros2-seminar-examples/time_rclpy_example) by extension 'ignore_ament_install'
[0.254s] Level 1:colcon.colcon_core.package_identification:_identify(/home/lee/robot_ws/src/ros2-seminar-examples/time_rclpy_example) by extensions ['colcon_pkg']
[0.254s] Level 1:colcon.colcon_core.package_identification:_identify(/home/lee/robot_ws/src/ros2-seminar-examples/time_rclpy_example) by extension 'colcon_pkg'
[0.254s] Level 1:colcon.colcon_core.package_identification:_identify(/home/lee/robot_ws/src/ros2-seminar-examples/time_rclpy_example) by extensions ['colcon_meta']
[0.254s] Level 1:colcon.colcon_core.package_identification:_identify(/home/lee/robot_ws/src/ros2-seminar-examples/time_rclpy_example) by extension 'colcon_meta'
[0.254s] Level 1:colcon.colcon_core.package_identification:_identify(/home/lee/robot_ws/src/ros2-seminar-examples/time_rclpy_example) by extensions ['ros']
[0.254s] Level 1:colcon.colcon_core.package_identification:_identify(/home/lee/robot_ws/src/ros2-seminar-examples/time_rclpy_example) by extension 'ros'
[0.254s] DEBUG:colcon.colcon_core.package_identification:Package '/home/lee/robot_ws/src/ros2-seminar-examples/time_rclpy_example' with type 'ros.ament_python' and name 'time_rclpy_example'
[0.255s] Level 1:colcon.colcon_core.package_identification:_identify(/home/lee/robot_ws/src/ros2-seminar-examples/topic_service_action_rclcpp_example) by extensions ['ignore', 'ignore_ament_install']
[0.255s] Level 1:colcon.colcon_core.package_identification:_identify(/home/lee/robot_ws/src/ros2-seminar-examples/topic_service_action_rclcpp_example) by extension 'ignore'
[0.255s] Level 1:colcon.colcon_core.package_identification:_identify(/home/lee/robot_ws/src/ros2-seminar-examples/topic_service_action_rclcpp_example) by extension 'ignore_ament_install'
[0.255s] Level 1:colcon.colcon_core.package_identification:_identify(/home/lee/robot_ws/src/ros2-seminar-examples/topic_service_action_rclcpp_example) by extensions ['colcon_pkg']
[0.255s] Level 1:colcon.colcon_core.package_identification:_identify(/home/lee/robot_ws/src/ros2-seminar-examples/topic_service_action_rclcpp_example) by extension 'colcon_pkg'
[0.255s] Level 1:colcon.colcon_core.package_identification:_identify(/home/lee/robot_ws/src/ros2-seminar-examples/topic_service_action_rclcpp_example) by extensions ['colcon_meta']
[0.255s] Level 1:colcon.colcon_core.package_identification:_identify(/home/lee/robot_ws/src/ros2-seminar-examples/topic_service_action_rclcpp_example) by extension 'colcon_meta'
[0.255s] Level 1:colcon.colcon_core.package_identification:_identify(/home/lee/robot_ws/src/ros2-seminar-examples/topic_service_action_rclcpp_example) by extensions ['ros']
[0.255s] Level 1:colcon.colcon_core.package_identification:_identify(/home/lee/robot_ws/src/ros2-seminar-examples/topic_service_action_rclcpp_example) by extension 'ros'
[0.255s] DEBUG:colcon.colcon_core.package_identification:Package '/home/lee/robot_ws/src/ros2-seminar-examples/topic_service_action_rclcpp_example' with type 'ros.ament_cmake' and name 'topic_service_action_rclcpp_example'
[0.256s] Level 1:colcon.colcon_core.package_identification:_identify(/home/lee/robot_ws/src/ros2-seminar-examples/topic_service_action_rclpy_example) by extensions ['ignore', 'ignore_ament_install']
[0.256s] Level 1:colcon.colcon_core.package_identification:_identify(/home/lee/robot_ws/src/ros2-seminar-examples/topic_service_action_rclpy_example) by extension 'ignore'
[0.256s] Level 1:colcon.colcon_core.package_identification:_identify(/home/lee/robot_ws/src/ros2-seminar-examples/topic_service_action_rclpy_example) by extension 'ignore_ament_install'
[0.256s] Level 1:colcon.colcon_core.package_identification:_identify(/home/lee/robot_ws/src/ros2-seminar-examples/topic_service_action_rclpy_example) by extensions ['colcon_pkg']
[0.256s] Level 1:colcon.colcon_core.package_identification:_identify(/home/lee/robot_ws/src/ros2-seminar-examples/topic_service_action_rclpy_example) by extension 'colcon_pkg'
[0.256s] Level 1:colcon.colcon_core.package_identification:_identify(/home/lee/robot_ws/src/ros2-seminar-examples/topic_service_action_rclpy_example) by extensions ['colcon_meta']
[0.256s] Level 1:colcon.colcon_core.package_identification:_identify(/home/lee/robot_ws/src/ros2-seminar-examples/topic_service_action_rclpy_example) by extension 'colcon_meta'
[0.256s] Level 1:colcon.colcon_core.package_identification:_identify(/home/lee/robot_ws/src/ros2-seminar-examples/topic_service_action_rclpy_example) by extensions ['ros']
[0.256s] Level 1:colcon.colcon_core.package_identification:_identify(/home/lee/robot_ws/src/ros2-seminar-examples/topic_service_action_rclpy_example) by extension 'ros'
[0.256s] DEBUG:colcon.colcon_core.package_identification:Package '/home/lee/robot_ws/src/ros2-seminar-examples/topic_service_action_rclpy_example' with type 'ros.ament_python' and name 'topic_service_action_rclpy_example'
[0.256s] Level 1:colcon.colcon_core.package_identification:_identify(/home/lee/robot_ws/src/test_lee_rclcpp) by extensions ['ignore', 'ignore_ament_install']
[0.257s] Level 1:colcon.colcon_core.package_identification:_identify(/home/lee/robot_ws/src/test_lee_rclcpp) by extension 'ignore'
[0.257s] Level 1:colcon.colcon_core.package_identification:_identify(/home/lee/robot_ws/src/test_lee_rclcpp) by extension 'ignore_ament_install'
[0.257s] Level 1:colcon.colcon_core.package_identification:_identify(/home/lee/robot_ws/src/test_lee_rclcpp) by extensions ['colcon_pkg']
[0.257s] Level 1:colcon.colcon_core.package_identification:_identify(/home/lee/robot_ws/src/test_lee_rclcpp) by extension 'colcon_pkg'
[0.257s] Level 1:colcon.colcon_core.package_identification:_identify(/home/lee/robot_ws/src/test_lee_rclcpp) by extensions ['colcon_meta']
[0.257s] Level 1:colcon.colcon_core.package_identification:_identify(/home/lee/robot_ws/src/test_lee_rclcpp) by extension 'colcon_meta'
[0.257s] Level 1:colcon.colcon_core.package_identification:_identify(/home/lee/robot_ws/src/test_lee_rclcpp) by extensions ['ros']
[0.257s] Level 1:colcon.colcon_core.package_identification:_identify(/home/lee/robot_ws/src/test_lee_rclcpp) by extension 'ros'
[0.257s] DEBUG:colcon.colcon_core.package_identification:Package '/home/lee/robot_ws/src/test_lee_rclcpp' with type 'ros.ament_cmake' and name 'test_lee_rclcpp'
[0.257s] Level 1:colcon.colcon_core.package_identification:_identify(/home/lee/robot_ws/src/test_lee_rclpy) by extensions ['ignore', 'ignore_ament_install']
[0.257s] Level 1:colcon.colcon_core.package_identification:_identify(/home/lee/robot_ws/src/test_lee_rclpy) by extension 'ignore'
[0.257s] Level 1:colcon.colcon_core.package_identification:_identify(/home/lee/robot_ws/src/test_lee_rclpy) by extension 'ignore_ament_install'
[0.258s] Level 1:colcon.colcon_core.package_identification:_identify(/home/lee/robot_ws/src/test_lee_rclpy) by extensions ['colcon_pkg']
[0.258s] Level 1:colcon.colcon_core.package_identification:_identify(/home/lee/robot_ws/src/test_lee_rclpy) by extension 'colcon_pkg'
[0.258s] Level 1:colcon.colcon_core.package_identification:_identify(/home/lee/robot_ws/src/test_lee_rclpy) by extensions ['colcon_meta']
[0.258s] Level 1:colcon.colcon_core.package_identification:_identify(/home/lee/robot_ws/src/test_lee_rclpy) by extension 'colcon_meta'
[0.258s] Level 1:colcon.colcon_core.package_identification:_identify(/home/lee/robot_ws/src/test_lee_rclpy) by extensions ['ros']
[0.258s] Level 1:colcon.colcon_core.package_identification:_identify(/home/lee/robot_ws/src/test_lee_rclpy) by extension 'ros'
[0.258s] DEBUG:colcon.colcon_core.package_identification:Package '/home/lee/robot_ws/src/test_lee_rclpy' with type 'ros.ament_python' and name 'test_lee_rclpy'
[0.258s] Level 1:colcon.colcon_core.package_discovery:discover_packages(recursive) using defaults
