[0.103s] DEBUG:colcon:Command line arguments: ['/usr/bin/colcon', 'build', '--symlink-install', '--packages-select', 'lifecycle_py']
[0.103s] DEBUG:colcon:Parsed command line arguments: Namespace(allow_overriding=[], ament_cmake_args=None, base_paths=['.'], build_base='build', catkin_cmake_args=None, catkin_skip_building_tests=False, cmake_args=None, cmake_clean_cache=False, cmake_clean_first=False, cmake_force_configure=False, cmake_target=None, cmake_target_skip_unavailable=False, continue_on_error=False, event_handlers=None, executor='parallel', ignore_user_meta=False, install_base='install', log_base=None, log_level=None, main=<bound method BuildVerb.main of <colcon_core.verb.build.BuildVerb object at 0x7f899f2c6250>>, merge_install=False, metas=['./colcon.meta'], packages_above=None, packages_above_and_dependencies=None, packages_above_depth=None, packages_end=None, packages_ignore=None, packages_ignore_regex=None, packages_select=['lifecycle_py'], packages_select_build_failed=False, packages_select_by_dep=None, packages_select_regex=None, packages_select_test_failures=False, packages_skip=None, packages_skip_build_finished=False, packages_skip_by_dep=None, packages_skip_regex=None, packages_skip_test_passed=False, packages_skip_up_to=None, packages_start=None, packages_up_to=None, packages_up_to_regex=None, parallel_workers=12, paths=None, symlink_install=True, test_result_base=None, verb_extension=<colcon_core.verb.build.BuildVerb object at 0x7f899f2c6250>, verb_name='build', verb_parser=<colcon_defaults.argument_parser.defaults.DefaultArgumentsDecorator object at 0x7f899f2c6790>)
[0.121s] Level 1:colcon.colcon_core.package_discovery:discover_packages(colcon_meta) check parameters
[0.122s] Level 1:colcon.colcon_core.package_discovery:discover_packages(recursive) check parameters
[0.122s] Level 1:colcon.colcon_core.package_discovery:discover_packages(ignore) check parameters
[0.122s] Level 1:colcon.colcon_core.package_discovery:discover_packages(path) check parameters
[0.122s] Level 1:colcon.colcon_core.package_discovery:discover_packages(colcon_meta) discover
[0.122s] Level 1:colcon.colcon_core.package_discovery:discover_packages(recursive) discover
[0.122s] INFO:colcon.colcon_core.package_discovery:Crawling recursively for packages in '/home/lee/robot_ws/src'
[0.122s] Level 1:colcon.colcon_core.package_identification:_identify(.) by extensions ['ignore', 'ignore_ament_install']
[0.122s] Level 1:colcon.colcon_core.package_identification:_identify(.) by extension 'ignore'
[0.122s] Level 1:colcon.colcon_core.package_identification:_identify(.) by extension 'ignore_ament_install'
[0.122s] Level 1:colcon.colcon_core.package_identification:_identify(.) by extensions ['colcon_pkg']
[0.122s] Level 1:colcon.colcon_core.package_identification:_identify(.) by extension 'colcon_pkg'
[0.122s] Level 1:colcon.colcon_core.package_identification:_identify(.) by extensions ['colcon_meta']
[0.122s] Level 1:colcon.colcon_core.package_identification:_identify(.) by extension 'colcon_meta'
[0.122s] Level 1:colcon.colcon_core.package_identification:_identify(.) by extensions ['ros']
[0.122s] Level 1:colcon.colcon_core.package_identification:_identify(.) by extension 'ros'
[0.134s] Level 1:colcon.colcon_core.package_identification:_identify(.) by extensions ['cmake', 'python']
[0.134s] Level 1:colcon.colcon_core.package_identification:_identify(.) by extension 'cmake'
[0.134s] Level 1:colcon.colcon_core.package_identification:_identify(.) by extension 'python'
[0.134s] Level 1:colcon.colcon_core.package_identification:_identify(.) by extensions ['python_setup_py']
[0.134s] Level 1:colcon.colcon_core.package_identification:_identify(.) by extension 'python_setup_py'
[0.135s] Level 1:colcon.colcon_core.package_identification:_identify(build) by extensions ['ignore', 'ignore_ament_install']
[0.135s] Level 1:colcon.colcon_core.package_identification:_identify(build) by extension 'ignore'
[0.135s] Level 1:colcon.colcon_core.package_identification:_identify(build) ignored
[0.135s] Level 1:colcon.colcon_core.package_identification:_identify(demos) by extensions ['ignore', 'ignore_ament_install']
[0.135s] Level 1:colcon.colcon_core.package_identification:_identify(demos) by extension 'ignore'
[0.135s] Level 1:colcon.colcon_core.package_identification:_identify(demos) by extension 'ignore_ament_install'
[0.135s] Level 1:colcon.colcon_core.package_identification:_identify(demos) by extensions ['colcon_pkg']
[0.135s] Level 1:colcon.colcon_core.package_identification:_identify(demos) by extension 'colcon_pkg'
[0.135s] Level 1:colcon.colcon_core.package_identification:_identify(demos) by extensions ['colcon_meta']
[0.135s] Level 1:colcon.colcon_core.package_identification:_identify(demos) by extension 'colcon_meta'
[0.135s] Level 1:colcon.colcon_core.package_identification:_identify(demos) by extensions ['ros']
[0.135s] Level 1:colcon.colcon_core.package_identification:_identify(demos) by extension 'ros'
[0.135s] Level 1:colcon.colcon_core.package_identification:_identify(demos) by extensions ['cmake', 'python']
[0.135s] Level 1:colcon.colcon_core.package_identification:_identify(demos) by extension 'cmake'
[0.135s] Level 1:colcon.colcon_core.package_identification:_identify(demos) by extension 'python'
[0.135s] Level 1:colcon.colcon_core.package_identification:_identify(demos) by extensions ['python_setup_py']
[0.135s] Level 1:colcon.colcon_core.package_identification:_identify(demos) by extension 'python_setup_py'
[0.135s] Level 1:colcon.colcon_core.package_identification:_identify(demos/action_tutorials) by extensions ['ignore', 'ignore_ament_install']
[0.135s] Level 1:colcon.colcon_core.package_identification:_identify(demos/action_tutorials) by extension 'ignore'
[0.135s] Level 1:colcon.colcon_core.package_identification:_identify(demos/action_tutorials) by extension 'ignore_ament_install'
[0.135s] Level 1:colcon.colcon_core.package_identification:_identify(demos/action_tutorials) by extensions ['colcon_pkg']
[0.135s] Level 1:colcon.colcon_core.package_identification:_identify(demos/action_tutorials) by extension 'colcon_pkg'
[0.135s] Level 1:colcon.colcon_core.package_identification:_identify(demos/action_tutorials) by extensions ['colcon_meta']
[0.135s] Level 1:colcon.colcon_core.package_identification:_identify(demos/action_tutorials) by extension 'colcon_meta'
[0.135s] Level 1:colcon.colcon_core.package_identification:_identify(demos/action_tutorials) by extensions ['ros']
[0.136s] Level 1:colcon.colcon_core.package_identification:_identify(demos/action_tutorials) by extension 'ros'
[0.136s] Level 1:colcon.colcon_core.package_identification:_identify(demos/action_tutorials) by extensions ['cmake', 'python']
[0.136s] Level 1:colcon.colcon_core.package_identification:_identify(demos/action_tutorials) by extension 'cmake'
[0.136s] Level 1:colcon.colcon_core.package_identification:_identify(demos/action_tutorials) by extension 'python'
[0.136s] Level 1:colcon.colcon_core.package_identification:_identify(demos/action_tutorials) by extensions ['python_setup_py']
[0.136s] Level 1:colcon.colcon_core.package_identification:_identify(demos/action_tutorials) by extension 'python_setup_py'
[0.136s] Level 1:colcon.colcon_core.package_identification:_identify(demos/action_tutorials/action_tutorials_cpp) by extensions ['ignore', 'ignore_ament_install']
[0.136s] Level 1:colcon.colcon_core.package_identification:_identify(demos/action_tutorials/action_tutorials_cpp) by extension 'ignore'
[0.136s] Level 1:colcon.colcon_core.package_identification:_identify(demos/action_tutorials/action_tutorials_cpp) by extension 'ignore_ament_install'
[0.136s] Level 1:colcon.colcon_core.package_identification:_identify(demos/action_tutorials/action_tutorials_cpp) by extensions ['colcon_pkg']
[0.136s] Level 1:colcon.colcon_core.package_identification:_identify(demos/action_tutorials/action_tutorials_cpp) by extension 'colcon_pkg'
[0.136s] Level 1:colcon.colcon_core.package_identification:_identify(demos/action_tutorials/action_tutorials_cpp) by extensions ['colcon_meta']
[0.136s] Level 1:colcon.colcon_core.package_identification:_identify(demos/action_tutorials/action_tutorials_cpp) by extension 'colcon_meta'
[0.136s] Level 1:colcon.colcon_core.package_identification:_identify(demos/action_tutorials/action_tutorials_cpp) by extensions ['ros']
[0.136s] Level 1:colcon.colcon_core.package_identification:_identify(demos/action_tutorials/action_tutorials_cpp) by extension 'ros'
[0.138s] DEBUG:colcon.colcon_core.package_identification:Package 'demos/action_tutorials/action_tutorials_cpp' with type 'ros.ament_cmake' and name 'action_tutorials_cpp'
[0.138s] Level 1:colcon.colcon_core.package_identification:_identify(demos/action_tutorials/action_tutorials_interfaces) by extensions ['ignore', 'ignore_ament_install']
[0.138s] Level 1:colcon.colcon_core.package_identification:_identify(demos/action_tutorials/action_tutorials_interfaces) by extension 'ignore'
[0.138s] Level 1:colcon.colcon_core.package_identification:_identify(demos/action_tutorials/action_tutorials_interfaces) by extension 'ignore_ament_install'
[0.138s] Level 1:colcon.colcon_core.package_identification:_identify(demos/action_tutorials/action_tutorials_interfaces) by extensions ['colcon_pkg']
[0.138s] Level 1:colcon.colcon_core.package_identification:_identify(demos/action_tutorials/action_tutorials_interfaces) by extension 'colcon_pkg'
[0.138s] Level 1:colcon.colcon_core.package_identification:_identify(demos/action_tutorials/action_tutorials_interfaces) by extensions ['colcon_meta']
[0.138s] Level 1:colcon.colcon_core.package_identification:_identify(demos/action_tutorials/action_tutorials_interfaces) by extension 'colcon_meta'
[0.138s] Level 1:colcon.colcon_core.package_identification:_identify(demos/action_tutorials/action_tutorials_interfaces) by extensions ['ros']
[0.138s] Level 1:colcon.colcon_core.package_identification:_identify(demos/action_tutorials/action_tutorials_interfaces) by extension 'ros'
[0.139s] DEBUG:colcon.colcon_core.package_identification:Package 'demos/action_tutorials/action_tutorials_interfaces' with type 'ros.ament_cmake' and name 'action_tutorials_interfaces'
[0.139s] Level 1:colcon.colcon_core.package_identification:_identify(demos/action_tutorials/action_tutorials_py) by extensions ['ignore', 'ignore_ament_install']
[0.139s] Level 1:colcon.colcon_core.package_identification:_identify(demos/action_tutorials/action_tutorials_py) by extension 'ignore'
[0.139s] Level 1:colcon.colcon_core.package_identification:_identify(demos/action_tutorials/action_tutorials_py) by extension 'ignore_ament_install'
[0.139s] Level 1:colcon.colcon_core.package_identification:_identify(demos/action_tutorials/action_tutorials_py) by extensions ['colcon_pkg']
[0.139s] Level 1:colcon.colcon_core.package_identification:_identify(demos/action_tutorials/action_tutorials_py) by extension 'colcon_pkg'
[0.139s] Level 1:colcon.colcon_core.package_identification:_identify(demos/action_tutorials/action_tutorials_py) by extensions ['colcon_meta']
[0.139s] Level 1:colcon.colcon_core.package_identification:_identify(demos/action_tutorials/action_tutorials_py) by extension 'colcon_meta'
[0.139s] Level 1:colcon.colcon_core.package_identification:_identify(demos/action_tutorials/action_tutorials_py) by extensions ['ros']
[0.139s] Level 1:colcon.colcon_core.package_identification:_identify(demos/action_tutorials/action_tutorials_py) by extension 'ros'
[0.139s] DEBUG:colcon.colcon_core.package_identification:Package 'demos/action_tutorials/action_tutorials_py' with type 'ros.ament_python' and name 'action_tutorials_py'
[0.139s] Level 1:colcon.colcon_core.package_identification:_identify(demos/build) by extensions ['ignore', 'ignore_ament_install']
[0.139s] Level 1:colcon.colcon_core.package_identification:_identify(demos/build) by extension 'ignore'
[0.139s] Level 1:colcon.colcon_core.package_identification:_identify(demos/build) ignored
[0.139s] Level 1:colcon.colcon_core.package_identification:_identify(demos/composition) by extensions ['ignore', 'ignore_ament_install']
[0.140s] Level 1:colcon.colcon_core.package_identification:_identify(demos/composition) by extension 'ignore'
[0.140s] Level 1:colcon.colcon_core.package_identification:_identify(demos/composition) by extension 'ignore_ament_install'
[0.140s] Level 1:colcon.colcon_core.package_identification:_identify(demos/composition) by extensions ['colcon_pkg']
[0.140s] Level 1:colcon.colcon_core.package_identification:_identify(demos/composition) by extension 'colcon_pkg'
[0.140s] Level 1:colcon.colcon_core.package_identification:_identify(demos/composition) by extensions ['colcon_meta']
[0.140s] Level 1:colcon.colcon_core.package_identification:_identify(demos/composition) by extension 'colcon_meta'
[0.140s] Level 1:colcon.colcon_core.package_identification:_identify(demos/composition) by extensions ['ros']
[0.140s] Level 1:colcon.colcon_core.package_identification:_identify(demos/composition) by extension 'ros'
[0.140s] DEBUG:colcon.colcon_core.package_identification:Package 'demos/composition' with type 'ros.ament_cmake' and name 'composition'
[0.140s] Level 1:colcon.colcon_core.package_identification:_identify(demos/demo_nodes_cpp) by extensions ['ignore', 'ignore_ament_install']
[0.140s] Level 1:colcon.colcon_core.package_identification:_identify(demos/demo_nodes_cpp) by extension 'ignore'
[0.140s] Level 1:colcon.colcon_core.package_identification:_identify(demos/demo_nodes_cpp) by extension 'ignore_ament_install'
[0.140s] Level 1:colcon.colcon_core.package_identification:_identify(demos/demo_nodes_cpp) by extensions ['colcon_pkg']
[0.140s] Level 1:colcon.colcon_core.package_identification:_identify(demos/demo_nodes_cpp) by extension 'colcon_pkg'
[0.140s] Level 1:colcon.colcon_core.package_identification:_identify(demos/demo_nodes_cpp) by extensions ['colcon_meta']
[0.140s] Level 1:colcon.colcon_core.package_identification:_identify(demos/demo_nodes_cpp) by extension 'colcon_meta'
[0.141s] Level 1:colcon.colcon_core.package_identification:_identify(demos/demo_nodes_cpp) by extensions ['ros']
[0.141s] Level 1:colcon.colcon_core.package_identification:_identify(demos/demo_nodes_cpp) by extension 'ros'
[0.141s] DEBUG:colcon.colcon_core.package_identification:Package 'demos/demo_nodes_cpp' with type 'ros.ament_cmake' and name 'demo_nodes_cpp'
[0.141s] Level 1:colcon.colcon_core.package_identification:_identify(demos/demo_nodes_cpp_native) by extensions ['ignore', 'ignore_ament_install']
[0.141s] Level 1:colcon.colcon_core.package_identification:_identify(demos/demo_nodes_cpp_native) by extension 'ignore'
[0.141s] Level 1:colcon.colcon_core.package_identification:_identify(demos/demo_nodes_cpp_native) by extension 'ignore_ament_install'
[0.141s] Level 1:colcon.colcon_core.package_identification:_identify(demos/demo_nodes_cpp_native) by extensions ['colcon_pkg']
[0.141s] Level 1:colcon.colcon_core.package_identification:_identify(demos/demo_nodes_cpp_native) by extension 'colcon_pkg'
[0.141s] Level 1:colcon.colcon_core.package_identification:_identify(demos/demo_nodes_cpp_native) by extensions ['colcon_meta']
[0.141s] Level 1:colcon.colcon_core.package_identification:_identify(demos/demo_nodes_cpp_native) by extension 'colcon_meta'
[0.141s] Level 1:colcon.colcon_core.package_identification:_identify(demos/demo_nodes_cpp_native) by extensions ['ros']
[0.141s] Level 1:colcon.colcon_core.package_identification:_identify(demos/demo_nodes_cpp_native) by extension 'ros'
[0.142s] DEBUG:colcon.colcon_core.package_identification:Package 'demos/demo_nodes_cpp_native' with type 'ros.ament_cmake' and name 'demo_nodes_cpp_native'
[0.142s] Level 1:colcon.colcon_core.package_identification:_identify(demos/demo_nodes_py) by extensions ['ignore', 'ignore_ament_install']
[0.142s] Level 1:colcon.colcon_core.package_identification:_identify(demos/demo_nodes_py) by extension 'ignore'
[0.142s] Level 1:colcon.colcon_core.package_identification:_identify(demos/demo_nodes_py) by extension 'ignore_ament_install'
[0.142s] Level 1:colcon.colcon_core.package_identification:_identify(demos/demo_nodes_py) by extensions ['colcon_pkg']
[0.142s] Level 1:colcon.colcon_core.package_identification:_identify(demos/demo_nodes_py) by extension 'colcon_pkg'
[0.142s] Level 1:colcon.colcon_core.package_identification:_identify(demos/demo_nodes_py) by extensions ['colcon_meta']
[0.142s] Level 1:colcon.colcon_core.package_identification:_identify(demos/demo_nodes_py) by extension 'colcon_meta'
[0.142s] Level 1:colcon.colcon_core.package_identification:_identify(demos/demo_nodes_py) by extensions ['ros']
[0.142s] Level 1:colcon.colcon_core.package_identification:_identify(demos/demo_nodes_py) by extension 'ros'
[0.143s] DEBUG:colcon.colcon_core.package_identification:Package 'demos/demo_nodes_py' with type 'ros.ament_python' and name 'demo_nodes_py'
[0.143s] Level 1:colcon.colcon_core.package_identification:_identify(demos/dummy_robot) by extensions ['ignore', 'ignore_ament_install']
[0.143s] Level 1:colcon.colcon_core.package_identification:_identify(demos/dummy_robot) by extension 'ignore'
[0.143s] Level 1:colcon.colcon_core.package_identification:_identify(demos/dummy_robot) by extension 'ignore_ament_install'
[0.143s] Level 1:colcon.colcon_core.package_identification:_identify(demos/dummy_robot) by extensions ['colcon_pkg']
[0.143s] Level 1:colcon.colcon_core.package_identification:_identify(demos/dummy_robot) by extension 'colcon_pkg'
[0.143s] Level 1:colcon.colcon_core.package_identification:_identify(demos/dummy_robot) by extensions ['colcon_meta']
[0.143s] Level 1:colcon.colcon_core.package_identification:_identify(demos/dummy_robot) by extension 'colcon_meta'
[0.143s] Level 1:colcon.colcon_core.package_identification:_identify(demos/dummy_robot) by extensions ['ros']
[0.143s] Level 1:colcon.colcon_core.package_identification:_identify(demos/dummy_robot) by extension 'ros'
[0.143s] Level 1:colcon.colcon_core.package_identification:_identify(demos/dummy_robot) by extensions ['cmake', 'python']
[0.143s] Level 1:colcon.colcon_core.package_identification:_identify(demos/dummy_robot) by extension 'cmake'
[0.143s] Level 1:colcon.colcon_core.package_identification:_identify(demos/dummy_robot) by extension 'python'
[0.143s] Level 1:colcon.colcon_core.package_identification:_identify(demos/dummy_robot) by extensions ['python_setup_py']
[0.143s] Level 1:colcon.colcon_core.package_identification:_identify(demos/dummy_robot) by extension 'python_setup_py'
[0.143s] Level 1:colcon.colcon_core.package_identification:_identify(demos/dummy_robot/dummy_map_server) by extensions ['ignore', 'ignore_ament_install']
[0.143s] Level 1:colcon.colcon_core.package_identification:_identify(demos/dummy_robot/dummy_map_server) by extension 'ignore'
[0.143s] Level 1:colcon.colcon_core.package_identification:_identify(demos/dummy_robot/dummy_map_server) by extension 'ignore_ament_install'
[0.143s] Level 1:colcon.colcon_core.package_identification:_identify(demos/dummy_robot/dummy_map_server) by extensions ['colcon_pkg']
[0.143s] Level 1:colcon.colcon_core.package_identification:_identify(demos/dummy_robot/dummy_map_server) by extension 'colcon_pkg'
[0.143s] Level 1:colcon.colcon_core.package_identification:_identify(demos/dummy_robot/dummy_map_server) by extensions ['colcon_meta']
[0.143s] Level 1:colcon.colcon_core.package_identification:_identify(demos/dummy_robot/dummy_map_server) by extension 'colcon_meta'
[0.143s] Level 1:colcon.colcon_core.package_identification:_identify(demos/dummy_robot/dummy_map_server) by extensions ['ros']
[0.143s] Level 1:colcon.colcon_core.package_identification:_identify(demos/dummy_robot/dummy_map_server) by extension 'ros'
[0.144s] DEBUG:colcon.colcon_core.package_identification:Package 'demos/dummy_robot/dummy_map_server' with type 'ros.ament_cmake' and name 'dummy_map_server'
[0.144s] Level 1:colcon.colcon_core.package_identification:_identify(demos/dummy_robot/dummy_robot_bringup) by extensions ['ignore', 'ignore_ament_install']
[0.144s] Level 1:colcon.colcon_core.package_identification:_identify(demos/dummy_robot/dummy_robot_bringup) by extension 'ignore'
[0.144s] Level 1:colcon.colcon_core.package_identification:_identify(demos/dummy_robot/dummy_robot_bringup) by extension 'ignore_ament_install'
[0.144s] Level 1:colcon.colcon_core.package_identification:_identify(demos/dummy_robot/dummy_robot_bringup) by extensions ['colcon_pkg']
[0.144s] Level 1:colcon.colcon_core.package_identification:_identify(demos/dummy_robot/dummy_robot_bringup) by extension 'colcon_pkg'
[0.144s] Level 1:colcon.colcon_core.package_identification:_identify(demos/dummy_robot/dummy_robot_bringup) by extensions ['colcon_meta']
[0.144s] Level 1:colcon.colcon_core.package_identification:_identify(demos/dummy_robot/dummy_robot_bringup) by extension 'colcon_meta'
[0.144s] Level 1:colcon.colcon_core.package_identification:_identify(demos/dummy_robot/dummy_robot_bringup) by extensions ['ros']
[0.144s] Level 1:colcon.colcon_core.package_identification:_identify(demos/dummy_robot/dummy_robot_bringup) by extension 'ros'
[0.144s] DEBUG:colcon.colcon_core.package_identification:Package 'demos/dummy_robot/dummy_robot_bringup' with type 'ros.ament_cmake' and name 'dummy_robot_bringup'
[0.144s] Level 1:colcon.colcon_core.package_identification:_identify(demos/dummy_robot/dummy_sensors) by extensions ['ignore', 'ignore_ament_install']
[0.145s] Level 1:colcon.colcon_core.package_identification:_identify(demos/dummy_robot/dummy_sensors) by extension 'ignore'
[0.145s] Level 1:colcon.colcon_core.package_identification:_identify(demos/dummy_robot/dummy_sensors) by extension 'ignore_ament_install'
[0.145s] Level 1:colcon.colcon_core.package_identification:_identify(demos/dummy_robot/dummy_sensors) by extensions ['colcon_pkg']
[0.145s] Level 1:colcon.colcon_core.package_identification:_identify(demos/dummy_robot/dummy_sensors) by extension 'colcon_pkg'
[0.145s] Level 1:colcon.colcon_core.package_identification:_identify(demos/dummy_robot/dummy_sensors) by extensions ['colcon_meta']
[0.145s] Level 1:colcon.colcon_core.package_identification:_identify(demos/dummy_robot/dummy_sensors) by extension 'colcon_meta'
[0.145s] Level 1:colcon.colcon_core.package_identification:_identify(demos/dummy_robot/dummy_sensors) by extensions ['ros']
[0.145s] Level 1:colcon.colcon_core.package_identification:_identify(demos/dummy_robot/dummy_sensors) by extension 'ros'
[0.145s] DEBUG:colcon.colcon_core.package_identification:Package 'demos/dummy_robot/dummy_sensors' with type 'ros.ament_cmake' and name 'dummy_sensors'
[0.145s] Level 1:colcon.colcon_core.package_identification:_identify(demos/image_tools) by extensions ['ignore', 'ignore_ament_install']
[0.145s] Level 1:colcon.colcon_core.package_identification:_identify(demos/image_tools) by extension 'ignore'
[0.145s] Level 1:colcon.colcon_core.package_identification:_identify(demos/image_tools) by extension 'ignore_ament_install'
[0.145s] Level 1:colcon.colcon_core.package_identification:_identify(demos/image_tools) by extensions ['colcon_pkg']
[0.145s] Level 1:colcon.colcon_core.package_identification:_identify(demos/image_tools) by extension 'colcon_pkg'
[0.145s] Level 1:colcon.colcon_core.package_identification:_identify(demos/image_tools) by extensions ['colcon_meta']
[0.145s] Level 1:colcon.colcon_core.package_identification:_identify(demos/image_tools) by extension 'colcon_meta'
[0.145s] Level 1:colcon.colcon_core.package_identification:_identify(demos/image_tools) by extensions ['ros']
[0.145s] Level 1:colcon.colcon_core.package_identification:_identify(demos/image_tools) by extension 'ros'
[0.146s] DEBUG:colcon.colcon_core.package_identification:Package 'demos/image_tools' with type 'ros.ament_cmake' and name 'image_tools'
[0.146s] Level 1:colcon.colcon_core.package_identification:_identify(demos/install) by extensions ['ignore', 'ignore_ament_install']
[0.146s] Level 1:colcon.colcon_core.package_identification:_identify(demos/install) by extension 'ignore'
[0.146s] Level 1:colcon.colcon_core.package_identification:_identify(demos/install) ignored
[0.146s] Level 1:colcon.colcon_core.package_identification:_identify(demos/intra_process_demo) by extensions ['ignore', 'ignore_ament_install']
[0.146s] Level 1:colcon.colcon_core.package_identification:_identify(demos/intra_process_demo) by extension 'ignore'
[0.146s] Level 1:colcon.colcon_core.package_identification:_identify(demos/intra_process_demo) by extension 'ignore_ament_install'
[0.146s] Level 1:colcon.colcon_core.package_identification:_identify(demos/intra_process_demo) by extensions ['colcon_pkg']
[0.146s] Level 1:colcon.colcon_core.package_identification:_identify(demos/intra_process_demo) by extension 'colcon_pkg'
[0.146s] Level 1:colcon.colcon_core.package_identification:_identify(demos/intra_process_demo) by extensions ['colcon_meta']
[0.146s] Level 1:colcon.colcon_core.package_identification:_identify(demos/intra_process_demo) by extension 'colcon_meta'
[0.146s] Level 1:colcon.colcon_core.package_identification:_identify(demos/intra_process_demo) by extensions ['ros']
[0.146s] Level 1:colcon.colcon_core.package_identification:_identify(demos/intra_process_demo) by extension 'ros'
[0.147s] DEBUG:colcon.colcon_core.package_identification:Package 'demos/intra_process_demo' with type 'ros.ament_cmake' and name 'intra_process_demo'
[0.147s] Level 1:colcon.colcon_core.package_identification:_identify(demos/lifecycle) by extensions ['ignore', 'ignore_ament_install']
[0.147s] Level 1:colcon.colcon_core.package_identification:_identify(demos/lifecycle) by extension 'ignore'
[0.147s] Level 1:colcon.colcon_core.package_identification:_identify(demos/lifecycle) by extension 'ignore_ament_install'
[0.147s] Level 1:colcon.colcon_core.package_identification:_identify(demos/lifecycle) by extensions ['colcon_pkg']
[0.147s] Level 1:colcon.colcon_core.package_identification:_identify(demos/lifecycle) by extension 'colcon_pkg'
[0.147s] Level 1:colcon.colcon_core.package_identification:_identify(demos/lifecycle) by extensions ['colcon_meta']
[0.147s] Level 1:colcon.colcon_core.package_identification:_identify(demos/lifecycle) by extension 'colcon_meta'
[0.147s] Level 1:colcon.colcon_core.package_identification:_identify(demos/lifecycle) by extensions ['ros']
[0.147s] Level 1:colcon.colcon_core.package_identification:_identify(demos/lifecycle) by extension 'ros'
[0.148s] DEBUG:colcon.colcon_core.package_identification:Package 'demos/lifecycle' with type 'ros.ament_cmake' and name 'lifecycle'
[0.148s] Level 1:colcon.colcon_core.package_identification:_identify(demos/lifecycle_py) by extensions ['ignore', 'ignore_ament_install']
[0.148s] Level 1:colcon.colcon_core.package_identification:_identify(demos/lifecycle_py) by extension 'ignore'
[0.148s] Level 1:colcon.colcon_core.package_identification:_identify(demos/lifecycle_py) by extension 'ignore_ament_install'
[0.148s] Level 1:colcon.colcon_core.package_identification:_identify(demos/lifecycle_py) by extensions ['colcon_pkg']
[0.148s] Level 1:colcon.colcon_core.package_identification:_identify(demos/lifecycle_py) by extension 'colcon_pkg'
[0.148s] Level 1:colcon.colcon_core.package_identification:_identify(demos/lifecycle_py) by extensions ['colcon_meta']
[0.148s] Level 1:colcon.colcon_core.package_identification:_identify(demos/lifecycle_py) by extension 'colcon_meta'
[0.148s] Level 1:colcon.colcon_core.package_identification:_identify(demos/lifecycle_py) by extensions ['ros']
[0.148s] Level 1:colcon.colcon_core.package_identification:_identify(demos/lifecycle_py) by extension 'ros'
[0.148s] DEBUG:colcon.colcon_core.package_identification:Package 'demos/lifecycle_py' with type 'ros.ament_python' and name 'lifecycle_py'
[0.148s] Level 1:colcon.colcon_core.package_identification:_identify(demos/log) by extensions ['ignore', 'ignore_ament_install']
[0.148s] Level 1:colcon.colcon_core.package_identification:_identify(demos/log) by extension 'ignore'
[0.148s] Level 1:colcon.colcon_core.package_identification:_identify(demos/log) ignored
[0.148s] Level 1:colcon.colcon_core.package_identification:_identify(demos/logging_demo) by extensions ['ignore', 'ignore_ament_install']
[0.148s] Level 1:colcon.colcon_core.package_identification:_identify(demos/logging_demo) by extension 'ignore'
[0.148s] Level 1:colcon.colcon_core.package_identification:_identify(demos/logging_demo) by extension 'ignore_ament_install'
[0.149s] Level 1:colcon.colcon_core.package_identification:_identify(demos/logging_demo) by extensions ['colcon_pkg']
[0.149s] Level 1:colcon.colcon_core.package_identification:_identify(demos/logging_demo) by extension 'colcon_pkg'
[0.149s] Level 1:colcon.colcon_core.package_identification:_identify(demos/logging_demo) by extensions ['colcon_meta']
[0.149s] Level 1:colcon.colcon_core.package_identification:_identify(demos/logging_demo) by extension 'colcon_meta'
[0.149s] Level 1:colcon.colcon_core.package_identification:_identify(demos/logging_demo) by extensions ['ros']
[0.149s] Level 1:colcon.colcon_core.package_identification:_identify(demos/logging_demo) by extension 'ros'
[0.149s] DEBUG:colcon.colcon_core.package_identification:Package 'demos/logging_demo' with type 'ros.ament_cmake' and name 'logging_demo'
[0.149s] Level 1:colcon.colcon_core.package_identification:_identify(demos/pendulum_control) by extensions ['ignore', 'ignore_ament_install']
[0.149s] Level 1:colcon.colcon_core.package_identification:_identify(demos/pendulum_control) by extension 'ignore'
[0.149s] Level 1:colcon.colcon_core.package_identification:_identify(demos/pendulum_control) by extension 'ignore_ament_install'
[0.149s] Level 1:colcon.colcon_core.package_identification:_identify(demos/pendulum_control) by extensions ['colcon_pkg']
[0.149s] Level 1:colcon.colcon_core.package_identification:_identify(demos/pendulum_control) by extension 'colcon_pkg'
[0.149s] Level 1:colcon.colcon_core.package_identification:_identify(demos/pendulum_control) by extensions ['colcon_meta']
[0.149s] Level 1:colcon.colcon_core.package_identification:_identify(demos/pendulum_control) by extension 'colcon_meta'
[0.149s] Level 1:colcon.colcon_core.package_identification:_identify(demos/pendulum_control) by extensions ['ros']
[0.149s] Level 1:colcon.colcon_core.package_identification:_identify(demos/pendulum_control) by extension 'ros'
[0.150s] DEBUG:colcon.colcon_core.package_identification:Package 'demos/pendulum_control' with type 'ros.ament_cmake' and name 'pendulum_control'
[0.150s] Level 1:colcon.colcon_core.package_identification:_identify(demos/pendulum_msgs) by extensions ['ignore', 'ignore_ament_install']
[0.150s] Level 1:colcon.colcon_core.package_identification:_identify(demos/pendulum_msgs) by extension 'ignore'
[0.150s] Level 1:colcon.colcon_core.package_identification:_identify(demos/pendulum_msgs) by extension 'ignore_ament_install'
[0.150s] Level 1:colcon.colcon_core.package_identification:_identify(demos/pendulum_msgs) by extensions ['colcon_pkg']
[0.150s] Level 1:colcon.colcon_core.package_identification:_identify(demos/pendulum_msgs) by extension 'colcon_pkg'
[0.150s] Level 1:colcon.colcon_core.package_identification:_identify(demos/pendulum_msgs) by extensions ['colcon_meta']
[0.150s] Level 1:colcon.colcon_core.package_identification:_identify(demos/pendulum_msgs) by extension 'colcon_meta'
[0.150s] Level 1:colcon.colcon_core.package_identification:_identify(demos/pendulum_msgs) by extensions ['ros']
[0.150s] Level 1:colcon.colcon_core.package_identification:_identify(demos/pendulum_msgs) by extension 'ros'
[0.151s] DEBUG:colcon.colcon_core.package_identification:Package 'demos/pendulum_msgs' with type 'ros.ament_cmake' and name 'pendulum_msgs'
[0.151s] Level 1:colcon.colcon_core.package_identification:_identify(demos/quality_of_service_demo) by extensions ['ignore', 'ignore_ament_install']
[0.151s] Level 1:colcon.colcon_core.package_identification:_identify(demos/quality_of_service_demo) by extension 'ignore'
[0.151s] Level 1:colcon.colcon_core.package_identification:_identify(demos/quality_of_service_demo) by extension 'ignore_ament_install'
[0.151s] Level 1:colcon.colcon_core.package_identification:_identify(demos/quality_of_service_demo) by extensions ['colcon_pkg']
[0.151s] Level 1:colcon.colcon_core.package_identification:_identify(demos/quality_of_service_demo) by extension 'colcon_pkg'
[0.151s] Level 1:colcon.colcon_core.package_identification:_identify(demos/quality_of_service_demo) by extensions ['colcon_meta']
[0.151s] Level 1:colcon.colcon_core.package_identification:_identify(demos/quality_of_service_demo) by extension 'colcon_meta'
[0.151s] Level 1:colcon.colcon_core.package_identification:_identify(demos/quality_of_service_demo) by extensions ['ros']
[0.151s] Level 1:colcon.colcon_core.package_identification:_identify(demos/quality_of_service_demo) by extension 'ros'
[0.151s] Level 1:colcon.colcon_core.package_identification:_identify(demos/quality_of_service_demo) by extensions ['cmake', 'python']
[0.151s] Level 1:colcon.colcon_core.package_identification:_identify(demos/quality_of_service_demo) by extension 'cmake'
[0.151s] Level 1:colcon.colcon_core.package_identification:_identify(demos/quality_of_service_demo) by extension 'python'
[0.151s] Level 1:colcon.colcon_core.package_identification:_identify(demos/quality_of_service_demo) by extensions ['python_setup_py']
[0.151s] Level 1:colcon.colcon_core.package_identification:_identify(demos/quality_of_service_demo) by extension 'python_setup_py'
[0.151s] Level 1:colcon.colcon_core.package_identification:_identify(demos/quality_of_service_demo/rclcpp) by extensions ['ignore', 'ignore_ament_install']
[0.151s] Level 1:colcon.colcon_core.package_identification:_identify(demos/quality_of_service_demo/rclcpp) by extension 'ignore'
[0.151s] Level 1:colcon.colcon_core.package_identification:_identify(demos/quality_of_service_demo/rclcpp) by extension 'ignore_ament_install'
[0.151s] Level 1:colcon.colcon_core.package_identification:_identify(demos/quality_of_service_demo/rclcpp) by extensions ['colcon_pkg']
[0.151s] Level 1:colcon.colcon_core.package_identification:_identify(demos/quality_of_service_demo/rclcpp) by extension 'colcon_pkg'
[0.151s] Level 1:colcon.colcon_core.package_identification:_identify(demos/quality_of_service_demo/rclcpp) by extensions ['colcon_meta']
[0.151s] Level 1:colcon.colcon_core.package_identification:_identify(demos/quality_of_service_demo/rclcpp) by extension 'colcon_meta'
[0.151s] Level 1:colcon.colcon_core.package_identification:_identify(demos/quality_of_service_demo/rclcpp) by extensions ['ros']
[0.151s] Level 1:colcon.colcon_core.package_identification:_identify(demos/quality_of_service_demo/rclcpp) by extension 'ros'
[0.152s] DEBUG:colcon.colcon_core.package_identification:Package 'demos/quality_of_service_demo/rclcpp' with type 'ros.ament_cmake' and name 'quality_of_service_demo_cpp'
[0.152s] Level 1:colcon.colcon_core.package_identification:_identify(demos/quality_of_service_demo/rclpy) by extensions ['ignore', 'ignore_ament_install']
[0.152s] Level 1:colcon.colcon_core.package_identification:_identify(demos/quality_of_service_demo/rclpy) by extension 'ignore'
[0.152s] Level 1:colcon.colcon_core.package_identification:_identify(demos/quality_of_service_demo/rclpy) by extension 'ignore_ament_install'
[0.152s] Level 1:colcon.colcon_core.package_identification:_identify(demos/quality_of_service_demo/rclpy) by extensions ['colcon_pkg']
[0.152s] Level 1:colcon.colcon_core.package_identification:_identify(demos/quality_of_service_demo/rclpy) by extension 'colcon_pkg'
[0.152s] Level 1:colcon.colcon_core.package_identification:_identify(demos/quality_of_service_demo/rclpy) by extensions ['colcon_meta']
[0.152s] Level 1:colcon.colcon_core.package_identification:_identify(demos/quality_of_service_demo/rclpy) by extension 'colcon_meta'
[0.152s] Level 1:colcon.colcon_core.package_identification:_identify(demos/quality_of_service_demo/rclpy) by extensions ['ros']
[0.152s] Level 1:colcon.colcon_core.package_identification:_identify(demos/quality_of_service_demo/rclpy) by extension 'ros'
[0.152s] DEBUG:colcon.colcon_core.package_identification:Package 'demos/quality_of_service_demo/rclpy' with type 'ros.ament_python' and name 'quality_of_service_demo_py'
[0.153s] Level 1:colcon.colcon_core.package_identification:_identify(demos/topic_monitor) by extensions ['ignore', 'ignore_ament_install']
[0.153s] Level 1:colcon.colcon_core.package_identification:_identify(demos/topic_monitor) by extension 'ignore'
[0.153s] Level 1:colcon.colcon_core.package_identification:_identify(demos/topic_monitor) by extension 'ignore_ament_install'
[0.153s] Level 1:colcon.colcon_core.package_identification:_identify(demos/topic_monitor) by extensions ['colcon_pkg']
[0.153s] Level 1:colcon.colcon_core.package_identification:_identify(demos/topic_monitor) by extension 'colcon_pkg'
[0.153s] Level 1:colcon.colcon_core.package_identification:_identify(demos/topic_monitor) by extensions ['colcon_meta']
[0.153s] Level 1:colcon.colcon_core.package_identification:_identify(demos/topic_monitor) by extension 'colcon_meta'
[0.153s] Level 1:colcon.colcon_core.package_identification:_identify(demos/topic_monitor) by extensions ['ros']
[0.153s] Level 1:colcon.colcon_core.package_identification:_identify(demos/topic_monitor) by extension 'ros'
[0.153s] DEBUG:colcon.colcon_core.package_identification:Package 'demos/topic_monitor' with type 'ros.ament_python' and name 'topic_monitor'
[0.153s] Level 1:colcon.colcon_core.package_identification:_identify(demos/topic_statistics_demo) by extensions ['ignore', 'ignore_ament_install']
[0.153s] Level 1:colcon.colcon_core.package_identification:_identify(demos/topic_statistics_demo) by extension 'ignore'
[0.153s] Level 1:colcon.colcon_core.package_identification:_identify(demos/topic_statistics_demo) by extension 'ignore_ament_install'
[0.153s] Level 1:colcon.colcon_core.package_identification:_identify(demos/topic_statistics_demo) by extensions ['colcon_pkg']
[0.153s] Level 1:colcon.colcon_core.package_identification:_identify(demos/topic_statistics_demo) by extension 'colcon_pkg'
[0.153s] Level 1:colcon.colcon_core.package_identification:_identify(demos/topic_statistics_demo) by extensions ['colcon_meta']
[0.153s] Level 1:colcon.colcon_core.package_identification:_identify(demos/topic_statistics_demo) by extension 'colcon_meta'
[0.154s] Level 1:colcon.colcon_core.package_identification:_identify(demos/topic_statistics_demo) by extensions ['ros']
[0.154s] Level 1:colcon.colcon_core.package_identification:_identify(demos/topic_statistics_demo) by extension 'ros'
[0.154s] DEBUG:colcon.colcon_core.package_identification:Package 'demos/topic_statistics_demo' with type 'ros.ament_cmake' and name 'topic_statistics_demo'
[0.154s] Level 1:colcon.colcon_core.package_identification:_identify(install) by extensions ['ignore', 'ignore_ament_install']
[0.154s] Level 1:colcon.colcon_core.package_identification:_identify(install) by extension 'ignore'
[0.154s] Level 1:colcon.colcon_core.package_identification:_identify(install) ignored
[0.154s] Level 1:colcon.colcon_core.package_identification:_identify(lifecycle_py_test) by extensions ['ignore', 'ignore_ament_install']
[0.154s] Level 1:colcon.colcon_core.package_identification:_identify(lifecycle_py_test) by extension 'ignore'
[0.154s] Level 1:colcon.colcon_core.package_identification:_identify(lifecycle_py_test) by extension 'ignore_ament_install'
[0.154s] Level 1:colcon.colcon_core.package_identification:_identify(lifecycle_py_test) by extensions ['colcon_pkg']
[0.154s] Level 1:colcon.colcon_core.package_identification:_identify(lifecycle_py_test) by extension 'colcon_pkg'
[0.154s] Level 1:colcon.colcon_core.package_identification:_identify(lifecycle_py_test) by extensions ['colcon_meta']
[0.154s] Level 1:colcon.colcon_core.package_identification:_identify(lifecycle_py_test) by extension 'colcon_meta'
[0.154s] Level 1:colcon.colcon_core.package_identification:_identify(lifecycle_py_test) by extensions ['ros']
[0.154s] Level 1:colcon.colcon_core.package_identification:_identify(lifecycle_py_test) by extension 'ros'
[0.155s] DEBUG:colcon.colcon_core.package_identification:Package 'lifecycle_py_test' with type 'ros.ament_cmake' and name 'lifecycle_py_test'
[0.155s] Level 1:colcon.colcon_core.package_identification:_identify(log) by extensions ['ignore', 'ignore_ament_install']
[0.155s] Level 1:colcon.colcon_core.package_identification:_identify(log) by extension 'ignore'
[0.155s] Level 1:colcon.colcon_core.package_identification:_identify(log) ignored
[0.155s] Level 1:colcon.colcon_core.package_identification:_identify(msg_interface_py_test) by extensions ['ignore', 'ignore_ament_install']
[0.155s] Level 1:colcon.colcon_core.package_identification:_identify(msg_interface_py_test) by extension 'ignore'
[0.155s] Level 1:colcon.colcon_core.package_identification:_identify(msg_interface_py_test) by extension 'ignore_ament_install'
[0.155s] Level 1:colcon.colcon_core.package_identification:_identify(msg_interface_py_test) by extensions ['colcon_pkg']
[0.155s] Level 1:colcon.colcon_core.package_identification:_identify(msg_interface_py_test) by extension 'colcon_pkg'
[0.155s] Level 1:colcon.colcon_core.package_identification:_identify(msg_interface_py_test) by extensions ['colcon_meta']
[0.155s] Level 1:colcon.colcon_core.package_identification:_identify(msg_interface_py_test) by extension 'colcon_meta'
[0.155s] Level 1:colcon.colcon_core.package_identification:_identify(msg_interface_py_test) by extensions ['ros']
[0.155s] Level 1:colcon.colcon_core.package_identification:_identify(msg_interface_py_test) by extension 'ros'
[0.155s] DEBUG:colcon.colcon_core.package_identification:Package 'msg_interface_py_test' with type 'ros.ament_cmake' and name 'msg_interface_py_test'
[0.155s] Level 1:colcon.colcon_core.package_identification:_identify(msg_srv_action_interface_cpp) by extensions ['ignore', 'ignore_ament_install']
[0.156s] Level 1:colcon.colcon_core.package_identification:_identify(msg_srv_action_interface_cpp) by extension 'ignore'
[0.156s] Level 1:colcon.colcon_core.package_identification:_identify(msg_srv_action_interface_cpp) by extension 'ignore_ament_install'
[0.156s] Level 1:colcon.colcon_core.package_identification:_identify(msg_srv_action_interface_cpp) by extensions ['colcon_pkg']
[0.156s] Level 1:colcon.colcon_core.package_identification:_identify(msg_srv_action_interface_cpp) by extension 'colcon_pkg'
[0.156s] Level 1:colcon.colcon_core.package_identification:_identify(msg_srv_action_interface_cpp) by extensions ['colcon_meta']
[0.156s] Level 1:colcon.colcon_core.package_identification:_identify(msg_srv_action_interface_cpp) by extension 'colcon_meta'
[0.156s] Level 1:colcon.colcon_core.package_identification:_identify(msg_srv_action_interface_cpp) by extensions ['ros']
[0.156s] Level 1:colcon.colcon_core.package_identification:_identify(msg_srv_action_interface_cpp) by extension 'ros'
[0.156s] DEBUG:colcon.colcon_core.package_identification:Package 'msg_srv_action_interface_cpp' with type 'ros.ament_cmake' and name 'msg_srv_action_interface_cpp'
[0.156s] Level 1:colcon.colcon_core.package_identification:_identify(msg_srv_action_interface_py_test) by extensions ['ignore', 'ignore_ament_install']
[0.156s] Level 1:colcon.colcon_core.package_identification:_identify(msg_srv_action_interface_py_test) by extension 'ignore'
[0.156s] Level 1:colcon.colcon_core.package_identification:_identify(msg_srv_action_interface_py_test) by extension 'ignore_ament_install'
[0.156s] Level 1:colcon.colcon_core.package_identification:_identify(msg_srv_action_interface_py_test) by extensions ['colcon_pkg']
[0.156s] Level 1:colcon.colcon_core.package_identification:_identify(msg_srv_action_interface_py_test) by extension 'colcon_pkg'
[0.156s] Level 1:colcon.colcon_core.package_identification:_identify(msg_srv_action_interface_py_test) by extensions ['colcon_meta']
[0.156s] Level 1:colcon.colcon_core.package_identification:_identify(msg_srv_action_interface_py_test) by extension 'colcon_meta'
[0.156s] Level 1:colcon.colcon_core.package_identification:_identify(msg_srv_action_interface_py_test) by extensions ['ros']
[0.156s] Level 1:colcon.colcon_core.package_identification:_identify(msg_srv_action_interface_py_test) by extension 'ros'
[0.157s] DEBUG:colcon.colcon_core.package_identification:Package 'msg_srv_action_interface_py_test' with type 'ros.ament_cmake' and name 'msg_srv_action_interface_py_test'
[0.157s] Level 1:colcon.colcon_core.package_identification:_identify(msg_srv_interface_py_test) by extensions ['ignore', 'ignore_ament_install']
[0.157s] Level 1:colcon.colcon_core.package_identification:_identify(msg_srv_interface_py_test) by extension 'ignore'
[0.157s] Level 1:colcon.colcon_core.package_identification:_identify(msg_srv_interface_py_test) by extension 'ignore_ament_install'
[0.157s] Level 1:colcon.colcon_core.package_identification:_identify(msg_srv_interface_py_test) by extensions ['colcon_pkg']
[0.157s] Level 1:colcon.colcon_core.package_identification:_identify(msg_srv_interface_py_test) by extension 'colcon_pkg'
[0.157s] Level 1:colcon.colcon_core.package_identification:_identify(msg_srv_interface_py_test) by extensions ['colcon_meta']
[0.157s] Level 1:colcon.colcon_core.package_identification:_identify(msg_srv_interface_py_test) by extension 'colcon_meta'
[0.157s] Level 1:colcon.colcon_core.package_identification:_identify(msg_srv_interface_py_test) by extensions ['ros']
[0.157s] Level 1:colcon.colcon_core.package_identification:_identify(msg_srv_interface_py_test) by extension 'ros'
[0.157s] DEBUG:colcon.colcon_core.package_identification:Package 'msg_srv_interface_py_test' with type 'ros.ament_cmake' and name 'msg_srv_interface_py_test'
[0.157s] Level 1:colcon.colcon_core.package_identification:_identify(ros2-seminar-examples) by extensions ['ignore', 'ignore_ament_install']
[0.157s] Level 1:colcon.colcon_core.package_identification:_identify(ros2-seminar-examples) by extension 'ignore'
[0.157s] Level 1:colcon.colcon_core.package_identification:_identify(ros2-seminar-examples) by extension 'ignore_ament_install'
[0.157s] Level 1:colcon.colcon_core.package_identification:_identify(ros2-seminar-examples) by extensions ['colcon_pkg']
[0.157s] Level 1:colcon.colcon_core.package_identification:_identify(ros2-seminar-examples) by extension 'colcon_pkg'
[0.158s] Level 1:colcon.colcon_core.package_identification:_identify(ros2-seminar-examples) by extensions ['colcon_meta']
[0.158s] Level 1:colcon.colcon_core.package_identification:_identify(ros2-seminar-examples) by extension 'colcon_meta'
[0.158s] Level 1:colcon.colcon_core.package_identification:_identify(ros2-seminar-examples) by extensions ['ros']
[0.158s] Level 1:colcon.colcon_core.package_identification:_identify(ros2-seminar-examples) by extension 'ros'
[0.158s] Level 1:colcon.colcon_core.package_identification:_identify(ros2-seminar-examples) by extensions ['cmake', 'python']
[0.158s] Level 1:colcon.colcon_core.package_identification:_identify(ros2-seminar-examples) by extension 'cmake'
[0.158s] Level 1:colcon.colcon_core.package_identification:_identify(ros2-seminar-examples) by extension 'python'
[0.158s] Level 1:colcon.colcon_core.package_identification:_identify(ros2-seminar-examples) by extensions ['python_setup_py']
[0.158s] Level 1:colcon.colcon_core.package_identification:_identify(ros2-seminar-examples) by extension 'python_setup_py'
[0.158s] Level 1:colcon.colcon_core.package_identification:_identify(ros2-seminar-examples/logging_rclpy_example) by extensions ['ignore', 'ignore_ament_install']
[0.158s] Level 1:colcon.colcon_core.package_identification:_identify(ros2-seminar-examples/logging_rclpy_example) by extension 'ignore'
[0.158s] Level 1:colcon.colcon_core.package_identification:_identify(ros2-seminar-examples/logging_rclpy_example) by extension 'ignore_ament_install'
[0.158s] Level 1:colcon.colcon_core.package_identification:_identify(ros2-seminar-examples/logging_rclpy_example) by extensions ['colcon_pkg']
[0.158s] Level 1:colcon.colcon_core.package_identification:_identify(ros2-seminar-examples/logging_rclpy_example) by extension 'colcon_pkg'
[0.158s] Level 1:colcon.colcon_core.package_identification:_identify(ros2-seminar-examples/logging_rclpy_example) by extensions ['colcon_meta']
[0.158s] Level 1:colcon.colcon_core.package_identification:_identify(ros2-seminar-examples/logging_rclpy_example) by extension 'colcon_meta'
[0.158s] Level 1:colcon.colcon_core.package_identification:_identify(ros2-seminar-examples/logging_rclpy_example) by extensions ['ros']
[0.158s] Level 1:colcon.colcon_core.package_identification:_identify(ros2-seminar-examples/logging_rclpy_example) by extension 'ros'
[0.158s] DEBUG:colcon.colcon_core.package_identification:Package 'ros2-seminar-examples/logging_rclpy_example' with type 'ros.ament_python' and name 'logging_rclpy_example'
[0.159s] Level 1:colcon.colcon_core.package_identification:_identify(ros2-seminar-examples/msg_srv_action_interface_example) by extensions ['ignore', 'ignore_ament_install']
[0.159s] Level 1:colcon.colcon_core.package_identification:_identify(ros2-seminar-examples/msg_srv_action_interface_example) by extension 'ignore'
[0.159s] Level 1:colcon.colcon_core.package_identification:_identify(ros2-seminar-examples/msg_srv_action_interface_example) by extension 'ignore_ament_install'
[0.159s] Level 1:colcon.colcon_core.package_identification:_identify(ros2-seminar-examples/msg_srv_action_interface_example) by extensions ['colcon_pkg']
[0.159s] Level 1:colcon.colcon_core.package_identification:_identify(ros2-seminar-examples/msg_srv_action_interface_example) by extension 'colcon_pkg'
[0.159s] Level 1:colcon.colcon_core.package_identification:_identify(ros2-seminar-examples/msg_srv_action_interface_example) by extensions ['colcon_meta']
[0.159s] Level 1:colcon.colcon_core.package_identification:_identify(ros2-seminar-examples/msg_srv_action_interface_example) by extension 'colcon_meta'
[0.159s] Level 1:colcon.colcon_core.package_identification:_identify(ros2-seminar-examples/msg_srv_action_interface_example) by extensions ['ros']
[0.159s] Level 1:colcon.colcon_core.package_identification:_identify(ros2-seminar-examples/msg_srv_action_interface_example) by extension 'ros'
[0.159s] DEBUG:colcon.colcon_core.package_identification:Package 'ros2-seminar-examples/msg_srv_action_interface_example' with type 'ros.ament_cmake' and name 'msg_srv_action_interface_example'
[0.159s] Level 1:colcon.colcon_core.package_identification:_identify(ros2-seminar-examples/my_first_ros_rclpy_pkg) by extensions ['ignore', 'ignore_ament_install']
[0.159s] Level 1:colcon.colcon_core.package_identification:_identify(ros2-seminar-examples/my_first_ros_rclpy_pkg) by extension 'ignore'
[0.159s] Level 1:colcon.colcon_core.package_identification:_identify(ros2-seminar-examples/my_first_ros_rclpy_pkg) by extension 'ignore_ament_install'
[0.159s] Level 1:colcon.colcon_core.package_identification:_identify(ros2-seminar-examples/my_first_ros_rclpy_pkg) by extensions ['colcon_pkg']
[0.159s] Level 1:colcon.colcon_core.package_identification:_identify(ros2-seminar-examples/my_first_ros_rclpy_pkg) by extension 'colcon_pkg'
[0.159s] Level 1:colcon.colcon_core.package_identification:_identify(ros2-seminar-examples/my_first_ros_rclpy_pkg) by extensions ['colcon_meta']
[0.159s] Level 1:colcon.colcon_core.package_identification:_identify(ros2-seminar-examples/my_first_ros_rclpy_pkg) by extension 'colcon_meta'
[0.159s] Level 1:colcon.colcon_core.package_identification:_identify(ros2-seminar-examples/my_first_ros_rclpy_pkg) by extensions ['ros']
[0.159s] Level 1:colcon.colcon_core.package_identification:_identify(ros2-seminar-examples/my_first_ros_rclpy_pkg) by extension 'ros'
[0.160s] DEBUG:colcon.colcon_core.package_identification:Package 'ros2-seminar-examples/my_first_ros_rclpy_pkg' with type 'ros.ament_python' and name 'my_first_ros_rclpy_pkg'
[0.160s] Level 1:colcon.colcon_core.package_identification:_identify(ros2-seminar-examples/ros2env) by extensions ['ignore', 'ignore_ament_install']
[0.160s] Level 1:colcon.colcon_core.package_identification:_identify(ros2-seminar-examples/ros2env) by extension 'ignore'
[0.160s] Level 1:colcon.colcon_core.package_identification:_identify(ros2-seminar-examples/ros2env) by extension 'ignore_ament_install'
[0.160s] Level 1:colcon.colcon_core.package_identification:_identify(ros2-seminar-examples/ros2env) by extensions ['colcon_pkg']
[0.160s] Level 1:colcon.colcon_core.package_identification:_identify(ros2-seminar-examples/ros2env) by extension 'colcon_pkg'
[0.160s] Level 1:colcon.colcon_core.package_identification:_identify(ros2-seminar-examples/ros2env) by extensions ['colcon_meta']
[0.160s] Level 1:colcon.colcon_core.package_identification:_identify(ros2-seminar-examples/ros2env) by extension 'colcon_meta'
[0.160s] Level 1:colcon.colcon_core.package_identification:_identify(ros2-seminar-examples/ros2env) by extensions ['ros']
[0.160s] Level 1:colcon.colcon_core.package_identification:_identify(ros2-seminar-examples/ros2env) by extension 'ros'
[0.161s] DEBUG:colcon.colcon_core.package_identification:Package 'ros2-seminar-examples/ros2env' with type 'ros.ament_python' and name 'ros2env'
[0.161s] Level 1:colcon.colcon_core.package_identification:_identify(ros2-seminar-examples/rqt_example) by extensions ['ignore', 'ignore_ament_install']
[0.161s] Level 1:colcon.colcon_core.package_identification:_identify(ros2-seminar-examples/rqt_example) by extension 'ignore'
[0.161s] Level 1:colcon.colcon_core.package_identification:_identify(ros2-seminar-examples/rqt_example) by extension 'ignore_ament_install'
[0.161s] Level 1:colcon.colcon_core.package_identification:_identify(ros2-seminar-examples/rqt_example) by extensions ['colcon_pkg']
[0.161s] Level 1:colcon.colcon_core.package_identification:_identify(ros2-seminar-examples/rqt_example) by extension 'colcon_pkg'
[0.161s] Level 1:colcon.colcon_core.package_identification:_identify(ros2-seminar-examples/rqt_example) by extensions ['colcon_meta']
[0.161s] Level 1:colcon.colcon_core.package_identification:_identify(ros2-seminar-examples/rqt_example) by extension 'colcon_meta'
[0.161s] Level 1:colcon.colcon_core.package_identification:_identify(ros2-seminar-examples/rqt_example) by extensions ['ros']
[0.161s] Level 1:colcon.colcon_core.package_identification:_identify(ros2-seminar-examples/rqt_example) by extension 'ros'
[0.161s] DEBUG:colcon.colcon_core.package_identification:Package 'ros2-seminar-examples/rqt_example' with type 'ros.ament_cmake' and name 'rqt_example'
[0.161s] Level 1:colcon.colcon_core.package_identification:_identify(ros2-seminar-examples/testbot_description) by extensions ['ignore', 'ignore_ament_install']
[0.161s] Level 1:colcon.colcon_core.package_identification:_identify(ros2-seminar-examples/testbot_description) by extension 'ignore'
[0.161s] Level 1:colcon.colcon_core.package_identification:_identify(ros2-seminar-examples/testbot_description) by extension 'ignore_ament_install'
[0.161s] Level 1:colcon.colcon_core.package_identification:_identify(ros2-seminar-examples/testbot_description) by extensions ['colcon_pkg']
[0.161s] Level 1:colcon.colcon_core.package_identification:_identify(ros2-seminar-examples/testbot_description) by extension 'colcon_pkg'
[0.161s] Level 1:colcon.colcon_core.package_identification:_identify(ros2-seminar-examples/testbot_description) by extensions ['colcon_meta']
[0.162s] Level 1:colcon.colcon_core.package_identification:_identify(ros2-seminar-examples/testbot_description) by extension 'colcon_meta'
[0.162s] Level 1:colcon.colcon_core.package_identification:_identify(ros2-seminar-examples/testbot_description) by extensions ['ros']
[0.162s] Level 1:colcon.colcon_core.package_identification:_identify(ros2-seminar-examples/testbot_description) by extension 'ros'
[0.162s] DEBUG:colcon.colcon_core.package_identification:Package 'ros2-seminar-examples/testbot_description' with type 'ros.ament_cmake' and name 'testbot_description'
[0.162s] Level 1:colcon.colcon_core.package_identification:_identify(ros2-seminar-examples/tf2_rclcpp_example) by extensions ['ignore', 'ignore_ament_install']
[0.162s] Level 1:colcon.colcon_core.package_identification:_identify(ros2-seminar-examples/tf2_rclcpp_example) by extension 'ignore'
[0.162s] Level 1:colcon.colcon_core.package_identification:_identify(ros2-seminar-examples/tf2_rclcpp_example) by extension 'ignore_ament_install'
[0.162s] Level 1:colcon.colcon_core.package_identification:_identify(ros2-seminar-examples/tf2_rclcpp_example) by extensions ['colcon_pkg']
[0.162s] Level 1:colcon.colcon_core.package_identification:_identify(ros2-seminar-examples/tf2_rclcpp_example) by extension 'colcon_pkg'
[0.162s] Level 1:colcon.colcon_core.package_identification:_identify(ros2-seminar-examples/tf2_rclcpp_example) by extensions ['colcon_meta']
[0.162s] Level 1:colcon.colcon_core.package_identification:_identify(ros2-seminar-examples/tf2_rclcpp_example) by extension 'colcon_meta'
[0.162s] Level 1:colcon.colcon_core.package_identification:_identify(ros2-seminar-examples/tf2_rclcpp_example) by extensions ['ros']
[0.162s] Level 1:colcon.colcon_core.package_identification:_identify(ros2-seminar-examples/tf2_rclcpp_example) by extension 'ros'
[0.163s] DEBUG:colcon.colcon_core.package_identification:Package 'ros2-seminar-examples/tf2_rclcpp_example' with type 'ros.ament_cmake' and name 'tf2_rclcpp_example'
[0.163s] Level 1:colcon.colcon_core.package_identification:_identify(ros2-seminar-examples/tf2_rclpy_example) by extensions ['ignore', 'ignore_ament_install']
[0.163s] Level 1:colcon.colcon_core.package_identification:_identify(ros2-seminar-examples/tf2_rclpy_example) by extension 'ignore'
[0.163s] Level 1:colcon.colcon_core.package_identification:_identify(ros2-seminar-examples/tf2_rclpy_example) by extension 'ignore_ament_install'
[0.163s] Level 1:colcon.colcon_core.package_identification:_identify(ros2-seminar-examples/tf2_rclpy_example) by extensions ['colcon_pkg']
[0.163s] Level 1:colcon.colcon_core.package_identification:_identify(ros2-seminar-examples/tf2_rclpy_example) by extension 'colcon_pkg'
[0.163s] Level 1:colcon.colcon_core.package_identification:_identify(ros2-seminar-examples/tf2_rclpy_example) by extensions ['colcon_meta']
[0.163s] Level 1:colcon.colcon_core.package_identification:_identify(ros2-seminar-examples/tf2_rclpy_example) by extension 'colcon_meta'
[0.163s] Level 1:colcon.colcon_core.package_identification:_identify(ros2-seminar-examples/tf2_rclpy_example) by extensions ['ros']
[0.163s] Level 1:colcon.colcon_core.package_identification:_identify(ros2-seminar-examples/tf2_rclpy_example) by extension 'ros'
[0.164s] DEBUG:colcon.colcon_core.package_identification:Package 'ros2-seminar-examples/tf2_rclpy_example' with type 'ros.ament_python' and name 'tf2_rclpy_example'
[0.164s] Level 1:colcon.colcon_core.package_identification:_identify(ros2-seminar-examples/time_rclcpp_example) by extensions ['ignore', 'ignore_ament_install']
[0.164s] Level 1:colcon.colcon_core.package_identification:_identify(ros2-seminar-examples/time_rclcpp_example) by extension 'ignore'
[0.164s] Level 1:colcon.colcon_core.package_identification:_identify(ros2-seminar-examples/time_rclcpp_example) by extension 'ignore_ament_install'
[0.164s] Level 1:colcon.colcon_core.package_identification:_identify(ros2-seminar-examples/time_rclcpp_example) by extensions ['colcon_pkg']
[0.164s] Level 1:colcon.colcon_core.package_identification:_identify(ros2-seminar-examples/time_rclcpp_example) by extension 'colcon_pkg'
[0.164s] Level 1:colcon.colcon_core.package_identification:_identify(ros2-seminar-examples/time_rclcpp_example) by extensions ['colcon_meta']
[0.164s] Level 1:colcon.colcon_core.package_identification:_identify(ros2-seminar-examples/time_rclcpp_example) by extension 'colcon_meta'
[0.164s] Level 1:colcon.colcon_core.package_identification:_identify(ros2-seminar-examples/time_rclcpp_example) by extensions ['ros']
[0.164s] Level 1:colcon.colcon_core.package_identification:_identify(ros2-seminar-examples/time_rclcpp_example) by extension 'ros'
[0.164s] DEBUG:colcon.colcon_core.package_identification:Package 'ros2-seminar-examples/time_rclcpp_example' with type 'ros.ament_cmake' and name 'time_rclcpp_example'
[0.164s] Level 1:colcon.colcon_core.package_identification:_identify(ros2-seminar-examples/time_rclpy_example) by extensions ['ignore', 'ignore_ament_install']
[0.164s] Level 1:colcon.colcon_core.package_identification:_identify(ros2-seminar-examples/time_rclpy_example) by extension 'ignore'
[0.164s] Level 1:colcon.colcon_core.package_identification:_identify(ros2-seminar-examples/time_rclpy_example) by extension 'ignore_ament_install'
[0.164s] Level 1:colcon.colcon_core.package_identification:_identify(ros2-seminar-examples/time_rclpy_example) by extensions ['colcon_pkg']
[0.164s] Level 1:colcon.colcon_core.package_identification:_identify(ros2-seminar-examples/time_rclpy_example) by extension 'colcon_pkg'
[0.165s] Level 1:colcon.colcon_core.package_identification:_identify(ros2-seminar-examples/time_rclpy_example) by extensions ['colcon_meta']
[0.165s] Level 1:colcon.colcon_core.package_identification:_identify(ros2-seminar-examples/time_rclpy_example) by extension 'colcon_meta'
[0.165s] Level 1:colcon.colcon_core.package_identification:_identify(ros2-seminar-examples/time_rclpy_example) by extensions ['ros']
[0.165s] Level 1:colcon.colcon_core.package_identification:_identify(ros2-seminar-examples/time_rclpy_example) by extension 'ros'
[0.165s] DEBUG:colcon.colcon_core.package_identification:Package 'ros2-seminar-examples/time_rclpy_example' with type 'ros.ament_python' and name 'time_rclpy_example'
[0.165s] Level 1:colcon.colcon_core.package_identification:_identify(ros2-seminar-examples/topic_service_action_rclcpp_example) by extensions ['ignore', 'ignore_ament_install']
[0.165s] Level 1:colcon.colcon_core.package_identification:_identify(ros2-seminar-examples/topic_service_action_rclcpp_example) by extension 'ignore'
[0.165s] Level 1:colcon.colcon_core.package_identification:_identify(ros2-seminar-examples/topic_service_action_rclcpp_example) by extension 'ignore_ament_install'
[0.165s] Level 1:colcon.colcon_core.package_identification:_identify(ros2-seminar-examples/topic_service_action_rclcpp_example) by extensions ['colcon_pkg']
[0.165s] Level 1:colcon.colcon_core.package_identification:_identify(ros2-seminar-examples/topic_service_action_rclcpp_example) by extension 'colcon_pkg'
[0.165s] Level 1:colcon.colcon_core.package_identification:_identify(ros2-seminar-examples/topic_service_action_rclcpp_example) by extensions ['colcon_meta']
[0.165s] Level 1:colcon.colcon_core.package_identification:_identify(ros2-seminar-examples/topic_service_action_rclcpp_example) by extension 'colcon_meta'
[0.165s] Level 1:colcon.colcon_core.package_identification:_identify(ros2-seminar-examples/topic_service_action_rclcpp_example) by extensions ['ros']
[0.165s] Level 1:colcon.colcon_core.package_identification:_identify(ros2-seminar-examples/topic_service_action_rclcpp_example) by extension 'ros'
[0.166s] DEBUG:colcon.colcon_core.package_identification:Package 'ros2-seminar-examples/topic_service_action_rclcpp_example' with type 'ros.ament_cmake' and name 'topic_service_action_rclcpp_example'
[0.166s] Level 1:colcon.colcon_core.package_identification:_identify(ros2-seminar-examples/topic_service_action_rclpy_example) by extensions ['ignore', 'ignore_ament_install']
[0.166s] Level 1:colcon.colcon_core.package_identification:_identify(ros2-seminar-examples/topic_service_action_rclpy_example) by extension 'ignore'
[0.166s] Level 1:colcon.colcon_core.package_identification:_identify(ros2-seminar-examples/topic_service_action_rclpy_example) by extension 'ignore_ament_install'
[0.166s] Level 1:colcon.colcon_core.package_identification:_identify(ros2-seminar-examples/topic_service_action_rclpy_example) by extensions ['colcon_pkg']
[0.166s] Level 1:colcon.colcon_core.package_identification:_identify(ros2-seminar-examples/topic_service_action_rclpy_example) by extension 'colcon_pkg'
[0.166s] Level 1:colcon.colcon_core.package_identification:_identify(ros2-seminar-examples/topic_service_action_rclpy_example) by extensions ['colcon_meta']
[0.166s] Level 1:colcon.colcon_core.package_identification:_identify(ros2-seminar-examples/topic_service_action_rclpy_example) by extension 'colcon_meta'
[0.166s] Level 1:colcon.colcon_core.package_identification:_identify(ros2-seminar-examples/topic_service_action_rclpy_example) by extensions ['ros']
[0.166s] Level 1:colcon.colcon_core.package_identification:_identify(ros2-seminar-examples/topic_service_action_rclpy_example) by extension 'ros'
[0.167s] DEBUG:colcon.colcon_core.package_identification:Package 'ros2-seminar-examples/topic_service_action_rclpy_example' with type 'ros.ament_python' and name 'topic_service_action_rclpy_example'
[0.167s] Level 1:colcon.colcon_core.package_identification:_identify(test_lee_rclcpp) by extensions ['ignore', 'ignore_ament_install']
[0.167s] Level 1:colcon.colcon_core.package_identification:_identify(test_lee_rclcpp) by extension 'ignore'
[0.167s] Level 1:colcon.colcon_core.package_identification:_identify(test_lee_rclcpp) by extension 'ignore_ament_install'
[0.167s] Level 1:colcon.colcon_core.package_identification:_identify(test_lee_rclcpp) by extensions ['colcon_pkg']
[0.167s] Level 1:colcon.colcon_core.package_identification:_identify(test_lee_rclcpp) by extension 'colcon_pkg'
[0.167s] Level 1:colcon.colcon_core.package_identification:_identify(test_lee_rclcpp) by extensions ['colcon_meta']
[0.167s] Level 1:colcon.colcon_core.package_identification:_identify(test_lee_rclcpp) by extension 'colcon_meta'
[0.167s] Level 1:colcon.colcon_core.package_identification:_identify(test_lee_rclcpp) by extensions ['ros']
[0.167s] Level 1:colcon.colcon_core.package_identification:_identify(test_lee_rclcpp) by extension 'ros'
[0.167s] DEBUG:colcon.colcon_core.package_identification:Package 'test_lee_rclcpp' with type 'ros.ament_cmake' and name 'test_lee_rclcpp'
[0.167s] Level 1:colcon.colcon_core.package_identification:_identify(test_lee_rclpy) by extensions ['ignore', 'ignore_ament_install']
[0.167s] Level 1:colcon.colcon_core.package_identification:_identify(test_lee_rclpy) by extension 'ignore'
[0.167s] Level 1:colcon.colcon_core.package_identification:_identify(test_lee_rclpy) by extension 'ignore_ament_install'
[0.167s] Level 1:colcon.colcon_core.package_identification:_identify(test_lee_rclpy) by extensions ['colcon_pkg']
[0.167s] Level 1:colcon.colcon_core.package_identification:_identify(test_lee_rclpy) by extension 'colcon_pkg'
[0.167s] Level 1:colcon.colcon_core.package_identification:_identify(test_lee_rclpy) by extensions ['colcon_meta']
[0.168s] Level 1:colcon.colcon_core.package_identification:_identify(test_lee_rclpy) by extension 'colcon_meta'
[0.168s] Level 1:colcon.colcon_core.package_identification:_identify(test_lee_rclpy) by extensions ['ros']
[0.168s] Level 1:colcon.colcon_core.package_identification:_identify(test_lee_rclpy) by extension 'ros'
[0.168s] DEBUG:colcon.colcon_core.package_identification:Package 'test_lee_rclpy' with type 'ros.ament_python' and name 'test_lee_rclpy'
[0.168s] Level 1:colcon.colcon_core.package_discovery:discover_packages(recursive) using defaults
[0.168s] Level 1:colcon.colcon_core.package_discovery:discover_packages(ignore) discover
[0.168s] Level 1:colcon.colcon_core.package_discovery:discover_packages(ignore) using defaults
[0.168s] Level 1:colcon.colcon_core.package_discovery:discover_packages(path) discover
[0.168s] Level 1:colcon.colcon_core.package_discovery:discover_packages(path) using defaults
[0.185s] INFO:colcon.colcon_core.package_selection:Skipping not selected package 'action_tutorials_interfaces' in 'demos/action_tutorials/action_tutorials_interfaces'
[0.185s] INFO:colcon.colcon_core.package_selection:Skipping not selected package 'composition' in 'demos/composition'
[0.185s] INFO:colcon.colcon_core.package_selection:Skipping not selected package 'demo_nodes_cpp' in 'demos/demo_nodes_cpp'
[0.185s] INFO:colcon.colcon_core.package_selection:Skipping not selected package 'demo_nodes_cpp_native' in 'demos/demo_nodes_cpp_native'
[0.185s] INFO:colcon.colcon_core.package_selection:Skipping not selected package 'demo_nodes_py' in 'demos/demo_nodes_py'
[0.185s] INFO:colcon.colcon_core.package_selection:Skipping not selected package 'dummy_map_server' in 'demos/dummy_robot/dummy_map_server'
[0.185s] INFO:colcon.colcon_core.package_selection:Skipping not selected package 'dummy_sensors' in 'demos/dummy_robot/dummy_sensors'
[0.185s] INFO:colcon.colcon_core.package_selection:Skipping not selected package 'image_tools' in 'demos/image_tools'
[0.185s] INFO:colcon.colcon_core.package_selection:Skipping not selected package 'intra_process_demo' in 'demos/intra_process_demo'
[0.185s] INFO:colcon.colcon_core.package_selection:Skipping not selected package 'lifecycle' in 'demos/lifecycle'
[0.185s] INFO:colcon.colcon_core.package_selection:Skipping not selected package 'lifecycle_py_test' in 'lifecycle_py_test'
[0.185s] INFO:colcon.colcon_core.package_selection:Skipping not selected package 'logging_demo' in 'demos/logging_demo'
[0.185s] INFO:colcon.colcon_core.package_selection:Skipping not selected package 'logging_rclpy_example' in 'ros2-seminar-examples/logging_rclpy_example'
[0.185s] INFO:colcon.colcon_core.package_selection:Skipping not selected package 'msg_interface_py_test' in 'msg_interface_py_test'
[0.185s] INFO:colcon.colcon_core.package_selection:Skipping not selected package 'msg_srv_action_interface_cpp' in 'msg_srv_action_interface_cpp'
[0.185s] INFO:colcon.colcon_core.package_selection:Skipping not selected package 'msg_srv_action_interface_example' in 'ros2-seminar-examples/msg_srv_action_interface_example'
[0.185s] INFO:colcon.colcon_core.package_selection:Skipping not selected package 'msg_srv_action_interface_py_test' in 'msg_srv_action_interface_py_test'
[0.185s] INFO:colcon.colcon_core.package_selection:Skipping not selected package 'msg_srv_interface_py_test' in 'msg_srv_interface_py_test'
[0.185s] INFO:colcon.colcon_core.package_selection:Skipping not selected package 'my_first_ros_rclpy_pkg' in 'ros2-seminar-examples/my_first_ros_rclpy_pkg'
[0.185s] INFO:colcon.colcon_core.package_selection:Skipping not selected package 'pendulum_msgs' in 'demos/pendulum_msgs'
[0.185s] INFO:colcon.colcon_core.package_selection:Skipping not selected package 'quality_of_service_demo_cpp' in 'demos/quality_of_service_demo/rclcpp'
[0.185s] INFO:colcon.colcon_core.package_selection:Skipping not selected package 'quality_of_service_demo_py' in 'demos/quality_of_service_demo/rclpy'
[0.185s] INFO:colcon.colcon_core.package_selection:Skipping not selected package 'ros2env' in 'ros2-seminar-examples/ros2env'
[0.185s] INFO:colcon.colcon_core.package_selection:Skipping not selected package 'rqt_example' in 'ros2-seminar-examples/rqt_example'
[0.185s] INFO:colcon.colcon_core.package_selection:Skipping not selected package 'testbot_description' in 'ros2-seminar-examples/testbot_description'
[0.185s] INFO:colcon.colcon_core.package_selection:Skipping not selected package 'tf2_rclcpp_example' in 'ros2-seminar-examples/tf2_rclcpp_example'
[0.185s] INFO:colcon.colcon_core.package_selection:Skipping not selected package 'tf2_rclpy_example' in 'ros2-seminar-examples/tf2_rclpy_example'
[0.185s] INFO:colcon.colcon_core.package_selection:Skipping not selected package 'time_rclcpp_example' in 'ros2-seminar-examples/time_rclcpp_example'
[0.185s] INFO:colcon.colcon_core.package_selection:Skipping not selected package 'time_rclpy_example' in 'ros2-seminar-examples/time_rclpy_example'
[0.185s] INFO:colcon.colcon_core.package_selection:Skipping not selected package 'topic_monitor' in 'demos/topic_monitor'
[0.185s] INFO:colcon.colcon_core.package_selection:Skipping not selected package 'topic_statistics_demo' in 'demos/topic_statistics_demo'
[0.185s] INFO:colcon.colcon_core.package_selection:Skipping not selected package 'action_tutorials_cpp' in 'demos/action_tutorials/action_tutorials_cpp'
[0.185s] INFO:colcon.colcon_core.package_selection:Skipping not selected package 'action_tutorials_py' in 'demos/action_tutorials/action_tutorials_py'
[0.185s] INFO:colcon.colcon_core.package_selection:Skipping not selected package 'dummy_robot_bringup' in 'demos/dummy_robot/dummy_robot_bringup'
[0.185s] INFO:colcon.colcon_core.package_selection:Skipping not selected package 'pendulum_control' in 'demos/pendulum_control'
[0.185s] INFO:colcon.colcon_core.package_selection:Skipping not selected package 'test_lee_rclcpp' in 'test_lee_rclcpp'
[0.185s] INFO:colcon.colcon_core.package_selection:Skipping not selected package 'test_lee_rclpy' in 'test_lee_rclpy'
[0.185s] INFO:colcon.colcon_core.package_selection:Skipping not selected package 'topic_service_action_rclcpp_example' in 'ros2-seminar-examples/topic_service_action_rclcpp_example'
[0.185s] INFO:colcon.colcon_core.package_selection:Skipping not selected package 'topic_service_action_rclpy_example' in 'ros2-seminar-examples/topic_service_action_rclpy_example'
[0.186s] Level 1:colcon.colcon_core.package_discovery:discover_packages(prefix_path) check parameters
[0.186s] Level 1:colcon.colcon_core.package_discovery:discover_packages(prefix_path) discover
[0.188s] DEBUG:colcon.colcon_installed_package_information.package_discovery:Found 19 installed packages in /home/lee/robot_ws/install
[0.190s] DEBUG:colcon.colcon_installed_package_information.package_discovery:Found 258 installed packages in /opt/ros/foxy
[0.191s] Level 1:colcon.colcon_core.package_discovery:discover_packages(prefix_path) using defaults
[0.232s] Level 5:colcon.colcon_core.verb:set package 'lifecycle_py' build argument 'cmake_args' from command line to 'None'
[0.232s] Level 5:colcon.colcon_core.verb:set package 'lifecycle_py' build argument 'cmake_target' from command line to 'None'
[0.232s] Level 5:colcon.colcon_core.verb:set package 'lifecycle_py' build argument 'cmake_target_skip_unavailable' from command line to 'False'
[0.232s] Level 5:colcon.colcon_core.verb:set package 'lifecycle_py' build argument 'cmake_clean_cache' from command line to 'False'
[0.232s] Level 5:colcon.colcon_core.verb:set package 'lifecycle_py' build argument 'cmake_clean_first' from command line to 'False'
[0.232s] Level 5:colcon.colcon_core.verb:set package 'lifecycle_py' build argument 'cmake_force_configure' from command line to 'False'
[0.232s] Level 5:colcon.colcon_core.verb:set package 'lifecycle_py' build argument 'ament_cmake_args' from command line to 'None'
[0.232s] Level 5:colcon.colcon_core.verb:set package 'lifecycle_py' build argument 'catkin_cmake_args' from command line to 'None'
[0.232s] Level 5:colcon.colcon_core.verb:set package 'lifecycle_py' build argument 'catkin_skip_building_tests' from command line to 'False'
[0.232s] DEBUG:colcon.colcon_core.verb:Building package 'lifecycle_py' with the following arguments: {'ament_cmake_args': None, 'build_base': '/home/lee/robot_ws/src/build/lifecycle_py', 'catkin_cmake_args': None, 'catkin_skip_building_tests': False, 'cmake_args': None, 'cmake_clean_cache': False, 'cmake_clean_first': False, 'cmake_force_configure': False, 'cmake_target': None, 'cmake_target_skip_unavailable': False, 'install_base': '/home/lee/robot_ws/src/install/lifecycle_py', 'merge_install': False, 'path': '/home/lee/robot_ws/src/demos/lifecycle_py', 'symlink_install': True, 'test_result_base': None}
[0.232s] INFO:colcon.colcon_core.executor:Executing jobs using 'parallel' executor
[0.237s] DEBUG:colcon.colcon_parallel_executor.executor.parallel:run_until_complete
[0.237s] INFO:colcon.colcon_ros.task.ament_python.build:Building ROS package in '/home/lee/robot_ws/src/demos/lifecycle_py' with build type 'ament_python'
[0.237s] Level 1:colcon.colcon_core.shell:create_environment_hook('lifecycle_py', 'ament_prefix_path')
[0.241s] INFO:colcon.colcon_core.plugin_system:Skipping extension 'colcon_core.shell.bat': Not used on non-Windows systems
[0.242s] INFO:colcon.colcon_core.shell:Creating environment hook '/home/lee/robot_ws/src/install/lifecycle_py/share/lifecycle_py/hook/ament_prefix_path.ps1'
[0.242s] INFO:colcon.colcon_core.shell:Creating environment descriptor '/home/lee/robot_ws/src/install/lifecycle_py/share/lifecycle_py/hook/ament_prefix_path.dsv'
[0.242s] INFO:colcon.colcon_core.shell:Creating environment hook '/home/lee/robot_ws/src/install/lifecycle_py/share/lifecycle_py/hook/ament_prefix_path.sh'
[0.244s] INFO:colcon.colcon_core.shell:Skip shell extension 'powershell' for command environment: Not usable outside of PowerShell
[0.244s] DEBUG:colcon.colcon_core.shell:Skip shell extension 'dsv' for command environment
[0.247s] WARNING:colcon.colcon_core.shell:The following packages are in the workspace but haven't been built:
- lifecycle
They are being used from the following locations instead:
- /opt/ros/foxy
To suppress this warning ignore these packages in the workspace:
--packages-ignore lifecycle
[0.395s] INFO:colcon.colcon_core.task.python.build:Building Python package in '/home/lee/robot_ws/src/demos/lifecycle_py'
[0.397s] INFO:colcon.colcon_core.shell:Skip shell extension 'powershell' for command environment: Not usable outside of PowerShell
[0.397s] DEBUG:colcon.colcon_core.shell:Skip shell extension 'dsv' for command environment
[0.645s] DEBUG:colcon.colcon_core.event_handler.log_command:Invoking command in '/home/lee/robot_ws/src/build/lifecycle_py': PYTHONPATH=/home/lee/robot_ws/src/install/lifecycle_py/lib/python3.8/site-packages:${PYTHONPATH} /usr/bin/python3 setup.py develop --prefix /home/lee/robot_ws/src/install/lifecycle_py --editable --build-directory /home/lee/robot_ws/src/build/lifecycle_py/build --no-deps install_data --install-dir /home/lee/robot_ws/src/install/lifecycle_py
[0.939s] Level 1:colcon.colcon_core.shell:create_environment_hook('lifecycle_py', 'pythonpath_develop')
[0.941s] INFO:colcon.colcon_core.shell:Creating environment hook '/home/lee/robot_ws/src/build/lifecycle_py/share/lifecycle_py/hook/pythonpath_develop.ps1'
[0.941s] DEBUG:colcon.colcon_core.event_handler.log_command:Invoked command in '/home/lee/robot_ws/src/build/lifecycle_py' returned '0': PYTHONPATH=/home/lee/robot_ws/src/install/lifecycle_py/lib/python3.8/site-packages:${PYTHONPATH} /usr/bin/python3 setup.py develop --prefix /home/lee/robot_ws/src/install/lifecycle_py --editable --build-directory /home/lee/robot_ws/src/build/lifecycle_py/build --no-deps install_data --install-dir /home/lee/robot_ws/src/install/lifecycle_py
[0.942s] INFO:colcon.colcon_core.shell:Creating environment descriptor '/home/lee/robot_ws/src/build/lifecycle_py/share/lifecycle_py/hook/pythonpath_develop.dsv'
[0.942s] INFO:colcon.colcon_core.shell:Creating environment hook '/home/lee/robot_ws/src/build/lifecycle_py/share/lifecycle_py/hook/pythonpath_develop.sh'
[0.946s] Level 1:colcon.colcon_core.environment:checking '/home/lee/robot_ws/src/install/lifecycle_py' for CMake module files
[0.946s] Level 1:colcon.colcon_core.environment:checking '/home/lee/robot_ws/src/install/lifecycle_py' for CMake config files
[0.947s] Level 1:colcon.colcon_core.environment:checking '/home/lee/robot_ws/src/install/lifecycle_py/lib'
[0.947s] Level 1:colcon.colcon_core.environment:checking '/home/lee/robot_ws/src/install/lifecycle_py/bin'
[0.947s] Level 1:colcon.colcon_core.environment:checking '/home/lee/robot_ws/src/install/lifecycle_py/lib/pkgconfig/lifecycle_py.pc'
[0.947s] Level 1:colcon.colcon_core.environment:checking '/home/lee/robot_ws/src/install/lifecycle_py/lib/python3.8/site-packages'
[0.947s] Level 1:colcon.colcon_core.shell:create_environment_hook('lifecycle_py', 'pythonpath')
[0.949s] INFO:colcon.colcon_core.shell:Creating environment hook '/home/lee/robot_ws/src/install/lifecycle_py/share/lifecycle_py/hook/pythonpath.ps1'
[0.949s] INFO:colcon.colcon_core.shell:Creating environment descriptor '/home/lee/robot_ws/src/install/lifecycle_py/share/lifecycle_py/hook/pythonpath.dsv'
[0.949s] INFO:colcon.colcon_core.shell:Creating environment hook '/home/lee/robot_ws/src/install/lifecycle_py/share/lifecycle_py/hook/pythonpath.sh'
[0.949s] Level 1:colcon.colcon_core.environment:checking '/home/lee/robot_ws/src/install/lifecycle_py/bin'
[0.949s] Level 1:colcon.colcon_core.environment:create_environment_scripts_only(lifecycle_py)
[0.951s] INFO:colcon.colcon_core.shell:Creating package script '/home/lee/robot_ws/src/install/lifecycle_py/share/lifecycle_py/package.ps1'
[0.951s] INFO:colcon.colcon_core.shell:Creating package descriptor '/home/lee/robot_ws/src/install/lifecycle_py/share/lifecycle_py/package.dsv'
[0.952s] INFO:colcon.colcon_core.shell:Creating package script '/home/lee/robot_ws/src/install/lifecycle_py/share/lifecycle_py/package.sh'
[0.952s] INFO:colcon.colcon_core.shell:Creating package script '/home/lee/robot_ws/src/install/lifecycle_py/share/lifecycle_py/package.bash'
[0.953s] INFO:colcon.colcon_core.shell:Creating package script '/home/lee/robot_ws/src/install/lifecycle_py/share/lifecycle_py/package.zsh'
[0.953s] Level 1:colcon.colcon_core.environment:create_file_with_runtime_dependencies(/home/lee/robot_ws/src/install/lifecycle_py/share/colcon-core/packages/lifecycle_py)
[0.953s] DEBUG:colcon.colcon_parallel_executor.executor.parallel:closing loop
[0.954s] DEBUG:colcon.colcon_parallel_executor.executor.parallel:loop closed
[0.954s] DEBUG:colcon.colcon_parallel_executor.executor.parallel:run_until_complete finished with '0'
[0.954s] DEBUG:colcon.colcon_core.event_reactor:joining thread
[0.958s] INFO:colcon.colcon_core.plugin_system:Skipping extension 'colcon_notification.desktop_notification.terminal_notifier': Not used on non-Darwin systems
[0.958s] INFO:colcon.colcon_core.plugin_system:Skipping extension 'colcon_notification.desktop_notification.win32': Not used on non-Windows systems
[0.958s] INFO:colcon.colcon_notification.desktop_notification:Sending desktop notification using 'notify2'
[0.968s] DEBUG:colcon.colcon_core.event_reactor:joined thread
[0.970s] INFO:colcon.colcon_core.shell:Creating prefix script '/home/lee/robot_ws/src/install/local_setup.ps1'
[0.970s] INFO:colcon.colcon_core.shell:Creating prefix util module '/home/lee/robot_ws/src/install/_local_setup_util_ps1.py'
[0.971s] INFO:colcon.colcon_core.shell:Creating prefix chain script '/home/lee/robot_ws/src/install/setup.ps1'
[0.973s] INFO:colcon.colcon_core.shell:Creating prefix script '/home/lee/robot_ws/src/install/local_setup.sh'
[0.973s] INFO:colcon.colcon_core.shell:Creating prefix util module '/home/lee/robot_ws/src/install/_local_setup_util_sh.py'
[0.973s] INFO:colcon.colcon_core.shell:Creating prefix chain script '/home/lee/robot_ws/src/install/setup.sh'
[0.975s] INFO:colcon.colcon_core.shell:Creating prefix script '/home/lee/robot_ws/src/install/local_setup.bash'
[0.975s] INFO:colcon.colcon_core.shell:Creating prefix chain script '/home/lee/robot_ws/src/install/setup.bash'
[0.976s] INFO:colcon.colcon_core.shell:Creating prefix script '/home/lee/robot_ws/src/install/local_setup.zsh'
[0.977s] INFO:colcon.colcon_core.shell:Creating prefix chain script '/home/lee/robot_ws/src/install/setup.zsh'
