[0.105s] DEBUG:colcon:Command line arguments: ['/usr/bin/colcon', 'build', '--symlink-install', '--packages-select', 'topic_service_action_rclcpp_example']
[0.106s] DEBUG:colcon:Parsed command line arguments: Namespace(allow_overriding=[], ament_cmake_args=None, base_paths=['.'], build_base='build', catkin_cmake_args=None, catkin_skip_building_tests=False, cmake_args=None, cmake_clean_cache=False, cmake_clean_first=False, cmake_force_configure=False, cmake_target=None, cmake_target_skip_unavailable=False, continue_on_error=False, event_handlers=None, executor='parallel', ignore_user_meta=False, install_base='install', log_base=None, log_level=None, main=<bound method BuildVerb.main of <colcon_core.verb.build.BuildVerb object at 0x7fb659323df0>>, merge_install=False, metas=['./colcon.meta'], packages_above=None, packages_above_and_dependencies=None, packages_above_depth=None, packages_end=None, packages_ignore=None, packages_ignore_regex=None, packages_select=['topic_service_action_rclcpp_example'], packages_select_build_failed=False, packages_select_by_dep=None, packages_select_regex=None, packages_select_test_failures=False, packages_skip=None, packages_skip_build_finished=False, packages_skip_by_dep=None, packages_skip_regex=None, packages_skip_test_passed=False, packages_skip_up_to=None, packages_start=None, packages_up_to=None, packages_up_to_regex=None, parallel_workers=12, paths=None, symlink_install=True, test_result_base=None, verb_extension=<colcon_core.verb.build.BuildVerb object at 0x7fb659323df0>, verb_name='build', verb_parser=<colcon_defaults.argument_parser.defaults.DefaultArgumentsDecorator object at 0x7fb65932e3a0>)
[0.123s] Level 1:colcon.colcon_core.package_discovery:discover_packages(colcon_meta) check parameters
[0.123s] Level 1:colcon.colcon_core.package_discovery:discover_packages(recursive) check parameters
[0.123s] Level 1:colcon.colcon_core.package_discovery:discover_packages(ignore) check parameters
[0.123s] Level 1:colcon.colcon_core.package_discovery:discover_packages(path) check parameters
[0.123s] Level 1:colcon.colcon_core.package_discovery:discover_packages(colcon_meta) discover
[0.123s] Level 1:colcon.colcon_core.package_discovery:discover_packages(recursive) discover
[0.124s] INFO:colcon.colcon_core.package_discovery:Crawling recursively for packages in '/home/lee/robot_ws'
[0.124s] Level 1:colcon.colcon_core.package_identification:_identify(.) by extensions ['ignore', 'ignore_ament_install']
[0.124s] Level 1:colcon.colcon_core.package_identification:_identify(.) by extension 'ignore'
[0.124s] Level 1:colcon.colcon_core.package_identification:_identify(.) by extension 'ignore_ament_install'
[0.124s] Level 1:colcon.colcon_core.package_identification:_identify(.) by extensions ['colcon_pkg']
[0.124s] Level 1:colcon.colcon_core.package_identification:_identify(.) by extension 'colcon_pkg'
[0.124s] Level 1:colcon.colcon_core.package_identification:_identify(.) by extensions ['colcon_meta']
[0.124s] Level 1:colcon.colcon_core.package_identification:_identify(.) by extension 'colcon_meta'
[0.124s] Level 1:colcon.colcon_core.package_identification:_identify(.) by extensions ['ros']
[0.124s] Level 1:colcon.colcon_core.package_identification:_identify(.) by extension 'ros'
[0.137s] Level 1:colcon.colcon_core.package_identification:_identify(.) by extensions ['cmake', 'python']
[0.137s] Level 1:colcon.colcon_core.package_identification:_identify(.) by extension 'cmake'
[0.137s] Level 1:colcon.colcon_core.package_identification:_identify(.) by extension 'python'
[0.137s] Level 1:colcon.colcon_core.package_identification:_identify(.) by extensions ['python_setup_py']
[0.137s] Level 1:colcon.colcon_core.package_identification:_identify(.) by extension 'python_setup_py'
[0.137s] Level 1:colcon.colcon_core.package_identification:_identify(build) by extensions ['ignore', 'ignore_ament_install']
[0.137s] Level 1:colcon.colcon_core.package_identification:_identify(build) by extension 'ignore'
[0.137s] Level 1:colcon.colcon_core.package_identification:_identify(build) ignored
[0.137s] Level 1:colcon.colcon_core.package_identification:_identify(install) by extensions ['ignore', 'ignore_ament_install']
[0.137s] Level 1:colcon.colcon_core.package_identification:_identify(install) by extension 'ignore'
[0.137s] Level 1:colcon.colcon_core.package_identification:_identify(install) ignored
[0.137s] Level 1:colcon.colcon_core.package_identification:_identify(log) by extensions ['ignore', 'ignore_ament_install']
[0.138s] Level 1:colcon.colcon_core.package_identification:_identify(log) by extension 'ignore'
[0.138s] Level 1:colcon.colcon_core.package_identification:_identify(log) ignored
[0.138s] Level 1:colcon.colcon_core.package_identification:_identify(src) by extensions ['ignore', 'ignore_ament_install']
[0.138s] Level 1:colcon.colcon_core.package_identification:_identify(src) by extension 'ignore'
[0.138s] Level 1:colcon.colcon_core.package_identification:_identify(src) by extension 'ignore_ament_install'
[0.138s] Level 1:colcon.colcon_core.package_identification:_identify(src) by extensions ['colcon_pkg']
[0.138s] Level 1:colcon.colcon_core.package_identification:_identify(src) by extension 'colcon_pkg'
[0.138s] Level 1:colcon.colcon_core.package_identification:_identify(src) by extensions ['colcon_meta']
[0.138s] Level 1:colcon.colcon_core.package_identification:_identify(src) by extension 'colcon_meta'
[0.138s] Level 1:colcon.colcon_core.package_identification:_identify(src) by extensions ['ros']
[0.138s] Level 1:colcon.colcon_core.package_identification:_identify(src) by extension 'ros'
[0.138s] Level 1:colcon.colcon_core.package_identification:_identify(src) by extensions ['cmake', 'python']
[0.138s] Level 1:colcon.colcon_core.package_identification:_identify(src) by extension 'cmake'
[0.138s] Level 1:colcon.colcon_core.package_identification:_identify(src) by extension 'python'
[0.138s] Level 1:colcon.colcon_core.package_identification:_identify(src) by extensions ['python_setup_py']
[0.138s] Level 1:colcon.colcon_core.package_identification:_identify(src) by extension 'python_setup_py'
[0.138s] Level 1:colcon.colcon_core.package_identification:_identify(src/msg_interface_py_test) by extensions ['ignore', 'ignore_ament_install']
[0.138s] Level 1:colcon.colcon_core.package_identification:_identify(src/msg_interface_py_test) by extension 'ignore'
[0.138s] Level 1:colcon.colcon_core.package_identification:_identify(src/msg_interface_py_test) by extension 'ignore_ament_install'
[0.138s] Level 1:colcon.colcon_core.package_identification:_identify(src/msg_interface_py_test) by extensions ['colcon_pkg']
[0.138s] Level 1:colcon.colcon_core.package_identification:_identify(src/msg_interface_py_test) by extension 'colcon_pkg'
[0.138s] Level 1:colcon.colcon_core.package_identification:_identify(src/msg_interface_py_test) by extensions ['colcon_meta']
[0.138s] Level 1:colcon.colcon_core.package_identification:_identify(src/msg_interface_py_test) by extension 'colcon_meta'
[0.138s] Level 1:colcon.colcon_core.package_identification:_identify(src/msg_interface_py_test) by extensions ['ros']
[0.138s] Level 1:colcon.colcon_core.package_identification:_identify(src/msg_interface_py_test) by extension 'ros'
[0.140s] DEBUG:colcon.colcon_core.package_identification:Package 'src/msg_interface_py_test' with type 'ros.ament_cmake' and name 'msg_interface_py_test'
[0.140s] Level 1:colcon.colcon_core.package_identification:_identify(src/msg_srv_action_interface_py_test) by extensions ['ignore', 'ignore_ament_install']
[0.140s] Level 1:colcon.colcon_core.package_identification:_identify(src/msg_srv_action_interface_py_test) by extension 'ignore'
[0.140s] Level 1:colcon.colcon_core.package_identification:_identify(src/msg_srv_action_interface_py_test) by extension 'ignore_ament_install'
[0.140s] Level 1:colcon.colcon_core.package_identification:_identify(src/msg_srv_action_interface_py_test) by extensions ['colcon_pkg']
[0.140s] Level 1:colcon.colcon_core.package_identification:_identify(src/msg_srv_action_interface_py_test) by extension 'colcon_pkg'
[0.140s] Level 1:colcon.colcon_core.package_identification:_identify(src/msg_srv_action_interface_py_test) by extensions ['colcon_meta']
[0.140s] Level 1:colcon.colcon_core.package_identification:_identify(src/msg_srv_action_interface_py_test) by extension 'colcon_meta'
[0.140s] Level 1:colcon.colcon_core.package_identification:_identify(src/msg_srv_action_interface_py_test) by extensions ['ros']
[0.140s] Level 1:colcon.colcon_core.package_identification:_identify(src/msg_srv_action_interface_py_test) by extension 'ros'
[0.141s] DEBUG:colcon.colcon_core.package_identification:Package 'src/msg_srv_action_interface_py_test' with type 'ros.ament_cmake' and name 'msg_srv_action_interface_py_test'
[0.141s] Level 1:colcon.colcon_core.package_identification:_identify(src/msg_srv_interface_py_test) by extensions ['ignore', 'ignore_ament_install']
[0.141s] Level 1:colcon.colcon_core.package_identification:_identify(src/msg_srv_interface_py_test) by extension 'ignore'
[0.141s] Level 1:colcon.colcon_core.package_identification:_identify(src/msg_srv_interface_py_test) by extension 'ignore_ament_install'
[0.141s] Level 1:colcon.colcon_core.package_identification:_identify(src/msg_srv_interface_py_test) by extensions ['colcon_pkg']
[0.141s] Level 1:colcon.colcon_core.package_identification:_identify(src/msg_srv_interface_py_test) by extension 'colcon_pkg'
[0.141s] Level 1:colcon.colcon_core.package_identification:_identify(src/msg_srv_interface_py_test) by extensions ['colcon_meta']
[0.141s] Level 1:colcon.colcon_core.package_identification:_identify(src/msg_srv_interface_py_test) by extension 'colcon_meta'
[0.141s] Level 1:colcon.colcon_core.package_identification:_identify(src/msg_srv_interface_py_test) by extensions ['ros']
[0.141s] Level 1:colcon.colcon_core.package_identification:_identify(src/msg_srv_interface_py_test) by extension 'ros'
[0.141s] DEBUG:colcon.colcon_core.package_identification:Package 'src/msg_srv_interface_py_test' with type 'ros.ament_cmake' and name 'msg_srv_interface_py_test'
[0.141s] Level 1:colcon.colcon_core.package_identification:_identify(src/ros2-seminar-examples) by extensions ['ignore', 'ignore_ament_install']
[0.141s] Level 1:colcon.colcon_core.package_identification:_identify(src/ros2-seminar-examples) by extension 'ignore'
[0.141s] Level 1:colcon.colcon_core.package_identification:_identify(src/ros2-seminar-examples) by extension 'ignore_ament_install'
[0.142s] Level 1:colcon.colcon_core.package_identification:_identify(src/ros2-seminar-examples) by extensions ['colcon_pkg']
[0.142s] Level 1:colcon.colcon_core.package_identification:_identify(src/ros2-seminar-examples) by extension 'colcon_pkg'
[0.142s] Level 1:colcon.colcon_core.package_identification:_identify(src/ros2-seminar-examples) by extensions ['colcon_meta']
[0.142s] Level 1:colcon.colcon_core.package_identification:_identify(src/ros2-seminar-examples) by extension 'colcon_meta'
[0.142s] Level 1:colcon.colcon_core.package_identification:_identify(src/ros2-seminar-examples) by extensions ['ros']
[0.142s] Level 1:colcon.colcon_core.package_identification:_identify(src/ros2-seminar-examples) by extension 'ros'
[0.142s] Level 1:colcon.colcon_core.package_identification:_identify(src/ros2-seminar-examples) by extensions ['cmake', 'python']
[0.142s] Level 1:colcon.colcon_core.package_identification:_identify(src/ros2-seminar-examples) by extension 'cmake'
[0.142s] Level 1:colcon.colcon_core.package_identification:_identify(src/ros2-seminar-examples) by extension 'python'
[0.142s] Level 1:colcon.colcon_core.package_identification:_identify(src/ros2-seminar-examples) by extensions ['python_setup_py']
[0.142s] Level 1:colcon.colcon_core.package_identification:_identify(src/ros2-seminar-examples) by extension 'python_setup_py'
[0.142s] Level 1:colcon.colcon_core.package_identification:_identify(src/ros2-seminar-examples/logging_rclpy_example) by extensions ['ignore', 'ignore_ament_install']
[0.142s] Level 1:colcon.colcon_core.package_identification:_identify(src/ros2-seminar-examples/logging_rclpy_example) by extension 'ignore'
[0.142s] Level 1:colcon.colcon_core.package_identification:_identify(src/ros2-seminar-examples/logging_rclpy_example) by extension 'ignore_ament_install'
[0.142s] Level 1:colcon.colcon_core.package_identification:_identify(src/ros2-seminar-examples/logging_rclpy_example) by extensions ['colcon_pkg']
[0.142s] Level 1:colcon.colcon_core.package_identification:_identify(src/ros2-seminar-examples/logging_rclpy_example) by extension 'colcon_pkg'
[0.142s] Level 1:colcon.colcon_core.package_identification:_identify(src/ros2-seminar-examples/logging_rclpy_example) by extensions ['colcon_meta']
[0.142s] Level 1:colcon.colcon_core.package_identification:_identify(src/ros2-seminar-examples/logging_rclpy_example) by extension 'colcon_meta'
[0.142s] Level 1:colcon.colcon_core.package_identification:_identify(src/ros2-seminar-examples/logging_rclpy_example) by extensions ['ros']
[0.142s] Level 1:colcon.colcon_core.package_identification:_identify(src/ros2-seminar-examples/logging_rclpy_example) by extension 'ros'
[0.143s] DEBUG:colcon.colcon_core.package_identification:Package 'src/ros2-seminar-examples/logging_rclpy_example' with type 'ros.ament_python' and name 'logging_rclpy_example'
[0.143s] Level 1:colcon.colcon_core.package_identification:_identify(src/ros2-seminar-examples/msg_srv_action_interface_example) by extensions ['ignore', 'ignore_ament_install']
[0.143s] Level 1:colcon.colcon_core.package_identification:_identify(src/ros2-seminar-examples/msg_srv_action_interface_example) by extension 'ignore'
[0.143s] Level 1:colcon.colcon_core.package_identification:_identify(src/ros2-seminar-examples/msg_srv_action_interface_example) by extension 'ignore_ament_install'
[0.143s] Level 1:colcon.colcon_core.package_identification:_identify(src/ros2-seminar-examples/msg_srv_action_interface_example) by extensions ['colcon_pkg']
[0.143s] Level 1:colcon.colcon_core.package_identification:_identify(src/ros2-seminar-examples/msg_srv_action_interface_example) by extension 'colcon_pkg'
[0.143s] Level 1:colcon.colcon_core.package_identification:_identify(src/ros2-seminar-examples/msg_srv_action_interface_example) by extensions ['colcon_meta']
[0.143s] Level 1:colcon.colcon_core.package_identification:_identify(src/ros2-seminar-examples/msg_srv_action_interface_example) by extension 'colcon_meta'
[0.143s] Level 1:colcon.colcon_core.package_identification:_identify(src/ros2-seminar-examples/msg_srv_action_interface_example) by extensions ['ros']
[0.143s] Level 1:colcon.colcon_core.package_identification:_identify(src/ros2-seminar-examples/msg_srv_action_interface_example) by extension 'ros'
[0.143s] DEBUG:colcon.colcon_core.package_identification:Package 'src/ros2-seminar-examples/msg_srv_action_interface_example' with type 'ros.ament_cmake' and name 'msg_srv_action_interface_example'
[0.143s] Level 1:colcon.colcon_core.package_identification:_identify(src/ros2-seminar-examples/my_first_ros_rclpy_pkg) by extensions ['ignore', 'ignore_ament_install']
[0.143s] Level 1:colcon.colcon_core.package_identification:_identify(src/ros2-seminar-examples/my_first_ros_rclpy_pkg) by extension 'ignore'
[0.143s] Level 1:colcon.colcon_core.package_identification:_identify(src/ros2-seminar-examples/my_first_ros_rclpy_pkg) by extension 'ignore_ament_install'
[0.143s] Level 1:colcon.colcon_core.package_identification:_identify(src/ros2-seminar-examples/my_first_ros_rclpy_pkg) by extensions ['colcon_pkg']
[0.144s] Level 1:colcon.colcon_core.package_identification:_identify(src/ros2-seminar-examples/my_first_ros_rclpy_pkg) by extension 'colcon_pkg'
[0.144s] Level 1:colcon.colcon_core.package_identification:_identify(src/ros2-seminar-examples/my_first_ros_rclpy_pkg) by extensions ['colcon_meta']
[0.144s] Level 1:colcon.colcon_core.package_identification:_identify(src/ros2-seminar-examples/my_first_ros_rclpy_pkg) by extension 'colcon_meta'
[0.144s] Level 1:colcon.colcon_core.package_identification:_identify(src/ros2-seminar-examples/my_first_ros_rclpy_pkg) by extensions ['ros']
[0.144s] Level 1:colcon.colcon_core.package_identification:_identify(src/ros2-seminar-examples/my_first_ros_rclpy_pkg) by extension 'ros'
[0.144s] DEBUG:colcon.colcon_core.package_identification:Package 'src/ros2-seminar-examples/my_first_ros_rclpy_pkg' with type 'ros.ament_python' and name 'my_first_ros_rclpy_pkg'
[0.144s] Level 1:colcon.colcon_core.package_identification:_identify(src/ros2-seminar-examples/ros2env) by extensions ['ignore', 'ignore_ament_install']
[0.144s] Level 1:colcon.colcon_core.package_identification:_identify(src/ros2-seminar-examples/ros2env) by extension 'ignore'
[0.144s] Level 1:colcon.colcon_core.package_identification:_identify(src/ros2-seminar-examples/ros2env) by extension 'ignore_ament_install'
[0.144s] Level 1:colcon.colcon_core.package_identification:_identify(src/ros2-seminar-examples/ros2env) by extensions ['colcon_pkg']
[0.144s] Level 1:colcon.colcon_core.package_identification:_identify(src/ros2-seminar-examples/ros2env) by extension 'colcon_pkg'
[0.144s] Level 1:colcon.colcon_core.package_identification:_identify(src/ros2-seminar-examples/ros2env) by extensions ['colcon_meta']
[0.144s] Level 1:colcon.colcon_core.package_identification:_identify(src/ros2-seminar-examples/ros2env) by extension 'colcon_meta'
[0.144s] Level 1:colcon.colcon_core.package_identification:_identify(src/ros2-seminar-examples/ros2env) by extensions ['ros']
[0.144s] Level 1:colcon.colcon_core.package_identification:_identify(src/ros2-seminar-examples/ros2env) by extension 'ros'
[0.145s] DEBUG:colcon.colcon_core.package_identification:Package 'src/ros2-seminar-examples/ros2env' with type 'ros.ament_python' and name 'ros2env'
[0.145s] Level 1:colcon.colcon_core.package_identification:_identify(src/ros2-seminar-examples/rqt_example) by extensions ['ignore', 'ignore_ament_install']
[0.145s] Level 1:colcon.colcon_core.package_identification:_identify(src/ros2-seminar-examples/rqt_example) by extension 'ignore'
[0.145s] Level 1:colcon.colcon_core.package_identification:_identify(src/ros2-seminar-examples/rqt_example) by extension 'ignore_ament_install'
[0.145s] Level 1:colcon.colcon_core.package_identification:_identify(src/ros2-seminar-examples/rqt_example) by extensions ['colcon_pkg']
[0.145s] Level 1:colcon.colcon_core.package_identification:_identify(src/ros2-seminar-examples/rqt_example) by extension 'colcon_pkg'
[0.145s] Level 1:colcon.colcon_core.package_identification:_identify(src/ros2-seminar-examples/rqt_example) by extensions ['colcon_meta']
[0.145s] Level 1:colcon.colcon_core.package_identification:_identify(src/ros2-seminar-examples/rqt_example) by extension 'colcon_meta'
[0.145s] Level 1:colcon.colcon_core.package_identification:_identify(src/ros2-seminar-examples/rqt_example) by extensions ['ros']
[0.145s] Level 1:colcon.colcon_core.package_identification:_identify(src/ros2-seminar-examples/rqt_example) by extension 'ros'
[0.146s] DEBUG:colcon.colcon_core.package_identification:Package 'src/ros2-seminar-examples/rqt_example' with type 'ros.ament_cmake' and name 'rqt_example'
[0.146s] Level 1:colcon.colcon_core.package_identification:_identify(src/ros2-seminar-examples/testbot_description) by extensions ['ignore', 'ignore_ament_install']
[0.146s] Level 1:colcon.colcon_core.package_identification:_identify(src/ros2-seminar-examples/testbot_description) by extension 'ignore'
[0.146s] Level 1:colcon.colcon_core.package_identification:_identify(src/ros2-seminar-examples/testbot_description) by extension 'ignore_ament_install'
[0.146s] Level 1:colcon.colcon_core.package_identification:_identify(src/ros2-seminar-examples/testbot_description) by extensions ['colcon_pkg']
[0.146s] Level 1:colcon.colcon_core.package_identification:_identify(src/ros2-seminar-examples/testbot_description) by extension 'colcon_pkg'
[0.146s] Level 1:colcon.colcon_core.package_identification:_identify(src/ros2-seminar-examples/testbot_description) by extensions ['colcon_meta']
[0.146s] Level 1:colcon.colcon_core.package_identification:_identify(src/ros2-seminar-examples/testbot_description) by extension 'colcon_meta'
[0.146s] Level 1:colcon.colcon_core.package_identification:_identify(src/ros2-seminar-examples/testbot_description) by extensions ['ros']
[0.146s] Level 1:colcon.colcon_core.package_identification:_identify(src/ros2-seminar-examples/testbot_description) by extension 'ros'
[0.146s] DEBUG:colcon.colcon_core.package_identification:Package 'src/ros2-seminar-examples/testbot_description' with type 'ros.ament_cmake' and name 'testbot_description'
[0.146s] Level 1:colcon.colcon_core.package_identification:_identify(src/ros2-seminar-examples/tf2_rclcpp_example) by extensions ['ignore', 'ignore_ament_install']
[0.146s] Level 1:colcon.colcon_core.package_identification:_identify(src/ros2-seminar-examples/tf2_rclcpp_example) by extension 'ignore'
[0.146s] Level 1:colcon.colcon_core.package_identification:_identify(src/ros2-seminar-examples/tf2_rclcpp_example) by extension 'ignore_ament_install'
[0.146s] Level 1:colcon.colcon_core.package_identification:_identify(src/ros2-seminar-examples/tf2_rclcpp_example) by extensions ['colcon_pkg']
[0.146s] Level 1:colcon.colcon_core.package_identification:_identify(src/ros2-seminar-examples/tf2_rclcpp_example) by extension 'colcon_pkg'
[0.146s] Level 1:colcon.colcon_core.package_identification:_identify(src/ros2-seminar-examples/tf2_rclcpp_example) by extensions ['colcon_meta']
[0.147s] Level 1:colcon.colcon_core.package_identification:_identify(src/ros2-seminar-examples/tf2_rclcpp_example) by extension 'colcon_meta'
[0.147s] Level 1:colcon.colcon_core.package_identification:_identify(src/ros2-seminar-examples/tf2_rclcpp_example) by extensions ['ros']
[0.147s] Level 1:colcon.colcon_core.package_identification:_identify(src/ros2-seminar-examples/tf2_rclcpp_example) by extension 'ros'
[0.147s] DEBUG:colcon.colcon_core.package_identification:Package 'src/ros2-seminar-examples/tf2_rclcpp_example' with type 'ros.ament_cmake' and name 'tf2_rclcpp_example'
[0.147s] Level 1:colcon.colcon_core.package_identification:_identify(src/ros2-seminar-examples/tf2_rclpy_example) by extensions ['ignore', 'ignore_ament_install']
[0.147s] Level 1:colcon.colcon_core.package_identification:_identify(src/ros2-seminar-examples/tf2_rclpy_example) by extension 'ignore'
[0.147s] Level 1:colcon.colcon_core.package_identification:_identify(src/ros2-seminar-examples/tf2_rclpy_example) by extension 'ignore_ament_install'
[0.147s] Level 1:colcon.colcon_core.package_identification:_identify(src/ros2-seminar-examples/tf2_rclpy_example) by extensions ['colcon_pkg']
[0.147s] Level 1:colcon.colcon_core.package_identification:_identify(src/ros2-seminar-examples/tf2_rclpy_example) by extension 'colcon_pkg'
[0.147s] Level 1:colcon.colcon_core.package_identification:_identify(src/ros2-seminar-examples/tf2_rclpy_example) by extensions ['colcon_meta']
[0.147s] Level 1:colcon.colcon_core.package_identification:_identify(src/ros2-seminar-examples/tf2_rclpy_example) by extension 'colcon_meta'
[0.147s] Level 1:colcon.colcon_core.package_identification:_identify(src/ros2-seminar-examples/tf2_rclpy_example) by extensions ['ros']
[0.147s] Level 1:colcon.colcon_core.package_identification:_identify(src/ros2-seminar-examples/tf2_rclpy_example) by extension 'ros'
[0.148s] DEBUG:colcon.colcon_core.package_identification:Package 'src/ros2-seminar-examples/tf2_rclpy_example' with type 'ros.ament_python' and name 'tf2_rclpy_example'
[0.148s] Level 1:colcon.colcon_core.package_identification:_identify(src/ros2-seminar-examples/time_rclcpp_example) by extensions ['ignore', 'ignore_ament_install']
[0.148s] Level 1:colcon.colcon_core.package_identification:_identify(src/ros2-seminar-examples/time_rclcpp_example) by extension 'ignore'
[0.148s] Level 1:colcon.colcon_core.package_identification:_identify(src/ros2-seminar-examples/time_rclcpp_example) by extension 'ignore_ament_install'
[0.148s] Level 1:colcon.colcon_core.package_identification:_identify(src/ros2-seminar-examples/time_rclcpp_example) by extensions ['colcon_pkg']
[0.148s] Level 1:colcon.colcon_core.package_identification:_identify(src/ros2-seminar-examples/time_rclcpp_example) by extension 'colcon_pkg'
[0.148s] Level 1:colcon.colcon_core.package_identification:_identify(src/ros2-seminar-examples/time_rclcpp_example) by extensions ['colcon_meta']
[0.148s] Level 1:colcon.colcon_core.package_identification:_identify(src/ros2-seminar-examples/time_rclcpp_example) by extension 'colcon_meta'
[0.148s] Level 1:colcon.colcon_core.package_identification:_identify(src/ros2-seminar-examples/time_rclcpp_example) by extensions ['ros']
[0.148s] Level 1:colcon.colcon_core.package_identification:_identify(src/ros2-seminar-examples/time_rclcpp_example) by extension 'ros'
[0.149s] DEBUG:colcon.colcon_core.package_identification:Package 'src/ros2-seminar-examples/time_rclcpp_example' with type 'ros.ament_cmake' and name 'time_rclcpp_example'
[0.149s] Level 1:colcon.colcon_core.package_identification:_identify(src/ros2-seminar-examples/time_rclpy_example) by extensions ['ignore', 'ignore_ament_install']
[0.149s] Level 1:colcon.colcon_core.package_identification:_identify(src/ros2-seminar-examples/time_rclpy_example) by extension 'ignore'
[0.149s] Level 1:colcon.colcon_core.package_identification:_identify(src/ros2-seminar-examples/time_rclpy_example) by extension 'ignore_ament_install'
[0.149s] Level 1:colcon.colcon_core.package_identification:_identify(src/ros2-seminar-examples/time_rclpy_example) by extensions ['colcon_pkg']
[0.149s] Level 1:colcon.colcon_core.package_identification:_identify(src/ros2-seminar-examples/time_rclpy_example) by extension 'colcon_pkg'
[0.149s] Level 1:colcon.colcon_core.package_identification:_identify(src/ros2-seminar-examples/time_rclpy_example) by extensions ['colcon_meta']
[0.149s] Level 1:colcon.colcon_core.package_identification:_identify(src/ros2-seminar-examples/time_rclpy_example) by extension 'colcon_meta'
[0.149s] Level 1:colcon.colcon_core.package_identification:_identify(src/ros2-seminar-examples/time_rclpy_example) by extensions ['ros']
[0.149s] Level 1:colcon.colcon_core.package_identification:_identify(src/ros2-seminar-examples/time_rclpy_example) by extension 'ros'
[0.149s] DEBUG:colcon.colcon_core.package_identification:Package 'src/ros2-seminar-examples/time_rclpy_example' with type 'ros.ament_python' and name 'time_rclpy_example'
[0.150s] Level 1:colcon.colcon_core.package_identification:_identify(src/ros2-seminar-examples/topic_service_action_rclcpp_example) by extensions ['ignore', 'ignore_ament_install']
[0.150s] Level 1:colcon.colcon_core.package_identification:_identify(src/ros2-seminar-examples/topic_service_action_rclcpp_example) by extension 'ignore'
[0.150s] Level 1:colcon.colcon_core.package_identification:_identify(src/ros2-seminar-examples/topic_service_action_rclcpp_example) by extension 'ignore_ament_install'
[0.150s] Level 1:colcon.colcon_core.package_identification:_identify(src/ros2-seminar-examples/topic_service_action_rclcpp_example) by extensions ['colcon_pkg']
[0.150s] Level 1:colcon.colcon_core.package_identification:_identify(src/ros2-seminar-examples/topic_service_action_rclcpp_example) by extension 'colcon_pkg'
[0.150s] Level 1:colcon.colcon_core.package_identification:_identify(src/ros2-seminar-examples/topic_service_action_rclcpp_example) by extensions ['colcon_meta']
[0.150s] Level 1:colcon.colcon_core.package_identification:_identify(src/ros2-seminar-examples/topic_service_action_rclcpp_example) by extension 'colcon_meta'
[0.150s] Level 1:colcon.colcon_core.package_identification:_identify(src/ros2-seminar-examples/topic_service_action_rclcpp_example) by extensions ['ros']
[0.150s] Level 1:colcon.colcon_core.package_identification:_identify(src/ros2-seminar-examples/topic_service_action_rclcpp_example) by extension 'ros'
[0.150s] DEBUG:colcon.colcon_core.package_identification:Package 'src/ros2-seminar-examples/topic_service_action_rclcpp_example' with type 'ros.ament_cmake' and name 'topic_service_action_rclcpp_example'
[0.150s] Level 1:colcon.colcon_core.package_identification:_identify(src/ros2-seminar-examples/topic_service_action_rclpy_example) by extensions ['ignore', 'ignore_ament_install']
[0.150s] Level 1:colcon.colcon_core.package_identification:_identify(src/ros2-seminar-examples/topic_service_action_rclpy_example) by extension 'ignore'
[0.150s] Level 1:colcon.colcon_core.package_identification:_identify(src/ros2-seminar-examples/topic_service_action_rclpy_example) by extension 'ignore_ament_install'
[0.150s] Level 1:colcon.colcon_core.package_identification:_identify(src/ros2-seminar-examples/topic_service_action_rclpy_example) by extensions ['colcon_pkg']
[0.150s] Level 1:colcon.colcon_core.package_identification:_identify(src/ros2-seminar-examples/topic_service_action_rclpy_example) by extension 'colcon_pkg'
[0.150s] Level 1:colcon.colcon_core.package_identification:_identify(src/ros2-seminar-examples/topic_service_action_rclpy_example) by extensions ['colcon_meta']
[0.151s] Level 1:colcon.colcon_core.package_identification:_identify(src/ros2-seminar-examples/topic_service_action_rclpy_example) by extension 'colcon_meta'
[0.151s] Level 1:colcon.colcon_core.package_identification:_identify(src/ros2-seminar-examples/topic_service_action_rclpy_example) by extensions ['ros']
[0.151s] Level 1:colcon.colcon_core.package_identification:_identify(src/ros2-seminar-examples/topic_service_action_rclpy_example) by extension 'ros'
[0.151s] DEBUG:colcon.colcon_core.package_identification:Package 'src/ros2-seminar-examples/topic_service_action_rclpy_example' with type 'ros.ament_python' and name 'topic_service_action_rclpy_example'
[0.151s] Level 1:colcon.colcon_core.package_identification:_identify(src/test_lee_rclcpp) by extensions ['ignore', 'ignore_ament_install']
[0.151s] Level 1:colcon.colcon_core.package_identification:_identify(src/test_lee_rclcpp) by extension 'ignore'
[0.151s] Level 1:colcon.colcon_core.package_identification:_identify(src/test_lee_rclcpp) by extension 'ignore_ament_install'
[0.151s] Level 1:colcon.colcon_core.package_identification:_identify(src/test_lee_rclcpp) by extensions ['colcon_pkg']
[0.151s] Level 1:colcon.colcon_core.package_identification:_identify(src/test_lee_rclcpp) by extension 'colcon_pkg'
[0.151s] Level 1:colcon.colcon_core.package_identification:_identify(src/test_lee_rclcpp) by extensions ['colcon_meta']
[0.151s] Level 1:colcon.colcon_core.package_identification:_identify(src/test_lee_rclcpp) by extension 'colcon_meta'
[0.151s] Level 1:colcon.colcon_core.package_identification:_identify(src/test_lee_rclcpp) by extensions ['ros']
[0.151s] Level 1:colcon.colcon_core.package_identification:_identify(src/test_lee_rclcpp) by extension 'ros'
[0.152s] DEBUG:colcon.colcon_core.package_identification:Package 'src/test_lee_rclcpp' with type 'ros.ament_cmake' and name 'test_lee_rclcpp'
[0.152s] Level 1:colcon.colcon_core.package_identification:_identify(src/test_lee_rclpy) by extensions ['ignore', 'ignore_ament_install']
[0.152s] Level 1:colcon.colcon_core.package_identification:_identify(src/test_lee_rclpy) by extension 'ignore'
[0.152s] Level 1:colcon.colcon_core.package_identification:_identify(src/test_lee_rclpy) by extension 'ignore_ament_install'
[0.152s] Level 1:colcon.colcon_core.package_identification:_identify(src/test_lee_rclpy) by extensions ['colcon_pkg']
[0.152s] Level 1:colcon.colcon_core.package_identification:_identify(src/test_lee_rclpy) by extension 'colcon_pkg'
[0.152s] Level 1:colcon.colcon_core.package_identification:_identify(src/test_lee_rclpy) by extensions ['colcon_meta']
[0.152s] Level 1:colcon.colcon_core.package_identification:_identify(src/test_lee_rclpy) by extension 'colcon_meta'
[0.152s] Level 1:colcon.colcon_core.package_identification:_identify(src/test_lee_rclpy) by extensions ['ros']
[0.152s] Level 1:colcon.colcon_core.package_identification:_identify(src/test_lee_rclpy) by extension 'ros'
[0.153s] DEBUG:colcon.colcon_core.package_identification:Package 'src/test_lee_rclpy' with type 'ros.ament_python' and name 'test_lee_rclpy'
[0.153s] Level 1:colcon.colcon_core.package_discovery:discover_packages(recursive) using defaults
[0.153s] Level 1:colcon.colcon_core.package_discovery:discover_packages(ignore) discover
[0.153s] Level 1:colcon.colcon_core.package_discovery:discover_packages(ignore) using defaults
[0.153s] Level 1:colcon.colcon_core.package_discovery:discover_packages(path) discover
[0.153s] Level 1:colcon.colcon_core.package_discovery:discover_packages(path) using defaults
[0.169s] INFO:colcon.colcon_core.package_selection:Skipping not selected package 'logging_rclpy_example' in 'src/ros2-seminar-examples/logging_rclpy_example'
[0.169s] INFO:colcon.colcon_core.package_selection:Skipping not selected package 'msg_interface_py_test' in 'src/msg_interface_py_test'
[0.169s] INFO:colcon.colcon_core.package_selection:Skipping not selected package 'msg_srv_action_interface_example' in 'src/ros2-seminar-examples/msg_srv_action_interface_example'
[0.169s] INFO:colcon.colcon_core.package_selection:Skipping not selected package 'msg_srv_action_interface_py_test' in 'src/msg_srv_action_interface_py_test'
[0.169s] INFO:colcon.colcon_core.package_selection:Skipping not selected package 'msg_srv_interface_py_test' in 'src/msg_srv_interface_py_test'
[0.169s] INFO:colcon.colcon_core.package_selection:Skipping not selected package 'my_first_ros_rclpy_pkg' in 'src/ros2-seminar-examples/my_first_ros_rclpy_pkg'
[0.169s] INFO:colcon.colcon_core.package_selection:Skipping not selected package 'ros2env' in 'src/ros2-seminar-examples/ros2env'
[0.169s] INFO:colcon.colcon_core.package_selection:Skipping not selected package 'rqt_example' in 'src/ros2-seminar-examples/rqt_example'
[0.169s] INFO:colcon.colcon_core.package_selection:Skipping not selected package 'test_lee_rclcpp' in 'src/test_lee_rclcpp'
[0.169s] INFO:colcon.colcon_core.package_selection:Skipping not selected package 'testbot_description' in 'src/ros2-seminar-examples/testbot_description'
[0.169s] INFO:colcon.colcon_core.package_selection:Skipping not selected package 'tf2_rclcpp_example' in 'src/ros2-seminar-examples/tf2_rclcpp_example'
[0.169s] INFO:colcon.colcon_core.package_selection:Skipping not selected package 'tf2_rclpy_example' in 'src/ros2-seminar-examples/tf2_rclpy_example'
[0.169s] INFO:colcon.colcon_core.package_selection:Skipping not selected package 'time_rclcpp_example' in 'src/ros2-seminar-examples/time_rclcpp_example'
[0.169s] INFO:colcon.colcon_core.package_selection:Skipping not selected package 'time_rclpy_example' in 'src/ros2-seminar-examples/time_rclpy_example'
[0.169s] INFO:colcon.colcon_core.package_selection:Skipping not selected package 'test_lee_rclpy' in 'src/test_lee_rclpy'
[0.169s] INFO:colcon.colcon_core.package_selection:Skipping not selected package 'topic_service_action_rclpy_example' in 'src/ros2-seminar-examples/topic_service_action_rclpy_example'
[0.170s] Level 1:colcon.colcon_core.package_discovery:discover_packages(prefix_path) check parameters
[0.170s] Level 1:colcon.colcon_core.package_discovery:discover_packages(prefix_path) discover
[0.172s] DEBUG:colcon.colcon_installed_package_information.package_discovery:Found 18 installed packages in /home/lee/robot_ws/install
[0.174s] DEBUG:colcon.colcon_installed_package_information.package_discovery:Found 258 installed packages in /opt/ros/foxy
[0.175s] Level 1:colcon.colcon_core.package_discovery:discover_packages(prefix_path) using defaults
[0.216s] Level 5:colcon.colcon_core.verb:set package 'topic_service_action_rclcpp_example' build argument 'cmake_args' from command line to 'None'
[0.216s] Level 5:colcon.colcon_core.verb:set package 'topic_service_action_rclcpp_example' build argument 'cmake_target' from command line to 'None'
[0.216s] Level 5:colcon.colcon_core.verb:set package 'topic_service_action_rclcpp_example' build argument 'cmake_target_skip_unavailable' from command line to 'False'
[0.216s] Level 5:colcon.colcon_core.verb:set package 'topic_service_action_rclcpp_example' build argument 'cmake_clean_cache' from command line to 'False'
[0.216s] Level 5:colcon.colcon_core.verb:set package 'topic_service_action_rclcpp_example' build argument 'cmake_clean_first' from command line to 'False'
[0.216s] Level 5:colcon.colcon_core.verb:set package 'topic_service_action_rclcpp_example' build argument 'cmake_force_configure' from command line to 'False'
[0.216s] Level 5:colcon.colcon_core.verb:set package 'topic_service_action_rclcpp_example' build argument 'ament_cmake_args' from command line to 'None'
[0.216s] Level 5:colcon.colcon_core.verb:set package 'topic_service_action_rclcpp_example' build argument 'catkin_cmake_args' from command line to 'None'
[0.216s] Level 5:colcon.colcon_core.verb:set package 'topic_service_action_rclcpp_example' build argument 'catkin_skip_building_tests' from command line to 'False'
[0.216s] DEBUG:colcon.colcon_core.verb:Building package 'topic_service_action_rclcpp_example' with the following arguments: {'ament_cmake_args': None, 'build_base': '/home/lee/robot_ws/build/topic_service_action_rclcpp_example', 'catkin_cmake_args': None, 'catkin_skip_building_tests': False, 'cmake_args': None, 'cmake_clean_cache': False, 'cmake_clean_first': False, 'cmake_force_configure': False, 'cmake_target': None, 'cmake_target_skip_unavailable': False, 'install_base': '/home/lee/robot_ws/install/topic_service_action_rclcpp_example', 'merge_install': False, 'path': '/home/lee/robot_ws/src/ros2-seminar-examples/topic_service_action_rclcpp_example', 'symlink_install': True, 'test_result_base': None}
[0.217s] INFO:colcon.colcon_core.executor:Executing jobs using 'parallel' executor
[0.221s] DEBUG:colcon.colcon_parallel_executor.executor.parallel:run_until_complete
[0.221s] INFO:colcon.colcon_ros.task.ament_cmake.build:Building ROS package in '/home/lee/robot_ws/src/ros2-seminar-examples/topic_service_action_rclcpp_example' with build type 'ament_cmake'
[0.221s] INFO:colcon.colcon_cmake.task.cmake.build:Building CMake package in '/home/lee/robot_ws/src/ros2-seminar-examples/topic_service_action_rclcpp_example'
[0.225s] INFO:colcon.colcon_core.plugin_system:Skipping extension 'colcon_core.shell.bat': Not used on non-Windows systems
[0.225s] INFO:colcon.colcon_core.shell:Skip shell extension 'powershell' for command environment: Not usable outside of PowerShell
[0.225s] DEBUG:colcon.colcon_core.shell:Skip shell extension 'dsv' for command environment
[0.239s] DEBUG:colcon.colcon_core.event_handler.log_command:Invoking command in '/home/lee/robot_ws/build/topic_service_action_rclcpp_example': CMAKE_PREFIX_PATH=/home/lee/robot_ws/install/msg_srv_action_interface_example:/home/lee/robot_ws/install/topic_service_action_rclcpp_example:/home/lee/robot_ws/install/time_rclcpp_example:/home/lee/robot_ws/install/tf2_rclcpp_example:/home/lee/robot_ws/install/testbot_description:/home/lee/robot_ws/install/rqt_example:/home/lee/robot_ws/install/my_first_ros_rclcpp_pkg:/home/lee/robot_ws/install/msg_srv_interface_py_test:/home/lee/robot_ws/install/msg_srv_action_interface_py_test:/home/lee/robot_ws/install/msg_interface_py_test:/home/lee/robot_ws/install/topic_service_action_rclpy_example:/home/lee/robot_ws/install/time_rclpy_example:/home/lee/robot_ws/install/tf2_rclpy_example:/home/lee/robot_ws/install/test_lee_rclpy:/home/lee/robot_ws/install/ros2env:/home/lee/robot_ws/install/my_first_ros_rclpy_pkg:/home/lee/robot_ws/install/logging_rclpy_example:/opt/ros/foxy LD_LIBRARY_PATH=/home/lee/robot_ws/install/msg_srv_action_interface_example/lib:/home/lee/robot_ws/install/msg_srv_interface_py_test/lib:/home/lee/robot_ws/install/msg_srv_action_interface_py_test/lib:/home/lee/robot_ws/install/msg_interface_py_test/lib:/opt/ros/foxy/opt/yaml_cpp_vendor/lib:/opt/ros/foxy/opt/rviz_ogre_vendor/lib:/opt/ros/foxy/lib/x86_64-linux-gnu:/opt/ros/foxy/lib PYTHONPATH=/home/lee/robot_ws/install/msg_srv_action_interface_example/lib/python3.8/site-packages:/home/lee/robot_ws/build/topic_service_action_rclpy_example:/home/lee/robot_ws/install/topic_service_action_rclpy_example/lib/python3.8/site-packages:/home/lee/robot_ws/build/time_rclpy_example:/home/lee/robot_ws/install/time_rclpy_example/lib/python3.8/site-packages:/home/lee/robot_ws/build/tf2_rclpy_example:/home/lee/robot_ws/install/tf2_rclpy_example/lib/python3.8/site-packages:/home/lee/robot_ws/build/test_lee_rclpy:/home/lee/robot_ws/install/test_lee_rclpy/lib/python3.8/site-packages:/home/lee/robot_ws/install/rqt_example/lib/python3.8/site-packages:/home/lee/robot_ws/build/ros2env:/home/lee/robot_ws/install/ros2env/lib/python3.8/site-packages:/home/lee/robot_ws/build/my_first_ros_rclpy_pkg:/home/lee/robot_ws/install/my_first_ros_rclpy_pkg/lib/python3.8/site-packages:/home/lee/robot_ws/install/msg_srv_interface_py_test/lib/python3.8/site-packages:/home/lee/robot_ws/install/msg_srv_action_interface_py_test/lib/python3.8/site-packages:/home/lee/robot_ws/install/msg_interface_py_test/lib/python3.8/site-packages:/home/lee/robot_ws/build/logging_rclpy_example:/home/lee/robot_ws/install/logging_rclpy_example/lib/python3.8/site-packages:/opt/ros/foxy/lib/python3.8/site-packages /usr/bin/cmake --build /home/lee/robot_ws/build/topic_service_action_rclcpp_example -- -j12 -l12
[6.053s] DEBUG:colcon.colcon_core.event_handler.log_command:Invoked command in '/home/lee/robot_ws/build/topic_service_action_rclcpp_example' returned '0': CMAKE_PREFIX_PATH=/home/lee/robot_ws/install/msg_srv_action_interface_example:/home/lee/robot_ws/install/topic_service_action_rclcpp_example:/home/lee/robot_ws/install/time_rclcpp_example:/home/lee/robot_ws/install/tf2_rclcpp_example:/home/lee/robot_ws/install/testbot_description:/home/lee/robot_ws/install/rqt_example:/home/lee/robot_ws/install/my_first_ros_rclcpp_pkg:/home/lee/robot_ws/install/msg_srv_interface_py_test:/home/lee/robot_ws/install/msg_srv_action_interface_py_test:/home/lee/robot_ws/install/msg_interface_py_test:/home/lee/robot_ws/install/topic_service_action_rclpy_example:/home/lee/robot_ws/install/time_rclpy_example:/home/lee/robot_ws/install/tf2_rclpy_example:/home/lee/robot_ws/install/test_lee_rclpy:/home/lee/robot_ws/install/ros2env:/home/lee/robot_ws/install/my_first_ros_rclpy_pkg:/home/lee/robot_ws/install/logging_rclpy_example:/opt/ros/foxy LD_LIBRARY_PATH=/home/lee/robot_ws/install/msg_srv_action_interface_example/lib:/home/lee/robot_ws/install/msg_srv_interface_py_test/lib:/home/lee/robot_ws/install/msg_srv_action_interface_py_test/lib:/home/lee/robot_ws/install/msg_interface_py_test/lib:/opt/ros/foxy/opt/yaml_cpp_vendor/lib:/opt/ros/foxy/opt/rviz_ogre_vendor/lib:/opt/ros/foxy/lib/x86_64-linux-gnu:/opt/ros/foxy/lib PYTHONPATH=/home/lee/robot_ws/install/msg_srv_action_interface_example/lib/python3.8/site-packages:/home/lee/robot_ws/build/topic_service_action_rclpy_example:/home/lee/robot_ws/install/topic_service_action_rclpy_example/lib/python3.8/site-packages:/home/lee/robot_ws/build/time_rclpy_example:/home/lee/robot_ws/install/time_rclpy_example/lib/python3.8/site-packages:/home/lee/robot_ws/build/tf2_rclpy_example:/home/lee/robot_ws/install/tf2_rclpy_example/lib/python3.8/site-packages:/home/lee/robot_ws/build/test_lee_rclpy:/home/lee/robot_ws/install/test_lee_rclpy/lib/python3.8/site-packages:/home/lee/robot_ws/install/rqt_example/lib/python3.8/site-packages:/home/lee/robot_ws/build/ros2env:/home/lee/robot_ws/install/ros2env/lib/python3.8/site-packages:/home/lee/robot_ws/build/my_first_ros_rclpy_pkg:/home/lee/robot_ws/install/my_first_ros_rclpy_pkg/lib/python3.8/site-packages:/home/lee/robot_ws/install/msg_srv_interface_py_test/lib/python3.8/site-packages:/home/lee/robot_ws/install/msg_srv_action_interface_py_test/lib/python3.8/site-packages:/home/lee/robot_ws/install/msg_interface_py_test/lib/python3.8/site-packages:/home/lee/robot_ws/build/logging_rclpy_example:/home/lee/robot_ws/install/logging_rclpy_example/lib/python3.8/site-packages:/opt/ros/foxy/lib/python3.8/site-packages /usr/bin/cmake --build /home/lee/robot_ws/build/topic_service_action_rclcpp_example -- -j12 -l12
[6.083s] DEBUG:colcon.colcon_core.event_handler.log_command:Invoking command in '/home/lee/robot_ws/build/topic_service_action_rclcpp_example': CMAKE_PREFIX_PATH=/home/lee/robot_ws/install/msg_srv_action_interface_example:/home/lee/robot_ws/install/topic_service_action_rclcpp_example:/home/lee/robot_ws/install/time_rclcpp_example:/home/lee/robot_ws/install/tf2_rclcpp_example:/home/lee/robot_ws/install/testbot_description:/home/lee/robot_ws/install/rqt_example:/home/lee/robot_ws/install/my_first_ros_rclcpp_pkg:/home/lee/robot_ws/install/msg_srv_interface_py_test:/home/lee/robot_ws/install/msg_srv_action_interface_py_test:/home/lee/robot_ws/install/msg_interface_py_test:/home/lee/robot_ws/install/topic_service_action_rclpy_example:/home/lee/robot_ws/install/time_rclpy_example:/home/lee/robot_ws/install/tf2_rclpy_example:/home/lee/robot_ws/install/test_lee_rclpy:/home/lee/robot_ws/install/ros2env:/home/lee/robot_ws/install/my_first_ros_rclpy_pkg:/home/lee/robot_ws/install/logging_rclpy_example:/opt/ros/foxy LD_LIBRARY_PATH=/home/lee/robot_ws/install/msg_srv_action_interface_example/lib:/home/lee/robot_ws/install/msg_srv_interface_py_test/lib:/home/lee/robot_ws/install/msg_srv_action_interface_py_test/lib:/home/lee/robot_ws/install/msg_interface_py_test/lib:/opt/ros/foxy/opt/yaml_cpp_vendor/lib:/opt/ros/foxy/opt/rviz_ogre_vendor/lib:/opt/ros/foxy/lib/x86_64-linux-gnu:/opt/ros/foxy/lib PYTHONPATH=/home/lee/robot_ws/install/msg_srv_action_interface_example/lib/python3.8/site-packages:/home/lee/robot_ws/build/topic_service_action_rclpy_example:/home/lee/robot_ws/install/topic_service_action_rclpy_example/lib/python3.8/site-packages:/home/lee/robot_ws/build/time_rclpy_example:/home/lee/robot_ws/install/time_rclpy_example/lib/python3.8/site-packages:/home/lee/robot_ws/build/tf2_rclpy_example:/home/lee/robot_ws/install/tf2_rclpy_example/lib/python3.8/site-packages:/home/lee/robot_ws/build/test_lee_rclpy:/home/lee/robot_ws/install/test_lee_rclpy/lib/python3.8/site-packages:/home/lee/robot_ws/install/rqt_example/lib/python3.8/site-packages:/home/lee/robot_ws/build/ros2env:/home/lee/robot_ws/install/ros2env/lib/python3.8/site-packages:/home/lee/robot_ws/build/my_first_ros_rclpy_pkg:/home/lee/robot_ws/install/my_first_ros_rclpy_pkg/lib/python3.8/site-packages:/home/lee/robot_ws/install/msg_srv_interface_py_test/lib/python3.8/site-packages:/home/lee/robot_ws/install/msg_srv_action_interface_py_test/lib/python3.8/site-packages:/home/lee/robot_ws/install/msg_interface_py_test/lib/python3.8/site-packages:/home/lee/robot_ws/build/logging_rclpy_example:/home/lee/robot_ws/install/logging_rclpy_example/lib/python3.8/site-packages:/opt/ros/foxy/lib/python3.8/site-packages /usr/bin/cmake --install /home/lee/robot_ws/build/topic_service_action_rclcpp_example
[6.100s] Level 1:colcon.colcon_core.environment:create_environment_scripts_only(topic_service_action_rclcpp_example)
[6.101s] DEBUG:colcon.colcon_core.event_handler.log_command:Invoked command in '/home/lee/robot_ws/build/topic_service_action_rclcpp_example' returned '0': CMAKE_PREFIX_PATH=/home/lee/robot_ws/install/msg_srv_action_interface_example:/home/lee/robot_ws/install/topic_service_action_rclcpp_example:/home/lee/robot_ws/install/time_rclcpp_example:/home/lee/robot_ws/install/tf2_rclcpp_example:/home/lee/robot_ws/install/testbot_description:/home/lee/robot_ws/install/rqt_example:/home/lee/robot_ws/install/my_first_ros_rclcpp_pkg:/home/lee/robot_ws/install/msg_srv_interface_py_test:/home/lee/robot_ws/install/msg_srv_action_interface_py_test:/home/lee/robot_ws/install/msg_interface_py_test:/home/lee/robot_ws/install/topic_service_action_rclpy_example:/home/lee/robot_ws/install/time_rclpy_example:/home/lee/robot_ws/install/tf2_rclpy_example:/home/lee/robot_ws/install/test_lee_rclpy:/home/lee/robot_ws/install/ros2env:/home/lee/robot_ws/install/my_first_ros_rclpy_pkg:/home/lee/robot_ws/install/logging_rclpy_example:/opt/ros/foxy LD_LIBRARY_PATH=/home/lee/robot_ws/install/msg_srv_action_interface_example/lib:/home/lee/robot_ws/install/msg_srv_interface_py_test/lib:/home/lee/robot_ws/install/msg_srv_action_interface_py_test/lib:/home/lee/robot_ws/install/msg_interface_py_test/lib:/opt/ros/foxy/opt/yaml_cpp_vendor/lib:/opt/ros/foxy/opt/rviz_ogre_vendor/lib:/opt/ros/foxy/lib/x86_64-linux-gnu:/opt/ros/foxy/lib PYTHONPATH=/home/lee/robot_ws/install/msg_srv_action_interface_example/lib/python3.8/site-packages:/home/lee/robot_ws/build/topic_service_action_rclpy_example:/home/lee/robot_ws/install/topic_service_action_rclpy_example/lib/python3.8/site-packages:/home/lee/robot_ws/build/time_rclpy_example:/home/lee/robot_ws/install/time_rclpy_example/lib/python3.8/site-packages:/home/lee/robot_ws/build/tf2_rclpy_example:/home/lee/robot_ws/install/tf2_rclpy_example/lib/python3.8/site-packages:/home/lee/robot_ws/build/test_lee_rclpy:/home/lee/robot_ws/install/test_lee_rclpy/lib/python3.8/site-packages:/home/lee/robot_ws/install/rqt_example/lib/python3.8/site-packages:/home/lee/robot_ws/build/ros2env:/home/lee/robot_ws/install/ros2env/lib/python3.8/site-packages:/home/lee/robot_ws/build/my_first_ros_rclpy_pkg:/home/lee/robot_ws/install/my_first_ros_rclpy_pkg/lib/python3.8/site-packages:/home/lee/robot_ws/install/msg_srv_interface_py_test/lib/python3.8/site-packages:/home/lee/robot_ws/install/msg_srv_action_interface_py_test/lib/python3.8/site-packages:/home/lee/robot_ws/install/msg_interface_py_test/lib/python3.8/site-packages:/home/lee/robot_ws/build/logging_rclpy_example:/home/lee/robot_ws/install/logging_rclpy_example/lib/python3.8/site-packages:/opt/ros/foxy/lib/python3.8/site-packages /usr/bin/cmake --install /home/lee/robot_ws/build/topic_service_action_rclcpp_example
[6.105s] Level 1:colcon.colcon_core.environment:checking '/home/lee/robot_ws/install/topic_service_action_rclcpp_example' for CMake module files
[6.105s] Level 1:colcon.colcon_core.environment:checking '/home/lee/robot_ws/install/topic_service_action_rclcpp_example' for CMake config files
[6.105s] Level 1:colcon.colcon_core.shell:create_environment_hook('topic_service_action_rclcpp_example', 'cmake_prefix_path')
[6.107s] INFO:colcon.colcon_core.shell:Creating environment hook '/home/lee/robot_ws/install/topic_service_action_rclcpp_example/share/topic_service_action_rclcpp_example/hook/cmake_prefix_path.ps1'
[6.107s] INFO:colcon.colcon_core.shell:Creating environment descriptor '/home/lee/robot_ws/install/topic_service_action_rclcpp_example/share/topic_service_action_rclcpp_example/hook/cmake_prefix_path.dsv'
[6.108s] INFO:colcon.colcon_core.shell:Creating environment hook '/home/lee/robot_ws/install/topic_service_action_rclcpp_example/share/topic_service_action_rclcpp_example/hook/cmake_prefix_path.sh'
[6.108s] Level 1:colcon.colcon_core.environment:checking '/home/lee/robot_ws/install/topic_service_action_rclcpp_example/lib'
[6.108s] Level 1:colcon.colcon_core.environment:checking '/home/lee/robot_ws/install/topic_service_action_rclcpp_example/bin'
[6.108s] Level 1:colcon.colcon_core.environment:checking '/home/lee/robot_ws/install/topic_service_action_rclcpp_example/lib/pkgconfig/topic_service_action_rclcpp_example.pc'
[6.108s] Level 1:colcon.colcon_core.environment:checking '/home/lee/robot_ws/install/topic_service_action_rclcpp_example/lib/python3.8/site-packages'
[6.109s] Level 1:colcon.colcon_core.environment:checking '/home/lee/robot_ws/install/topic_service_action_rclcpp_example/bin'
[6.110s] INFO:colcon.colcon_core.shell:Creating package script '/home/lee/robot_ws/install/topic_service_action_rclcpp_example/share/topic_service_action_rclcpp_example/package.ps1'
[6.111s] INFO:colcon.colcon_core.shell:Creating package descriptor '/home/lee/robot_ws/install/topic_service_action_rclcpp_example/share/topic_service_action_rclcpp_example/package.dsv'
[6.111s] INFO:colcon.colcon_core.shell:Creating package script '/home/lee/robot_ws/install/topic_service_action_rclcpp_example/share/topic_service_action_rclcpp_example/package.sh'
[6.111s] INFO:colcon.colcon_core.shell:Creating package script '/home/lee/robot_ws/install/topic_service_action_rclcpp_example/share/topic_service_action_rclcpp_example/package.bash'
[6.112s] INFO:colcon.colcon_core.shell:Creating package script '/home/lee/robot_ws/install/topic_service_action_rclcpp_example/share/topic_service_action_rclcpp_example/package.zsh'
[6.112s] Level 1:colcon.colcon_core.environment:create_file_with_runtime_dependencies(/home/lee/robot_ws/install/topic_service_action_rclcpp_example/share/colcon-core/packages/topic_service_action_rclcpp_example)
[6.136s] Level 1:colcon.colcon_core.environment:create_environment_scripts_only(topic_service_action_rclcpp_example)
[6.138s] Level 1:colcon.colcon_core.environment:checking '/home/lee/robot_ws/install/topic_service_action_rclcpp_example' for CMake module files
[6.139s] Level 1:colcon.colcon_core.environment:checking '/home/lee/robot_ws/install/topic_service_action_rclcpp_example' for CMake config files
[6.139s] Level 1:colcon.colcon_core.shell:create_environment_hook('topic_service_action_rclcpp_example', 'cmake_prefix_path')
[6.140s] INFO:colcon.colcon_core.shell:Creating environment hook '/home/lee/robot_ws/install/topic_service_action_rclcpp_example/share/topic_service_action_rclcpp_example/hook/cmake_prefix_path.ps1'
[6.141s] INFO:colcon.colcon_core.shell:Creating environment descriptor '/home/lee/robot_ws/install/topic_service_action_rclcpp_example/share/topic_service_action_rclcpp_example/hook/cmake_prefix_path.dsv'
[6.141s] INFO:colcon.colcon_core.shell:Creating environment hook '/home/lee/robot_ws/install/topic_service_action_rclcpp_example/share/topic_service_action_rclcpp_example/hook/cmake_prefix_path.sh'
[6.141s] Level 1:colcon.colcon_core.environment:checking '/home/lee/robot_ws/install/topic_service_action_rclcpp_example/lib'
[6.141s] Level 1:colcon.colcon_core.environment:checking '/home/lee/robot_ws/install/topic_service_action_rclcpp_example/bin'
[6.141s] Level 1:colcon.colcon_core.environment:checking '/home/lee/robot_ws/install/topic_service_action_rclcpp_example/lib/pkgconfig/topic_service_action_rclcpp_example.pc'
[6.141s] Level 1:colcon.colcon_core.environment:checking '/home/lee/robot_ws/install/topic_service_action_rclcpp_example/lib/python3.8/site-packages'
[6.142s] Level 1:colcon.colcon_core.environment:checking '/home/lee/robot_ws/install/topic_service_action_rclcpp_example/bin'
[6.143s] INFO:colcon.colcon_core.shell:Creating package script '/home/lee/robot_ws/install/topic_service_action_rclcpp_example/share/topic_service_action_rclcpp_example/package.ps1'
[6.143s] INFO:colcon.colcon_core.shell:Creating package descriptor '/home/lee/robot_ws/install/topic_service_action_rclcpp_example/share/topic_service_action_rclcpp_example/package.dsv'
[6.144s] INFO:colcon.colcon_core.shell:Creating package script '/home/lee/robot_ws/install/topic_service_action_rclcpp_example/share/topic_service_action_rclcpp_example/package.sh'
[6.144s] INFO:colcon.colcon_core.shell:Creating package script '/home/lee/robot_ws/install/topic_service_action_rclcpp_example/share/topic_service_action_rclcpp_example/package.bash'
[6.144s] INFO:colcon.colcon_core.shell:Creating package script '/home/lee/robot_ws/install/topic_service_action_rclcpp_example/share/topic_service_action_rclcpp_example/package.zsh'
[6.144s] Level 1:colcon.colcon_core.environment:create_file_with_runtime_dependencies(/home/lee/robot_ws/install/topic_service_action_rclcpp_example/share/colcon-core/packages/topic_service_action_rclcpp_example)
[6.145s] DEBUG:colcon.colcon_parallel_executor.executor.parallel:closing loop
[6.145s] DEBUG:colcon.colcon_parallel_executor.executor.parallel:loop closed
[6.145s] DEBUG:colcon.colcon_parallel_executor.executor.parallel:run_until_complete finished with '0'
[6.145s] DEBUG:colcon.colcon_core.event_reactor:joining thread
[6.150s] INFO:colcon.colcon_core.plugin_system:Skipping extension 'colcon_notification.desktop_notification.terminal_notifier': Not used on non-Darwin systems
[6.150s] INFO:colcon.colcon_core.plugin_system:Skipping extension 'colcon_notification.desktop_notification.win32': Not used on non-Windows systems
[6.151s] INFO:colcon.colcon_notification.desktop_notification:Sending desktop notification using 'notify2'
[6.161s] DEBUG:colcon.colcon_core.event_reactor:joined thread
[6.163s] INFO:colcon.colcon_core.shell:Creating prefix script '/home/lee/robot_ws/install/local_setup.ps1'
[6.164s] INFO:colcon.colcon_core.shell:Creating prefix util module '/home/lee/robot_ws/install/_local_setup_util_ps1.py'
[6.165s] INFO:colcon.colcon_core.shell:Creating prefix chain script '/home/lee/robot_ws/install/setup.ps1'
[6.166s] INFO:colcon.colcon_core.shell:Creating prefix script '/home/lee/robot_ws/install/local_setup.sh'
[6.167s] INFO:colcon.colcon_core.shell:Creating prefix util module '/home/lee/robot_ws/install/_local_setup_util_sh.py'
[6.167s] INFO:colcon.colcon_core.shell:Creating prefix chain script '/home/lee/robot_ws/install/setup.sh'
[6.168s] INFO:colcon.colcon_core.shell:Creating prefix script '/home/lee/robot_ws/install/local_setup.bash'
[6.169s] INFO:colcon.colcon_core.shell:Creating prefix chain script '/home/lee/robot_ws/install/setup.bash'
[6.170s] INFO:colcon.colcon_core.shell:Creating prefix script '/home/lee/robot_ws/install/local_setup.zsh'
[6.170s] INFO:colcon.colcon_core.shell:Creating prefix chain script '/home/lee/robot_ws/install/setup.zsh'
