[0.000000] (-) TimerEvent: {}
[0.000090] (-) JobUnselected: {'identifier': 'action_tutorials_cpp'}
[0.000121] (-) JobUnselected: {'identifier': 'action_tutorials_interfaces'}
[0.000371] (-) JobUnselected: {'identifier': 'action_tutorials_py'}
[0.000418] (-) JobUnselected: {'identifier': 'composition'}
[0.000443] (-) JobUnselected: {'identifier': 'demo_nodes_cpp'}
[0.000498] (-) JobUnselected: {'identifier': 'demo_nodes_cpp_native'}
[0.000547] (-) JobUnselected: {'identifier': 'demo_nodes_py'}
[0.000599] (-) JobUnselected: {'identifier': 'dummy_map_server'}
[0.000625] (-) JobUnselected: {'identifier': 'dummy_robot_bringup'}
[0.000636] (-) JobUnselected: {'identifier': 'dummy_sensors'}
[0.000645] (-) JobUnselected: {'identifier': 'image_tools'}
[0.000656] (-) JobUnselected: {'identifier': 'intra_process_demo'}
[0.000666] (-) JobUnselected: {'identifier': 'lifecycle'}
[0.000676] (-) JobUnselected: {'identifier': 'lifecycle'}
[0.000686] (-) JobUnselected: {'identifier': 'lifecycle_py'}
[0.000696] (-) JobUnselected: {'identifier': 'logging_demo'}
[0.000706] (-) JobUnselected: {'identifier': 'logging_rclpy_example'}
[0.000717] (-) JobUnselected: {'identifier': 'msg_interface_py_test'}
[0.000727] (-) JobUnselected: {'identifier': 'msg_srv_action_interface_cpp'}
[0.000737] (-) JobUnselected: {'identifier': 'msg_srv_action_interface_example'}
[0.000748] (-) JobUnselected: {'identifier': 'msg_srv_action_interface_py_test'}
[0.000758] (-) JobUnselected: {'identifier': 'msg_srv_interface_py_test'}
[0.000769] (-) JobUnselected: {'identifier': 'my_first_ros_rclpy_pkg'}
[0.000779] (-) JobUnselected: {'identifier': 'pendulum_control'}
[0.000789] (-) JobUnselected: {'identifier': 'pendulum_msgs'}
[0.000799] (-) JobUnselected: {'identifier': 'quality_of_service_demo_cpp'}
[0.000809] (-) JobUnselected: {'identifier': 'quality_of_service_demo_py'}
[0.000820] (-) JobUnselected: {'identifier': 'ros2env'}
[0.000830] (-) JobUnselected: {'identifier': 'rqt_example'}
[0.000840] (-) JobUnselected: {'identifier': 'test_lee_rclcpp'}
[0.000850] (-) JobUnselected: {'identifier': 'test_lee_rclpy'}
[0.000860] (-) JobUnselected: {'identifier': 'testbot_description'}
[0.000870] (-) JobUnselected: {'identifier': 'tf2_rclcpp_example'}
[0.000880] (-) JobUnselected: {'identifier': 'tf2_rclpy_example'}
[0.000890] (-) JobUnselected: {'identifier': 'time_rclcpp_example'}
[0.000900] (-) JobUnselected: {'identifier': 'time_rclpy_example'}
[0.000910] (-) JobUnselected: {'identifier': 'topic_monitor'}
[0.000920] (-) JobUnselected: {'identifier': 'topic_service_action_rclcpp_example'}
[0.000930] (-) JobUnselected: {'identifier': 'topic_service_action_rclpy_example'}
[0.000940] (-) JobUnselected: {'identifier': 'topic_statistics_demo'}
[0.000951] (-) EventReactorShutdown: {}
