[0.000000] (-) TimerEvent: {}
[0.000162] (-) JobUnselected: {'identifier': 'action_tutorials_cpp'}
[0.000268] (-) JobUnselected: {'identifier': 'action_tutorials_interfaces'}
[0.000359] (-) JobUnselected: {'identifier': 'action_tutorials_py'}
[0.000413] (-) JobUnselected: {'identifier': 'composition'}
[0.000426] (-) JobUnselected: {'identifier': 'demo_nodes_cpp'}
[0.000444] (-) JobUnselected: {'identifier': 'demo_nodes_cpp_native'}
[0.000481] (-) JobUnselected: {'identifier': 'demo_nodes_py'}
[0.000520] (-) JobUnselected: {'identifier': 'dummy_map_server'}
[0.000564] (-) JobUnselected: {'identifier': 'dummy_robot_bringup'}
[0.000585] (-) JobUnselected: {'identifier': 'dummy_sensors'}
[0.000597] (-) JobUnselected: {'identifier': 'image_tools'}
[0.000607] (-) JobUnselected: {'identifier': 'intra_process_demo'}
[0.000617] (-) JobUnselected: {'identifier': 'lifecycle'}
[0.000628] (-) JobUnselected: {'identifier': 'lifecycle'}
[0.000638] (-) JobUnselected: {'identifier': 'lifecycle_py'}
[0.000647] (-) JobUnselected: {'identifier': 'logging_demo'}
[0.000657] (-) JobUnselected: {'identifier': 'logging_rclpy_example'}
[0.000667] (-) JobUnselected: {'identifier': 'msg_interface_py_test'}
[0.000677] (-) JobUnselected: {'identifier': 'msg_srv_action_interface_cpp'}
[0.000687] (-) JobUnselected: {'identifier': 'msg_srv_action_interface_example'}
[0.000698] (-) JobUnselected: {'identifier': 'msg_srv_action_interface_py_test'}
[0.000708] (-) JobUnselected: {'identifier': 'msg_srv_interface_py_test'}
[0.000718] (-) JobUnselected: {'identifier': 'my_first_ros_rclpy_pkg'}
[0.000728] (-) JobUnselected: {'identifier': 'pendulum_control'}
[0.000737] (-) JobUnselected: {'identifier': 'pendulum_msgs'}
[0.000747] (-) JobUnselected: {'identifier': 'quality_of_service_demo_cpp'}
[0.000757] (-) JobUnselected: {'identifier': 'quality_of_service_demo_py'}
[0.000767] (-) JobUnselected: {'identifier': 'ros2env'}
[0.000777] (-) JobUnselected: {'identifier': 'rqt_example'}
[0.000787] (-) JobUnselected: {'identifier': 'test_lee_rclcpp'}
[0.000797] (-) JobUnselected: {'identifier': 'test_lee_rclpy'}
[0.000807] (-) JobUnselected: {'identifier': 'testbot_description'}
[0.000817] (-) JobUnselected: {'identifier': 'tf2_rclcpp_example'}
[0.000827] (-) JobUnselected: {'identifier': 'tf2_rclpy_example'}
[0.000836] (-) JobUnselected: {'identifier': 'time_rclcpp_example'}
[0.000847] (-) JobUnselected: {'identifier': 'time_rclpy_example'}
[0.000856] (-) JobUnselected: {'identifier': 'topic_monitor'}
[0.000866] (-) JobUnselected: {'identifier': 'topic_service_action_rclcpp_example'}
[0.000876] (-) JobUnselected: {'identifier': 'topic_service_action_rclpy_example'}
[0.000886] (-) JobUnselected: {'identifier': 'topic_statistics_demo'}
[0.000897] (-) EventReactorShutdown: {}
