[0.812s] Invoking command in '/home/lee/robot_ws/build/topic_service_action_rclpy_example': CMAKE_PREFIX_PATH=/home/lee/robot_ws/install/msg_srv_action_interface_example:/home/lee/robot_ws/install/topic_service_action_rclcpp_example:/home/lee/robot_ws/install/time_rclcpp_example:/home/lee/robot_ws/install/tf2_rclcpp_example:/home/lee/robot_ws/install/testbot_description:/home/lee/robot_ws/install/rqt_example:/home/lee/robot_ws/install/my_first_ros_rclcpp_pkg:/home/lee/robot_ws/install/msg_interface_py_test PYTHONPATH=/home/lee/robot_ws/install/topic_service_action_rclpy_example/lib/python3.8/site-packages:/home/lee/robot_ws/install/msg_srv_action_interface_example/lib/python3.8/site-packages:/home/lee/robot_ws/build/topic_service_action_rclpy_example:/home/lee/robot_ws/install/topic_service_action_rclpy_example/lib/python3.8/site-packages:/home/lee/robot_ws/build/time_rclpy_example:/home/lee/robot_ws/install/time_rclpy_example/lib/python3.8/site-packages:/home/lee/robot_ws/build/tf2_rclpy_example:/home/lee/robot_ws/install/tf2_rclpy_example/lib/python3.8/site-packages:/home/lee/robot_ws/install/rqt_example/lib/python3.8/site-packages:/home/lee/robot_ws/build/ros2env:/home/lee/robot_ws/install/ros2env/lib/python3.8/site-packages:/home/lee/robot_ws/build/my_first_ros_rclpy_pkg:/home/lee/robot_ws/install/my_first_ros_rclpy_pkg/lib/python3.8/site-packages:/home/lee/robot_ws/install/msg_interface_py_test/lib/python3.8/site-packages:/home/lee/robot_ws/build/logging_rclpy_example:/home/lee/robot_ws/install/logging_rclpy_example/lib/python3.8/site-packages:/opt/ros/foxy/lib/python3.8/site-packages /usr/bin/python3 setup.py develop --prefix /home/lee/robot_ws/install/topic_service_action_rclpy_example --editable --build-directory /home/lee/robot_ws/build/topic_service_action_rclpy_example/build --no-deps install_data --install-dir /home/lee/robot_ws/install/topic_service_action_rclpy_example
[0.959s] running develop
[1.040s] running egg_info
[1.040s] writing topic_service_action_rclpy_example.egg-info/PKG-INFO
[1.040s] writing dependency_links to topic_service_action_rclpy_example.egg-info/dependency_links.txt
[1.040s] writing entry points to topic_service_action_rclpy_example.egg-info/entry_points.txt
[1.040s] writing requirements to topic_service_action_rclpy_example.egg-info/requires.txt
[1.040s] writing top-level names to topic_service_action_rclpy_example.egg-info/top_level.txt
[1.062s] reading manifest file 'topic_service_action_rclpy_example.egg-info/SOURCES.txt'
[1.063s] writing manifest file 'topic_service_action_rclpy_example.egg-info/SOURCES.txt'
[1.085s] running build_ext
[1.085s] Creating /home/lee/robot_ws/install/topic_service_action_rclpy_example/lib/python3.8/site-packages/topic-service-action-rclpy-example.egg-link (link to .)
[1.086s] Installing argument script to /home/lee/robot_ws/install/topic_service_action_rclpy_example/lib/topic_service_action_rclpy_example
[1.086s] Installing calculator script to /home/lee/robot_ws/install/topic_service_action_rclpy_example/lib/topic_service_action_rclpy_example
[1.086s] Installing checker script to /home/lee/robot_ws/install/topic_service_action_rclpy_example/lib/topic_service_action_rclpy_example
[1.086s] Installing operator script to /home/lee/robot_ws/install/topic_service_action_rclpy_example/lib/topic_service_action_rclpy_example
[1.086s] 
[1.086s] Installed /home/lee/robot_ws/build/topic_service_action_rclpy_example
[1.086s] running install_data
[1.114s] Invoked command in '/home/lee/robot_ws/build/topic_service_action_rclpy_example' returned '0': CMAKE_PREFIX_PATH=/home/lee/robot_ws/install/msg_srv_action_interface_example:/home/lee/robot_ws/install/topic_service_action_rclcpp_example:/home/lee/robot_ws/install/time_rclcpp_example:/home/lee/robot_ws/install/tf2_rclcpp_example:/home/lee/robot_ws/install/testbot_description:/home/lee/robot_ws/install/rqt_example:/home/lee/robot_ws/install/my_first_ros_rclcpp_pkg:/home/lee/robot_ws/install/msg_interface_py_test PYTHONPATH=/home/lee/robot_ws/install/topic_service_action_rclpy_example/lib/python3.8/site-packages:/home/lee/robot_ws/install/msg_srv_action_interface_example/lib/python3.8/site-packages:/home/lee/robot_ws/build/topic_service_action_rclpy_example:/home/lee/robot_ws/install/topic_service_action_rclpy_example/lib/python3.8/site-packages:/home/lee/robot_ws/build/time_rclpy_example:/home/lee/robot_ws/install/time_rclpy_example/lib/python3.8/site-packages:/home/lee/robot_ws/build/tf2_rclpy_example:/home/lee/robot_ws/install/tf2_rclpy_example/lib/python3.8/site-packages:/home/lee/robot_ws/install/rqt_example/lib/python3.8/site-packages:/home/lee/robot_ws/build/ros2env:/home/lee/robot_ws/install/ros2env/lib/python3.8/site-packages:/home/lee/robot_ws/build/my_first_ros_rclpy_pkg:/home/lee/robot_ws/install/my_first_ros_rclpy_pkg/lib/python3.8/site-packages:/home/lee/robot_ws/install/msg_interface_py_test/lib/python3.8/site-packages:/home/lee/robot_ws/build/logging_rclpy_example:/home/lee/robot_ws/install/logging_rclpy_example/lib/python3.8/site-packages:/opt/ros/foxy/lib/python3.8/site-packages /usr/bin/python3 setup.py develop --prefix /home/lee/robot_ws/install/topic_service_action_rclpy_example --editable --build-directory /home/lee/robot_ws/build/topic_service_action_rclpy_example/build --no-deps install_data --install-dir /home/lee/robot_ws/install/topic_service_action_rclpy_example
