[0.103s] DEBUG:colcon:Command line arguments: ['/usr/bin/colcon', 'build', '--symlink-install']
[0.103s] DEBUG:colcon:Parsed command line arguments: Namespace(allow_overriding=[], ament_cmake_args=None, base_paths=['.'], build_base='build', catkin_cmake_args=None, catkin_skip_building_tests=False, cmake_args=None, cmake_clean_cache=False, cmake_clean_first=False, cmake_force_configure=False, cmake_target=None, cmake_target_skip_unavailable=False, continue_on_error=False, event_handlers=None, executor='parallel', ignore_user_meta=False, install_base='install', log_base=None, log_level=None, main=<bound method BuildVerb.main of <colcon_core.verb.build.BuildVerb object at 0x7f79943774c0>>, merge_install=False, metas=['./colcon.meta'], packages_above=None, packages_above_and_dependencies=None, packages_above_depth=None, packages_end=None, packages_ignore=None, packages_ignore_regex=None, packages_select=None, packages_select_build_failed=False, packages_select_by_dep=None, packages_select_regex=None, packages_select_test_failures=False, packages_skip=None, packages_skip_build_finished=False, packages_skip_by_dep=None, packages_skip_regex=None, packages_skip_test_passed=False, packages_skip_up_to=None, packages_start=None, packages_up_to=None, packages_up_to_regex=None, parallel_workers=12, paths=None, symlink_install=True, test_result_base=None, verb_extension=<colcon_core.verb.build.BuildVerb object at 0x7f79943774c0>, verb_name='build', verb_parser=<colcon_defaults.argument_parser.defaults.DefaultArgumentsDecorator object at 0x7f7994377a00>)
[0.120s] Level 1:colcon.colcon_core.package_discovery:discover_packages(colcon_meta) check parameters
[0.120s] Level 1:colcon.colcon_core.package_discovery:discover_packages(recursive) check parameters
[0.121s] Level 1:colcon.colcon_core.package_discovery:discover_packages(ignore) check parameters
[0.121s] Level 1:colcon.colcon_core.package_discovery:discover_packages(path) check parameters
[0.121s] Level 1:colcon.colcon_core.package_discovery:discover_packages(colcon_meta) discover
[0.121s] Level 1:colcon.colcon_core.package_discovery:discover_packages(recursive) discover
[0.121s] INFO:colcon.colcon_core.package_discovery:Crawling recursively for packages in '/home/lee/robot_ws'
[0.121s] Level 1:colcon.colcon_core.package_identification:_identify(.) by extensions ['ignore', 'ignore_ament_install']
[0.121s] Level 1:colcon.colcon_core.package_identification:_identify(.) by extension 'ignore'
[0.121s] Level 1:colcon.colcon_core.package_identification:_identify(.) by extension 'ignore_ament_install'
[0.121s] Level 1:colcon.colcon_core.package_identification:_identify(.) by extensions ['colcon_pkg']
[0.121s] Level 1:colcon.colcon_core.package_identification:_identify(.) by extension 'colcon_pkg'
[0.121s] Level 1:colcon.colcon_core.package_identification:_identify(.) by extensions ['colcon_meta']
[0.121s] Level 1:colcon.colcon_core.package_identification:_identify(.) by extension 'colcon_meta'
[0.121s] Level 1:colcon.colcon_core.package_identification:_identify(.) by extensions ['ros']
[0.121s] Level 1:colcon.colcon_core.package_identification:_identify(.) by extension 'ros'
[0.135s] Level 1:colcon.colcon_core.package_identification:_identify(.) by extensions ['cmake', 'python']
[0.135s] Level 1:colcon.colcon_core.package_identification:_identify(.) by extension 'cmake'
[0.135s] Level 1:colcon.colcon_core.package_identification:_identify(.) by extension 'python'
[0.135s] Level 1:colcon.colcon_core.package_identification:_identify(.) by extensions ['python_setup_py']
[0.135s] Level 1:colcon.colcon_core.package_identification:_identify(.) by extension 'python_setup_py'
[0.135s] Level 1:colcon.colcon_core.package_identification:_identify(build) by extensions ['ignore', 'ignore_ament_install']
[0.135s] Level 1:colcon.colcon_core.package_identification:_identify(build) by extension 'ignore'
[0.135s] Level 1:colcon.colcon_core.package_identification:_identify(build) ignored
[0.135s] Level 1:colcon.colcon_core.package_identification:_identify(install) by extensions ['ignore', 'ignore_ament_install']
[0.135s] Level 1:colcon.colcon_core.package_identification:_identify(install) by extension 'ignore'
[0.135s] Level 1:colcon.colcon_core.package_identification:_identify(install) ignored
[0.135s] Level 1:colcon.colcon_core.package_identification:_identify(log) by extensions ['ignore', 'ignore_ament_install']
[0.135s] Level 1:colcon.colcon_core.package_identification:_identify(log) by extension 'ignore'
[0.135s] Level 1:colcon.colcon_core.package_identification:_identify(log) ignored
[0.135s] Level 1:colcon.colcon_core.package_identification:_identify(src) by extensions ['ignore', 'ignore_ament_install']
[0.135s] Level 1:colcon.colcon_core.package_identification:_identify(src) by extension 'ignore'
[0.135s] Level 1:colcon.colcon_core.package_identification:_identify(src) by extension 'ignore_ament_install'
[0.135s] Level 1:colcon.colcon_core.package_identification:_identify(src) by extensions ['colcon_pkg']
[0.135s] Level 1:colcon.colcon_core.package_identification:_identify(src) by extension 'colcon_pkg'
[0.135s] Level 1:colcon.colcon_core.package_identification:_identify(src) by extensions ['colcon_meta']
[0.135s] Level 1:colcon.colcon_core.package_identification:_identify(src) by extension 'colcon_meta'
[0.135s] Level 1:colcon.colcon_core.package_identification:_identify(src) by extensions ['ros']
[0.135s] Level 1:colcon.colcon_core.package_identification:_identify(src) by extension 'ros'
[0.136s] Level 1:colcon.colcon_core.package_identification:_identify(src) by extensions ['cmake', 'python']
[0.136s] Level 1:colcon.colcon_core.package_identification:_identify(src) by extension 'cmake'
[0.136s] Level 1:colcon.colcon_core.package_identification:_identify(src) by extension 'python'
[0.136s] Level 1:colcon.colcon_core.package_identification:_identify(src) by extensions ['python_setup_py']
[0.136s] Level 1:colcon.colcon_core.package_identification:_identify(src) by extension 'python_setup_py'
[0.136s] Level 1:colcon.colcon_core.package_identification:_identify(src/my_first_ros_rclcpp_pkg) by extensions ['ignore', 'ignore_ament_install']
[0.136s] Level 1:colcon.colcon_core.package_identification:_identify(src/my_first_ros_rclcpp_pkg) by extension 'ignore'
[0.136s] Level 1:colcon.colcon_core.package_identification:_identify(src/my_first_ros_rclcpp_pkg) by extension 'ignore_ament_install'
[0.136s] Level 1:colcon.colcon_core.package_identification:_identify(src/my_first_ros_rclcpp_pkg) by extensions ['colcon_pkg']
[0.136s] Level 1:colcon.colcon_core.package_identification:_identify(src/my_first_ros_rclcpp_pkg) by extension 'colcon_pkg'
[0.136s] Level 1:colcon.colcon_core.package_identification:_identify(src/my_first_ros_rclcpp_pkg) by extensions ['colcon_meta']
[0.136s] Level 1:colcon.colcon_core.package_identification:_identify(src/my_first_ros_rclcpp_pkg) by extension 'colcon_meta'
[0.136s] Level 1:colcon.colcon_core.package_identification:_identify(src/my_first_ros_rclcpp_pkg) by extensions ['ros']
[0.136s] Level 1:colcon.colcon_core.package_identification:_identify(src/my_first_ros_rclcpp_pkg) by extension 'ros'
[0.138s] DEBUG:colcon.colcon_core.package_identification:Package 'src/my_first_ros_rclcpp_pkg' with type 'ros.ament_cmake' and name 'my_first_ros_rclcpp_pkg'
[0.138s] Level 1:colcon.colcon_core.package_identification:_identify(src/my_first_ros_rclpy_pkg) by extensions ['ignore', 'ignore_ament_install']
[0.138s] Level 1:colcon.colcon_core.package_identification:_identify(src/my_first_ros_rclpy_pkg) by extension 'ignore'
[0.138s] Level 1:colcon.colcon_core.package_identification:_identify(src/my_first_ros_rclpy_pkg) by extension 'ignore_ament_install'
[0.138s] Level 1:colcon.colcon_core.package_identification:_identify(src/my_first_ros_rclpy_pkg) by extensions ['colcon_pkg']
[0.138s] Level 1:colcon.colcon_core.package_identification:_identify(src/my_first_ros_rclpy_pkg) by extension 'colcon_pkg'
[0.138s] Level 1:colcon.colcon_core.package_identification:_identify(src/my_first_ros_rclpy_pkg) by extensions ['colcon_meta']
[0.138s] Level 1:colcon.colcon_core.package_identification:_identify(src/my_first_ros_rclpy_pkg) by extension 'colcon_meta'
[0.138s] Level 1:colcon.colcon_core.package_identification:_identify(src/my_first_ros_rclpy_pkg) by extensions ['ros']
[0.138s] Level 1:colcon.colcon_core.package_identification:_identify(src/my_first_ros_rclpy_pkg) by extension 'ros'
[0.138s] DEBUG:colcon.colcon_core.package_identification:Package 'src/my_first_ros_rclpy_pkg' with type 'ros.ament_python' and name 'my_first_ros_rclpy_pkg'
[0.138s] Level 1:colcon.colcon_core.package_identification:_identify(src/ros2-seminar-examples) by extensions ['ignore', 'ignore_ament_install']
[0.138s] Level 1:colcon.colcon_core.package_identification:_identify(src/ros2-seminar-examples) by extension 'ignore'
[0.139s] Level 1:colcon.colcon_core.package_identification:_identify(src/ros2-seminar-examples) by extension 'ignore_ament_install'
[0.139s] Level 1:colcon.colcon_core.package_identification:_identify(src/ros2-seminar-examples) by extensions ['colcon_pkg']
[0.139s] Level 1:colcon.colcon_core.package_identification:_identify(src/ros2-seminar-examples) by extension 'colcon_pkg'
[0.139s] Level 1:colcon.colcon_core.package_identification:_identify(src/ros2-seminar-examples) by extensions ['colcon_meta']
[0.139s] Level 1:colcon.colcon_core.package_identification:_identify(src/ros2-seminar-examples) by extension 'colcon_meta'
[0.139s] Level 1:colcon.colcon_core.package_identification:_identify(src/ros2-seminar-examples) by extensions ['ros']
[0.139s] Level 1:colcon.colcon_core.package_identification:_identify(src/ros2-seminar-examples) by extension 'ros'
[0.139s] Level 1:colcon.colcon_core.package_identification:_identify(src/ros2-seminar-examples) by extensions ['cmake', 'python']
[0.139s] Level 1:colcon.colcon_core.package_identification:_identify(src/ros2-seminar-examples) by extension 'cmake'
[0.139s] Level 1:colcon.colcon_core.package_identification:_identify(src/ros2-seminar-examples) by extension 'python'
[0.139s] Level 1:colcon.colcon_core.package_identification:_identify(src/ros2-seminar-examples) by extensions ['python_setup_py']
[0.139s] Level 1:colcon.colcon_core.package_identification:_identify(src/ros2-seminar-examples) by extension 'python_setup_py'
[0.139s] Level 1:colcon.colcon_core.package_identification:_identify(src/ros2-seminar-examples/logging_rclpy_example) by extensions ['ignore', 'ignore_ament_install']
[0.139s] Level 1:colcon.colcon_core.package_identification:_identify(src/ros2-seminar-examples/logging_rclpy_example) by extension 'ignore'
[0.139s] Level 1:colcon.colcon_core.package_identification:_identify(src/ros2-seminar-examples/logging_rclpy_example) by extension 'ignore_ament_install'
[0.139s] Level 1:colcon.colcon_core.package_identification:_identify(src/ros2-seminar-examples/logging_rclpy_example) by extensions ['colcon_pkg']
[0.139s] Level 1:colcon.colcon_core.package_identification:_identify(src/ros2-seminar-examples/logging_rclpy_example) by extension 'colcon_pkg'
[0.139s] Level 1:colcon.colcon_core.package_identification:_identify(src/ros2-seminar-examples/logging_rclpy_example) by extensions ['colcon_meta']
[0.139s] Level 1:colcon.colcon_core.package_identification:_identify(src/ros2-seminar-examples/logging_rclpy_example) by extension 'colcon_meta'
[0.139s] Level 1:colcon.colcon_core.package_identification:_identify(src/ros2-seminar-examples/logging_rclpy_example) by extensions ['ros']
[0.139s] Level 1:colcon.colcon_core.package_identification:_identify(src/ros2-seminar-examples/logging_rclpy_example) by extension 'ros'
[0.139s] DEBUG:colcon.colcon_core.package_identification:Package 'src/ros2-seminar-examples/logging_rclpy_example' with type 'ros.ament_python' and name 'logging_rclpy_example'
[0.140s] Level 1:colcon.colcon_core.package_identification:_identify(src/ros2-seminar-examples/msg_srv_action_interface_example) by extensions ['ignore', 'ignore_ament_install']
[0.140s] Level 1:colcon.colcon_core.package_identification:_identify(src/ros2-seminar-examples/msg_srv_action_interface_example) by extension 'ignore'
[0.140s] Level 1:colcon.colcon_core.package_identification:_identify(src/ros2-seminar-examples/msg_srv_action_interface_example) by extension 'ignore_ament_install'
[0.140s] Level 1:colcon.colcon_core.package_identification:_identify(src/ros2-seminar-examples/msg_srv_action_interface_example) by extensions ['colcon_pkg']
[0.140s] Level 1:colcon.colcon_core.package_identification:_identify(src/ros2-seminar-examples/msg_srv_action_interface_example) by extension 'colcon_pkg'
[0.140s] Level 1:colcon.colcon_core.package_identification:_identify(src/ros2-seminar-examples/msg_srv_action_interface_example) by extensions ['colcon_meta']
[0.140s] Level 1:colcon.colcon_core.package_identification:_identify(src/ros2-seminar-examples/msg_srv_action_interface_example) by extension 'colcon_meta'
[0.140s] Level 1:colcon.colcon_core.package_identification:_identify(src/ros2-seminar-examples/msg_srv_action_interface_example) by extensions ['ros']
[0.140s] Level 1:colcon.colcon_core.package_identification:_identify(src/ros2-seminar-examples/msg_srv_action_interface_example) by extension 'ros'
[0.140s] DEBUG:colcon.colcon_core.package_identification:Package 'src/ros2-seminar-examples/msg_srv_action_interface_example' with type 'ros.ament_cmake' and name 'msg_srv_action_interface_example'
[0.140s] Level 1:colcon.colcon_core.package_identification:_identify(src/ros2-seminar-examples/my_first_ros_rclcpp_pkg) by extensions ['ignore', 'ignore_ament_install']
[0.140s] Level 1:colcon.colcon_core.package_identification:_identify(src/ros2-seminar-examples/my_first_ros_rclcpp_pkg) by extension 'ignore'
[0.140s] Level 1:colcon.colcon_core.package_identification:_identify(src/ros2-seminar-examples/my_first_ros_rclcpp_pkg) by extension 'ignore_ament_install'
[0.140s] Level 1:colcon.colcon_core.package_identification:_identify(src/ros2-seminar-examples/my_first_ros_rclcpp_pkg) by extensions ['colcon_pkg']
[0.140s] Level 1:colcon.colcon_core.package_identification:_identify(src/ros2-seminar-examples/my_first_ros_rclcpp_pkg) by extension 'colcon_pkg'
[0.140s] Level 1:colcon.colcon_core.package_identification:_identify(src/ros2-seminar-examples/my_first_ros_rclcpp_pkg) by extensions ['colcon_meta']
[0.140s] Level 1:colcon.colcon_core.package_identification:_identify(src/ros2-seminar-examples/my_first_ros_rclcpp_pkg) by extension 'colcon_meta'
[0.140s] Level 1:colcon.colcon_core.package_identification:_identify(src/ros2-seminar-examples/my_first_ros_rclcpp_pkg) by extensions ['ros']
[0.141s] Level 1:colcon.colcon_core.package_identification:_identify(src/ros2-seminar-examples/my_first_ros_rclcpp_pkg) by extension 'ros'
[0.141s] DEBUG:colcon.colcon_core.package_identification:Package 'src/ros2-seminar-examples/my_first_ros_rclcpp_pkg' with type 'ros.ament_cmake' and name 'my_first_ros_rclcpp_pkg'
[0.141s] Level 1:colcon.colcon_core.package_identification:_identify(src/ros2-seminar-examples/my_first_ros_rclpy_pkg) by extensions ['ignore', 'ignore_ament_install']
[0.141s] Level 1:colcon.colcon_core.package_identification:_identify(src/ros2-seminar-examples/my_first_ros_rclpy_pkg) by extension 'ignore'
[0.141s] Level 1:colcon.colcon_core.package_identification:_identify(src/ros2-seminar-examples/my_first_ros_rclpy_pkg) by extension 'ignore_ament_install'
[0.141s] Level 1:colcon.colcon_core.package_identification:_identify(src/ros2-seminar-examples/my_first_ros_rclpy_pkg) by extensions ['colcon_pkg']
[0.141s] Level 1:colcon.colcon_core.package_identification:_identify(src/ros2-seminar-examples/my_first_ros_rclpy_pkg) by extension 'colcon_pkg'
[0.141s] Level 1:colcon.colcon_core.package_identification:_identify(src/ros2-seminar-examples/my_first_ros_rclpy_pkg) by extensions ['colcon_meta']
[0.141s] Level 1:colcon.colcon_core.package_identification:_identify(src/ros2-seminar-examples/my_first_ros_rclpy_pkg) by extension 'colcon_meta'
[0.141s] Level 1:colcon.colcon_core.package_identification:_identify(src/ros2-seminar-examples/my_first_ros_rclpy_pkg) by extensions ['ros']
[0.141s] Level 1:colcon.colcon_core.package_identification:_identify(src/ros2-seminar-examples/my_first_ros_rclpy_pkg) by extension 'ros'
[0.142s] DEBUG:colcon.colcon_core.package_identification:Package 'src/ros2-seminar-examples/my_first_ros_rclpy_pkg' with type 'ros.ament_python' and name 'my_first_ros_rclpy_pkg'
[0.142s] Level 1:colcon.colcon_core.package_identification:_identify(src/ros2-seminar-examples/ros2env) by extensions ['ignore', 'ignore_ament_install']
[0.142s] Level 1:colcon.colcon_core.package_identification:_identify(src/ros2-seminar-examples/ros2env) by extension 'ignore'
[0.142s] Level 1:colcon.colcon_core.package_identification:_identify(src/ros2-seminar-examples/ros2env) by extension 'ignore_ament_install'
[0.142s] Level 1:colcon.colcon_core.package_identification:_identify(src/ros2-seminar-examples/ros2env) by extensions ['colcon_pkg']
[0.142s] Level 1:colcon.colcon_core.package_identification:_identify(src/ros2-seminar-examples/ros2env) by extension 'colcon_pkg'
[0.142s] Level 1:colcon.colcon_core.package_identification:_identify(src/ros2-seminar-examples/ros2env) by extensions ['colcon_meta']
[0.142s] Level 1:colcon.colcon_core.package_identification:_identify(src/ros2-seminar-examples/ros2env) by extension 'colcon_meta'
[0.142s] Level 1:colcon.colcon_core.package_identification:_identify(src/ros2-seminar-examples/ros2env) by extensions ['ros']
[0.142s] Level 1:colcon.colcon_core.package_identification:_identify(src/ros2-seminar-examples/ros2env) by extension 'ros'
[0.142s] DEBUG:colcon.colcon_core.package_identification:Package 'src/ros2-seminar-examples/ros2env' with type 'ros.ament_python' and name 'ros2env'
[0.142s] Level 1:colcon.colcon_core.package_identification:_identify(src/ros2-seminar-examples/rqt_example) by extensions ['ignore', 'ignore_ament_install']
[0.142s] Level 1:colcon.colcon_core.package_identification:_identify(src/ros2-seminar-examples/rqt_example) by extension 'ignore'
[0.142s] Level 1:colcon.colcon_core.package_identification:_identify(src/ros2-seminar-examples/rqt_example) by extension 'ignore_ament_install'
[0.142s] Level 1:colcon.colcon_core.package_identification:_identify(src/ros2-seminar-examples/rqt_example) by extensions ['colcon_pkg']
[0.142s] Level 1:colcon.colcon_core.package_identification:_identify(src/ros2-seminar-examples/rqt_example) by extension 'colcon_pkg'
[0.142s] Level 1:colcon.colcon_core.package_identification:_identify(src/ros2-seminar-examples/rqt_example) by extensions ['colcon_meta']
[0.143s] Level 1:colcon.colcon_core.package_identification:_identify(src/ros2-seminar-examples/rqt_example) by extension 'colcon_meta'
[0.143s] Level 1:colcon.colcon_core.package_identification:_identify(src/ros2-seminar-examples/rqt_example) by extensions ['ros']
[0.143s] Level 1:colcon.colcon_core.package_identification:_identify(src/ros2-seminar-examples/rqt_example) by extension 'ros'
[0.143s] DEBUG:colcon.colcon_core.package_identification:Package 'src/ros2-seminar-examples/rqt_example' with type 'ros.ament_cmake' and name 'rqt_example'
[0.143s] Level 1:colcon.colcon_core.package_identification:_identify(src/ros2-seminar-examples/testbot_description) by extensions ['ignore', 'ignore_ament_install']
[0.143s] Level 1:colcon.colcon_core.package_identification:_identify(src/ros2-seminar-examples/testbot_description) by extension 'ignore'
[0.143s] Level 1:colcon.colcon_core.package_identification:_identify(src/ros2-seminar-examples/testbot_description) by extension 'ignore_ament_install'
[0.143s] Level 1:colcon.colcon_core.package_identification:_identify(src/ros2-seminar-examples/testbot_description) by extensions ['colcon_pkg']
[0.143s] Level 1:colcon.colcon_core.package_identification:_identify(src/ros2-seminar-examples/testbot_description) by extension 'colcon_pkg'
[0.143s] Level 1:colcon.colcon_core.package_identification:_identify(src/ros2-seminar-examples/testbot_description) by extensions ['colcon_meta']
[0.143s] Level 1:colcon.colcon_core.package_identification:_identify(src/ros2-seminar-examples/testbot_description) by extension 'colcon_meta'
[0.143s] Level 1:colcon.colcon_core.package_identification:_identify(src/ros2-seminar-examples/testbot_description) by extensions ['ros']
[0.143s] Level 1:colcon.colcon_core.package_identification:_identify(src/ros2-seminar-examples/testbot_description) by extension 'ros'
[0.144s] DEBUG:colcon.colcon_core.package_identification:Package 'src/ros2-seminar-examples/testbot_description' with type 'ros.ament_cmake' and name 'testbot_description'
[0.144s] Level 1:colcon.colcon_core.package_identification:_identify(src/ros2-seminar-examples/tf2_rclcpp_example) by extensions ['ignore', 'ignore_ament_install']
[0.144s] Level 1:colcon.colcon_core.package_identification:_identify(src/ros2-seminar-examples/tf2_rclcpp_example) by extension 'ignore'
[0.144s] Level 1:colcon.colcon_core.package_identification:_identify(src/ros2-seminar-examples/tf2_rclcpp_example) by extension 'ignore_ament_install'
[0.144s] Level 1:colcon.colcon_core.package_identification:_identify(src/ros2-seminar-examples/tf2_rclcpp_example) by extensions ['colcon_pkg']
[0.144s] Level 1:colcon.colcon_core.package_identification:_identify(src/ros2-seminar-examples/tf2_rclcpp_example) by extension 'colcon_pkg'
[0.144s] Level 1:colcon.colcon_core.package_identification:_identify(src/ros2-seminar-examples/tf2_rclcpp_example) by extensions ['colcon_meta']
[0.144s] Level 1:colcon.colcon_core.package_identification:_identify(src/ros2-seminar-examples/tf2_rclcpp_example) by extension 'colcon_meta'
[0.144s] Level 1:colcon.colcon_core.package_identification:_identify(src/ros2-seminar-examples/tf2_rclcpp_example) by extensions ['ros']
[0.144s] Level 1:colcon.colcon_core.package_identification:_identify(src/ros2-seminar-examples/tf2_rclcpp_example) by extension 'ros'
[0.144s] DEBUG:colcon.colcon_core.package_identification:Package 'src/ros2-seminar-examples/tf2_rclcpp_example' with type 'ros.ament_cmake' and name 'tf2_rclcpp_example'
[0.145s] Level 1:colcon.colcon_core.package_identification:_identify(src/ros2-seminar-examples/tf2_rclpy_example) by extensions ['ignore', 'ignore_ament_install']
[0.145s] Level 1:colcon.colcon_core.package_identification:_identify(src/ros2-seminar-examples/tf2_rclpy_example) by extension 'ignore'
[0.145s] Level 1:colcon.colcon_core.package_identification:_identify(src/ros2-seminar-examples/tf2_rclpy_example) by extension 'ignore_ament_install'
[0.145s] Level 1:colcon.colcon_core.package_identification:_identify(src/ros2-seminar-examples/tf2_rclpy_example) by extensions ['colcon_pkg']
[0.145s] Level 1:colcon.colcon_core.package_identification:_identify(src/ros2-seminar-examples/tf2_rclpy_example) by extension 'colcon_pkg'
[0.145s] Level 1:colcon.colcon_core.package_identification:_identify(src/ros2-seminar-examples/tf2_rclpy_example) by extensions ['colcon_meta']
[0.145s] Level 1:colcon.colcon_core.package_identification:_identify(src/ros2-seminar-examples/tf2_rclpy_example) by extension 'colcon_meta'
[0.145s] Level 1:colcon.colcon_core.package_identification:_identify(src/ros2-seminar-examples/tf2_rclpy_example) by extensions ['ros']
[0.145s] Level 1:colcon.colcon_core.package_identification:_identify(src/ros2-seminar-examples/tf2_rclpy_example) by extension 'ros'
[0.145s] DEBUG:colcon.colcon_core.package_identification:Package 'src/ros2-seminar-examples/tf2_rclpy_example' with type 'ros.ament_python' and name 'tf2_rclpy_example'
[0.146s] Level 1:colcon.colcon_core.package_identification:_identify(src/ros2-seminar-examples/time_rclcpp_example) by extensions ['ignore', 'ignore_ament_install']
[0.146s] Level 1:colcon.colcon_core.package_identification:_identify(src/ros2-seminar-examples/time_rclcpp_example) by extension 'ignore'
[0.146s] Level 1:colcon.colcon_core.package_identification:_identify(src/ros2-seminar-examples/time_rclcpp_example) by extension 'ignore_ament_install'
[0.146s] Level 1:colcon.colcon_core.package_identification:_identify(src/ros2-seminar-examples/time_rclcpp_example) by extensions ['colcon_pkg']
[0.146s] Level 1:colcon.colcon_core.package_identification:_identify(src/ros2-seminar-examples/time_rclcpp_example) by extension 'colcon_pkg'
[0.146s] Level 1:colcon.colcon_core.package_identification:_identify(src/ros2-seminar-examples/time_rclcpp_example) by extensions ['colcon_meta']
[0.146s] Level 1:colcon.colcon_core.package_identification:_identify(src/ros2-seminar-examples/time_rclcpp_example) by extension 'colcon_meta'
[0.146s] Level 1:colcon.colcon_core.package_identification:_identify(src/ros2-seminar-examples/time_rclcpp_example) by extensions ['ros']
[0.146s] Level 1:colcon.colcon_core.package_identification:_identify(src/ros2-seminar-examples/time_rclcpp_example) by extension 'ros'
[0.146s] DEBUG:colcon.colcon_core.package_identification:Package 'src/ros2-seminar-examples/time_rclcpp_example' with type 'ros.ament_cmake' and name 'time_rclcpp_example'
[0.146s] Level 1:colcon.colcon_core.package_identification:_identify(src/ros2-seminar-examples/time_rclpy_example) by extensions ['ignore', 'ignore_ament_install']
[0.146s] Level 1:colcon.colcon_core.package_identification:_identify(src/ros2-seminar-examples/time_rclpy_example) by extension 'ignore'
[0.146s] Level 1:colcon.colcon_core.package_identification:_identify(src/ros2-seminar-examples/time_rclpy_example) by extension 'ignore_ament_install'
[0.146s] Level 1:colcon.colcon_core.package_identification:_identify(src/ros2-seminar-examples/time_rclpy_example) by extensions ['colcon_pkg']
[0.146s] Level 1:colcon.colcon_core.package_identification:_identify(src/ros2-seminar-examples/time_rclpy_example) by extension 'colcon_pkg'
[0.146s] Level 1:colcon.colcon_core.package_identification:_identify(src/ros2-seminar-examples/time_rclpy_example) by extensions ['colcon_meta']
[0.146s] Level 1:colcon.colcon_core.package_identification:_identify(src/ros2-seminar-examples/time_rclpy_example) by extension 'colcon_meta'
[0.147s] Level 1:colcon.colcon_core.package_identification:_identify(src/ros2-seminar-examples/time_rclpy_example) by extensions ['ros']
[0.147s] Level 1:colcon.colcon_core.package_identification:_identify(src/ros2-seminar-examples/time_rclpy_example) by extension 'ros'
[0.147s] DEBUG:colcon.colcon_core.package_identification:Package 'src/ros2-seminar-examples/time_rclpy_example' with type 'ros.ament_python' and name 'time_rclpy_example'
[0.147s] Level 1:colcon.colcon_core.package_identification:_identify(src/ros2-seminar-examples/topic_service_action_rclcpp_example) by extensions ['ignore', 'ignore_ament_install']
[0.147s] Level 1:colcon.colcon_core.package_identification:_identify(src/ros2-seminar-examples/topic_service_action_rclcpp_example) by extension 'ignore'
[0.147s] Level 1:colcon.colcon_core.package_identification:_identify(src/ros2-seminar-examples/topic_service_action_rclcpp_example) by extension 'ignore_ament_install'
[0.147s] Level 1:colcon.colcon_core.package_identification:_identify(src/ros2-seminar-examples/topic_service_action_rclcpp_example) by extensions ['colcon_pkg']
[0.147s] Level 1:colcon.colcon_core.package_identification:_identify(src/ros2-seminar-examples/topic_service_action_rclcpp_example) by extension 'colcon_pkg'
[0.147s] Level 1:colcon.colcon_core.package_identification:_identify(src/ros2-seminar-examples/topic_service_action_rclcpp_example) by extensions ['colcon_meta']
[0.147s] Level 1:colcon.colcon_core.package_identification:_identify(src/ros2-seminar-examples/topic_service_action_rclcpp_example) by extension 'colcon_meta'
[0.147s] Level 1:colcon.colcon_core.package_identification:_identify(src/ros2-seminar-examples/topic_service_action_rclcpp_example) by extensions ['ros']
[0.147s] Level 1:colcon.colcon_core.package_identification:_identify(src/ros2-seminar-examples/topic_service_action_rclcpp_example) by extension 'ros'
[0.148s] DEBUG:colcon.colcon_core.package_identification:Package 'src/ros2-seminar-examples/topic_service_action_rclcpp_example' with type 'ros.ament_cmake' and name 'topic_service_action_rclcpp_example'
[0.148s] Level 1:colcon.colcon_core.package_identification:_identify(src/ros2-seminar-examples/topic_service_action_rclpy_example) by extensions ['ignore', 'ignore_ament_install']
[0.148s] Level 1:colcon.colcon_core.package_identification:_identify(src/ros2-seminar-examples/topic_service_action_rclpy_example) by extension 'ignore'
[0.148s] Level 1:colcon.colcon_core.package_identification:_identify(src/ros2-seminar-examples/topic_service_action_rclpy_example) by extension 'ignore_ament_install'
[0.148s] Level 1:colcon.colcon_core.package_identification:_identify(src/ros2-seminar-examples/topic_service_action_rclpy_example) by extensions ['colcon_pkg']
[0.148s] Level 1:colcon.colcon_core.package_identification:_identify(src/ros2-seminar-examples/topic_service_action_rclpy_example) by extension 'colcon_pkg'
[0.148s] Level 1:colcon.colcon_core.package_identification:_identify(src/ros2-seminar-examples/topic_service_action_rclpy_example) by extensions ['colcon_meta']
[0.148s] Level 1:colcon.colcon_core.package_identification:_identify(src/ros2-seminar-examples/topic_service_action_rclpy_example) by extension 'colcon_meta'
[0.148s] Level 1:colcon.colcon_core.package_identification:_identify(src/ros2-seminar-examples/topic_service_action_rclpy_example) by extensions ['ros']
[0.148s] Level 1:colcon.colcon_core.package_identification:_identify(src/ros2-seminar-examples/topic_service_action_rclpy_example) by extension 'ros'
[0.149s] DEBUG:colcon.colcon_core.package_identification:Package 'src/ros2-seminar-examples/topic_service_action_rclpy_example' with type 'ros.ament_python' and name 'topic_service_action_rclpy_example'
[0.149s] Level 1:colcon.colcon_core.package_discovery:discover_packages(recursive) using defaults
[0.149s] Level 1:colcon.colcon_core.package_discovery:discover_packages(ignore) discover
[0.149s] Level 1:colcon.colcon_core.package_discovery:discover_packages(ignore) using defaults
[0.149s] Level 1:colcon.colcon_core.package_discovery:discover_packages(path) discover
[0.149s] Level 1:colcon.colcon_core.package_discovery:discover_packages(path) using defaults
[0.165s] Level 1:colcon.colcon_core.package_discovery:discover_packages(prefix_path) check parameters
[0.165s] Level 1:colcon.colcon_core.package_discovery:discover_packages(prefix_path) discover
[0.167s] DEBUG:colcon.colcon_installed_package_information.package_discovery:Found 2 installed packages in /home/lee/robot_ws/install
[0.168s] DEBUG:colcon.colcon_installed_package_information.package_discovery:Found 258 installed packages in /opt/ros/foxy
[0.169s] Level 1:colcon.colcon_core.package_discovery:discover_packages(prefix_path) using defaults
[0.209s] ERROR:colcon:colcon build: Duplicate package names not supported:
- my_first_ros_rclcpp_pkg:
  - src/my_first_ros_rclcpp_pkg
  - src/ros2-seminar-examples/my_first_ros_rclcpp_pkg
- my_first_ros_rclpy_pkg:
  - src/my_first_ros_rclpy_pkg
  - src/ros2-seminar-examples/my_first_ros_rclpy_pkg
