[0.115s] DEBUG:colcon:Command line arguments: ['/usr/bin/colcon', 'list', '-p', '--base-paths', '/home/lee/robot_ws']
[0.115s] DEBUG:colcon:Parsed command line arguments: Namespace(allow_overriding=[], base_paths=['/home/lee/robot_ws'], build_base='build', ignore_user_meta=False, log_base=None, log_level=None, main=<bound method ListVerb.main of <colcon_package_information.verb.list.ListVerb object at 0x7f1883149c70>>, metas=['./colcon.meta'], names_only=False, packages_above=None, packages_above_and_dependencies=None, packages_above_depth=None, packages_end=None, packages_ignore=None, packages_ignore_regex=None, packages_select=None, packages_select_build_failed=False, packages_select_by_dep=None, packages_select_regex=None, packages_select_test_failures=False, packages_skip=None, packages_skip_build_finished=False, packages_skip_by_dep=None, packages_skip_regex=None, packages_skip_test_passed=False, packages_skip_up_to=None, packages_start=None, packages_up_to=None, packages_up_to_regex=None, paths=None, paths_only=True, topological_graph=False, topological_graph_density=False, topological_graph_dot=False, topological_graph_dot_cluster=False, topological_graph_dot_include_skipped=False, topological_graph_legend=False, topological_order=False, verb_extension=<colcon_package_information.verb.list.ListVerb object at 0x7f1883149c70>, verb_name='list', verb_parser=<colcon_defaults.argument_parser.defaults.DefaultArgumentsDecorator object at 0x7f18830a6490>)
[0.135s] Level 1:colcon.colcon_core.package_discovery:discover_packages(colcon_meta) check parameters
[0.135s] Level 1:colcon.colcon_core.package_discovery:discover_packages(recursive) check parameters
[0.135s] Level 1:colcon.colcon_core.package_discovery:discover_packages(ignore) check parameters
[0.135s] Level 1:colcon.colcon_core.package_discovery:discover_packages(path) check parameters
[0.135s] Level 1:colcon.colcon_core.package_discovery:discover_packages(recursive) discover
[0.135s] INFO:colcon.colcon_core.package_discovery:Crawling recursively for packages in '/home/lee/robot_ws'
[0.135s] Level 1:colcon.colcon_core.package_identification:_identify(/home/lee/robot_ws) by extensions ['ignore', 'ignore_ament_install']
[0.135s] Level 1:colcon.colcon_core.package_identification:_identify(/home/lee/robot_ws) by extension 'ignore'
[0.135s] Level 1:colcon.colcon_core.package_identification:_identify(/home/lee/robot_ws) by extension 'ignore_ament_install'
[0.135s] Level 1:colcon.colcon_core.package_identification:_identify(/home/lee/robot_ws) by extensions ['colcon_pkg']
[0.135s] Level 1:colcon.colcon_core.package_identification:_identify(/home/lee/robot_ws) by extension 'colcon_pkg'
[0.135s] Level 1:colcon.colcon_core.package_identification:_identify(/home/lee/robot_ws) by extensions ['colcon_meta']
[0.135s] Level 1:colcon.colcon_core.package_identification:_identify(/home/lee/robot_ws) by extension 'colcon_meta'
[0.135s] Level 1:colcon.colcon_core.package_identification:_identify(/home/lee/robot_ws) by extensions ['ros']
[0.135s] Level 1:colcon.colcon_core.package_identification:_identify(/home/lee/robot_ws) by extension 'ros'
[0.142s] Level 1:colcon.colcon_core.package_identification:_identify(/home/lee/robot_ws) by extensions ['cmake', 'python']
[0.142s] Level 1:colcon.colcon_core.package_identification:_identify(/home/lee/robot_ws) by extension 'cmake'
[0.142s] Level 1:colcon.colcon_core.package_identification:_identify(/home/lee/robot_ws) by extension 'python'
[0.142s] Level 1:colcon.colcon_core.package_identification:_identify(/home/lee/robot_ws) by extensions ['python_setup_py']
[0.142s] Level 1:colcon.colcon_core.package_identification:_identify(/home/lee/robot_ws) by extension 'python_setup_py'
[0.143s] Level 1:colcon.colcon_core.package_identification:_identify(/home/lee/robot_ws/build) by extensions ['ignore', 'ignore_ament_install']
[0.143s] Level 1:colcon.colcon_core.package_identification:_identify(/home/lee/robot_ws/build) by extension 'ignore'
[0.143s] Level 1:colcon.colcon_core.package_identification:_identify(/home/lee/robot_ws/build) ignored
[0.143s] Level 1:colcon.colcon_core.package_identification:_identify(/home/lee/robot_ws/install) by extensions ['ignore', 'ignore_ament_install']
[0.143s] Level 1:colcon.colcon_core.package_identification:_identify(/home/lee/robot_ws/install) by extension 'ignore'
[0.143s] Level 1:colcon.colcon_core.package_identification:_identify(/home/lee/robot_ws/install) ignored
[0.143s] Level 1:colcon.colcon_core.package_identification:_identify(/home/lee/robot_ws/log) by extensions ['ignore', 'ignore_ament_install']
[0.143s] Level 1:colcon.colcon_core.package_identification:_identify(/home/lee/robot_ws/log) by extension 'ignore'
[0.143s] Level 1:colcon.colcon_core.package_identification:_identify(/home/lee/robot_ws/log) ignored
[0.143s] Level 1:colcon.colcon_core.package_identification:_identify(/home/lee/robot_ws/src) by extensions ['ignore', 'ignore_ament_install']
[0.143s] Level 1:colcon.colcon_core.package_identification:_identify(/home/lee/robot_ws/src) by extension 'ignore'
[0.143s] Level 1:colcon.colcon_core.package_identification:_identify(/home/lee/robot_ws/src) by extension 'ignore_ament_install'
[0.143s] Level 1:colcon.colcon_core.package_identification:_identify(/home/lee/robot_ws/src) by extensions ['colcon_pkg']
[0.143s] Level 1:colcon.colcon_core.package_identification:_identify(/home/lee/robot_ws/src) by extension 'colcon_pkg'
[0.143s] Level 1:colcon.colcon_core.package_identification:_identify(/home/lee/robot_ws/src) by extensions ['colcon_meta']
[0.143s] Level 1:colcon.colcon_core.package_identification:_identify(/home/lee/robot_ws/src) by extension 'colcon_meta'
[0.143s] Level 1:colcon.colcon_core.package_identification:_identify(/home/lee/robot_ws/src) by extensions ['ros']
[0.143s] Level 1:colcon.colcon_core.package_identification:_identify(/home/lee/robot_ws/src) by extension 'ros'
[0.144s] Level 1:colcon.colcon_core.package_identification:_identify(/home/lee/robot_ws/src) by extensions ['cmake', 'python']
[0.144s] Level 1:colcon.colcon_core.package_identification:_identify(/home/lee/robot_ws/src) by extension 'cmake'
[0.144s] Level 1:colcon.colcon_core.package_identification:_identify(/home/lee/robot_ws/src) by extension 'python'
[0.144s] Level 1:colcon.colcon_core.package_identification:_identify(/home/lee/robot_ws/src) by extensions ['python_setup_py']
[0.144s] Level 1:colcon.colcon_core.package_identification:_identify(/home/lee/robot_ws/src) by extension 'python_setup_py'
[0.144s] Level 1:colcon.colcon_core.package_identification:_identify(/home/lee/robot_ws/src/msg_interface_py_test) by extensions ['ignore', 'ignore_ament_install']
[0.144s] Level 1:colcon.colcon_core.package_identification:_identify(/home/lee/robot_ws/src/msg_interface_py_test) by extension 'ignore'
[0.144s] Level 1:colcon.colcon_core.package_identification:_identify(/home/lee/robot_ws/src/msg_interface_py_test) by extension 'ignore_ament_install'
[0.144s] Level 1:colcon.colcon_core.package_identification:_identify(/home/lee/robot_ws/src/msg_interface_py_test) by extensions ['colcon_pkg']
[0.144s] Level 1:colcon.colcon_core.package_identification:_identify(/home/lee/robot_ws/src/msg_interface_py_test) by extension 'colcon_pkg'
[0.144s] Level 1:colcon.colcon_core.package_identification:_identify(/home/lee/robot_ws/src/msg_interface_py_test) by extensions ['colcon_meta']
[0.144s] Level 1:colcon.colcon_core.package_identification:_identify(/home/lee/robot_ws/src/msg_interface_py_test) by extension 'colcon_meta'
[0.144s] Level 1:colcon.colcon_core.package_identification:_identify(/home/lee/robot_ws/src/msg_interface_py_test) by extensions ['ros']
[0.144s] Level 1:colcon.colcon_core.package_identification:_identify(/home/lee/robot_ws/src/msg_interface_py_test) by extension 'ros'
[0.145s] DEBUG:colcon.colcon_core.package_identification:Package '/home/lee/robot_ws/src/msg_interface_py_test' with type 'ros.ament_cmake' and name 'msg_interface_py_test'
[0.146s] Level 1:colcon.colcon_core.package_identification:_identify(/home/lee/robot_ws/src/msg_srv_action_interface_py_test) by extensions ['ignore', 'ignore_ament_install']
[0.146s] Level 1:colcon.colcon_core.package_identification:_identify(/home/lee/robot_ws/src/msg_srv_action_interface_py_test) by extension 'ignore'
[0.146s] Level 1:colcon.colcon_core.package_identification:_identify(/home/lee/robot_ws/src/msg_srv_action_interface_py_test) by extension 'ignore_ament_install'
[0.146s] Level 1:colcon.colcon_core.package_identification:_identify(/home/lee/robot_ws/src/msg_srv_action_interface_py_test) by extensions ['colcon_pkg']
[0.146s] Level 1:colcon.colcon_core.package_identification:_identify(/home/lee/robot_ws/src/msg_srv_action_interface_py_test) by extension 'colcon_pkg'
[0.146s] Level 1:colcon.colcon_core.package_identification:_identify(/home/lee/robot_ws/src/msg_srv_action_interface_py_test) by extensions ['colcon_meta']
[0.146s] Level 1:colcon.colcon_core.package_identification:_identify(/home/lee/robot_ws/src/msg_srv_action_interface_py_test) by extension 'colcon_meta'
[0.146s] Level 1:colcon.colcon_core.package_identification:_identify(/home/lee/robot_ws/src/msg_srv_action_interface_py_test) by extensions ['ros']
[0.146s] Level 1:colcon.colcon_core.package_identification:_identify(/home/lee/robot_ws/src/msg_srv_action_interface_py_test) by extension 'ros'
[0.146s] DEBUG:colcon.colcon_core.package_identification:Package '/home/lee/robot_ws/src/msg_srv_action_interface_py_test' with type 'ros.ament_cmake' and name 'msg_srv_action_interface_py_test'
[0.146s] Level 1:colcon.colcon_core.package_identification:_identify(/home/lee/robot_ws/src/msg_srv_interface_py_test) by extensions ['ignore', 'ignore_ament_install']
[0.146s] Level 1:colcon.colcon_core.package_identification:_identify(/home/lee/robot_ws/src/msg_srv_interface_py_test) by extension 'ignore'
[0.146s] Level 1:colcon.colcon_core.package_identification:_identify(/home/lee/robot_ws/src/msg_srv_interface_py_test) by extension 'ignore_ament_install'
[0.147s] Level 1:colcon.colcon_core.package_identification:_identify(/home/lee/robot_ws/src/msg_srv_interface_py_test) by extensions ['colcon_pkg']
[0.147s] Level 1:colcon.colcon_core.package_identification:_identify(/home/lee/robot_ws/src/msg_srv_interface_py_test) by extension 'colcon_pkg'
[0.147s] Level 1:colcon.colcon_core.package_identification:_identify(/home/lee/robot_ws/src/msg_srv_interface_py_test) by extensions ['colcon_meta']
[0.147s] Level 1:colcon.colcon_core.package_identification:_identify(/home/lee/robot_ws/src/msg_srv_interface_py_test) by extension 'colcon_meta'
[0.147s] Level 1:colcon.colcon_core.package_identification:_identify(/home/lee/robot_ws/src/msg_srv_interface_py_test) by extensions ['ros']
[0.147s] Level 1:colcon.colcon_core.package_identification:_identify(/home/lee/robot_ws/src/msg_srv_interface_py_test) by extension 'ros'
[0.147s] DEBUG:colcon.colcon_core.package_identification:Package '/home/lee/robot_ws/src/msg_srv_interface_py_test' with type 'ros.ament_cmake' and name 'msg_srv_interface_py_test'
[0.147s] Level 1:colcon.colcon_core.package_identification:_identify(/home/lee/robot_ws/src/ros2-seminar-examples) by extensions ['ignore', 'ignore_ament_install']
[0.147s] Level 1:colcon.colcon_core.package_identification:_identify(/home/lee/robot_ws/src/ros2-seminar-examples) by extension 'ignore'
[0.147s] Level 1:colcon.colcon_core.package_identification:_identify(/home/lee/robot_ws/src/ros2-seminar-examples) by extension 'ignore_ament_install'
[0.147s] Level 1:colcon.colcon_core.package_identification:_identify(/home/lee/robot_ws/src/ros2-seminar-examples) by extensions ['colcon_pkg']
[0.147s] Level 1:colcon.colcon_core.package_identification:_identify(/home/lee/robot_ws/src/ros2-seminar-examples) by extension 'colcon_pkg'
[0.147s] Level 1:colcon.colcon_core.package_identification:_identify(/home/lee/robot_ws/src/ros2-seminar-examples) by extensions ['colcon_meta']
[0.147s] Level 1:colcon.colcon_core.package_identification:_identify(/home/lee/robot_ws/src/ros2-seminar-examples) by extension 'colcon_meta'
[0.147s] Level 1:colcon.colcon_core.package_identification:_identify(/home/lee/robot_ws/src/ros2-seminar-examples) by extensions ['ros']
[0.147s] Level 1:colcon.colcon_core.package_identification:_identify(/home/lee/robot_ws/src/ros2-seminar-examples) by extension 'ros'
[0.147s] Level 1:colcon.colcon_core.package_identification:_identify(/home/lee/robot_ws/src/ros2-seminar-examples) by extensions ['cmake', 'python']
[0.147s] Level 1:colcon.colcon_core.package_identification:_identify(/home/lee/robot_ws/src/ros2-seminar-examples) by extension 'cmake'
[0.147s] Level 1:colcon.colcon_core.package_identification:_identify(/home/lee/robot_ws/src/ros2-seminar-examples) by extension 'python'
[0.147s] Level 1:colcon.colcon_core.package_identification:_identify(/home/lee/robot_ws/src/ros2-seminar-examples) by extensions ['python_setup_py']
[0.147s] Level 1:colcon.colcon_core.package_identification:_identify(/home/lee/robot_ws/src/ros2-seminar-examples) by extension 'python_setup_py'
[0.148s] Level 1:colcon.colcon_core.package_identification:_identify(/home/lee/robot_ws/src/ros2-seminar-examples/logging_rclpy_example) by extensions ['ignore', 'ignore_ament_install']
[0.148s] Level 1:colcon.colcon_core.package_identification:_identify(/home/lee/robot_ws/src/ros2-seminar-examples/logging_rclpy_example) by extension 'ignore'
[0.148s] Level 1:colcon.colcon_core.package_identification:_identify(/home/lee/robot_ws/src/ros2-seminar-examples/logging_rclpy_example) by extension 'ignore_ament_install'
[0.148s] Level 1:colcon.colcon_core.package_identification:_identify(/home/lee/robot_ws/src/ros2-seminar-examples/logging_rclpy_example) by extensions ['colcon_pkg']
[0.148s] Level 1:colcon.colcon_core.package_identification:_identify(/home/lee/robot_ws/src/ros2-seminar-examples/logging_rclpy_example) by extension 'colcon_pkg'
[0.148s] Level 1:colcon.colcon_core.package_identification:_identify(/home/lee/robot_ws/src/ros2-seminar-examples/logging_rclpy_example) by extensions ['colcon_meta']
[0.148s] Level 1:colcon.colcon_core.package_identification:_identify(/home/lee/robot_ws/src/ros2-seminar-examples/logging_rclpy_example) by extension 'colcon_meta'
[0.148s] Level 1:colcon.colcon_core.package_identification:_identify(/home/lee/robot_ws/src/ros2-seminar-examples/logging_rclpy_example) by extensions ['ros']
[0.148s] Level 1:colcon.colcon_core.package_identification:_identify(/home/lee/robot_ws/src/ros2-seminar-examples/logging_rclpy_example) by extension 'ros'
[0.148s] DEBUG:colcon.colcon_core.package_identification:Package '/home/lee/robot_ws/src/ros2-seminar-examples/logging_rclpy_example' with type 'ros.ament_python' and name 'logging_rclpy_example'
[0.148s] Level 1:colcon.colcon_core.package_identification:_identify(/home/lee/robot_ws/src/ros2-seminar-examples/msg_srv_action_interface_example) by extensions ['ignore', 'ignore_ament_install']
[0.148s] Level 1:colcon.colcon_core.package_identification:_identify(/home/lee/robot_ws/src/ros2-seminar-examples/msg_srv_action_interface_example) by extension 'ignore'
[0.148s] Level 1:colcon.colcon_core.package_identification:_identify(/home/lee/robot_ws/src/ros2-seminar-examples/msg_srv_action_interface_example) by extension 'ignore_ament_install'
[0.148s] Level 1:colcon.colcon_core.package_identification:_identify(/home/lee/robot_ws/src/ros2-seminar-examples/msg_srv_action_interface_example) by extensions ['colcon_pkg']
[0.148s] Level 1:colcon.colcon_core.package_identification:_identify(/home/lee/robot_ws/src/ros2-seminar-examples/msg_srv_action_interface_example) by extension 'colcon_pkg'
[0.149s] Level 1:colcon.colcon_core.package_identification:_identify(/home/lee/robot_ws/src/ros2-seminar-examples/msg_srv_action_interface_example) by extensions ['colcon_meta']
[0.149s] Level 1:colcon.colcon_core.package_identification:_identify(/home/lee/robot_ws/src/ros2-seminar-examples/msg_srv_action_interface_example) by extension 'colcon_meta'
[0.149s] Level 1:colcon.colcon_core.package_identification:_identify(/home/lee/robot_ws/src/ros2-seminar-examples/msg_srv_action_interface_example) by extensions ['ros']
[0.149s] Level 1:colcon.colcon_core.package_identification:_identify(/home/lee/robot_ws/src/ros2-seminar-examples/msg_srv_action_interface_example) by extension 'ros'
[0.149s] DEBUG:colcon.colcon_core.package_identification:Package '/home/lee/robot_ws/src/ros2-seminar-examples/msg_srv_action_interface_example' with type 'ros.ament_cmake' and name 'msg_srv_action_interface_example'
[0.149s] Level 1:colcon.colcon_core.package_identification:_identify(/home/lee/robot_ws/src/ros2-seminar-examples/my_first_ros_rclpy_pkg) by extensions ['ignore', 'ignore_ament_install']
[0.149s] Level 1:colcon.colcon_core.package_identification:_identify(/home/lee/robot_ws/src/ros2-seminar-examples/my_first_ros_rclpy_pkg) by extension 'ignore'
[0.149s] Level 1:colcon.colcon_core.package_identification:_identify(/home/lee/robot_ws/src/ros2-seminar-examples/my_first_ros_rclpy_pkg) by extension 'ignore_ament_install'
[0.149s] Level 1:colcon.colcon_core.package_identification:_identify(/home/lee/robot_ws/src/ros2-seminar-examples/my_first_ros_rclpy_pkg) by extensions ['colcon_pkg']
[0.149s] Level 1:colcon.colcon_core.package_identification:_identify(/home/lee/robot_ws/src/ros2-seminar-examples/my_first_ros_rclpy_pkg) by extension 'colcon_pkg'
[0.149s] Level 1:colcon.colcon_core.package_identification:_identify(/home/lee/robot_ws/src/ros2-seminar-examples/my_first_ros_rclpy_pkg) by extensions ['colcon_meta']
[0.149s] Level 1:colcon.colcon_core.package_identification:_identify(/home/lee/robot_ws/src/ros2-seminar-examples/my_first_ros_rclpy_pkg) by extension 'colcon_meta'
[0.149s] Level 1:colcon.colcon_core.package_identification:_identify(/home/lee/robot_ws/src/ros2-seminar-examples/my_first_ros_rclpy_pkg) by extensions ['ros']
[0.149s] Level 1:colcon.colcon_core.package_identification:_identify(/home/lee/robot_ws/src/ros2-seminar-examples/my_first_ros_rclpy_pkg) by extension 'ros'
[0.150s] DEBUG:colcon.colcon_core.package_identification:Package '/home/lee/robot_ws/src/ros2-seminar-examples/my_first_ros_rclpy_pkg' with type 'ros.ament_python' and name 'my_first_ros_rclpy_pkg'
[0.150s] Level 1:colcon.colcon_core.package_identification:_identify(/home/lee/robot_ws/src/ros2-seminar-examples/ros2env) by extensions ['ignore', 'ignore_ament_install']
[0.150s] Level 1:colcon.colcon_core.package_identification:_identify(/home/lee/robot_ws/src/ros2-seminar-examples/ros2env) by extension 'ignore'
[0.150s] Level 1:colcon.colcon_core.package_identification:_identify(/home/lee/robot_ws/src/ros2-seminar-examples/ros2env) by extension 'ignore_ament_install'
[0.150s] Level 1:colcon.colcon_core.package_identification:_identify(/home/lee/robot_ws/src/ros2-seminar-examples/ros2env) by extensions ['colcon_pkg']
[0.151s] Level 1:colcon.colcon_core.package_identification:_identify(/home/lee/robot_ws/src/ros2-seminar-examples/ros2env) by extension 'colcon_pkg'
[0.151s] Level 1:colcon.colcon_core.package_identification:_identify(/home/lee/robot_ws/src/ros2-seminar-examples/ros2env) by extensions ['colcon_meta']
[0.151s] Level 1:colcon.colcon_core.package_identification:_identify(/home/lee/robot_ws/src/ros2-seminar-examples/ros2env) by extension 'colcon_meta'
[0.151s] Level 1:colcon.colcon_core.package_identification:_identify(/home/lee/robot_ws/src/ros2-seminar-examples/ros2env) by extensions ['ros']
[0.151s] Level 1:colcon.colcon_core.package_identification:_identify(/home/lee/robot_ws/src/ros2-seminar-examples/ros2env) by extension 'ros'
[0.151s] DEBUG:colcon.colcon_core.package_identification:Package '/home/lee/robot_ws/src/ros2-seminar-examples/ros2env' with type 'ros.ament_python' and name 'ros2env'
[0.151s] Level 1:colcon.colcon_core.package_identification:_identify(/home/lee/robot_ws/src/ros2-seminar-examples/rqt_example) by extensions ['ignore', 'ignore_ament_install']
[0.151s] Level 1:colcon.colcon_core.package_identification:_identify(/home/lee/robot_ws/src/ros2-seminar-examples/rqt_example) by extension 'ignore'
[0.151s] Level 1:colcon.colcon_core.package_identification:_identify(/home/lee/robot_ws/src/ros2-seminar-examples/rqt_example) by extension 'ignore_ament_install'
[0.151s] Level 1:colcon.colcon_core.package_identification:_identify(/home/lee/robot_ws/src/ros2-seminar-examples/rqt_example) by extensions ['colcon_pkg']
[0.151s] Level 1:colcon.colcon_core.package_identification:_identify(/home/lee/robot_ws/src/ros2-seminar-examples/rqt_example) by extension 'colcon_pkg'
[0.151s] Level 1:colcon.colcon_core.package_identification:_identify(/home/lee/robot_ws/src/ros2-seminar-examples/rqt_example) by extensions ['colcon_meta']
[0.151s] Level 1:colcon.colcon_core.package_identification:_identify(/home/lee/robot_ws/src/ros2-seminar-examples/rqt_example) by extension 'colcon_meta'
[0.151s] Level 1:colcon.colcon_core.package_identification:_identify(/home/lee/robot_ws/src/ros2-seminar-examples/rqt_example) by extensions ['ros']
[0.151s] Level 1:colcon.colcon_core.package_identification:_identify(/home/lee/robot_ws/src/ros2-seminar-examples/rqt_example) by extension 'ros'
[0.152s] DEBUG:colcon.colcon_core.package_identification:Package '/home/lee/robot_ws/src/ros2-seminar-examples/rqt_example' with type 'ros.ament_cmake' and name 'rqt_example'
[0.152s] Level 1:colcon.colcon_core.package_identification:_identify(/home/lee/robot_ws/src/ros2-seminar-examples/testbot_description) by extensions ['ignore', 'ignore_ament_install']
[0.152s] Level 1:colcon.colcon_core.package_identification:_identify(/home/lee/robot_ws/src/ros2-seminar-examples/testbot_description) by extension 'ignore'
[0.152s] Level 1:colcon.colcon_core.package_identification:_identify(/home/lee/robot_ws/src/ros2-seminar-examples/testbot_description) by extension 'ignore_ament_install'
[0.152s] Level 1:colcon.colcon_core.package_identification:_identify(/home/lee/robot_ws/src/ros2-seminar-examples/testbot_description) by extensions ['colcon_pkg']
[0.152s] Level 1:colcon.colcon_core.package_identification:_identify(/home/lee/robot_ws/src/ros2-seminar-examples/testbot_description) by extension 'colcon_pkg'
[0.152s] Level 1:colcon.colcon_core.package_identification:_identify(/home/lee/robot_ws/src/ros2-seminar-examples/testbot_description) by extensions ['colcon_meta']
[0.152s] Level 1:colcon.colcon_core.package_identification:_identify(/home/lee/robot_ws/src/ros2-seminar-examples/testbot_description) by extension 'colcon_meta'
[0.152s] Level 1:colcon.colcon_core.package_identification:_identify(/home/lee/robot_ws/src/ros2-seminar-examples/testbot_description) by extensions ['ros']
[0.152s] Level 1:colcon.colcon_core.package_identification:_identify(/home/lee/robot_ws/src/ros2-seminar-examples/testbot_description) by extension 'ros'
[0.152s] DEBUG:colcon.colcon_core.package_identification:Package '/home/lee/robot_ws/src/ros2-seminar-examples/testbot_description' with type 'ros.ament_cmake' and name 'testbot_description'
[0.152s] Level 1:colcon.colcon_core.package_identification:_identify(/home/lee/robot_ws/src/ros2-seminar-examples/tf2_rclcpp_example) by extensions ['ignore', 'ignore_ament_install']
[0.153s] Level 1:colcon.colcon_core.package_identification:_identify(/home/lee/robot_ws/src/ros2-seminar-examples/tf2_rclcpp_example) by extension 'ignore'
[0.153s] Level 1:colcon.colcon_core.package_identification:_identify(/home/lee/robot_ws/src/ros2-seminar-examples/tf2_rclcpp_example) by extension 'ignore_ament_install'
[0.153s] Level 1:colcon.colcon_core.package_identification:_identify(/home/lee/robot_ws/src/ros2-seminar-examples/tf2_rclcpp_example) by extensions ['colcon_pkg']
[0.153s] Level 1:colcon.colcon_core.package_identification:_identify(/home/lee/robot_ws/src/ros2-seminar-examples/tf2_rclcpp_example) by extension 'colcon_pkg'
[0.153s] Level 1:colcon.colcon_core.package_identification:_identify(/home/lee/robot_ws/src/ros2-seminar-examples/tf2_rclcpp_example) by extensions ['colcon_meta']
[0.153s] Level 1:colcon.colcon_core.package_identification:_identify(/home/lee/robot_ws/src/ros2-seminar-examples/tf2_rclcpp_example) by extension 'colcon_meta'
[0.153s] Level 1:colcon.colcon_core.package_identification:_identify(/home/lee/robot_ws/src/ros2-seminar-examples/tf2_rclcpp_example) by extensions ['ros']
[0.153s] Level 1:colcon.colcon_core.package_identification:_identify(/home/lee/robot_ws/src/ros2-seminar-examples/tf2_rclcpp_example) by extension 'ros'
[0.153s] DEBUG:colcon.colcon_core.package_identification:Package '/home/lee/robot_ws/src/ros2-seminar-examples/tf2_rclcpp_example' with type 'ros.ament_cmake' and name 'tf2_rclcpp_example'
[0.153s] Level 1:colcon.colcon_core.package_identification:_identify(/home/lee/robot_ws/src/ros2-seminar-examples/tf2_rclpy_example) by extensions ['ignore', 'ignore_ament_install']
[0.160s] Level 1:colcon.colcon_core.package_identification:_identify(/home/lee/robot_ws/src/ros2-seminar-examples/tf2_rclpy_example) by extension 'ignore'
[0.160s] Level 1:colcon.colcon_core.package_identification:_identify(/home/lee/robot_ws/src/ros2-seminar-examples/tf2_rclpy_example) by extension 'ignore_ament_install'
[0.160s] Level 1:colcon.colcon_core.package_identification:_identify(/home/lee/robot_ws/src/ros2-seminar-examples/tf2_rclpy_example) by extensions ['colcon_pkg']
[0.160s] Level 1:colcon.colcon_core.package_identification:_identify(/home/lee/robot_ws/src/ros2-seminar-examples/tf2_rclpy_example) by extension 'colcon_pkg'
[0.160s] Level 1:colcon.colcon_core.package_identification:_identify(/home/lee/robot_ws/src/ros2-seminar-examples/tf2_rclpy_example) by extensions ['colcon_meta']
[0.160s] Level 1:colcon.colcon_core.package_identification:_identify(/home/lee/robot_ws/src/ros2-seminar-examples/tf2_rclpy_example) by extension 'colcon_meta'
[0.160s] Level 1:colcon.colcon_core.package_identification:_identify(/home/lee/robot_ws/src/ros2-seminar-examples/tf2_rclpy_example) by extensions ['ros']
[0.160s] Level 1:colcon.colcon_core.package_identification:_identify(/home/lee/robot_ws/src/ros2-seminar-examples/tf2_rclpy_example) by extension 'ros'
[0.161s] DEBUG:colcon.colcon_core.package_identification:Package '/home/lee/robot_ws/src/ros2-seminar-examples/tf2_rclpy_example' with type 'ros.ament_python' and name 'tf2_rclpy_example'
[0.161s] Level 1:colcon.colcon_core.package_identification:_identify(/home/lee/robot_ws/src/ros2-seminar-examples/time_rclcpp_example) by extensions ['ignore', 'ignore_ament_install']
[0.161s] Level 1:colcon.colcon_core.package_identification:_identify(/home/lee/robot_ws/src/ros2-seminar-examples/time_rclcpp_example) by extension 'ignore'
[0.161s] Level 1:colcon.colcon_core.package_identification:_identify(/home/lee/robot_ws/src/ros2-seminar-examples/time_rclcpp_example) by extension 'ignore_ament_install'
[0.161s] Level 1:colcon.colcon_core.package_identification:_identify(/home/lee/robot_ws/src/ros2-seminar-examples/time_rclcpp_example) by extensions ['colcon_pkg']
[0.161s] Level 1:colcon.colcon_core.package_identification:_identify(/home/lee/robot_ws/src/ros2-seminar-examples/time_rclcpp_example) by extension 'colcon_pkg'
[0.161s] Level 1:colcon.colcon_core.package_identification:_identify(/home/lee/robot_ws/src/ros2-seminar-examples/time_rclcpp_example) by extensions ['colcon_meta']
[0.161s] Level 1:colcon.colcon_core.package_identification:_identify(/home/lee/robot_ws/src/ros2-seminar-examples/time_rclcpp_example) by extension 'colcon_meta'
[0.161s] Level 1:colcon.colcon_core.package_identification:_identify(/home/lee/robot_ws/src/ros2-seminar-examples/time_rclcpp_example) by extensions ['ros']
[0.161s] Level 1:colcon.colcon_core.package_identification:_identify(/home/lee/robot_ws/src/ros2-seminar-examples/time_rclcpp_example) by extension 'ros'
[0.162s] DEBUG:colcon.colcon_core.package_identification:Package '/home/lee/robot_ws/src/ros2-seminar-examples/time_rclcpp_example' with type 'ros.ament_cmake' and name 'time_rclcpp_example'
[0.162s] Level 1:colcon.colcon_core.package_identification:_identify(/home/lee/robot_ws/src/ros2-seminar-examples/time_rclpy_example) by extensions ['ignore', 'ignore_ament_install']
[0.162s] Level 1:colcon.colcon_core.package_identification:_identify(/home/lee/robot_ws/src/ros2-seminar-examples/time_rclpy_example) by extension 'ignore'
[0.162s] Level 1:colcon.colcon_core.package_identification:_identify(/home/lee/robot_ws/src/ros2-seminar-examples/time_rclpy_example) by extension 'ignore_ament_install'
[0.162s] Level 1:colcon.colcon_core.package_identification:_identify(/home/lee/robot_ws/src/ros2-seminar-examples/time_rclpy_example) by extensions ['colcon_pkg']
[0.162s] Level 1:colcon.colcon_core.package_identification:_identify(/home/lee/robot_ws/src/ros2-seminar-examples/time_rclpy_example) by extension 'colcon_pkg'
[0.162s] Level 1:colcon.colcon_core.package_identification:_identify(/home/lee/robot_ws/src/ros2-seminar-examples/time_rclpy_example) by extensions ['colcon_meta']
[0.162s] Level 1:colcon.colcon_core.package_identification:_identify(/home/lee/robot_ws/src/ros2-seminar-examples/time_rclpy_example) by extension 'colcon_meta'
[0.162s] Level 1:colcon.colcon_core.package_identification:_identify(/home/lee/robot_ws/src/ros2-seminar-examples/time_rclpy_example) by extensions ['ros']
[0.162s] Level 1:colcon.colcon_core.package_identification:_identify(/home/lee/robot_ws/src/ros2-seminar-examples/time_rclpy_example) by extension 'ros'
[0.163s] DEBUG:colcon.colcon_core.package_identification:Package '/home/lee/robot_ws/src/ros2-seminar-examples/time_rclpy_example' with type 'ros.ament_python' and name 'time_rclpy_example'
[0.163s] Level 1:colcon.colcon_core.package_identification:_identify(/home/lee/robot_ws/src/ros2-seminar-examples/topic_service_action_rclcpp_example) by extensions ['ignore', 'ignore_ament_install']
[0.163s] Level 1:colcon.colcon_core.package_identification:_identify(/home/lee/robot_ws/src/ros2-seminar-examples/topic_service_action_rclcpp_example) by extension 'ignore'
[0.163s] Level 1:colcon.colcon_core.package_identification:_identify(/home/lee/robot_ws/src/ros2-seminar-examples/topic_service_action_rclcpp_example) by extension 'ignore_ament_install'
[0.163s] Level 1:colcon.colcon_core.package_identification:_identify(/home/lee/robot_ws/src/ros2-seminar-examples/topic_service_action_rclcpp_example) by extensions ['colcon_pkg']
[0.163s] Level 1:colcon.colcon_core.package_identification:_identify(/home/lee/robot_ws/src/ros2-seminar-examples/topic_service_action_rclcpp_example) by extension 'colcon_pkg'
[0.163s] Level 1:colcon.colcon_core.package_identification:_identify(/home/lee/robot_ws/src/ros2-seminar-examples/topic_service_action_rclcpp_example) by extensions ['colcon_meta']
[0.163s] Level 1:colcon.colcon_core.package_identification:_identify(/home/lee/robot_ws/src/ros2-seminar-examples/topic_service_action_rclcpp_example) by extension 'colcon_meta'
[0.163s] Level 1:colcon.colcon_core.package_identification:_identify(/home/lee/robot_ws/src/ros2-seminar-examples/topic_service_action_rclcpp_example) by extensions ['ros']
[0.163s] Level 1:colcon.colcon_core.package_identification:_identify(/home/lee/robot_ws/src/ros2-seminar-examples/topic_service_action_rclcpp_example) by extension 'ros'
[0.163s] DEBUG:colcon.colcon_core.package_identification:Package '/home/lee/robot_ws/src/ros2-seminar-examples/topic_service_action_rclcpp_example' with type 'ros.ament_cmake' and name 'topic_service_action_rclcpp_example'
[0.163s] Level 1:colcon.colcon_core.package_identification:_identify(/home/lee/robot_ws/src/ros2-seminar-examples/topic_service_action_rclpy_example) by extensions ['ignore', 'ignore_ament_install']
[0.164s] Level 1:colcon.colcon_core.package_identification:_identify(/home/lee/robot_ws/src/ros2-seminar-examples/topic_service_action_rclpy_example) by extension 'ignore'
[0.164s] Level 1:colcon.colcon_core.package_identification:_identify(/home/lee/robot_ws/src/ros2-seminar-examples/topic_service_action_rclpy_example) by extension 'ignore_ament_install'
[0.164s] Level 1:colcon.colcon_core.package_identification:_identify(/home/lee/robot_ws/src/ros2-seminar-examples/topic_service_action_rclpy_example) by extensions ['colcon_pkg']
[0.164s] Level 1:colcon.colcon_core.package_identification:_identify(/home/lee/robot_ws/src/ros2-seminar-examples/topic_service_action_rclpy_example) by extension 'colcon_pkg'
[0.164s] Level 1:colcon.colcon_core.package_identification:_identify(/home/lee/robot_ws/src/ros2-seminar-examples/topic_service_action_rclpy_example) by extensions ['colcon_meta']
[0.164s] Level 1:colcon.colcon_core.package_identification:_identify(/home/lee/robot_ws/src/ros2-seminar-examples/topic_service_action_rclpy_example) by extension 'colcon_meta'
[0.164s] Level 1:colcon.colcon_core.package_identification:_identify(/home/lee/robot_ws/src/ros2-seminar-examples/topic_service_action_rclpy_example) by extensions ['ros']
[0.164s] Level 1:colcon.colcon_core.package_identification:_identify(/home/lee/robot_ws/src/ros2-seminar-examples/topic_service_action_rclpy_example) by extension 'ros'
[0.164s] DEBUG:colcon.colcon_core.package_identification:Package '/home/lee/robot_ws/src/ros2-seminar-examples/topic_service_action_rclpy_example' with type 'ros.ament_python' and name 'topic_service_action_rclpy_example'
[0.164s] Level 1:colcon.colcon_core.package_identification:_identify(/home/lee/robot_ws/src/test_lee_rclcpp) by extensions ['ignore', 'ignore_ament_install']
[0.164s] Level 1:colcon.colcon_core.package_identification:_identify(/home/lee/robot_ws/src/test_lee_rclcpp) by extension 'ignore'
[0.164s] Level 1:colcon.colcon_core.package_identification:_identify(/home/lee/robot_ws/src/test_lee_rclcpp) by extension 'ignore_ament_install'
[0.164s] Level 1:colcon.colcon_core.package_identification:_identify(/home/lee/robot_ws/src/test_lee_rclcpp) by extensions ['colcon_pkg']
[0.164s] Level 1:colcon.colcon_core.package_identification:_identify(/home/lee/robot_ws/src/test_lee_rclcpp) by extension 'colcon_pkg'
[0.164s] Level 1:colcon.colcon_core.package_identification:_identify(/home/lee/robot_ws/src/test_lee_rclcpp) by extensions ['colcon_meta']
[0.164s] Level 1:colcon.colcon_core.package_identification:_identify(/home/lee/robot_ws/src/test_lee_rclcpp) by extension 'colcon_meta'
[0.165s] Level 1:colcon.colcon_core.package_identification:_identify(/home/lee/robot_ws/src/test_lee_rclcpp) by extensions ['ros']
[0.165s] Level 1:colcon.colcon_core.package_identification:_identify(/home/lee/robot_ws/src/test_lee_rclcpp) by extension 'ros'
[0.165s] DEBUG:colcon.colcon_core.package_identification:Package '/home/lee/robot_ws/src/test_lee_rclcpp' with type 'ros.ament_cmake' and name 'test_lee_rclcpp'
[0.165s] Level 1:colcon.colcon_core.package_identification:_identify(/home/lee/robot_ws/src/test_lee_rclpy) by extensions ['ignore', 'ignore_ament_install']
[0.165s] Level 1:colcon.colcon_core.package_identification:_identify(/home/lee/robot_ws/src/test_lee_rclpy) by extension 'ignore'
[0.165s] Level 1:colcon.colcon_core.package_identification:_identify(/home/lee/robot_ws/src/test_lee_rclpy) by extension 'ignore_ament_install'
[0.165s] Level 1:colcon.colcon_core.package_identification:_identify(/home/lee/robot_ws/src/test_lee_rclpy) by extensions ['colcon_pkg']
[0.165s] Level 1:colcon.colcon_core.package_identification:_identify(/home/lee/robot_ws/src/test_lee_rclpy) by extension 'colcon_pkg'
[0.165s] Level 1:colcon.colcon_core.package_identification:_identify(/home/lee/robot_ws/src/test_lee_rclpy) by extensions ['colcon_meta']
[0.165s] Level 1:colcon.colcon_core.package_identification:_identify(/home/lee/robot_ws/src/test_lee_rclpy) by extension 'colcon_meta'
[0.165s] Level 1:colcon.colcon_core.package_identification:_identify(/home/lee/robot_ws/src/test_lee_rclpy) by extensions ['ros']
[0.165s] Level 1:colcon.colcon_core.package_identification:_identify(/home/lee/robot_ws/src/test_lee_rclpy) by extension 'ros'
[0.166s] DEBUG:colcon.colcon_core.package_identification:Package '/home/lee/robot_ws/src/test_lee_rclpy' with type 'ros.ament_python' and name 'test_lee_rclpy'
[0.166s] Level 1:colcon.colcon_core.package_discovery:discover_packages(recursive) using defaults
