[1.185s] Invoking command in '/home/lee/robot_ws/build/my_first_ros_rclpy_pkg': PYTHONPATH=/home/lee/robot_ws/install/my_first_ros_rclpy_pkg/lib/python3.8/site-packages:${PYTHONPATH} /usr/bin/python3 setup.py develop --prefix /home/lee/robot_ws/install/my_first_ros_rclpy_pkg --editable --build-directory /home/lee/robot_ws/build/my_first_ros_rclpy_pkg/build --no-deps install_data --install-dir /home/lee/robot_ws/install/my_first_ros_rclpy_pkg
[1.342s] running develop
[1.425s] running egg_info
[1.426s] writing my_first_ros_rclpy_pkg.egg-info/PKG-INFO
[1.426s] writing dependency_links to my_first_ros_rclpy_pkg.egg-info/dependency_links.txt
[1.426s] writing entry points to my_first_ros_rclpy_pkg.egg-info/entry_points.txt
[1.426s] writing requirements to my_first_ros_rclpy_pkg.egg-info/requires.txt
[1.426s] writing top-level names to my_first_ros_rclpy_pkg.egg-info/top_level.txt
[1.449s] reading manifest file 'my_first_ros_rclpy_pkg.egg-info/SOURCES.txt'
[1.449s] writing manifest file 'my_first_ros_rclpy_pkg.egg-info/SOURCES.txt'
[1.478s] running build_ext
[1.478s] Creating /home/lee/robot_ws/install/my_first_ros_rclpy_pkg/lib/python3.8/site-packages/my-first-ros-rclpy-pkg.egg-link (link to .)
[1.479s] Installing helloworld_publisher script to /home/lee/robot_ws/install/my_first_ros_rclpy_pkg/lib/my_first_ros_rclpy_pkg
[1.479s] Installing helloworld_subscriber script to /home/lee/robot_ws/install/my_first_ros_rclpy_pkg/lib/my_first_ros_rclpy_pkg
[1.479s] 
[1.480s] Installed /home/lee/robot_ws/build/my_first_ros_rclpy_pkg
[1.480s] running install_data
[1.480s] copying resource/my_first_ros_rclpy_pkg -> /home/lee/robot_ws/install/my_first_ros_rclpy_pkg/share/ament_index/resource_index/packages
[1.480s] copying package.xml -> /home/lee/robot_ws/install/my_first_ros_rclpy_pkg/share/my_first_ros_rclpy_pkg
[1.558s] Invoked command in '/home/lee/robot_ws/build/my_first_ros_rclpy_pkg' returned '0': PYTHONPATH=/home/lee/robot_ws/install/my_first_ros_rclpy_pkg/lib/python3.8/site-packages:${PYTHONPATH} /usr/bin/python3 setup.py develop --prefix /home/lee/robot_ws/install/my_first_ros_rclpy_pkg --editable --build-directory /home/lee/robot_ws/build/my_first_ros_rclpy_pkg/build --no-deps install_data --install-dir /home/lee/robot_ws/install/my_first_ros_rclpy_pkg
