[  2%] Built target msg_srv_action_interface_cpp__cpp
[ 12%] Built target msg_srv_action_interface_cpp__rosidl_generator_c
[ 55%] Built target msg_srv_action_interface_cpp__rosidl_typesupport_introspection_cpp
[ 55%] Built target msg_srv_action_interface_cpp__rosidl_typesupport_introspection_c
[ 55%] Built target msg_srv_action_interface_cpp__rosidl_typesupport_cpp
[ 55%] Built target msg_srv_action_interface_cpp__rosidl_typesupport_c
[ 65%] Built target msg_srv_action_interface_cpp__rosidl_typesupport_fastrtps_cpp
[ 76%] Built target msg_srv_action_interface_cpp__rosidl_typesupport_fastrtps_c
[ 76%] Built target msg_srv_action_interface_cpp
[ 78%] Built target msg_srv_action_interface_cpp__py
[ 87%] Built target msg_srv_action_interface_cpp__python
[ 97%] Built target msg_srv_action_interface_cpp__rosidl_typesupport_c__pyext
[100%] Built target msg_srv_action_interface_cpp__rosidl_typesupport_fastrtps_c__pyext
[100%] Built target msg_srv_action_interface_cpp__rosidl_typesupport_introspection_c__pyext
-- Install configuration: ""
-- Execute custom install script
-- Up-to-date symlink: /home/lee/robot_ws/install/msg_srv_action_interface_cpp/share/ament_index/resource_index/rosidl_interfaces/msg_srv_action_interface_cpp
-- Up-to-date symlink: /home/lee/robot_ws/install/msg_srv_action_interface_cpp/include/msg_srv_action_interface_cpp/action/coordinates_checker.h
-- Up-to-date symlink: /home/lee/robot_ws/install/msg_srv_action_interface_cpp/include/msg_srv_action_interface_cpp/action/detail/coordinates_checker__functions.h
-- Up-to-date symlink: /home/lee/robot_ws/install/msg_srv_action_interface_cpp/include/msg_srv_action_interface_cpp/action/detail/coordinates_checker__struct.h
-- Up-to-date symlink: /home/lee/robot_ws/install/msg_srv_action_interface_cpp/include/msg_srv_action_interface_cpp/action/detail/coordinates_checker__type_support.h
-- Up-to-date symlink: /home/lee/robot_ws/install/msg_srv_action_interface_cpp/include/msg_srv_action_interface_cpp/msg/coordinates.h
-- Up-to-date symlink: /home/lee/robot_ws/install/msg_srv_action_interface_cpp/include/msg_srv_action_interface_cpp/msg/detail/coordinates__functions.h
-- Up-to-date symlink: /home/lee/robot_ws/install/msg_srv_action_interface_cpp/include/msg_srv_action_interface_cpp/msg/detail/coordinates__struct.h
-- Up-to-date symlink: /home/lee/robot_ws/install/msg_srv_action_interface_cpp/include/msg_srv_action_interface_cpp/msg/detail/coordinates__type_support.h
-- Up-to-date symlink: /home/lee/robot_ws/install/msg_srv_action_interface_cpp/include/msg_srv_action_interface_cpp/msg/rosidl_generator_c__visibility_control.h
-- Up-to-date symlink: /home/lee/robot_ws/install/msg_srv_action_interface_cpp/include/msg_srv_action_interface_cpp/srv/conversion.h
-- Up-to-date symlink: /home/lee/robot_ws/install/msg_srv_action_interface_cpp/include/msg_srv_action_interface_cpp/srv/detail/conversion__functions.h
-- Up-to-date symlink: /home/lee/robot_ws/install/msg_srv_action_interface_cpp/include/msg_srv_action_interface_cpp/srv/detail/conversion__struct.h
-- Up-to-date symlink: /home/lee/robot_ws/install/msg_srv_action_interface_cpp/include/msg_srv_action_interface_cpp/srv/detail/conversion__type_support.h
-- Up-to-date symlink: /home/lee/robot_ws/install/msg_srv_action_interface_cpp/share/msg_srv_action_interface_cpp/environment/library_path.sh
-- Up-to-date symlink: /home/lee/robot_ws/install/msg_srv_action_interface_cpp/share/msg_srv_action_interface_cpp/environment/library_path.dsv
-- Up-to-date symlink: /home/lee/robot_ws/install/msg_srv_action_interface_cpp/include/msg_srv_action_interface_cpp/action/detail/coordinates_checker__rosidl_typesupport_fastrtps_c.h
-- Up-to-date symlink: /home/lee/robot_ws/install/msg_srv_action_interface_cpp/include/msg_srv_action_interface_cpp/msg/detail/coordinates__rosidl_typesupport_fastrtps_c.h
-- Up-to-date symlink: /home/lee/robot_ws/install/msg_srv_action_interface_cpp/include/msg_srv_action_interface_cpp/msg/rosidl_typesupport_fastrtps_c__visibility_control.h
-- Up-to-date symlink: /home/lee/robot_ws/install/msg_srv_action_interface_cpp/include/msg_srv_action_interface_cpp/srv/detail/conversion__rosidl_typesupport_fastrtps_c.h
-- Up-to-date symlink: /home/lee/robot_ws/install/msg_srv_action_interface_cpp/lib/libmsg_srv_action_interface_cpp__rosidl_typesupport_fastrtps_c.so
-- Up-to-date symlink: /home/lee/robot_ws/install/msg_srv_action_interface_cpp/include/msg_srv_action_interface_cpp/action/detail/coordinates_checker__rosidl_typesupport_fastrtps_cpp.hpp
-- Up-to-date symlink: /home/lee/robot_ws/install/msg_srv_action_interface_cpp/include/msg_srv_action_interface_cpp/msg/detail/coordinates__rosidl_typesupport_fastrtps_cpp.hpp
-- Up-to-date symlink: /home/lee/robot_ws/install/msg_srv_action_interface_cpp/include/msg_srv_action_interface_cpp/msg/rosidl_typesupport_fastrtps_cpp__visibility_control.h
-- Up-to-date symlink: /home/lee/robot_ws/install/msg_srv_action_interface_cpp/include/msg_srv_action_interface_cpp/srv/detail/conversion__rosidl_typesupport_fastrtps_cpp.hpp
-- Up-to-date symlink: /home/lee/robot_ws/install/msg_srv_action_interface_cpp/lib/libmsg_srv_action_interface_cpp__rosidl_typesupport_fastrtps_cpp.so
-- Up-to-date symlink: /home/lee/robot_ws/install/msg_srv_action_interface_cpp/include/msg_srv_action_interface_cpp/action/detail/coordinates_checker__rosidl_typesupport_introspection_c.h
-- Up-to-date symlink: /home/lee/robot_ws/install/msg_srv_action_interface_cpp/include/msg_srv_action_interface_cpp/msg/detail/coordinates__rosidl_typesupport_introspection_c.h
-- Up-to-date symlink: /home/lee/robot_ws/install/msg_srv_action_interface_cpp/include/msg_srv_action_interface_cpp/msg/rosidl_typesupport_introspection_c__visibility_control.h
-- Up-to-date symlink: /home/lee/robot_ws/install/msg_srv_action_interface_cpp/include/msg_srv_action_interface_cpp/srv/detail/conversion__rosidl_typesupport_introspection_c.h
-- Up-to-date symlink: /home/lee/robot_ws/install/msg_srv_action_interface_cpp/include/msg_srv_action_interface_cpp/action/coordinates_checker.hpp
-- Up-to-date symlink: /home/lee/robot_ws/install/msg_srv_action_interface_cpp/include/msg_srv_action_interface_cpp/action/detail/coordinates_checker__builder.hpp
-- Up-to-date symlink: /home/lee/robot_ws/install/msg_srv_action_interface_cpp/include/msg_srv_action_interface_cpp/action/detail/coordinates_checker__struct.hpp
-- Up-to-date symlink: /home/lee/robot_ws/install/msg_srv_action_interface_cpp/include/msg_srv_action_interface_cpp/action/detail/coordinates_checker__traits.hpp
-- Up-to-date symlink: /home/lee/robot_ws/install/msg_srv_action_interface_cpp/include/msg_srv_action_interface_cpp/msg/coordinates.hpp
-- Up-to-date symlink: /home/lee/robot_ws/install/msg_srv_action_interface_cpp/include/msg_srv_action_interface_cpp/msg/detail/coordinates__builder.hpp
-- Up-to-date symlink: /home/lee/robot_ws/install/msg_srv_action_interface_cpp/include/msg_srv_action_interface_cpp/msg/detail/coordinates__struct.hpp
-- Up-to-date symlink: /home/lee/robot_ws/install/msg_srv_action_interface_cpp/include/msg_srv_action_interface_cpp/msg/detail/coordinates__traits.hpp
-- Up-to-date symlink: /home/lee/robot_ws/install/msg_srv_action_interface_cpp/include/msg_srv_action_interface_cpp/srv/conversion.hpp
-- Up-to-date symlink: /home/lee/robot_ws/install/msg_srv_action_interface_cpp/include/msg_srv_action_interface_cpp/srv/detail/conversion__builder.hpp
-- Up-to-date symlink: /home/lee/robot_ws/install/msg_srv_action_interface_cpp/include/msg_srv_action_interface_cpp/srv/detail/conversion__struct.hpp
-- Up-to-date symlink: /home/lee/robot_ws/install/msg_srv_action_interface_cpp/include/msg_srv_action_interface_cpp/srv/detail/conversion__traits.hpp
-- Up-to-date symlink: /home/lee/robot_ws/install/msg_srv_action_interface_cpp/include/msg_srv_action_interface_cpp/action/detail/coordinates_checker__rosidl_typesupport_introspection_cpp.hpp
-- Up-to-date symlink: /home/lee/robot_ws/install/msg_srv_action_interface_cpp/include/msg_srv_action_interface_cpp/msg/detail/coordinates__rosidl_typesupport_introspection_cpp.hpp
-- Up-to-date symlink: /home/lee/robot_ws/install/msg_srv_action_interface_cpp/include/msg_srv_action_interface_cpp/srv/detail/conversion__rosidl_typesupport_introspection_cpp.hpp
-- Up-to-date symlink: /home/lee/robot_ws/install/msg_srv_action_interface_cpp/share/msg_srv_action_interface_cpp/environment/pythonpath.sh
-- Up-to-date symlink: /home/lee/robot_ws/install/msg_srv_action_interface_cpp/share/msg_srv_action_interface_cpp/environment/pythonpath.dsv
-- Up-to-date symlink: /home/lee/robot_ws/install/msg_srv_action_interface_cpp/lib/python3.8/site-packages/msg_srv_action_interface_cpp/__init__.py
-- Up-to-date symlink: /home/lee/robot_ws/install/msg_srv_action_interface_cpp/lib/python3.8/site-packages/msg_srv_action_interface_cpp/msg/__init__.py
-- Up-to-date symlink: /home/lee/robot_ws/install/msg_srv_action_interface_cpp/lib/python3.8/site-packages/msg_srv_action_interface_cpp/msg/_coordinates.py
-- Up-to-date symlink: /home/lee/robot_ws/install/msg_srv_action_interface_cpp/lib/python3.8/site-packages/msg_srv_action_interface_cpp/srv/__init__.py
-- Up-to-date symlink: /home/lee/robot_ws/install/msg_srv_action_interface_cpp/lib/python3.8/site-packages/msg_srv_action_interface_cpp/srv/_conversion.py
-- Up-to-date symlink: /home/lee/robot_ws/install/msg_srv_action_interface_cpp/lib/python3.8/site-packages/msg_srv_action_interface_cpp/action/__init__.py
-- Up-to-date symlink: /home/lee/robot_ws/install/msg_srv_action_interface_cpp/lib/python3.8/site-packages/msg_srv_action_interface_cpp/action/_coordinates_checker.py
-- Up-to-date symlink: /home/lee/robot_ws/install/msg_srv_action_interface_cpp/lib/python3.8/site-packages/msg_srv_action_interface_cpp/msg_srv_action_interface_cpp_s__rosidl_typesupport_fastrtps_c.cpython-38-x86_64-linux-gnu.so
-- Up-to-date symlink: /home/lee/robot_ws/install/msg_srv_action_interface_cpp/lib/python3.8/site-packages/msg_srv_action_interface_cpp/msg_srv_action_interface_cpp_s__rosidl_typesupport_introspection_c.cpython-38-x86_64-linux-gnu.so
-- Up-to-date symlink: /home/lee/robot_ws/install/msg_srv_action_interface_cpp/lib/python3.8/site-packages/msg_srv_action_interface_cpp/msg_srv_action_interface_cpp_s__rosidl_typesupport_c.cpython-38-x86_64-linux-gnu.so
-- Up-to-date symlink: /home/lee/robot_ws/install/msg_srv_action_interface_cpp/lib/libmsg_srv_action_interface_cpp__python.so
-- Up-to-date symlink: /home/lee/robot_ws/install/msg_srv_action_interface_cpp/share/msg_srv_action_interface_cpp/msg/Coordinates.idl
-- Up-to-date symlink: /home/lee/robot_ws/install/msg_srv_action_interface_cpp/share/msg_srv_action_interface_cpp/srv/Conversion.idl
-- Up-to-date symlink: /home/lee/robot_ws/install/msg_srv_action_interface_cpp/share/msg_srv_action_interface_cpp/action/CoordinatesChecker.idl
-- Up-to-date symlink: /home/lee/robot_ws/install/msg_srv_action_interface_cpp/share/msg_srv_action_interface_cpp/msg/Coordinates.msg
-- Up-to-date symlink: /home/lee/robot_ws/install/msg_srv_action_interface_cpp/share/msg_srv_action_interface_cpp/srv/Conversion.srv
-- Up-to-date symlink: /home/lee/robot_ws/install/msg_srv_action_interface_cpp/share/msg_srv_action_interface_cpp/srv/Conversion_Request.msg
-- Up-to-date symlink: /home/lee/robot_ws/install/msg_srv_action_interface_cpp/share/msg_srv_action_interface_cpp/srv/Conversion_Response.msg
-- Up-to-date symlink: /home/lee/robot_ws/install/msg_srv_action_interface_cpp/share/msg_srv_action_interface_cpp/action/CoordinatesChecker.action
-- Up-to-date symlink: /home/lee/robot_ws/install/msg_srv_action_interface_cpp/share/ament_index/resource_index/package_run_dependencies/msg_srv_action_interface_cpp
-- Up-to-date symlink: /home/lee/robot_ws/install/msg_srv_action_interface_cpp/share/ament_index/resource_index/parent_prefix_path/msg_srv_action_interface_cpp
-- Up-to-date symlink: /home/lee/robot_ws/install/msg_srv_action_interface_cpp/share/msg_srv_action_interface_cpp/environment/ament_prefix_path.sh
-- Up-to-date symlink: /home/lee/robot_ws/install/msg_srv_action_interface_cpp/share/msg_srv_action_interface_cpp/environment/ament_prefix_path.dsv
-- Up-to-date symlink: /home/lee/robot_ws/install/msg_srv_action_interface_cpp/share/msg_srv_action_interface_cpp/environment/path.sh
-- Up-to-date symlink: /home/lee/robot_ws/install/msg_srv_action_interface_cpp/share/msg_srv_action_interface_cpp/environment/path.dsv
-- Up-to-date symlink: /home/lee/robot_ws/install/msg_srv_action_interface_cpp/share/msg_srv_action_interface_cpp/local_setup.bash
-- Up-to-date symlink: /home/lee/robot_ws/install/msg_srv_action_interface_cpp/share/msg_srv_action_interface_cpp/local_setup.sh
-- Up-to-date symlink: /home/lee/robot_ws/install/msg_srv_action_interface_cpp/share/msg_srv_action_interface_cpp/local_setup.zsh
-- Up-to-date symlink: /home/lee/robot_ws/install/msg_srv_action_interface_cpp/share/msg_srv_action_interface_cpp/local_setup.dsv
-- Symlinking: /home/lee/robot_ws/install/msg_srv_action_interface_cpp/share/msg_srv_action_interface_cpp/package.dsv
-- Up-to-date symlink: /home/lee/robot_ws/install/msg_srv_action_interface_cpp/share/ament_index/resource_index/packages/msg_srv_action_interface_cpp
-- Up-to-date symlink: /home/lee/robot_ws/install/msg_srv_action_interface_cpp/share/msg_srv_action_interface_cpp/cmake/rosidl_cmake-extras.cmake
-- Up-to-date symlink: /home/lee/robot_ws/install/msg_srv_action_interface_cpp/share/msg_srv_action_interface_cpp/cmake/ament_cmake_export_dependencies-extras.cmake
-- Up-to-date symlink: /home/lee/robot_ws/install/msg_srv_action_interface_cpp/share/msg_srv_action_interface_cpp/cmake/ament_cmake_export_libraries-extras.cmake
-- Up-to-date symlink: /home/lee/robot_ws/install/msg_srv_action_interface_cpp/share/msg_srv_action_interface_cpp/cmake/ament_cmake_export_targets-extras.cmake
-- Up-to-date symlink: /home/lee/robot_ws/install/msg_srv_action_interface_cpp/share/msg_srv_action_interface_cpp/cmake/ament_cmake_export_include_directories-extras.cmake
-- Up-to-date symlink: /home/lee/robot_ws/install/msg_srv_action_interface_cpp/share/msg_srv_action_interface_cpp/cmake/rosidl_cmake_export_typesupport_libraries-extras.cmake
-- Up-to-date symlink: /home/lee/robot_ws/install/msg_srv_action_interface_cpp/share/msg_srv_action_interface_cpp/cmake/rosidl_cmake_export_typesupport_targets-extras.cmake
-- Up-to-date symlink: /home/lee/robot_ws/install/msg_srv_action_interface_cpp/share/msg_srv_action_interface_cpp/cmake/msg_srv_action_interface_cppConfig.cmake
-- Up-to-date symlink: /home/lee/robot_ws/install/msg_srv_action_interface_cpp/share/msg_srv_action_interface_cpp/cmake/msg_srv_action_interface_cppConfig-version.cmake
-- Up-to-date symlink: /home/lee/robot_ws/install/msg_srv_action_interface_cpp/share/msg_srv_action_interface_cpp/package.xml
-- Up-to-date: /home/lee/robot_ws/install/msg_srv_action_interface_cpp/lib/libmsg_srv_action_interface_cpp__rosidl_generator_c.so
-- Up-to-date: /home/lee/robot_ws/install/msg_srv_action_interface_cpp/lib/libmsg_srv_action_interface_cpp__rosidl_typesupport_introspection_c.so
-- Up-to-date: /home/lee/robot_ws/install/msg_srv_action_interface_cpp/lib/libmsg_srv_action_interface_cpp__rosidl_typesupport_c.so
-- Up-to-date: /home/lee/robot_ws/install/msg_srv_action_interface_cpp/lib/libmsg_srv_action_interface_cpp__rosidl_typesupport_introspection_cpp.so
-- Up-to-date: /home/lee/robot_ws/install/msg_srv_action_interface_cpp/lib/libmsg_srv_action_interface_cpp__rosidl_typesupport_cpp.so
-- Up-to-date: /home/lee/robot_ws/install/msg_srv_action_interface_cpp/share/msg_srv_action_interface_cpp/cmake/msg_srv_action_interface_cpp__rosidl_generator_cExport.cmake
-- Up-to-date: /home/lee/robot_ws/install/msg_srv_action_interface_cpp/share/msg_srv_action_interface_cpp/cmake/msg_srv_action_interface_cpp__rosidl_generator_cExport-noconfig.cmake
-- Up-to-date: /home/lee/robot_ws/install/msg_srv_action_interface_cpp/share/msg_srv_action_interface_cpp/cmake/msg_srv_action_interface_cpp__rosidl_typesupport_introspection_cExport.cmake
-- Up-to-date: /home/lee/robot_ws/install/msg_srv_action_interface_cpp/share/msg_srv_action_interface_cpp/cmake/msg_srv_action_interface_cpp__rosidl_typesupport_introspection_cExport-noconfig.cmake
-- Up-to-date: /home/lee/robot_ws/install/msg_srv_action_interface_cpp/share/msg_srv_action_interface_cpp/cmake/msg_srv_action_interface_cpp__rosidl_typesupport_cExport.cmake
-- Up-to-date: /home/lee/robot_ws/install/msg_srv_action_interface_cpp/share/msg_srv_action_interface_cpp/cmake/msg_srv_action_interface_cpp__rosidl_typesupport_cExport-noconfig.cmake
-- Up-to-date: /home/lee/robot_ws/install/msg_srv_action_interface_cpp/share/msg_srv_action_interface_cpp/cmake/msg_srv_action_interface_cpp__rosidl_generator_cppExport.cmake
-- Up-to-date: /home/lee/robot_ws/install/msg_srv_action_interface_cpp/share/msg_srv_action_interface_cpp/cmake/msg_srv_action_interface_cpp__rosidl_typesupport_introspection_cppExport.cmake
-- Up-to-date: /home/lee/robot_ws/install/msg_srv_action_interface_cpp/share/msg_srv_action_interface_cpp/cmake/msg_srv_action_interface_cpp__rosidl_typesupport_introspection_cppExport-noconfig.cmake
-- Up-to-date: /home/lee/robot_ws/install/msg_srv_action_interface_cpp/share/msg_srv_action_interface_cpp/cmake/msg_srv_action_interface_cpp__rosidl_typesupport_cppExport.cmake
-- Up-to-date: /home/lee/robot_ws/install/msg_srv_action_interface_cpp/share/msg_srv_action_interface_cpp/cmake/msg_srv_action_interface_cpp__rosidl_typesupport_cppExport-noconfig.cmake
