running develop
running egg_info
creating logging_rclpy_example.egg-info
writing logging_rclpy_example.egg-info/PKG-INFO
writing dependency_links to logging_rclpy_example.egg-info/dependency_links.txt
writing entry points to logging_rclpy_example.egg-info/entry_points.txt
writing requirements to logging_rclpy_example.egg-info/requires.txt
writing top-level names to logging_rclpy_example.egg-info/top_level.txt
writing manifest file 'logging_rclpy_example.egg-info/SOURCES.txt'
reading manifest file 'logging_rclpy_example.egg-info/SOURCES.txt'
writing manifest file 'logging_rclpy_example.egg-info/SOURCES.txt'
running build_ext
Creating /home/lee/robot_ws/install/logging_rclpy_example/lib/python3.8/site-packages/site.py
Creating /home/lee/robot_ws/install/logging_rclpy_example/lib/python3.8/site-packages/logging-rclpy-example.egg-link (link to .)
Installing logging_example script to /home/lee/robot_ws/install/logging_rclpy_example/lib/logging_rclpy_example

Installed /home/lee/robot_ws/build/logging_rclpy_example
running install_data
creating /home/lee/robot_ws/install/logging_rclpy_example/share/ament_index
creating /home/lee/robot_ws/install/logging_rclpy_example/share/ament_index/resource_index
creating /home/lee/robot_ws/install/logging_rclpy_example/share/ament_index/resource_index/packages
copying resource/logging_rclpy_example -> /home/lee/robot_ws/install/logging_rclpy_example/share/ament_index/resource_index/packages
copying package.xml -> /home/lee/robot_ws/install/logging_rclpy_example/share/logging_rclpy_example
