[0.017s] Invoking command in '/home/lee/robot_ws/build/topic_service_action_rclcpp_example': AMENT_PREFIX_PATH=/home/lee/robot_ws/install/msg_srv_action_interface_example:${AMENT_PREFIX_PATH} CMAKE_PREFIX_PATH=/home/lee/robot_ws/install/msg_srv_action_interface_example:/home/lee/robot_ws/install/my_first_ros_rclcpp_pkg:/home/lee/robot_ws/install/my_first_ros_rclpy_pkg:/opt/ros/foxy LD_LIBRARY_PATH=/home/lee/robot_ws/install/msg_srv_action_interface_example/lib:${LD_LIBRARY_PATH} PYTHONPATH=/home/lee/robot_ws/install/msg_srv_action_interface_example/lib/python3.8/site-packages:${PYTHONPATH} /usr/bin/cmake /home/lee/robot_ws/src/ros2-seminar-examples/topic_service_action_rclcpp_example -DAMENT_CMAKE_SYMLINK_INSTALL=1 -DCMAKE_INSTALL_PREFIX=/home/lee/robot_ws/install/topic_service_action_rclcpp_example
[0.050s] -- The C compiler identification is GNU 9.4.0
[0.083s] -- The CXX compiler identification is GNU 9.4.0
[0.086s] -- Check for working C compiler: /usr/bin/cc
[0.126s] -- Check for working C compiler: /usr/bin/cc -- works
[0.127s] -- Detecting C compiler ABI info
[0.169s] -- Detecting C compiler ABI info - done
[0.176s] -- Detecting C compile features
[0.176s] -- Detecting C compile features - done
[0.178s] -- Check for working CXX compiler: /usr/bin/c++
[0.225s] -- Check for working CXX compiler: /usr/bin/c++ -- works
[0.226s] -- Detecting CXX compiler ABI info
[0.272s] -- Detecting CXX compiler ABI info - done
[0.280s] -- Detecting CXX compile features
[0.280s] -- Detecting CXX compile features - done
[0.281s] -- Found ament_cmake: 0.9.9 (/opt/ros/foxy/share/ament_cmake/cmake)
[0.300s] -- Found PythonInterp: /usr/bin/python3 (found suitable version "3.8.10", minimum required is "3") 
[0.300s] -- Using PYTHON_EXECUTABLE: /usr/bin/python3
[0.411s] -- Override CMake install command with custom implementation using symlinks instead of copying resources
[0.424s] -- Found msg_srv_action_interface_example: 0.6.0 (/home/lee/robot_ws/install/msg_srv_action_interface_example/share/msg_srv_action_interface_example/cmake)
[0.441s] -- Using all available rosidl_typesupport_c: rosidl_typesupport_fastrtps_c;rosidl_typesupport_introspection_c
[0.445s] -- Found rosidl_adapter: 1.2.1 (/opt/ros/foxy/share/rosidl_adapter/cmake)
[0.487s] -- Found OpenSSL: /usr/lib/x86_64-linux-gnu/libcrypto.so (found version "1.1.1f")  
[0.505s] -- Found FastRTPS: /opt/ros/foxy/include  
[0.552s] -- Using all available rosidl_typesupport_cpp: rosidl_typesupport_fastrtps_cpp;rosidl_typesupport_introspection_cpp
[0.636s] -- Found rclcpp: 2.4.1 (/opt/ros/foxy/share/rclcpp/cmake)
[0.663s] -- Found rmw_implementation_cmake: 1.0.3 (/opt/ros/foxy/share/rmw_implementation_cmake/cmake)
[0.664s] -- Using RMW implementation 'rmw_fastrtps_cpp' as default
[0.665s] -- Looking for pthread.h
[0.711s] -- Looking for pthread.h - found
[0.711s] -- Performing Test CMAKE_HAVE_LIBC_PTHREAD
[0.772s] -- Performing Test CMAKE_HAVE_LIBC_PTHREAD - Failed
[0.772s] -- Looking for pthread_create in pthreads
[0.835s] -- Looking for pthread_create in pthreads - not found
[0.836s] -- Looking for pthread_create in pthread
[0.939s] -- Looking for pthread_create in pthread - found
[0.940s] -- Found Threads: TRUE  
[1.033s] -- Found rclcpp_action: 2.4.1 (/opt/ros/foxy/share/rclcpp_action/cmake)
[1.056s] -- Found ament_lint_auto: 0.9.6 (/opt/ros/foxy/share/ament_lint_auto/cmake)
[1.101s] -- Found ament_cmake_gtest: 0.9.9 (/opt/ros/foxy/share/ament_cmake_gtest/cmake)
[1.104s] -- Found gtest sources under '/opt/ros/foxy/src/gtest_vendor': C++ tests using 'Google Test' will be built
[1.105s] -- Check if compiler accepts -pthread
[1.180s] -- Check if compiler accepts -pthread - yes
[1.186s] -- Added test 'copyright' to check source files copyright and LICENSE
[1.189s] -- Added test 'cppcheck' to perform static code analysis on C / C++ code
[1.189s] -- Configured cppcheck include dirs: /home/lee/robot_ws/src/ros2-seminar-examples/topic_service_action_rclcpp_example/include
[1.189s] -- Configured cppcheck exclude dirs and/or files: 
[1.191s] -- Added test 'cpplint' to check C / C++ code against the Google style
[1.191s] -- Configured cpplint exclude dirs and/or files: 
[1.192s] -- Added test 'flake8' to check Python code syntax and style conventions
[1.192s] -- Added test 'lint_cmake' to check CMake code style
[1.193s] -- Added test 'pep257' to check Python code against some of the style conventions in PEP 257
[1.194s] -- Added test 'uncrustify' to check C / C++ code style
[1.194s] -- Configured uncrustify additional arguments: 
[1.195s] -- Added test 'xmllint' to check XML markup files
[1.198s] -- Configuring done
[1.214s] -- Generating done
[1.216s] -- Build files have been written to: /home/lee/robot_ws/build/topic_service_action_rclcpp_example
[1.221s] Invoked command in '/home/lee/robot_ws/build/topic_service_action_rclcpp_example' returned '0': AMENT_PREFIX_PATH=/home/lee/robot_ws/install/msg_srv_action_interface_example:${AMENT_PREFIX_PATH} CMAKE_PREFIX_PATH=/home/lee/robot_ws/install/msg_srv_action_interface_example:/home/lee/robot_ws/install/my_first_ros_rclcpp_pkg:/home/lee/robot_ws/install/my_first_ros_rclpy_pkg:/opt/ros/foxy LD_LIBRARY_PATH=/home/lee/robot_ws/install/msg_srv_action_interface_example/lib:${LD_LIBRARY_PATH} PYTHONPATH=/home/lee/robot_ws/install/msg_srv_action_interface_example/lib/python3.8/site-packages:${PYTHONPATH} /usr/bin/cmake /home/lee/robot_ws/src/ros2-seminar-examples/topic_service_action_rclcpp_example -DAMENT_CMAKE_SYMLINK_INSTALL=1 -DCMAKE_INSTALL_PREFIX=/home/lee/robot_ws/install/topic_service_action_rclcpp_example
[1.223s] Invoking command in '/home/lee/robot_ws/build/topic_service_action_rclcpp_example': AMENT_PREFIX_PATH=/home/lee/robot_ws/install/msg_srv_action_interface_example:${AMENT_PREFIX_PATH} CMAKE_PREFIX_PATH=/home/lee/robot_ws/install/msg_srv_action_interface_example:/home/lee/robot_ws/install/my_first_ros_rclcpp_pkg:/home/lee/robot_ws/install/my_first_ros_rclpy_pkg:/opt/ros/foxy LD_LIBRARY_PATH=/home/lee/robot_ws/install/msg_srv_action_interface_example/lib:${LD_LIBRARY_PATH} PYTHONPATH=/home/lee/robot_ws/install/msg_srv_action_interface_example/lib/python3.8/site-packages:${PYTHONPATH} /usr/bin/cmake --build /home/lee/robot_ws/build/topic_service_action_rclcpp_example -- -j12 -l12
[1.248s] [35m[1mScanning dependencies of target argument[0m
[1.248s] [35m[1mScanning dependencies of target gtest_main[0m
[1.248s] [35m[1mScanning dependencies of target operator[0m
[1.248s] [35m[1mScanning dependencies of target gtest[0m
[1.248s] [35m[1mScanning dependencies of target calculator[0m
[1.248s] [35m[1mScanning dependencies of target checker[0m
[1.260s] [ 11%] [32mBuilding CXX object gtest/CMakeFiles/gtest.dir/src/gtest-all.cc.o[0m
[1.260s] [ 11%] [32mBuilding CXX object gtest/CMakeFiles/gtest_main.dir/src/gtest_main.cc.o[0m
[1.270s] [ 17%] [32mBuilding CXX object CMakeFiles/argument.dir/src/arithmetic/argument.cpp.o[0m
[1.271s] [ 23%] [32mBuilding CXX object CMakeFiles/operator.dir/src/arithmetic/operator.cpp.o[0m
[1.278s] [ 35%] [32mBuilding CXX object CMakeFiles/checker.dir/src/checker/main.cpp.o[0m
[1.278s] [ 35%] [32mBuilding CXX object CMakeFiles/checker.dir/src/checker/checker.cpp.o[0m
[1.279s] [ 41%] [32mBuilding CXX object CMakeFiles/calculator.dir/src/calculator/main.cpp.o[0m
[1.279s] [ 47%] [32mBuilding CXX object CMakeFiles/calculator.dir/src/calculator/calculator.cpp.o[0m
[2.018s] [ 52%] [32m[1mLinking CXX static library libgtest_main.a[0m
[2.053s] [ 52%] Built target gtest_main
[3.132s] [ 58%] [32m[1mLinking CXX executable operator[0m
[3.242s] [ 58%] Built target operator
[3.461s] [ 64%] [32m[1mLinking CXX static library libgtest.a[0m
[3.498s] [ 64%] Built target gtest
[3.506s] [35m[1mScanning dependencies of target test_calculator[0m
[3.536s] [ 76%] [32mBuilding CXX object test/CMakeFiles/test_calculator.dir/__/src/calculator/calculator.cpp.o[0m
[3.536s] [ 76%] [32mBuilding CXX object test/CMakeFiles/test_calculator.dir/test_calculator.cpp.o[0m
[3.974s] [ 82%] [32m[1mLinking CXX executable checker[0m
[4.110s] [ 82%] Built target checker
[5.303s] [ 88%] [32m[1mLinking CXX executable argument[0m
[5.471s] [ 88%] Built target argument
[5.935s] [ 94%] [32m[1mLinking CXX executable calculator[0m
[6.104s] [ 94%] Built target calculator
[7.611s] [100%] [32m[1mLinking CXX executable test_calculator[0m
[7.819s] [100%] Built target test_calculator
[7.826s] Invoked command in '/home/lee/robot_ws/build/topic_service_action_rclcpp_example' returned '0': AMENT_PREFIX_PATH=/home/lee/robot_ws/install/msg_srv_action_interface_example:${AMENT_PREFIX_PATH} CMAKE_PREFIX_PATH=/home/lee/robot_ws/install/msg_srv_action_interface_example:/home/lee/robot_ws/install/my_first_ros_rclcpp_pkg:/home/lee/robot_ws/install/my_first_ros_rclpy_pkg:/opt/ros/foxy LD_LIBRARY_PATH=/home/lee/robot_ws/install/msg_srv_action_interface_example/lib:${LD_LIBRARY_PATH} PYTHONPATH=/home/lee/robot_ws/install/msg_srv_action_interface_example/lib/python3.8/site-packages:${PYTHONPATH} /usr/bin/cmake --build /home/lee/robot_ws/build/topic_service_action_rclcpp_example -- -j12 -l12
[7.847s] Invoking command in '/home/lee/robot_ws/build/topic_service_action_rclcpp_example': AMENT_PREFIX_PATH=/home/lee/robot_ws/install/msg_srv_action_interface_example:${AMENT_PREFIX_PATH} CMAKE_PREFIX_PATH=/home/lee/robot_ws/install/msg_srv_action_interface_example:/home/lee/robot_ws/install/my_first_ros_rclcpp_pkg:/home/lee/robot_ws/install/my_first_ros_rclpy_pkg:/opt/ros/foxy LD_LIBRARY_PATH=/home/lee/robot_ws/install/msg_srv_action_interface_example/lib:${LD_LIBRARY_PATH} PYTHONPATH=/home/lee/robot_ws/install/msg_srv_action_interface_example/lib/python3.8/site-packages:${PYTHONPATH} /usr/bin/cmake --install /home/lee/robot_ws/build/topic_service_action_rclcpp_example
[7.852s] -- Install configuration: ""
[7.852s] -- Execute custom install script
[7.853s] -- Symlinking: /home/lee/robot_ws/install/topic_service_action_rclcpp_example/lib/topic_service_action_rclcpp_example/argument
[7.860s] -- Symlinking: /home/lee/robot_ws/install/topic_service_action_rclcpp_example/lib/topic_service_action_rclcpp_example/calculator
[7.871s] -- Symlinking: /home/lee/robot_ws/install/topic_service_action_rclcpp_example/lib/topic_service_action_rclcpp_example/checker
[7.881s] -- Symlinking: /home/lee/robot_ws/install/topic_service_action_rclcpp_example/lib/topic_service_action_rclcpp_example/operator
[7.888s] -- Symlinking: /home/lee/robot_ws/install/topic_service_action_rclcpp_example/share/topic_service_action_rclcpp_example/launch/arithmetic.launch.py
[7.893s] -- Symlinking: /home/lee/robot_ws/install/topic_service_action_rclcpp_example/share/topic_service_action_rclcpp_example/param/arithmetic_config.yaml
[7.898s] -- Symlinking: /home/lee/robot_ws/install/topic_service_action_rclcpp_example/share/ament_index/resource_index/package_run_dependencies/topic_service_action_rclcpp_example
[7.903s] -- Symlinking: /home/lee/robot_ws/install/topic_service_action_rclcpp_example/share/ament_index/resource_index/parent_prefix_path/topic_service_action_rclcpp_example
[7.909s] -- Symlinking: /home/lee/robot_ws/install/topic_service_action_rclcpp_example/share/topic_service_action_rclcpp_example/environment/ament_prefix_path.sh
[7.914s] -- Symlinking: /home/lee/robot_ws/install/topic_service_action_rclcpp_example/share/topic_service_action_rclcpp_example/environment/ament_prefix_path.dsv
[7.919s] -- Symlinking: /home/lee/robot_ws/install/topic_service_action_rclcpp_example/share/topic_service_action_rclcpp_example/environment/path.sh
[7.924s] -- Symlinking: /home/lee/robot_ws/install/topic_service_action_rclcpp_example/share/topic_service_action_rclcpp_example/environment/path.dsv
[7.929s] -- Symlinking: /home/lee/robot_ws/install/topic_service_action_rclcpp_example/share/topic_service_action_rclcpp_example/local_setup.bash
[7.934s] -- Symlinking: /home/lee/robot_ws/install/topic_service_action_rclcpp_example/share/topic_service_action_rclcpp_example/local_setup.sh
[7.939s] -- Symlinking: /home/lee/robot_ws/install/topic_service_action_rclcpp_example/share/topic_service_action_rclcpp_example/local_setup.zsh
[7.944s] -- Symlinking: /home/lee/robot_ws/install/topic_service_action_rclcpp_example/share/topic_service_action_rclcpp_example/local_setup.dsv
[7.949s] -- Symlinking: /home/lee/robot_ws/install/topic_service_action_rclcpp_example/share/topic_service_action_rclcpp_example/package.dsv
[7.954s] -- Symlinking: /home/lee/robot_ws/install/topic_service_action_rclcpp_example/share/ament_index/resource_index/packages/topic_service_action_rclcpp_example
[7.959s] -- Symlinking: /home/lee/robot_ws/install/topic_service_action_rclcpp_example/share/topic_service_action_rclcpp_example/cmake/topic_service_action_rclcpp_exampleConfig.cmake
[7.964s] -- Symlinking: /home/lee/robot_ws/install/topic_service_action_rclcpp_example/share/topic_service_action_rclcpp_example/cmake/topic_service_action_rclcpp_exampleConfig-version.cmake
[7.968s] -- Symlinking: /home/lee/robot_ws/install/topic_service_action_rclcpp_example/share/topic_service_action_rclcpp_example/package.xml
[7.977s] Invoked command in '/home/lee/robot_ws/build/topic_service_action_rclcpp_example' returned '0': AMENT_PREFIX_PATH=/home/lee/robot_ws/install/msg_srv_action_interface_example:${AMENT_PREFIX_PATH} CMAKE_PREFIX_PATH=/home/lee/robot_ws/install/msg_srv_action_interface_example:/home/lee/robot_ws/install/my_first_ros_rclcpp_pkg:/home/lee/robot_ws/install/my_first_ros_rclpy_pkg:/opt/ros/foxy LD_LIBRARY_PATH=/home/lee/robot_ws/install/msg_srv_action_interface_example/lib:${LD_LIBRARY_PATH} PYTHONPATH=/home/lee/robot_ws/install/msg_srv_action_interface_example/lib/python3.8/site-packages:${PYTHONPATH} /usr/bin/cmake --install /home/lee/robot_ws/build/topic_service_action_rclcpp_example
