[0.000000] (-) TimerEvent: {}
[0.000500] (-) JobUnselected: {'identifier': 'logging_rclpy_example'}
[0.000532] (-) JobUnselected: {'identifier': 'msg_interface_py_test'}
[0.000550] (-) JobUnselected: {'identifier': 'msg_srv_action_interface_cpp'}
[0.000574] (-) JobUnselected: {'identifier': 'msg_srv_action_interface_example'}
[0.000587] (-) JobUnselected: {'identifier': 'msg_srv_action_interface_py_test'}
[0.000603] (-) JobUnselected: {'identifier': 'msg_srv_interface_py_test'}
[0.000614] (-) JobUnselected: {'identifier': 'my_first_ros_rclpy_pkg'}
[0.000626] (-) JobUnselected: {'identifier': 'ros2env'}
[0.000636] (-) JobUnselected: {'identifier': 'rqt_example'}
[0.000644] (-) JobUnselected: {'identifier': 'test_lee_rclpy'}
[0.000653] (-) JobUnselected: {'identifier': 'testbot_description'}
[0.000709] (-) JobUnselected: {'identifier': 'tf2_rclcpp_example'}
[0.000759] (-) JobUnselected: {'identifier': 'tf2_rclpy_example'}
[0.000825] (-) JobUnselected: {'identifier': 'time_rclcpp_example'}
[0.000865] (-) JobUnselected: {'identifier': 'time_rclpy_example'}
[0.000879] (-) JobUnselected: {'identifier': 'topic_service_action_rclcpp_example'}
[0.000888] (-) JobUnselected: {'identifier': 'topic_service_action_rclcpp_example'}
[0.000898] (-) JobUnselected: {'identifier': 'topic_service_action_rclpy_example'}
[0.000908] (-) EventReactorShutdown: {}
