[0.518s] Invoking command in '/home/lee/robot_ws/build/tf2_rclcpp_example': CMAKE_PREFIX_PATH=${CMAKE_PREFIX_PATH}:/home/lee/robot_ws/install/topic_service_action_rclpy_example:/home/lee/robot_ws/install/time_rclpy_example:/home/lee/robot_ws/install/tf2_rclpy_example:/home/lee/robot_ws/install/ros2env:/home/lee/robot_ws/install/my_first_ros_rclpy_pkg:/home/lee/robot_ws/install/logging_rclpy_example:/opt/ros/foxy /usr/bin/cmake --build /home/lee/robot_ws/build/tf2_rclcpp_example -- -j12 -l12
[0.841s] [100%] Built target broadcaster
[0.841s] [100%] Built target listener
[0.842s] [100%] Built target static_broadcaster
[0.848s] Invoked command in '/home/lee/robot_ws/build/tf2_rclcpp_example' returned '0': CMAKE_PREFIX_PATH=${CMAKE_PREFIX_PATH}:/home/lee/robot_ws/install/topic_service_action_rclpy_example:/home/lee/robot_ws/install/time_rclpy_example:/home/lee/robot_ws/install/tf2_rclpy_example:/home/lee/robot_ws/install/ros2env:/home/lee/robot_ws/install/my_first_ros_rclpy_pkg:/home/lee/robot_ws/install/logging_rclpy_example:/opt/ros/foxy /usr/bin/cmake --build /home/lee/robot_ws/build/tf2_rclcpp_example -- -j12 -l12
[0.893s] Invoking command in '/home/lee/robot_ws/build/tf2_rclcpp_example': CMAKE_PREFIX_PATH=${CMAKE_PREFIX_PATH}:/home/lee/robot_ws/install/topic_service_action_rclpy_example:/home/lee/robot_ws/install/time_rclpy_example:/home/lee/robot_ws/install/tf2_rclpy_example:/home/lee/robot_ws/install/ros2env:/home/lee/robot_ws/install/my_first_ros_rclpy_pkg:/home/lee/robot_ws/install/logging_rclpy_example:/opt/ros/foxy /usr/bin/cmake --install /home/lee/robot_ws/build/tf2_rclcpp_example
[0.913s] -- Install configuration: ""
[0.913s] -- Execute custom install script
[0.914s] -- Up-to-date symlink: /home/lee/robot_ws/install/tf2_rclcpp_example/lib/tf2_rclcpp_example/broadcaster
[0.914s] -- Up-to-date symlink: /home/lee/robot_ws/install/tf2_rclcpp_example/lib/tf2_rclcpp_example/listener
[0.914s] -- Up-to-date symlink: /home/lee/robot_ws/install/tf2_rclcpp_example/lib/tf2_rclcpp_example/static_broadcaster
[0.914s] -- Up-to-date symlink: /home/lee/robot_ws/install/tf2_rclcpp_example/share/tf2_rclcpp_example/rviz/arm.rviz
[0.914s] -- Up-to-date symlink: /home/lee/robot_ws/install/tf2_rclcpp_example/share/ament_index/resource_index/package_run_dependencies/tf2_rclcpp_example
[0.914s] -- Up-to-date symlink: /home/lee/robot_ws/install/tf2_rclcpp_example/share/ament_index/resource_index/parent_prefix_path/tf2_rclcpp_example
[0.914s] -- Up-to-date symlink: /home/lee/robot_ws/install/tf2_rclcpp_example/share/tf2_rclcpp_example/environment/ament_prefix_path.sh
[0.914s] -- Up-to-date symlink: /home/lee/robot_ws/install/tf2_rclcpp_example/share/tf2_rclcpp_example/environment/ament_prefix_path.dsv
[0.915s] -- Up-to-date symlink: /home/lee/robot_ws/install/tf2_rclcpp_example/share/tf2_rclcpp_example/environment/path.sh
[0.915s] -- Up-to-date symlink: /home/lee/robot_ws/install/tf2_rclcpp_example/share/tf2_rclcpp_example/environment/path.dsv
[0.915s] -- Up-to-date symlink: /home/lee/robot_ws/install/tf2_rclcpp_example/share/tf2_rclcpp_example/local_setup.bash
[0.915s] -- Up-to-date symlink: /home/lee/robot_ws/install/tf2_rclcpp_example/share/tf2_rclcpp_example/local_setup.sh
[0.915s] -- Up-to-date symlink: /home/lee/robot_ws/install/tf2_rclcpp_example/share/tf2_rclcpp_example/local_setup.zsh
[0.915s] -- Up-to-date symlink: /home/lee/robot_ws/install/tf2_rclcpp_example/share/tf2_rclcpp_example/local_setup.dsv
[0.915s] -- Symlinking: /home/lee/robot_ws/install/tf2_rclcpp_example/share/tf2_rclcpp_example/package.dsv
[0.923s] -- Up-to-date symlink: /home/lee/robot_ws/install/tf2_rclcpp_example/share/ament_index/resource_index/packages/tf2_rclcpp_example
[0.923s] -- Up-to-date symlink: /home/lee/robot_ws/install/tf2_rclcpp_example/share/tf2_rclcpp_example/cmake/tf2_rclcpp_exampleConfig.cmake
[0.923s] -- Up-to-date symlink: /home/lee/robot_ws/install/tf2_rclcpp_example/share/tf2_rclcpp_example/cmake/tf2_rclcpp_exampleConfig-version.cmake
[0.923s] -- Up-to-date symlink: /home/lee/robot_ws/install/tf2_rclcpp_example/share/tf2_rclcpp_example/package.xml
[0.976s] Invoked command in '/home/lee/robot_ws/build/tf2_rclcpp_example' returned '0': CMAKE_PREFIX_PATH=${CMAKE_PREFIX_PATH}:/home/lee/robot_ws/install/topic_service_action_rclpy_example:/home/lee/robot_ws/install/time_rclpy_example:/home/lee/robot_ws/install/tf2_rclpy_example:/home/lee/robot_ws/install/ros2env:/home/lee/robot_ws/install/my_first_ros_rclpy_pkg:/home/lee/robot_ws/install/logging_rclpy_example:/opt/ros/foxy /usr/bin/cmake --install /home/lee/robot_ws/build/tf2_rclcpp_example
