[0.013s] Invoking command in '/home/lee/robot_ws/src/build/msg_srv_action_interface_cpp': CMAKE_PREFIX_PATH=${CMAKE_PREFIX_PATH}:/home/lee/robot_ws/install/topic_service_action_rclpy_example:/home/lee/robot_ws/install/time_rclpy_example:/home/lee/robot_ws/install/tf2_rclpy_example:/home/lee/robot_ws/install/test_lee_rclpy:/home/lee/robot_ws/install/ros2env:/home/lee/robot_ws/install/my_first_ros_rclpy_pkg:/home/lee/robot_ws/install/logging_rclpy_example:/opt/ros/foxy /usr/bin/cmake --build /home/lee/robot_ws/src/build/msg_srv_action_interface_cpp -- -j12 -l12
[0.031s] -- Found ament_cmake: 0.9.9 (/opt/ros/foxy/share/ament_cmake/cmake)
[0.054s] -- Found PythonInterp: /usr/bin/python3 (found suitable version "3.8.10", minimum required is "3") 
[0.054s] -- Using PYTHON_EXECUTABLE: /usr/bin/python3
[0.170s] -- Override CMake install command with custom implementation using symlinks instead of copying resources
[0.174s] -- Found builtin_interfaces: 1.0.0 (/opt/ros/foxy/share/builtin_interfaces/cmake)
[0.187s] -- Using all available rosidl_typesupport_c: rosidl_typesupport_fastrtps_c;rosidl_typesupport_introspection_c
[0.189s] -- Found rosidl_adapter: 1.2.1 (/opt/ros/foxy/share/rosidl_adapter/cmake)
[0.262s] -- Using all available rosidl_typesupport_cpp: rosidl_typesupport_fastrtps_cpp;rosidl_typesupport_introspection_cpp
[0.277s] -- Found rosidl_default_generators: 1.0.1 (/opt/ros/foxy/share/rosidl_default_generators/cmake)
[0.308s] -- Found PythonInterp: /usr/bin/python3 (found version "3.8.10") 
[0.443s] -- Found ament_cmake_ros: 0.9.2 (/opt/ros/foxy/share/ament_cmake_ros/cmake)
[0.526s] -- Using all available rosidl_typesupport_c: rosidl_typesupport_fastrtps_c;rosidl_typesupport_introspection_c
[0.544s] -- Using all available rosidl_typesupport_cpp: rosidl_typesupport_fastrtps_cpp;rosidl_typesupport_introspection_cpp
[0.569s] -- Found PythonInterp: /usr/bin/python3 (found suitable version "3.8.10", minimum required is "3.5") 
[0.570s] -- Found python_cmake_module: 0.8.1 (/opt/ros/foxy/share/python_cmake_module/cmake)
[0.593s] -- Using PYTHON_EXECUTABLE: /usr/bin/python3
[0.593s] -- Using PYTHON_INCLUDE_DIRS: /usr/include/python3.8
[0.593s] -- Using PYTHON_LIBRARIES: /usr/lib/x86_64-linux-gnu/libpython3.8.so
[0.626s] -- Configuring done
[0.667s] -- Generating done
[0.668s] -- Build files have been written to: /home/lee/robot_ws/src/build/msg_srv_action_interface_cpp
[0.684s] [  2%] [34m[1mGenerating C code for ROS interfaces[0m
[0.691s] [  4%] [34m[1mGenerating C++ code for ROS interfaces[0m
[1.018s] [35m[1mScanning dependencies of target msg_srv_action_interface_cpp__rosidl_generator_c[0m
[1.023s] [  4%] Built target msg_srv_action_interface_cpp__cpp
[1.026s] [ 10%] [32mBuilding C object CMakeFiles/msg_srv_action_interface_cpp__rosidl_generator_c.dir/rosidl_generator_c/msg_srv_action_interface_cpp/msg/detail/coordinates__functions.c.o[0m
[1.026s] [ 10%] [32mBuilding C object CMakeFiles/msg_srv_action_interface_cpp__rosidl_generator_c.dir/rosidl_generator_c/msg_srv_action_interface_cpp/action/detail/coordinates_checker__functions.c.o[0m
[1.026s] [ 10%] [32mBuilding C object CMakeFiles/msg_srv_action_interface_cpp__rosidl_generator_c.dir/rosidl_generator_c/msg_srv_action_interface_cpp/srv/detail/conversion__functions.c.o[0m
[1.030s] [ 17%] [34m[1mGenerating C++ introspection for ROS interfaces[0m
[1.030s] [ 17%] [34m[1mGenerating C++ type support for eProsima Fast-RTPS[0m
[1.030s] [ 17%] [34m[1mGenerating C++ type support dispatch for ROS interfaces[0m
[1.084s] [ 19%] [32m[1mLinking C shared library libmsg_srv_action_interface_cpp__rosidl_generator_c.so[0m
[1.108s] [ 19%] Built target msg_srv_action_interface_cpp__rosidl_generator_c
[1.115s] [ 23%] [34m[1mGenerating C type support dispatch for ROS interfaces[0m
[1.115s] [ 23%] [34m[1mGenerating C introspection for ROS interfaces[0m
[1.276s] [35m[1mScanning dependencies of target msg_srv_action_interface_cpp__rosidl_typesupport_cpp[0m
[1.285s] [ 25%] [32mBuilding CXX object CMakeFiles/msg_srv_action_interface_cpp__rosidl_typesupport_cpp.dir/rosidl_typesupport_cpp/msg_srv_action_interface_cpp/msg/coordinates__type_support.cpp.o[0m
[1.285s] [ 27%] [32mBuilding CXX object CMakeFiles/msg_srv_action_interface_cpp__rosidl_typesupport_cpp.dir/rosidl_typesupport_cpp/msg_srv_action_interface_cpp/action/coordinates_checker__type_support.cpp.o[0m
[1.287s] [ 29%] [32mBuilding CXX object CMakeFiles/msg_srv_action_interface_cpp__rosidl_typesupport_cpp.dir/rosidl_typesupport_cpp/msg_srv_action_interface_cpp/srv/conversion__type_support.cpp.o[0m
[1.321s] [35m[1mScanning dependencies of target msg_srv_action_interface_cpp__rosidl_typesupport_introspection_cpp[0m
[1.332s] [ 31%] [32mBuilding CXX object CMakeFiles/msg_srv_action_interface_cpp__rosidl_typesupport_introspection_cpp.dir/rosidl_typesupport_introspection_cpp/msg_srv_action_interface_cpp/action/detail/coordinates_checker__type_support.cpp.o[0m
[1.333s] [ 36%] [32mBuilding CXX object CMakeFiles/msg_srv_action_interface_cpp__rosidl_typesupport_introspection_cpp.dir/rosidl_typesupport_introspection_cpp/msg_srv_action_interface_cpp/srv/detail/conversion__type_support.cpp.o[0m
[1.333s] [ 36%] [32mBuilding CXX object CMakeFiles/msg_srv_action_interface_cpp__rosidl_typesupport_introspection_cpp.dir/rosidl_typesupport_introspection_cpp/msg_srv_action_interface_cpp/msg/detail/coordinates__type_support.cpp.o[0m
[1.379s] [35m[1mScanning dependencies of target msg_srv_action_interface_cpp__rosidl_typesupport_fastrtps_cpp[0m
[1.392s] [ 38%] [32mBuilding CXX object CMakeFiles/msg_srv_action_interface_cpp__rosidl_typesupport_fastrtps_cpp.dir/rosidl_typesupport_fastrtps_cpp/msg_srv_action_interface_cpp/action/detail/dds_fastrtps/coordinates_checker__type_support.cpp.o[0m
[1.393s] [ 42%] [32mBuilding CXX object CMakeFiles/msg_srv_action_interface_cpp__rosidl_typesupport_fastrtps_cpp.dir/rosidl_typesupport_fastrtps_cpp/msg_srv_action_interface_cpp/srv/detail/dds_fastrtps/conversion__type_support.cpp.o[0m
[1.393s] [ 42%] [32mBuilding CXX object CMakeFiles/msg_srv_action_interface_cpp__rosidl_typesupport_fastrtps_cpp.dir/rosidl_typesupport_fastrtps_cpp/msg_srv_action_interface_cpp/msg/detail/dds_fastrtps/coordinates__type_support.cpp.o[0m
[1.419s] [35m[1mScanning dependencies of target msg_srv_action_interface_cpp__rosidl_typesupport_c[0m
[1.434s] [ 46%] [32mBuilding CXX object CMakeFiles/msg_srv_action_interface_cpp__rosidl_typesupport_c.dir/rosidl_typesupport_c/msg_srv_action_interface_cpp/msg/coordinates__type_support.cpp.o[0m
[1.434s] [ 46%] [32mBuilding CXX object CMakeFiles/msg_srv_action_interface_cpp__rosidl_typesupport_c.dir/rosidl_typesupport_c/msg_srv_action_interface_cpp/srv/conversion__type_support.cpp.o[0m
[1.466s] [ 48%] [32mBuilding CXX object CMakeFiles/msg_srv_action_interface_cpp__rosidl_typesupport_c.dir/rosidl_typesupport_c/msg_srv_action_interface_cpp/action/coordinates_checker__type_support.cpp.o[0m
[1.485s] [35m[1mScanning dependencies of target msg_srv_action_interface_cpp__rosidl_typesupport_introspection_c[0m
[1.500s] [ 53%] [32mBuilding C object CMakeFiles/msg_srv_action_interface_cpp__rosidl_typesupport_introspection_c.dir/rosidl_typesupport_introspection_c/msg_srv_action_interface_cpp/srv/detail/conversion__type_support.c.o[0m
[1.500s] [ 53%] [32mBuilding C object CMakeFiles/msg_srv_action_interface_cpp__rosidl_typesupport_introspection_c.dir/rosidl_typesupport_introspection_c/msg_srv_action_interface_cpp/msg/detail/coordinates__type_support.c.o[0m
[1.516s] [ 55%] [32m[1mLinking CXX shared library libmsg_srv_action_interface_cpp__rosidl_typesupport_c.so[0m
[1.539s] [ 57%] [32mBuilding C object CMakeFiles/msg_srv_action_interface_cpp__rosidl_typesupport_introspection_c.dir/rosidl_typesupport_introspection_c/msg_srv_action_interface_cpp/action/detail/coordinates_checker__type_support.c.o[0m
[1.562s] [ 57%] Built target msg_srv_action_interface_cpp__rosidl_typesupport_c
[1.578s] [ 59%] [32m[1mLinking C shared library libmsg_srv_action_interface_cpp__rosidl_typesupport_introspection_c.so[0m
[1.601s] [ 61%] [32m[1mLinking CXX shared library libmsg_srv_action_interface_cpp__rosidl_typesupport_cpp.so[0m
[1.603s] [ 61%] Built target msg_srv_action_interface_cpp__rosidl_typesupport_introspection_c
[1.630s] [ 61%] Built target msg_srv_action_interface_cpp__rosidl_typesupport_cpp
[1.698s] [ 63%] [32m[1mLinking CXX shared library libmsg_srv_action_interface_cpp__rosidl_typesupport_introspection_cpp.so[0m
[1.746s] [ 63%] Built target msg_srv_action_interface_cpp__rosidl_typesupport_introspection_cpp
[1.843s] [ 65%] [32m[1mLinking CXX shared library libmsg_srv_action_interface_cpp__rosidl_typesupport_fastrtps_cpp.so[0m
[1.897s] [ 65%] Built target msg_srv_action_interface_cpp__rosidl_typesupport_fastrtps_cpp
[1.904s] [ 68%] [34m[1mGenerating C type support for eProsima Fast-RTPS[0m
[2.206s] [35m[1mScanning dependencies of target msg_srv_action_interface_cpp__rosidl_typesupport_fastrtps_c[0m
[2.217s] [ 74%] [32mBuilding CXX object CMakeFiles/msg_srv_action_interface_cpp__rosidl_typesupport_fastrtps_c.dir/rosidl_typesupport_fastrtps_c/msg_srv_action_interface_cpp/srv/detail/conversion__type_support_c.cpp.o[0m
[2.217s] [ 74%] [32mBuilding CXX object CMakeFiles/msg_srv_action_interface_cpp__rosidl_typesupport_fastrtps_c.dir/rosidl_typesupport_fastrtps_c/msg_srv_action_interface_cpp/msg/detail/coordinates__type_support_c.cpp.o[0m
[2.217s] [ 74%] [32mBuilding CXX object CMakeFiles/msg_srv_action_interface_cpp__rosidl_typesupport_fastrtps_c.dir/rosidl_typesupport_fastrtps_c/msg_srv_action_interface_cpp/action/detail/coordinates_checker__type_support_c.cpp.o[0m
[2.466s] [ 76%] [32m[1mLinking CXX shared library libmsg_srv_action_interface_cpp__rosidl_typesupport_fastrtps_c.so[0m
[2.516s] [ 76%] Built target msg_srv_action_interface_cpp__rosidl_typesupport_fastrtps_c
[2.528s] [ 76%] Built target msg_srv_action_interface_cpp
[2.551s] [ 78%] [34m[1mGenerating Python code for ROS interfaces[0m
[3.256s] [ 78%] Built target msg_srv_action_interface_cpp__py
[3.263s] [35m[1mScanning dependencies of target msg_srv_action_interface_cpp__python[0m
[3.275s] [ 85%] [32mBuilding C object CMakeFiles/msg_srv_action_interface_cpp__python.dir/rosidl_generator_py/msg_srv_action_interface_cpp/action/_coordinates_checker_s.c.o[0m
[3.275s] [ 85%] [32mBuilding C object CMakeFiles/msg_srv_action_interface_cpp__python.dir/rosidl_generator_py/msg_srv_action_interface_cpp/srv/_conversion_s.c.o[0m
[3.275s] [ 85%] [32mBuilding C object CMakeFiles/msg_srv_action_interface_cpp__python.dir/rosidl_generator_py/msg_srv_action_interface_cpp/msg/_coordinates_s.c.o[0m
[3.372s] [ 87%] [32m[1mLinking C shared library rosidl_generator_py/msg_srv_action_interface_cpp/libmsg_srv_action_interface_cpp__python.so[0m
[3.399s] [ 87%] Built target msg_srv_action_interface_cpp__python
[3.407s] [35m[1mScanning dependencies of target msg_srv_action_interface_cpp__rosidl_typesupport_fastrtps_c__pyext[0m
[3.407s] [35m[1mScanning dependencies of target msg_srv_action_interface_cpp__rosidl_typesupport_c__pyext[0m
[3.407s] [35m[1mScanning dependencies of target msg_srv_action_interface_cpp__rosidl_typesupport_introspection_c__pyext[0m
[3.417s] [ 91%] [32mBuilding C object CMakeFiles/msg_srv_action_interface_cpp__rosidl_typesupport_c__pyext.dir/rosidl_generator_py/msg_srv_action_interface_cpp/_msg_srv_action_interface_cpp_s.ep.rosidl_typesupport_c.c.o[0m
[3.417s] [ 91%] [32mBuilding C object CMakeFiles/msg_srv_action_interface_cpp__rosidl_typesupport_introspection_c__pyext.dir/rosidl_generator_py/msg_srv_action_interface_cpp/_msg_srv_action_interface_cpp_s.ep.rosidl_typesupport_introspection_c.c.o[0m
[3.417s] [ 93%] [32mBuilding C object CMakeFiles/msg_srv_action_interface_cpp__rosidl_typesupport_fastrtps_c__pyext.dir/rosidl_generator_py/msg_srv_action_interface_cpp/_msg_srv_action_interface_cpp_s.ep.rosidl_typesupport_fastrtps_c.c.o[0m
[3.487s] [100%] [32m[1mLinking C shared library rosidl_generator_py/msg_srv_action_interface_cpp/msg_srv_action_interface_cpp_s__rosidl_typesupport_c.cpython-38-x86_64-linux-gnu.so[0m
[3.487s] [100%] [32m[1mLinking CXX shared library rosidl_generator_py/msg_srv_action_interface_cpp/msg_srv_action_interface_cpp_s__rosidl_typesupport_fastrtps_c.cpython-38-x86_64-linux-gnu.so[0m
[3.487s] [100%] [32m[1mLinking C shared library rosidl_generator_py/msg_srv_action_interface_cpp/msg_srv_action_interface_cpp_s__rosidl_typesupport_introspection_c.cpython-38-x86_64-linux-gnu.so[0m
[3.512s] [100%] Built target msg_srv_action_interface_cpp__rosidl_typesupport_introspection_c__pyext
[3.512s] [100%] Built target msg_srv_action_interface_cpp__rosidl_typesupport_c__pyext
[3.530s] [100%] Built target msg_srv_action_interface_cpp__rosidl_typesupport_fastrtps_c__pyext
[3.537s] Invoked command in '/home/lee/robot_ws/src/build/msg_srv_action_interface_cpp' returned '0': CMAKE_PREFIX_PATH=${CMAKE_PREFIX_PATH}:/home/lee/robot_ws/install/topic_service_action_rclpy_example:/home/lee/robot_ws/install/time_rclpy_example:/home/lee/robot_ws/install/tf2_rclpy_example:/home/lee/robot_ws/install/test_lee_rclpy:/home/lee/robot_ws/install/ros2env:/home/lee/robot_ws/install/my_first_ros_rclpy_pkg:/home/lee/robot_ws/install/logging_rclpy_example:/opt/ros/foxy /usr/bin/cmake --build /home/lee/robot_ws/src/build/msg_srv_action_interface_cpp -- -j12 -l12
[3.598s] Invoking command in '/home/lee/robot_ws/src/build/msg_srv_action_interface_cpp': CMAKE_PREFIX_PATH=${CMAKE_PREFIX_PATH}:/home/lee/robot_ws/install/topic_service_action_rclpy_example:/home/lee/robot_ws/install/time_rclpy_example:/home/lee/robot_ws/install/tf2_rclpy_example:/home/lee/robot_ws/install/test_lee_rclpy:/home/lee/robot_ws/install/ros2env:/home/lee/robot_ws/install/my_first_ros_rclpy_pkg:/home/lee/robot_ws/install/logging_rclpy_example:/opt/ros/foxy /usr/bin/cmake --install /home/lee/robot_ws/src/build/msg_srv_action_interface_cpp
[3.603s] -- Install configuration: ""
[3.603s] -- Execute custom install script
[3.604s] -- Up-to-date symlink: /home/lee/robot_ws/src/install/msg_srv_action_interface_cpp/share/ament_index/resource_index/rosidl_interfaces/msg_srv_action_interface_cpp
[3.605s] -- Up-to-date symlink: /home/lee/robot_ws/src/install/msg_srv_action_interface_cpp/include/msg_srv_action_interface_cpp/action/coordinates_checker.h
[3.605s] -- Up-to-date symlink: /home/lee/robot_ws/src/install/msg_srv_action_interface_cpp/include/msg_srv_action_interface_cpp/action/detail/coordinates_checker__functions.h
[3.605s] -- Up-to-date symlink: /home/lee/robot_ws/src/install/msg_srv_action_interface_cpp/include/msg_srv_action_interface_cpp/action/detail/coordinates_checker__struct.h
[3.605s] -- Up-to-date symlink: /home/lee/robot_ws/src/install/msg_srv_action_interface_cpp/include/msg_srv_action_interface_cpp/action/detail/coordinates_checker__type_support.h
[3.606s] -- Up-to-date symlink: /home/lee/robot_ws/src/install/msg_srv_action_interface_cpp/include/msg_srv_action_interface_cpp/msg/coordinates.h
[3.606s] -- Up-to-date symlink: /home/lee/robot_ws/src/install/msg_srv_action_interface_cpp/include/msg_srv_action_interface_cpp/msg/detail/coordinates__functions.h
[3.606s] -- Up-to-date symlink: /home/lee/robot_ws/src/install/msg_srv_action_interface_cpp/include/msg_srv_action_interface_cpp/msg/detail/coordinates__struct.h
[3.606s] -- Up-to-date symlink: /home/lee/robot_ws/src/install/msg_srv_action_interface_cpp/include/msg_srv_action_interface_cpp/msg/detail/coordinates__type_support.h
[3.606s] -- Up-to-date symlink: /home/lee/robot_ws/src/install/msg_srv_action_interface_cpp/include/msg_srv_action_interface_cpp/msg/rosidl_generator_c__visibility_control.h
[3.606s] -- Up-to-date symlink: /home/lee/robot_ws/src/install/msg_srv_action_interface_cpp/include/msg_srv_action_interface_cpp/srv/conversion.h
[3.607s] -- Up-to-date symlink: /home/lee/robot_ws/src/install/msg_srv_action_interface_cpp/include/msg_srv_action_interface_cpp/srv/detail/conversion__functions.h
[3.607s] -- Up-to-date symlink: /home/lee/robot_ws/src/install/msg_srv_action_interface_cpp/include/msg_srv_action_interface_cpp/srv/detail/conversion__struct.h
[3.607s] -- Up-to-date symlink: /home/lee/robot_ws/src/install/msg_srv_action_interface_cpp/include/msg_srv_action_interface_cpp/srv/detail/conversion__type_support.h
[3.607s] -- Up-to-date symlink: /home/lee/robot_ws/src/install/msg_srv_action_interface_cpp/share/msg_srv_action_interface_cpp/environment/library_path.sh
[3.608s] -- Up-to-date symlink: /home/lee/robot_ws/src/install/msg_srv_action_interface_cpp/share/msg_srv_action_interface_cpp/environment/library_path.dsv
[3.608s] -- Up-to-date symlink: /home/lee/robot_ws/src/install/msg_srv_action_interface_cpp/include/msg_srv_action_interface_cpp/action/detail/coordinates_checker__rosidl_typesupport_fastrtps_c.h
[3.608s] -- Up-to-date symlink: /home/lee/robot_ws/src/install/msg_srv_action_interface_cpp/include/msg_srv_action_interface_cpp/msg/detail/coordinates__rosidl_typesupport_fastrtps_c.h
[3.609s] -- Up-to-date symlink: /home/lee/robot_ws/src/install/msg_srv_action_interface_cpp/include/msg_srv_action_interface_cpp/msg/rosidl_typesupport_fastrtps_c__visibility_control.h
[3.609s] -- Up-to-date symlink: /home/lee/robot_ws/src/install/msg_srv_action_interface_cpp/include/msg_srv_action_interface_cpp/srv/detail/conversion__rosidl_typesupport_fastrtps_c.h
[3.609s] -- Up-to-date symlink: /home/lee/robot_ws/src/install/msg_srv_action_interface_cpp/lib/libmsg_srv_action_interface_cpp__rosidl_typesupport_fastrtps_c.so
[3.610s] -- Up-to-date symlink: /home/lee/robot_ws/src/install/msg_srv_action_interface_cpp/include/msg_srv_action_interface_cpp/action/detail/coordinates_checker__rosidl_typesupport_fastrtps_cpp.hpp
[3.610s] -- Up-to-date symlink: /home/lee/robot_ws/src/install/msg_srv_action_interface_cpp/include/msg_srv_action_interface_cpp/msg/detail/coordinates__rosidl_typesupport_fastrtps_cpp.hpp
[3.610s] -- Up-to-date symlink: /home/lee/robot_ws/src/install/msg_srv_action_interface_cpp/include/msg_srv_action_interface_cpp/msg/rosidl_typesupport_fastrtps_cpp__visibility_control.h
[3.610s] -- Up-to-date symlink: /home/lee/robot_ws/src/install/msg_srv_action_interface_cpp/include/msg_srv_action_interface_cpp/srv/detail/conversion__rosidl_typesupport_fastrtps_cpp.hpp
[3.611s] -- Up-to-date symlink: /home/lee/robot_ws/src/install/msg_srv_action_interface_cpp/lib/libmsg_srv_action_interface_cpp__rosidl_typesupport_fastrtps_cpp.so
[3.611s] -- Up-to-date symlink: /home/lee/robot_ws/src/install/msg_srv_action_interface_cpp/include/msg_srv_action_interface_cpp/action/detail/coordinates_checker__rosidl_typesupport_introspection_c.h
[3.611s] -- Up-to-date symlink: /home/lee/robot_ws/src/install/msg_srv_action_interface_cpp/include/msg_srv_action_interface_cpp/msg/detail/coordinates__rosidl_typesupport_introspection_c.h
[3.611s] -- Up-to-date symlink: /home/lee/robot_ws/src/install/msg_srv_action_interface_cpp/include/msg_srv_action_interface_cpp/msg/rosidl_typesupport_introspection_c__visibility_control.h
[3.612s] -- Up-to-date symlink: /home/lee/robot_ws/src/install/msg_srv_action_interface_cpp/include/msg_srv_action_interface_cpp/srv/detail/conversion__rosidl_typesupport_introspection_c.h
[3.612s] -- Up-to-date symlink: /home/lee/robot_ws/src/install/msg_srv_action_interface_cpp/include/msg_srv_action_interface_cpp/action/coordinates_checker.hpp
[3.612s] -- Up-to-date symlink: /home/lee/robot_ws/src/install/msg_srv_action_interface_cpp/include/msg_srv_action_interface_cpp/action/detail/coordinates_checker__builder.hpp
[3.612s] -- Up-to-date symlink: /home/lee/robot_ws/src/install/msg_srv_action_interface_cpp/include/msg_srv_action_interface_cpp/action/detail/coordinates_checker__struct.hpp
[3.613s] -- Up-to-date symlink: /home/lee/robot_ws/src/install/msg_srv_action_interface_cpp/include/msg_srv_action_interface_cpp/action/detail/coordinates_checker__traits.hpp
[3.613s] -- Up-to-date symlink: /home/lee/robot_ws/src/install/msg_srv_action_interface_cpp/include/msg_srv_action_interface_cpp/msg/coordinates.hpp
[3.613s] -- Up-to-date symlink: /home/lee/robot_ws/src/install/msg_srv_action_interface_cpp/include/msg_srv_action_interface_cpp/msg/detail/coordinates__builder.hpp
[3.613s] -- Up-to-date symlink: /home/lee/robot_ws/src/install/msg_srv_action_interface_cpp/include/msg_srv_action_interface_cpp/msg/detail/coordinates__struct.hpp
[3.613s] -- Up-to-date symlink: /home/lee/robot_ws/src/install/msg_srv_action_interface_cpp/include/msg_srv_action_interface_cpp/msg/detail/coordinates__traits.hpp
[3.614s] -- Up-to-date symlink: /home/lee/robot_ws/src/install/msg_srv_action_interface_cpp/include/msg_srv_action_interface_cpp/srv/conversion.hpp
[3.614s] -- Up-to-date symlink: /home/lee/robot_ws/src/install/msg_srv_action_interface_cpp/include/msg_srv_action_interface_cpp/srv/detail/conversion__builder.hpp
[3.614s] -- Up-to-date symlink: /home/lee/robot_ws/src/install/msg_srv_action_interface_cpp/include/msg_srv_action_interface_cpp/srv/detail/conversion__struct.hpp
[3.614s] -- Up-to-date symlink: /home/lee/robot_ws/src/install/msg_srv_action_interface_cpp/include/msg_srv_action_interface_cpp/srv/detail/conversion__traits.hpp
[3.615s] -- Up-to-date symlink: /home/lee/robot_ws/src/install/msg_srv_action_interface_cpp/include/msg_srv_action_interface_cpp/action/detail/coordinates_checker__rosidl_typesupport_introspection_cpp.hpp
[3.615s] -- Up-to-date symlink: /home/lee/robot_ws/src/install/msg_srv_action_interface_cpp/include/msg_srv_action_interface_cpp/msg/detail/coordinates__rosidl_typesupport_introspection_cpp.hpp
[3.615s] -- Up-to-date symlink: /home/lee/robot_ws/src/install/msg_srv_action_interface_cpp/include/msg_srv_action_interface_cpp/srv/detail/conversion__rosidl_typesupport_introspection_cpp.hpp
[3.615s] -- Up-to-date symlink: /home/lee/robot_ws/src/install/msg_srv_action_interface_cpp/share/msg_srv_action_interface_cpp/environment/pythonpath.sh
[3.616s] -- Up-to-date symlink: /home/lee/robot_ws/src/install/msg_srv_action_interface_cpp/share/msg_srv_action_interface_cpp/environment/pythonpath.dsv
[3.616s] -- Up-to-date symlink: /home/lee/robot_ws/src/install/msg_srv_action_interface_cpp/lib/python3.8/site-packages/msg_srv_action_interface_cpp/__init__.py
[3.616s] -- Up-to-date symlink: /home/lee/robot_ws/src/install/msg_srv_action_interface_cpp/lib/python3.8/site-packages/msg_srv_action_interface_cpp/msg/__init__.py
[3.616s] -- Up-to-date symlink: /home/lee/robot_ws/src/install/msg_srv_action_interface_cpp/lib/python3.8/site-packages/msg_srv_action_interface_cpp/msg/_coordinates.py
[3.617s] -- Up-to-date symlink: /home/lee/robot_ws/src/install/msg_srv_action_interface_cpp/lib/python3.8/site-packages/msg_srv_action_interface_cpp/srv/__init__.py
[3.617s] -- Up-to-date symlink: /home/lee/robot_ws/src/install/msg_srv_action_interface_cpp/lib/python3.8/site-packages/msg_srv_action_interface_cpp/srv/_conversion.py
[3.617s] -- Up-to-date symlink: /home/lee/robot_ws/src/install/msg_srv_action_interface_cpp/lib/python3.8/site-packages/msg_srv_action_interface_cpp/action/__init__.py
[3.618s] -- Up-to-date symlink: /home/lee/robot_ws/src/install/msg_srv_action_interface_cpp/lib/python3.8/site-packages/msg_srv_action_interface_cpp/action/_coordinates_checker.py
[3.618s] -- Up-to-date symlink: /home/lee/robot_ws/src/install/msg_srv_action_interface_cpp/lib/python3.8/site-packages/msg_srv_action_interface_cpp/msg_srv_action_interface_cpp_s__rosidl_typesupport_fastrtps_c.cpython-38-x86_64-linux-gnu.so
[3.618s] -- Up-to-date symlink: /home/lee/robot_ws/src/install/msg_srv_action_interface_cpp/lib/python3.8/site-packages/msg_srv_action_interface_cpp/msg_srv_action_interface_cpp_s__rosidl_typesupport_introspection_c.cpython-38-x86_64-linux-gnu.so
[3.619s] -- Up-to-date symlink: /home/lee/robot_ws/src/install/msg_srv_action_interface_cpp/lib/python3.8/site-packages/msg_srv_action_interface_cpp/msg_srv_action_interface_cpp_s__rosidl_typesupport_c.cpython-38-x86_64-linux-gnu.so
[3.619s] -- Up-to-date symlink: /home/lee/robot_ws/src/install/msg_srv_action_interface_cpp/lib/libmsg_srv_action_interface_cpp__python.so
[3.620s] -- Up-to-date symlink: /home/lee/robot_ws/src/install/msg_srv_action_interface_cpp/share/msg_srv_action_interface_cpp/msg/Coordinates.idl
[3.620s] -- Up-to-date symlink: /home/lee/robot_ws/src/install/msg_srv_action_interface_cpp/share/msg_srv_action_interface_cpp/srv/Conversion.idl
[3.620s] -- Up-to-date symlink: /home/lee/robot_ws/src/install/msg_srv_action_interface_cpp/share/msg_srv_action_interface_cpp/action/CoordinatesChecker.idl
[3.621s] -- Up-to-date symlink: /home/lee/robot_ws/src/install/msg_srv_action_interface_cpp/share/msg_srv_action_interface_cpp/msg/Coordinates.msg
[3.621s] -- Up-to-date symlink: /home/lee/robot_ws/src/install/msg_srv_action_interface_cpp/share/msg_srv_action_interface_cpp/srv/Conversion.srv
[3.621s] -- Up-to-date symlink: /home/lee/robot_ws/src/install/msg_srv_action_interface_cpp/share/msg_srv_action_interface_cpp/srv/Conversion_Request.msg
[3.621s] -- Up-to-date symlink: /home/lee/robot_ws/src/install/msg_srv_action_interface_cpp/share/msg_srv_action_interface_cpp/srv/Conversion_Response.msg
[3.622s] -- Up-to-date symlink: /home/lee/robot_ws/src/install/msg_srv_action_interface_cpp/share/msg_srv_action_interface_cpp/action/CoordinatesChecker.action
[3.622s] -- Up-to-date symlink: /home/lee/robot_ws/src/install/msg_srv_action_interface_cpp/share/ament_index/resource_index/package_run_dependencies/msg_srv_action_interface_cpp
[3.622s] -- Up-to-date symlink: /home/lee/robot_ws/src/install/msg_srv_action_interface_cpp/share/ament_index/resource_index/parent_prefix_path/msg_srv_action_interface_cpp
[3.622s] -- Up-to-date symlink: /home/lee/robot_ws/src/install/msg_srv_action_interface_cpp/share/msg_srv_action_interface_cpp/environment/ament_prefix_path.sh
[3.623s] -- Up-to-date symlink: /home/lee/robot_ws/src/install/msg_srv_action_interface_cpp/share/msg_srv_action_interface_cpp/environment/ament_prefix_path.dsv
[3.623s] -- Up-to-date symlink: /home/lee/robot_ws/src/install/msg_srv_action_interface_cpp/share/msg_srv_action_interface_cpp/environment/path.sh
[3.623s] -- Up-to-date symlink: /home/lee/robot_ws/src/install/msg_srv_action_interface_cpp/share/msg_srv_action_interface_cpp/environment/path.dsv
[3.623s] -- Up-to-date symlink: /home/lee/robot_ws/src/install/msg_srv_action_interface_cpp/share/msg_srv_action_interface_cpp/local_setup.bash
[3.623s] -- Up-to-date symlink: /home/lee/robot_ws/src/install/msg_srv_action_interface_cpp/share/msg_srv_action_interface_cpp/local_setup.sh
[3.624s] -- Up-to-date symlink: /home/lee/robot_ws/src/install/msg_srv_action_interface_cpp/share/msg_srv_action_interface_cpp/local_setup.zsh
[3.624s] -- Up-to-date symlink: /home/lee/robot_ws/src/install/msg_srv_action_interface_cpp/share/msg_srv_action_interface_cpp/local_setup.dsv
[3.624s] -- Symlinking: /home/lee/robot_ws/src/install/msg_srv_action_interface_cpp/share/msg_srv_action_interface_cpp/package.dsv
[3.630s] -- Up-to-date symlink: /home/lee/robot_ws/src/install/msg_srv_action_interface_cpp/share/ament_index/resource_index/packages/msg_srv_action_interface_cpp
[3.630s] -- Up-to-date symlink: /home/lee/robot_ws/src/install/msg_srv_action_interface_cpp/share/msg_srv_action_interface_cpp/cmake/rosidl_cmake-extras.cmake
[3.630s] -- Up-to-date symlink: /home/lee/robot_ws/src/install/msg_srv_action_interface_cpp/share/msg_srv_action_interface_cpp/cmake/ament_cmake_export_dependencies-extras.cmake
[3.631s] -- Up-to-date symlink: /home/lee/robot_ws/src/install/msg_srv_action_interface_cpp/share/msg_srv_action_interface_cpp/cmake/ament_cmake_export_libraries-extras.cmake
[3.631s] -- Up-to-date symlink: /home/lee/robot_ws/src/install/msg_srv_action_interface_cpp/share/msg_srv_action_interface_cpp/cmake/ament_cmake_export_targets-extras.cmake
[3.631s] -- Up-to-date symlink: /home/lee/robot_ws/src/install/msg_srv_action_interface_cpp/share/msg_srv_action_interface_cpp/cmake/ament_cmake_export_include_directories-extras.cmake
[3.631s] -- Up-to-date symlink: /home/lee/robot_ws/src/install/msg_srv_action_interface_cpp/share/msg_srv_action_interface_cpp/cmake/rosidl_cmake_export_typesupport_libraries-extras.cmake
[3.632s] -- Up-to-date symlink: /home/lee/robot_ws/src/install/msg_srv_action_interface_cpp/share/msg_srv_action_interface_cpp/cmake/rosidl_cmake_export_typesupport_targets-extras.cmake
[3.632s] -- Up-to-date symlink: /home/lee/robot_ws/src/install/msg_srv_action_interface_cpp/share/msg_srv_action_interface_cpp/cmake/msg_srv_action_interface_cppConfig.cmake
[3.632s] -- Up-to-date symlink: /home/lee/robot_ws/src/install/msg_srv_action_interface_cpp/share/msg_srv_action_interface_cpp/cmake/msg_srv_action_interface_cppConfig-version.cmake
[3.632s] -- Up-to-date symlink: /home/lee/robot_ws/src/install/msg_srv_action_interface_cpp/share/msg_srv_action_interface_cpp/package.xml
[3.633s] -- Installing: /home/lee/robot_ws/src/install/msg_srv_action_interface_cpp/lib/libmsg_srv_action_interface_cpp__rosidl_generator_c.so
[3.633s] -- Set runtime path of "/home/lee/robot_ws/src/install/msg_srv_action_interface_cpp/lib/libmsg_srv_action_interface_cpp__rosidl_generator_c.so" to ""
[3.633s] -- Installing: /home/lee/robot_ws/src/install/msg_srv_action_interface_cpp/lib/libmsg_srv_action_interface_cpp__rosidl_typesupport_introspection_c.so
[3.634s] -- Set runtime path of "/home/lee/robot_ws/src/install/msg_srv_action_interface_cpp/lib/libmsg_srv_action_interface_cpp__rosidl_typesupport_introspection_c.so" to ""
[3.634s] -- Installing: /home/lee/robot_ws/src/install/msg_srv_action_interface_cpp/lib/libmsg_srv_action_interface_cpp__rosidl_typesupport_c.so
[3.634s] -- Set runtime path of "/home/lee/robot_ws/src/install/msg_srv_action_interface_cpp/lib/libmsg_srv_action_interface_cpp__rosidl_typesupport_c.so" to ""
[3.635s] -- Installing: /home/lee/robot_ws/src/install/msg_srv_action_interface_cpp/lib/libmsg_srv_action_interface_cpp__rosidl_typesupport_introspection_cpp.so
[3.635s] -- Set runtime path of "/home/lee/robot_ws/src/install/msg_srv_action_interface_cpp/lib/libmsg_srv_action_interface_cpp__rosidl_typesupport_introspection_cpp.so" to ""
[3.635s] -- Installing: /home/lee/robot_ws/src/install/msg_srv_action_interface_cpp/lib/libmsg_srv_action_interface_cpp__rosidl_typesupport_cpp.so
[3.636s] -- Set runtime path of "/home/lee/robot_ws/src/install/msg_srv_action_interface_cpp/lib/libmsg_srv_action_interface_cpp__rosidl_typesupport_cpp.so" to ""
[3.664s] Compiling '/home/lee/robot_ws/src/install/msg_srv_action_interface_cpp/lib/python3.8/site-packages/msg_srv_action_interface_cpp/__init__.py'...
[3.666s] -- Up-to-date: /home/lee/robot_ws/src/install/msg_srv_action_interface_cpp/share/msg_srv_action_interface_cpp/cmake/msg_srv_action_interface_cpp__rosidl_generator_cExport.cmake
[3.666s] -- Installing: /home/lee/robot_ws/src/install/msg_srv_action_interface_cpp/share/msg_srv_action_interface_cpp/cmake/msg_srv_action_interface_cpp__rosidl_generator_cExport-noconfig.cmake
[3.667s] -- Up-to-date: /home/lee/robot_ws/src/install/msg_srv_action_interface_cpp/share/msg_srv_action_interface_cpp/cmake/msg_srv_action_interface_cpp__rosidl_typesupport_introspection_cExport.cmake
[3.667s] -- Installing: /home/lee/robot_ws/src/install/msg_srv_action_interface_cpp/share/msg_srv_action_interface_cpp/cmake/msg_srv_action_interface_cpp__rosidl_typesupport_introspection_cExport-noconfig.cmake
[3.667s] -- Up-to-date: /home/lee/robot_ws/src/install/msg_srv_action_interface_cpp/share/msg_srv_action_interface_cpp/cmake/msg_srv_action_interface_cpp__rosidl_typesupport_cExport.cmake
[3.667s] -- Installing: /home/lee/robot_ws/src/install/msg_srv_action_interface_cpp/share/msg_srv_action_interface_cpp/cmake/msg_srv_action_interface_cpp__rosidl_typesupport_cExport-noconfig.cmake
[3.667s] -- Up-to-date: /home/lee/robot_ws/src/install/msg_srv_action_interface_cpp/share/msg_srv_action_interface_cpp/cmake/msg_srv_action_interface_cpp__rosidl_generator_cppExport.cmake
[3.668s] -- Up-to-date: /home/lee/robot_ws/src/install/msg_srv_action_interface_cpp/share/msg_srv_action_interface_cpp/cmake/msg_srv_action_interface_cpp__rosidl_typesupport_introspection_cppExport.cmake
[3.668s] -- Installing: /home/lee/robot_ws/src/install/msg_srv_action_interface_cpp/share/msg_srv_action_interface_cpp/cmake/msg_srv_action_interface_cpp__rosidl_typesupport_introspection_cppExport-noconfig.cmake
[3.668s] -- Up-to-date: /home/lee/robot_ws/src/install/msg_srv_action_interface_cpp/share/msg_srv_action_interface_cpp/cmake/msg_srv_action_interface_cpp__rosidl_typesupport_cppExport.cmake
[3.668s] -- Installing: /home/lee/robot_ws/src/install/msg_srv_action_interface_cpp/share/msg_srv_action_interface_cpp/cmake/msg_srv_action_interface_cpp__rosidl_typesupport_cppExport-noconfig.cmake
[3.670s] Invoked command in '/home/lee/robot_ws/src/build/msg_srv_action_interface_cpp' returned '0': CMAKE_PREFIX_PATH=${CMAKE_PREFIX_PATH}:/home/lee/robot_ws/install/topic_service_action_rclpy_example:/home/lee/robot_ws/install/time_rclpy_example:/home/lee/robot_ws/install/tf2_rclpy_example:/home/lee/robot_ws/install/test_lee_rclpy:/home/lee/robot_ws/install/ros2env:/home/lee/robot_ws/install/my_first_ros_rclpy_pkg:/home/lee/robot_ws/install/logging_rclpy_example:/opt/ros/foxy /usr/bin/cmake --install /home/lee/robot_ws/src/build/msg_srv_action_interface_cpp
