[0.110s] DEBUG:colcon:Command line arguments: ['/usr/bin/colcon', 'build', '--symlink-install', '--packages-select', 'msg_srv_action_interface_cpp']
[0.110s] DEBUG:colcon:Parsed command line arguments: Namespace(allow_overriding=[], ament_cmake_args=None, base_paths=['.'], build_base='build', catkin_cmake_args=None, catkin_skip_building_tests=False, cmake_args=None, cmake_clean_cache=False, cmake_clean_first=False, cmake_force_configure=False, cmake_target=None, cmake_target_skip_unavailable=False, continue_on_error=False, event_handlers=None, executor='parallel', ignore_user_meta=False, install_base='install', log_base=None, log_level=None, main=<bound method BuildVerb.main of <colcon_core.verb.build.BuildVerb object at 0x7f5cd4000370>>, merge_install=False, metas=['./colcon.meta'], packages_above=None, packages_above_and_dependencies=None, packages_above_depth=None, packages_end=None, packages_ignore=None, packages_ignore_regex=None, packages_select=['msg_srv_action_interface_cpp'], packages_select_build_failed=False, packages_select_by_dep=None, packages_select_regex=None, packages_select_test_failures=False, packages_skip=None, packages_skip_build_finished=False, packages_skip_by_dep=None, packages_skip_regex=None, packages_skip_test_passed=False, packages_skip_up_to=None, packages_start=None, packages_up_to=None, packages_up_to_regex=None, parallel_workers=12, paths=None, symlink_install=True, test_result_base=None, verb_extension=<colcon_core.verb.build.BuildVerb object at 0x7f5cd4000370>, verb_name='build', verb_parser=<colcon_defaults.argument_parser.defaults.DefaultArgumentsDecorator object at 0x7f5cd40008b0>)
[0.129s] Level 1:colcon.colcon_core.package_discovery:discover_packages(colcon_meta) check parameters
[0.129s] Level 1:colcon.colcon_core.package_discovery:discover_packages(recursive) check parameters
[0.129s] Level 1:colcon.colcon_core.package_discovery:discover_packages(ignore) check parameters
[0.129s] Level 1:colcon.colcon_core.package_discovery:discover_packages(path) check parameters
[0.129s] Level 1:colcon.colcon_core.package_discovery:discover_packages(colcon_meta) discover
[0.129s] Level 1:colcon.colcon_core.package_discovery:discover_packages(recursive) discover
[0.129s] INFO:colcon.colcon_core.package_discovery:Crawling recursively for packages in '/home/lee/robot_ws/src'
[0.129s] Level 1:colcon.colcon_core.package_identification:_identify(.) by extensions ['ignore', 'ignore_ament_install']
[0.129s] Level 1:colcon.colcon_core.package_identification:_identify(.) by extension 'ignore'
[0.129s] Level 1:colcon.colcon_core.package_identification:_identify(.) by extension 'ignore_ament_install'
[0.129s] Level 1:colcon.colcon_core.package_identification:_identify(.) by extensions ['colcon_pkg']
[0.129s] Level 1:colcon.colcon_core.package_identification:_identify(.) by extension 'colcon_pkg'
[0.129s] Level 1:colcon.colcon_core.package_identification:_identify(.) by extensions ['colcon_meta']
[0.129s] Level 1:colcon.colcon_core.package_identification:_identify(.) by extension 'colcon_meta'
[0.129s] Level 1:colcon.colcon_core.package_identification:_identify(.) by extensions ['ros']
[0.129s] Level 1:colcon.colcon_core.package_identification:_identify(.) by extension 'ros'
[0.141s] Level 1:colcon.colcon_core.package_identification:_identify(.) by extensions ['cmake', 'python']
[0.141s] Level 1:colcon.colcon_core.package_identification:_identify(.) by extension 'cmake'
[0.141s] Level 1:colcon.colcon_core.package_identification:_identify(.) by extension 'python'
[0.142s] Level 1:colcon.colcon_core.package_identification:_identify(.) by extensions ['python_setup_py']
[0.142s] Level 1:colcon.colcon_core.package_identification:_identify(.) by extension 'python_setup_py'
[0.142s] Level 1:colcon.colcon_core.package_identification:_identify(build) by extensions ['ignore', 'ignore_ament_install']
[0.142s] Level 1:colcon.colcon_core.package_identification:_identify(build) by extension 'ignore'
[0.142s] Level 1:colcon.colcon_core.package_identification:_identify(build) ignored
[0.142s] Level 1:colcon.colcon_core.package_identification:_identify(install) by extensions ['ignore', 'ignore_ament_install']
[0.142s] Level 1:colcon.colcon_core.package_identification:_identify(install) by extension 'ignore'
[0.142s] Level 1:colcon.colcon_core.package_identification:_identify(install) ignored
[0.142s] Level 1:colcon.colcon_core.package_identification:_identify(log) by extensions ['ignore', 'ignore_ament_install']
[0.142s] Level 1:colcon.colcon_core.package_identification:_identify(log) by extension 'ignore'
[0.142s] Level 1:colcon.colcon_core.package_identification:_identify(log) ignored
[0.142s] Level 1:colcon.colcon_core.package_identification:_identify(msg_interface_py_test) by extensions ['ignore', 'ignore_ament_install']
[0.142s] Level 1:colcon.colcon_core.package_identification:_identify(msg_interface_py_test) by extension 'ignore'
[0.142s] Level 1:colcon.colcon_core.package_identification:_identify(msg_interface_py_test) by extension 'ignore_ament_install'
[0.142s] Level 1:colcon.colcon_core.package_identification:_identify(msg_interface_py_test) by extensions ['colcon_pkg']
[0.142s] Level 1:colcon.colcon_core.package_identification:_identify(msg_interface_py_test) by extension 'colcon_pkg'
[0.142s] Level 1:colcon.colcon_core.package_identification:_identify(msg_interface_py_test) by extensions ['colcon_meta']
[0.142s] Level 1:colcon.colcon_core.package_identification:_identify(msg_interface_py_test) by extension 'colcon_meta'
[0.142s] Level 1:colcon.colcon_core.package_identification:_identify(msg_interface_py_test) by extensions ['ros']
[0.142s] Level 1:colcon.colcon_core.package_identification:_identify(msg_interface_py_test) by extension 'ros'
[0.144s] DEBUG:colcon.colcon_core.package_identification:Package 'msg_interface_py_test' with type 'ros.ament_cmake' and name 'msg_interface_py_test'
[0.144s] Level 1:colcon.colcon_core.package_identification:_identify(msg_srv_action_interface_cpp) by extensions ['ignore', 'ignore_ament_install']
[0.144s] Level 1:colcon.colcon_core.package_identification:_identify(msg_srv_action_interface_cpp) by extension 'ignore'
[0.144s] Level 1:colcon.colcon_core.package_identification:_identify(msg_srv_action_interface_cpp) by extension 'ignore_ament_install'
[0.144s] Level 1:colcon.colcon_core.package_identification:_identify(msg_srv_action_interface_cpp) by extensions ['colcon_pkg']
[0.144s] Level 1:colcon.colcon_core.package_identification:_identify(msg_srv_action_interface_cpp) by extension 'colcon_pkg'
[0.144s] Level 1:colcon.colcon_core.package_identification:_identify(msg_srv_action_interface_cpp) by extensions ['colcon_meta']
[0.144s] Level 1:colcon.colcon_core.package_identification:_identify(msg_srv_action_interface_cpp) by extension 'colcon_meta'
[0.144s] Level 1:colcon.colcon_core.package_identification:_identify(msg_srv_action_interface_cpp) by extensions ['ros']
[0.144s] Level 1:colcon.colcon_core.package_identification:_identify(msg_srv_action_interface_cpp) by extension 'ros'
[0.145s] DEBUG:colcon.colcon_core.package_identification:Package 'msg_srv_action_interface_cpp' with type 'ros.ament_cmake' and name 'msg_srv_action_interface_cpp'
[0.145s] Level 1:colcon.colcon_core.package_identification:_identify(msg_srv_action_interface_py_test) by extensions ['ignore', 'ignore_ament_install']
[0.145s] Level 1:colcon.colcon_core.package_identification:_identify(msg_srv_action_interface_py_test) by extension 'ignore'
[0.145s] Level 1:colcon.colcon_core.package_identification:_identify(msg_srv_action_interface_py_test) by extension 'ignore_ament_install'
[0.145s] Level 1:colcon.colcon_core.package_identification:_identify(msg_srv_action_interface_py_test) by extensions ['colcon_pkg']
[0.145s] Level 1:colcon.colcon_core.package_identification:_identify(msg_srv_action_interface_py_test) by extension 'colcon_pkg'
[0.145s] Level 1:colcon.colcon_core.package_identification:_identify(msg_srv_action_interface_py_test) by extensions ['colcon_meta']
[0.145s] Level 1:colcon.colcon_core.package_identification:_identify(msg_srv_action_interface_py_test) by extension 'colcon_meta'
[0.145s] Level 1:colcon.colcon_core.package_identification:_identify(msg_srv_action_interface_py_test) by extensions ['ros']
[0.145s] Level 1:colcon.colcon_core.package_identification:_identify(msg_srv_action_interface_py_test) by extension 'ros'
[0.145s] DEBUG:colcon.colcon_core.package_identification:Package 'msg_srv_action_interface_py_test' with type 'ros.ament_cmake' and name 'msg_srv_action_interface_py_test'
[0.145s] Level 1:colcon.colcon_core.package_identification:_identify(msg_srv_interface_py_test) by extensions ['ignore', 'ignore_ament_install']
[0.145s] Level 1:colcon.colcon_core.package_identification:_identify(msg_srv_interface_py_test) by extension 'ignore'
[0.145s] Level 1:colcon.colcon_core.package_identification:_identify(msg_srv_interface_py_test) by extension 'ignore_ament_install'
[0.145s] Level 1:colcon.colcon_core.package_identification:_identify(msg_srv_interface_py_test) by extensions ['colcon_pkg']
[0.145s] Level 1:colcon.colcon_core.package_identification:_identify(msg_srv_interface_py_test) by extension 'colcon_pkg'
[0.145s] Level 1:colcon.colcon_core.package_identification:_identify(msg_srv_interface_py_test) by extensions ['colcon_meta']
[0.145s] Level 1:colcon.colcon_core.package_identification:_identify(msg_srv_interface_py_test) by extension 'colcon_meta'
[0.145s] Level 1:colcon.colcon_core.package_identification:_identify(msg_srv_interface_py_test) by extensions ['ros']
[0.145s] Level 1:colcon.colcon_core.package_identification:_identify(msg_srv_interface_py_test) by extension 'ros'
[0.146s] DEBUG:colcon.colcon_core.package_identification:Package 'msg_srv_interface_py_test' with type 'ros.ament_cmake' and name 'msg_srv_interface_py_test'
[0.146s] Level 1:colcon.colcon_core.package_identification:_identify(ros2-seminar-examples) by extensions ['ignore', 'ignore_ament_install']
[0.146s] Level 1:colcon.colcon_core.package_identification:_identify(ros2-seminar-examples) by extension 'ignore'
[0.146s] Level 1:colcon.colcon_core.package_identification:_identify(ros2-seminar-examples) by extension 'ignore_ament_install'
[0.146s] Level 1:colcon.colcon_core.package_identification:_identify(ros2-seminar-examples) by extensions ['colcon_pkg']
[0.146s] Level 1:colcon.colcon_core.package_identification:_identify(ros2-seminar-examples) by extension 'colcon_pkg'
[0.146s] Level 1:colcon.colcon_core.package_identification:_identify(ros2-seminar-examples) by extensions ['colcon_meta']
[0.146s] Level 1:colcon.colcon_core.package_identification:_identify(ros2-seminar-examples) by extension 'colcon_meta'
[0.146s] Level 1:colcon.colcon_core.package_identification:_identify(ros2-seminar-examples) by extensions ['ros']
[0.146s] Level 1:colcon.colcon_core.package_identification:_identify(ros2-seminar-examples) by extension 'ros'
[0.146s] Level 1:colcon.colcon_core.package_identification:_identify(ros2-seminar-examples) by extensions ['cmake', 'python']
[0.146s] Level 1:colcon.colcon_core.package_identification:_identify(ros2-seminar-examples) by extension 'cmake'
[0.146s] Level 1:colcon.colcon_core.package_identification:_identify(ros2-seminar-examples) by extension 'python'
[0.146s] Level 1:colcon.colcon_core.package_identification:_identify(ros2-seminar-examples) by extensions ['python_setup_py']
[0.146s] Level 1:colcon.colcon_core.package_identification:_identify(ros2-seminar-examples) by extension 'python_setup_py'
[0.146s] Level 1:colcon.colcon_core.package_identification:_identify(ros2-seminar-examples/logging_rclpy_example) by extensions ['ignore', 'ignore_ament_install']
[0.146s] Level 1:colcon.colcon_core.package_identification:_identify(ros2-seminar-examples/logging_rclpy_example) by extension 'ignore'
[0.146s] Level 1:colcon.colcon_core.package_identification:_identify(ros2-seminar-examples/logging_rclpy_example) by extension 'ignore_ament_install'
[0.146s] Level 1:colcon.colcon_core.package_identification:_identify(ros2-seminar-examples/logging_rclpy_example) by extensions ['colcon_pkg']
[0.146s] Level 1:colcon.colcon_core.package_identification:_identify(ros2-seminar-examples/logging_rclpy_example) by extension 'colcon_pkg'
[0.146s] Level 1:colcon.colcon_core.package_identification:_identify(ros2-seminar-examples/logging_rclpy_example) by extensions ['colcon_meta']
[0.146s] Level 1:colcon.colcon_core.package_identification:_identify(ros2-seminar-examples/logging_rclpy_example) by extension 'colcon_meta'
[0.146s] Level 1:colcon.colcon_core.package_identification:_identify(ros2-seminar-examples/logging_rclpy_example) by extensions ['ros']
[0.146s] Level 1:colcon.colcon_core.package_identification:_identify(ros2-seminar-examples/logging_rclpy_example) by extension 'ros'
[0.147s] DEBUG:colcon.colcon_core.package_identification:Package 'ros2-seminar-examples/logging_rclpy_example' with type 'ros.ament_python' and name 'logging_rclpy_example'
[0.147s] Level 1:colcon.colcon_core.package_identification:_identify(ros2-seminar-examples/msg_srv_action_interface_example) by extensions ['ignore', 'ignore_ament_install']
[0.147s] Level 1:colcon.colcon_core.package_identification:_identify(ros2-seminar-examples/msg_srv_action_interface_example) by extension 'ignore'
[0.147s] Level 1:colcon.colcon_core.package_identification:_identify(ros2-seminar-examples/msg_srv_action_interface_example) by extension 'ignore_ament_install'
[0.147s] Level 1:colcon.colcon_core.package_identification:_identify(ros2-seminar-examples/msg_srv_action_interface_example) by extensions ['colcon_pkg']
[0.147s] Level 1:colcon.colcon_core.package_identification:_identify(ros2-seminar-examples/msg_srv_action_interface_example) by extension 'colcon_pkg'
[0.147s] Level 1:colcon.colcon_core.package_identification:_identify(ros2-seminar-examples/msg_srv_action_interface_example) by extensions ['colcon_meta']
[0.147s] Level 1:colcon.colcon_core.package_identification:_identify(ros2-seminar-examples/msg_srv_action_interface_example) by extension 'colcon_meta'
[0.147s] Level 1:colcon.colcon_core.package_identification:_identify(ros2-seminar-examples/msg_srv_action_interface_example) by extensions ['ros']
[0.147s] Level 1:colcon.colcon_core.package_identification:_identify(ros2-seminar-examples/msg_srv_action_interface_example) by extension 'ros'
[0.147s] DEBUG:colcon.colcon_core.package_identification:Package 'ros2-seminar-examples/msg_srv_action_interface_example' with type 'ros.ament_cmake' and name 'msg_srv_action_interface_example'
[0.148s] Level 1:colcon.colcon_core.package_identification:_identify(ros2-seminar-examples/my_first_ros_rclpy_pkg) by extensions ['ignore', 'ignore_ament_install']
[0.148s] Level 1:colcon.colcon_core.package_identification:_identify(ros2-seminar-examples/my_first_ros_rclpy_pkg) by extension 'ignore'
[0.148s] Level 1:colcon.colcon_core.package_identification:_identify(ros2-seminar-examples/my_first_ros_rclpy_pkg) by extension 'ignore_ament_install'
[0.148s] Level 1:colcon.colcon_core.package_identification:_identify(ros2-seminar-examples/my_first_ros_rclpy_pkg) by extensions ['colcon_pkg']
[0.148s] Level 1:colcon.colcon_core.package_identification:_identify(ros2-seminar-examples/my_first_ros_rclpy_pkg) by extension 'colcon_pkg'
[0.148s] Level 1:colcon.colcon_core.package_identification:_identify(ros2-seminar-examples/my_first_ros_rclpy_pkg) by extensions ['colcon_meta']
[0.148s] Level 1:colcon.colcon_core.package_identification:_identify(ros2-seminar-examples/my_first_ros_rclpy_pkg) by extension 'colcon_meta'
[0.148s] Level 1:colcon.colcon_core.package_identification:_identify(ros2-seminar-examples/my_first_ros_rclpy_pkg) by extensions ['ros']
[0.148s] Level 1:colcon.colcon_core.package_identification:_identify(ros2-seminar-examples/my_first_ros_rclpy_pkg) by extension 'ros'
[0.148s] DEBUG:colcon.colcon_core.package_identification:Package 'ros2-seminar-examples/my_first_ros_rclpy_pkg' with type 'ros.ament_python' and name 'my_first_ros_rclpy_pkg'
[0.148s] Level 1:colcon.colcon_core.package_identification:_identify(ros2-seminar-examples/ros2env) by extensions ['ignore', 'ignore_ament_install']
[0.148s] Level 1:colcon.colcon_core.package_identification:_identify(ros2-seminar-examples/ros2env) by extension 'ignore'
[0.148s] Level 1:colcon.colcon_core.package_identification:_identify(ros2-seminar-examples/ros2env) by extension 'ignore_ament_install'
[0.148s] Level 1:colcon.colcon_core.package_identification:_identify(ros2-seminar-examples/ros2env) by extensions ['colcon_pkg']
[0.148s] Level 1:colcon.colcon_core.package_identification:_identify(ros2-seminar-examples/ros2env) by extension 'colcon_pkg'
[0.148s] Level 1:colcon.colcon_core.package_identification:_identify(ros2-seminar-examples/ros2env) by extensions ['colcon_meta']
[0.148s] Level 1:colcon.colcon_core.package_identification:_identify(ros2-seminar-examples/ros2env) by extension 'colcon_meta'
[0.148s] Level 1:colcon.colcon_core.package_identification:_identify(ros2-seminar-examples/ros2env) by extensions ['ros']
[0.148s] Level 1:colcon.colcon_core.package_identification:_identify(ros2-seminar-examples/ros2env) by extension 'ros'
[0.149s] DEBUG:colcon.colcon_core.package_identification:Package 'ros2-seminar-examples/ros2env' with type 'ros.ament_python' and name 'ros2env'
[0.149s] Level 1:colcon.colcon_core.package_identification:_identify(ros2-seminar-examples/rqt_example) by extensions ['ignore', 'ignore_ament_install']
[0.149s] Level 1:colcon.colcon_core.package_identification:_identify(ros2-seminar-examples/rqt_example) by extension 'ignore'
[0.149s] Level 1:colcon.colcon_core.package_identification:_identify(ros2-seminar-examples/rqt_example) by extension 'ignore_ament_install'
[0.149s] Level 1:colcon.colcon_core.package_identification:_identify(ros2-seminar-examples/rqt_example) by extensions ['colcon_pkg']
[0.149s] Level 1:colcon.colcon_core.package_identification:_identify(ros2-seminar-examples/rqt_example) by extension 'colcon_pkg'
[0.149s] Level 1:colcon.colcon_core.package_identification:_identify(ros2-seminar-examples/rqt_example) by extensions ['colcon_meta']
[0.149s] Level 1:colcon.colcon_core.package_identification:_identify(ros2-seminar-examples/rqt_example) by extension 'colcon_meta'
[0.149s] Level 1:colcon.colcon_core.package_identification:_identify(ros2-seminar-examples/rqt_example) by extensions ['ros']
[0.149s] Level 1:colcon.colcon_core.package_identification:_identify(ros2-seminar-examples/rqt_example) by extension 'ros'
[0.149s] DEBUG:colcon.colcon_core.package_identification:Package 'ros2-seminar-examples/rqt_example' with type 'ros.ament_cmake' and name 'rqt_example'
[0.150s] Level 1:colcon.colcon_core.package_identification:_identify(ros2-seminar-examples/testbot_description) by extensions ['ignore', 'ignore_ament_install']
[0.150s] Level 1:colcon.colcon_core.package_identification:_identify(ros2-seminar-examples/testbot_description) by extension 'ignore'
[0.150s] Level 1:colcon.colcon_core.package_identification:_identify(ros2-seminar-examples/testbot_description) by extension 'ignore_ament_install'
[0.150s] Level 1:colcon.colcon_core.package_identification:_identify(ros2-seminar-examples/testbot_description) by extensions ['colcon_pkg']
[0.150s] Level 1:colcon.colcon_core.package_identification:_identify(ros2-seminar-examples/testbot_description) by extension 'colcon_pkg'
[0.150s] Level 1:colcon.colcon_core.package_identification:_identify(ros2-seminar-examples/testbot_description) by extensions ['colcon_meta']
[0.150s] Level 1:colcon.colcon_core.package_identification:_identify(ros2-seminar-examples/testbot_description) by extension 'colcon_meta'
[0.150s] Level 1:colcon.colcon_core.package_identification:_identify(ros2-seminar-examples/testbot_description) by extensions ['ros']
[0.150s] Level 1:colcon.colcon_core.package_identification:_identify(ros2-seminar-examples/testbot_description) by extension 'ros'
[0.150s] DEBUG:colcon.colcon_core.package_identification:Package 'ros2-seminar-examples/testbot_description' with type 'ros.ament_cmake' and name 'testbot_description'
[0.150s] Level 1:colcon.colcon_core.package_identification:_identify(ros2-seminar-examples/tf2_rclcpp_example) by extensions ['ignore', 'ignore_ament_install']
[0.150s] Level 1:colcon.colcon_core.package_identification:_identify(ros2-seminar-examples/tf2_rclcpp_example) by extension 'ignore'
[0.150s] Level 1:colcon.colcon_core.package_identification:_identify(ros2-seminar-examples/tf2_rclcpp_example) by extension 'ignore_ament_install'
[0.150s] Level 1:colcon.colcon_core.package_identification:_identify(ros2-seminar-examples/tf2_rclcpp_example) by extensions ['colcon_pkg']
[0.150s] Level 1:colcon.colcon_core.package_identification:_identify(ros2-seminar-examples/tf2_rclcpp_example) by extension 'colcon_pkg'
[0.150s] Level 1:colcon.colcon_core.package_identification:_identify(ros2-seminar-examples/tf2_rclcpp_example) by extensions ['colcon_meta']
[0.150s] Level 1:colcon.colcon_core.package_identification:_identify(ros2-seminar-examples/tf2_rclcpp_example) by extension 'colcon_meta'
[0.150s] Level 1:colcon.colcon_core.package_identification:_identify(ros2-seminar-examples/tf2_rclcpp_example) by extensions ['ros']
[0.150s] Level 1:colcon.colcon_core.package_identification:_identify(ros2-seminar-examples/tf2_rclcpp_example) by extension 'ros'
[0.151s] DEBUG:colcon.colcon_core.package_identification:Package 'ros2-seminar-examples/tf2_rclcpp_example' with type 'ros.ament_cmake' and name 'tf2_rclcpp_example'
[0.151s] Level 1:colcon.colcon_core.package_identification:_identify(ros2-seminar-examples/tf2_rclpy_example) by extensions ['ignore', 'ignore_ament_install']
[0.151s] Level 1:colcon.colcon_core.package_identification:_identify(ros2-seminar-examples/tf2_rclpy_example) by extension 'ignore'
[0.151s] Level 1:colcon.colcon_core.package_identification:_identify(ros2-seminar-examples/tf2_rclpy_example) by extension 'ignore_ament_install'
[0.151s] Level 1:colcon.colcon_core.package_identification:_identify(ros2-seminar-examples/tf2_rclpy_example) by extensions ['colcon_pkg']
[0.151s] Level 1:colcon.colcon_core.package_identification:_identify(ros2-seminar-examples/tf2_rclpy_example) by extension 'colcon_pkg'
[0.151s] Level 1:colcon.colcon_core.package_identification:_identify(ros2-seminar-examples/tf2_rclpy_example) by extensions ['colcon_meta']
[0.151s] Level 1:colcon.colcon_core.package_identification:_identify(ros2-seminar-examples/tf2_rclpy_example) by extension 'colcon_meta'
[0.151s] Level 1:colcon.colcon_core.package_identification:_identify(ros2-seminar-examples/tf2_rclpy_example) by extensions ['ros']
[0.151s] Level 1:colcon.colcon_core.package_identification:_identify(ros2-seminar-examples/tf2_rclpy_example) by extension 'ros'
[0.152s] DEBUG:colcon.colcon_core.package_identification:Package 'ros2-seminar-examples/tf2_rclpy_example' with type 'ros.ament_python' and name 'tf2_rclpy_example'
[0.152s] Level 1:colcon.colcon_core.package_identification:_identify(ros2-seminar-examples/time_rclcpp_example) by extensions ['ignore', 'ignore_ament_install']
[0.152s] Level 1:colcon.colcon_core.package_identification:_identify(ros2-seminar-examples/time_rclcpp_example) by extension 'ignore'
[0.152s] Level 1:colcon.colcon_core.package_identification:_identify(ros2-seminar-examples/time_rclcpp_example) by extension 'ignore_ament_install'
[0.152s] Level 1:colcon.colcon_core.package_identification:_identify(ros2-seminar-examples/time_rclcpp_example) by extensions ['colcon_pkg']
[0.152s] Level 1:colcon.colcon_core.package_identification:_identify(ros2-seminar-examples/time_rclcpp_example) by extension 'colcon_pkg'
[0.152s] Level 1:colcon.colcon_core.package_identification:_identify(ros2-seminar-examples/time_rclcpp_example) by extensions ['colcon_meta']
[0.152s] Level 1:colcon.colcon_core.package_identification:_identify(ros2-seminar-examples/time_rclcpp_example) by extension 'colcon_meta'
[0.152s] Level 1:colcon.colcon_core.package_identification:_identify(ros2-seminar-examples/time_rclcpp_example) by extensions ['ros']
[0.152s] Level 1:colcon.colcon_core.package_identification:_identify(ros2-seminar-examples/time_rclcpp_example) by extension 'ros'
[0.152s] DEBUG:colcon.colcon_core.package_identification:Package 'ros2-seminar-examples/time_rclcpp_example' with type 'ros.ament_cmake' and name 'time_rclcpp_example'
[0.152s] Level 1:colcon.colcon_core.package_identification:_identify(ros2-seminar-examples/time_rclpy_example) by extensions ['ignore', 'ignore_ament_install']
[0.153s] Level 1:colcon.colcon_core.package_identification:_identify(ros2-seminar-examples/time_rclpy_example) by extension 'ignore'
[0.153s] Level 1:colcon.colcon_core.package_identification:_identify(ros2-seminar-examples/time_rclpy_example) by extension 'ignore_ament_install'
[0.153s] Level 1:colcon.colcon_core.package_identification:_identify(ros2-seminar-examples/time_rclpy_example) by extensions ['colcon_pkg']
[0.153s] Level 1:colcon.colcon_core.package_identification:_identify(ros2-seminar-examples/time_rclpy_example) by extension 'colcon_pkg'
[0.153s] Level 1:colcon.colcon_core.package_identification:_identify(ros2-seminar-examples/time_rclpy_example) by extensions ['colcon_meta']
[0.153s] Level 1:colcon.colcon_core.package_identification:_identify(ros2-seminar-examples/time_rclpy_example) by extension 'colcon_meta'
[0.153s] Level 1:colcon.colcon_core.package_identification:_identify(ros2-seminar-examples/time_rclpy_example) by extensions ['ros']
[0.153s] Level 1:colcon.colcon_core.package_identification:_identify(ros2-seminar-examples/time_rclpy_example) by extension 'ros'
[0.153s] DEBUG:colcon.colcon_core.package_identification:Package 'ros2-seminar-examples/time_rclpy_example' with type 'ros.ament_python' and name 'time_rclpy_example'
[0.153s] Level 1:colcon.colcon_core.package_identification:_identify(ros2-seminar-examples/topic_service_action_rclcpp_example) by extensions ['ignore', 'ignore_ament_install']
[0.153s] Level 1:colcon.colcon_core.package_identification:_identify(ros2-seminar-examples/topic_service_action_rclcpp_example) by extension 'ignore'
[0.153s] Level 1:colcon.colcon_core.package_identification:_identify(ros2-seminar-examples/topic_service_action_rclcpp_example) by extension 'ignore_ament_install'
[0.153s] Level 1:colcon.colcon_core.package_identification:_identify(ros2-seminar-examples/topic_service_action_rclcpp_example) by extensions ['colcon_pkg']
[0.153s] Level 1:colcon.colcon_core.package_identification:_identify(ros2-seminar-examples/topic_service_action_rclcpp_example) by extension 'colcon_pkg'
[0.153s] Level 1:colcon.colcon_core.package_identification:_identify(ros2-seminar-examples/topic_service_action_rclcpp_example) by extensions ['colcon_meta']
[0.153s] Level 1:colcon.colcon_core.package_identification:_identify(ros2-seminar-examples/topic_service_action_rclcpp_example) by extension 'colcon_meta'
[0.153s] Level 1:colcon.colcon_core.package_identification:_identify(ros2-seminar-examples/topic_service_action_rclcpp_example) by extensions ['ros']
[0.153s] Level 1:colcon.colcon_core.package_identification:_identify(ros2-seminar-examples/topic_service_action_rclcpp_example) by extension 'ros'
[0.154s] DEBUG:colcon.colcon_core.package_identification:Package 'ros2-seminar-examples/topic_service_action_rclcpp_example' with type 'ros.ament_cmake' and name 'topic_service_action_rclcpp_example'
[0.154s] Level 1:colcon.colcon_core.package_identification:_identify(ros2-seminar-examples/topic_service_action_rclpy_example) by extensions ['ignore', 'ignore_ament_install']
[0.154s] Level 1:colcon.colcon_core.package_identification:_identify(ros2-seminar-examples/topic_service_action_rclpy_example) by extension 'ignore'
[0.154s] Level 1:colcon.colcon_core.package_identification:_identify(ros2-seminar-examples/topic_service_action_rclpy_example) by extension 'ignore_ament_install'
[0.154s] Level 1:colcon.colcon_core.package_identification:_identify(ros2-seminar-examples/topic_service_action_rclpy_example) by extensions ['colcon_pkg']
[0.154s] Level 1:colcon.colcon_core.package_identification:_identify(ros2-seminar-examples/topic_service_action_rclpy_example) by extension 'colcon_pkg'
[0.154s] Level 1:colcon.colcon_core.package_identification:_identify(ros2-seminar-examples/topic_service_action_rclpy_example) by extensions ['colcon_meta']
[0.154s] Level 1:colcon.colcon_core.package_identification:_identify(ros2-seminar-examples/topic_service_action_rclpy_example) by extension 'colcon_meta'
[0.154s] Level 1:colcon.colcon_core.package_identification:_identify(ros2-seminar-examples/topic_service_action_rclpy_example) by extensions ['ros']
[0.154s] Level 1:colcon.colcon_core.package_identification:_identify(ros2-seminar-examples/topic_service_action_rclpy_example) by extension 'ros'
[0.155s] DEBUG:colcon.colcon_core.package_identification:Package 'ros2-seminar-examples/topic_service_action_rclpy_example' with type 'ros.ament_python' and name 'topic_service_action_rclpy_example'
[0.155s] Level 1:colcon.colcon_core.package_identification:_identify(test_lee_rclcpp) by extensions ['ignore', 'ignore_ament_install']
[0.155s] Level 1:colcon.colcon_core.package_identification:_identify(test_lee_rclcpp) by extension 'ignore'
[0.155s] Level 1:colcon.colcon_core.package_identification:_identify(test_lee_rclcpp) by extension 'ignore_ament_install'
[0.155s] Level 1:colcon.colcon_core.package_identification:_identify(test_lee_rclcpp) by extensions ['colcon_pkg']
[0.155s] Level 1:colcon.colcon_core.package_identification:_identify(test_lee_rclcpp) by extension 'colcon_pkg'
[0.155s] Level 1:colcon.colcon_core.package_identification:_identify(test_lee_rclcpp) by extensions ['colcon_meta']
[0.155s] Level 1:colcon.colcon_core.package_identification:_identify(test_lee_rclcpp) by extension 'colcon_meta'
[0.155s] Level 1:colcon.colcon_core.package_identification:_identify(test_lee_rclcpp) by extensions ['ros']
[0.155s] Level 1:colcon.colcon_core.package_identification:_identify(test_lee_rclcpp) by extension 'ros'
[0.155s] DEBUG:colcon.colcon_core.package_identification:Package 'test_lee_rclcpp' with type 'ros.ament_cmake' and name 'test_lee_rclcpp'
[0.155s] Level 1:colcon.colcon_core.package_identification:_identify(test_lee_rclpy) by extensions ['ignore', 'ignore_ament_install']
[0.155s] Level 1:colcon.colcon_core.package_identification:_identify(test_lee_rclpy) by extension 'ignore'
[0.155s] Level 1:colcon.colcon_core.package_identification:_identify(test_lee_rclpy) by extension 'ignore_ament_install'
[0.155s] Level 1:colcon.colcon_core.package_identification:_identify(test_lee_rclpy) by extensions ['colcon_pkg']
[0.155s] Level 1:colcon.colcon_core.package_identification:_identify(test_lee_rclpy) by extension 'colcon_pkg'
[0.155s] Level 1:colcon.colcon_core.package_identification:_identify(test_lee_rclpy) by extensions ['colcon_meta']
[0.155s] Level 1:colcon.colcon_core.package_identification:_identify(test_lee_rclpy) by extension 'colcon_meta'
[0.155s] Level 1:colcon.colcon_core.package_identification:_identify(test_lee_rclpy) by extensions ['ros']
[0.156s] Level 1:colcon.colcon_core.package_identification:_identify(test_lee_rclpy) by extension 'ros'
[0.156s] DEBUG:colcon.colcon_core.package_identification:Package 'test_lee_rclpy' with type 'ros.ament_python' and name 'test_lee_rclpy'
[0.156s] Level 1:colcon.colcon_core.package_discovery:discover_packages(recursive) using defaults
[0.156s] Level 1:colcon.colcon_core.package_discovery:discover_packages(ignore) discover
[0.156s] Level 1:colcon.colcon_core.package_discovery:discover_packages(ignore) using defaults
[0.156s] Level 1:colcon.colcon_core.package_discovery:discover_packages(path) discover
[0.156s] Level 1:colcon.colcon_core.package_discovery:discover_packages(path) using defaults
[0.173s] INFO:colcon.colcon_core.package_selection:Skipping not selected package 'logging_rclpy_example' in 'ros2-seminar-examples/logging_rclpy_example'
[0.173s] INFO:colcon.colcon_core.package_selection:Skipping not selected package 'msg_interface_py_test' in 'msg_interface_py_test'
[0.173s] INFO:colcon.colcon_core.package_selection:Skipping not selected package 'msg_srv_action_interface_example' in 'ros2-seminar-examples/msg_srv_action_interface_example'
[0.173s] INFO:colcon.colcon_core.package_selection:Skipping not selected package 'msg_srv_action_interface_py_test' in 'msg_srv_action_interface_py_test'
[0.173s] INFO:colcon.colcon_core.package_selection:Skipping not selected package 'msg_srv_interface_py_test' in 'msg_srv_interface_py_test'
[0.173s] INFO:colcon.colcon_core.package_selection:Skipping not selected package 'my_first_ros_rclpy_pkg' in 'ros2-seminar-examples/my_first_ros_rclpy_pkg'
[0.173s] INFO:colcon.colcon_core.package_selection:Skipping not selected package 'ros2env' in 'ros2-seminar-examples/ros2env'
[0.173s] INFO:colcon.colcon_core.package_selection:Skipping not selected package 'rqt_example' in 'ros2-seminar-examples/rqt_example'
[0.173s] INFO:colcon.colcon_core.package_selection:Skipping not selected package 'test_lee_rclcpp' in 'test_lee_rclcpp'
[0.173s] INFO:colcon.colcon_core.package_selection:Skipping not selected package 'testbot_description' in 'ros2-seminar-examples/testbot_description'
[0.173s] INFO:colcon.colcon_core.package_selection:Skipping not selected package 'tf2_rclcpp_example' in 'ros2-seminar-examples/tf2_rclcpp_example'
[0.173s] INFO:colcon.colcon_core.package_selection:Skipping not selected package 'tf2_rclpy_example' in 'ros2-seminar-examples/tf2_rclpy_example'
[0.173s] INFO:colcon.colcon_core.package_selection:Skipping not selected package 'time_rclcpp_example' in 'ros2-seminar-examples/time_rclcpp_example'
[0.173s] INFO:colcon.colcon_core.package_selection:Skipping not selected package 'time_rclpy_example' in 'ros2-seminar-examples/time_rclpy_example'
[0.173s] INFO:colcon.colcon_core.package_selection:Skipping not selected package 'test_lee_rclpy' in 'test_lee_rclpy'
[0.173s] INFO:colcon.colcon_core.package_selection:Skipping not selected package 'topic_service_action_rclcpp_example' in 'ros2-seminar-examples/topic_service_action_rclcpp_example'
[0.173s] INFO:colcon.colcon_core.package_selection:Skipping not selected package 'topic_service_action_rclpy_example' in 'ros2-seminar-examples/topic_service_action_rclpy_example'
[0.174s] Level 1:colcon.colcon_core.package_discovery:discover_packages(prefix_path) check parameters
[0.174s] Level 1:colcon.colcon_core.package_discovery:discover_packages(prefix_path) discover
[0.177s] DEBUG:colcon.colcon_installed_package_information.package_discovery:Found 18 installed packages in /home/lee/robot_ws/install
[0.178s] DEBUG:colcon.colcon_installed_package_information.package_discovery:Found 258 installed packages in /opt/ros/foxy
[0.179s] Level 1:colcon.colcon_core.package_discovery:discover_packages(prefix_path) using defaults
[0.232s] Level 5:colcon.colcon_core.verb:set package 'msg_srv_action_interface_cpp' build argument 'cmake_args' from command line to 'None'
[0.232s] Level 5:colcon.colcon_core.verb:set package 'msg_srv_action_interface_cpp' build argument 'cmake_target' from command line to 'None'
[0.232s] Level 5:colcon.colcon_core.verb:set package 'msg_srv_action_interface_cpp' build argument 'cmake_target_skip_unavailable' from command line to 'False'
[0.232s] Level 5:colcon.colcon_core.verb:set package 'msg_srv_action_interface_cpp' build argument 'cmake_clean_cache' from command line to 'False'
[0.232s] Level 5:colcon.colcon_core.verb:set package 'msg_srv_action_interface_cpp' build argument 'cmake_clean_first' from command line to 'False'
[0.232s] Level 5:colcon.colcon_core.verb:set package 'msg_srv_action_interface_cpp' build argument 'cmake_force_configure' from command line to 'False'
[0.232s] Level 5:colcon.colcon_core.verb:set package 'msg_srv_action_interface_cpp' build argument 'ament_cmake_args' from command line to 'None'
[0.232s] Level 5:colcon.colcon_core.verb:set package 'msg_srv_action_interface_cpp' build argument 'catkin_cmake_args' from command line to 'None'
[0.232s] Level 5:colcon.colcon_core.verb:set package 'msg_srv_action_interface_cpp' build argument 'catkin_skip_building_tests' from command line to 'False'
[0.232s] DEBUG:colcon.colcon_core.verb:Building package 'msg_srv_action_interface_cpp' with the following arguments: {'ament_cmake_args': None, 'build_base': '/home/lee/robot_ws/src/build/msg_srv_action_interface_cpp', 'catkin_cmake_args': None, 'catkin_skip_building_tests': False, 'cmake_args': None, 'cmake_clean_cache': False, 'cmake_clean_first': False, 'cmake_force_configure': False, 'cmake_target': None, 'cmake_target_skip_unavailable': False, 'install_base': '/home/lee/robot_ws/src/install/msg_srv_action_interface_cpp', 'merge_install': False, 'path': '/home/lee/robot_ws/src/msg_srv_action_interface_cpp', 'symlink_install': True, 'test_result_base': None}
[0.233s] INFO:colcon.colcon_core.executor:Executing jobs using 'parallel' executor
[0.237s] DEBUG:colcon.colcon_parallel_executor.executor.parallel:run_until_complete
[0.237s] INFO:colcon.colcon_ros.task.ament_cmake.build:Building ROS package in '/home/lee/robot_ws/src/msg_srv_action_interface_cpp' with build type 'ament_cmake'
[0.238s] INFO:colcon.colcon_cmake.task.cmake.build:Building CMake package in '/home/lee/robot_ws/src/msg_srv_action_interface_cpp'
[0.243s] INFO:colcon.colcon_core.plugin_system:Skipping extension 'colcon_core.shell.bat': Not used on non-Windows systems
[0.243s] INFO:colcon.colcon_core.shell:Skip shell extension 'powershell' for command environment: Not usable outside of PowerShell
[0.243s] DEBUG:colcon.colcon_core.shell:Skip shell extension 'dsv' for command environment
[0.250s] DEBUG:colcon.colcon_core.event_handler.log_command:Invoking command in '/home/lee/robot_ws/src/build/msg_srv_action_interface_cpp': CMAKE_PREFIX_PATH=${CMAKE_PREFIX_PATH}:/home/lee/robot_ws/install/topic_service_action_rclpy_example:/home/lee/robot_ws/install/time_rclpy_example:/home/lee/robot_ws/install/tf2_rclpy_example:/home/lee/robot_ws/install/test_lee_rclpy:/home/lee/robot_ws/install/ros2env:/home/lee/robot_ws/install/my_first_ros_rclpy_pkg:/home/lee/robot_ws/install/logging_rclpy_example:/opt/ros/foxy /usr/bin/cmake /home/lee/robot_ws/src/msg_srv_action_interface_cpp -DAMENT_CMAKE_SYMLINK_INSTALL=1 -DCMAKE_INSTALL_PREFIX=/home/lee/robot_ws/src/install/msg_srv_action_interface_cpp
[1.477s] DEBUG:colcon.colcon_core.event_handler.log_command:Invoked command in '/home/lee/robot_ws/src/build/msg_srv_action_interface_cpp' returned '0': CMAKE_PREFIX_PATH=${CMAKE_PREFIX_PATH}:/home/lee/robot_ws/install/topic_service_action_rclpy_example:/home/lee/robot_ws/install/time_rclpy_example:/home/lee/robot_ws/install/tf2_rclpy_example:/home/lee/robot_ws/install/test_lee_rclpy:/home/lee/robot_ws/install/ros2env:/home/lee/robot_ws/install/my_first_ros_rclpy_pkg:/home/lee/robot_ws/install/logging_rclpy_example:/opt/ros/foxy /usr/bin/cmake /home/lee/robot_ws/src/msg_srv_action_interface_cpp -DAMENT_CMAKE_SYMLINK_INSTALL=1 -DCMAKE_INSTALL_PREFIX=/home/lee/robot_ws/src/install/msg_srv_action_interface_cpp
[1.479s] DEBUG:colcon.colcon_core.event_handler.log_command:Invoking command in '/home/lee/robot_ws/src/build/msg_srv_action_interface_cpp': CMAKE_PREFIX_PATH=${CMAKE_PREFIX_PATH}:/home/lee/robot_ws/install/topic_service_action_rclpy_example:/home/lee/robot_ws/install/time_rclpy_example:/home/lee/robot_ws/install/tf2_rclpy_example:/home/lee/robot_ws/install/test_lee_rclpy:/home/lee/robot_ws/install/ros2env:/home/lee/robot_ws/install/my_first_ros_rclpy_pkg:/home/lee/robot_ws/install/logging_rclpy_example:/opt/ros/foxy /usr/bin/cmake --build /home/lee/robot_ws/src/build/msg_srv_action_interface_cpp -- -j12 -l12
[4.432s] DEBUG:colcon.colcon_core.event_handler.log_command:Invoked command in '/home/lee/robot_ws/src/build/msg_srv_action_interface_cpp' returned '0': CMAKE_PREFIX_PATH=${CMAKE_PREFIX_PATH}:/home/lee/robot_ws/install/topic_service_action_rclpy_example:/home/lee/robot_ws/install/time_rclpy_example:/home/lee/robot_ws/install/tf2_rclpy_example:/home/lee/robot_ws/install/test_lee_rclpy:/home/lee/robot_ws/install/ros2env:/home/lee/robot_ws/install/my_first_ros_rclpy_pkg:/home/lee/robot_ws/install/logging_rclpy_example:/opt/ros/foxy /usr/bin/cmake --build /home/lee/robot_ws/src/build/msg_srv_action_interface_cpp -- -j12 -l12
[4.488s] DEBUG:colcon.colcon_core.event_handler.log_command:Invoking command in '/home/lee/robot_ws/src/build/msg_srv_action_interface_cpp': CMAKE_PREFIX_PATH=${CMAKE_PREFIX_PATH}:/home/lee/robot_ws/install/topic_service_action_rclpy_example:/home/lee/robot_ws/install/time_rclpy_example:/home/lee/robot_ws/install/tf2_rclpy_example:/home/lee/robot_ws/install/test_lee_rclpy:/home/lee/robot_ws/install/ros2env:/home/lee/robot_ws/install/my_first_ros_rclpy_pkg:/home/lee/robot_ws/install/logging_rclpy_example:/opt/ros/foxy /usr/bin/cmake --install /home/lee/robot_ws/src/build/msg_srv_action_interface_cpp
[4.992s] Level 1:colcon.colcon_core.environment:create_environment_scripts_only(msg_srv_action_interface_cpp)
[4.993s] DEBUG:colcon.colcon_core.event_handler.log_command:Invoked command in '/home/lee/robot_ws/src/build/msg_srv_action_interface_cpp' returned '0': CMAKE_PREFIX_PATH=${CMAKE_PREFIX_PATH}:/home/lee/robot_ws/install/topic_service_action_rclpy_example:/home/lee/robot_ws/install/time_rclpy_example:/home/lee/robot_ws/install/tf2_rclpy_example:/home/lee/robot_ws/install/test_lee_rclpy:/home/lee/robot_ws/install/ros2env:/home/lee/robot_ws/install/my_first_ros_rclpy_pkg:/home/lee/robot_ws/install/logging_rclpy_example:/opt/ros/foxy /usr/bin/cmake --install /home/lee/robot_ws/src/build/msg_srv_action_interface_cpp
[4.998s] Level 1:colcon.colcon_core.environment:checking '/home/lee/robot_ws/src/install/msg_srv_action_interface_cpp' for CMake module files
[4.999s] Level 1:colcon.colcon_core.environment:checking '/home/lee/robot_ws/src/install/msg_srv_action_interface_cpp' for CMake config files
[4.999s] Level 1:colcon.colcon_core.shell:create_environment_hook('msg_srv_action_interface_cpp', 'cmake_prefix_path')
[5.001s] INFO:colcon.colcon_core.shell:Creating environment hook '/home/lee/robot_ws/src/install/msg_srv_action_interface_cpp/share/msg_srv_action_interface_cpp/hook/cmake_prefix_path.ps1'
[5.002s] INFO:colcon.colcon_core.shell:Creating environment descriptor '/home/lee/robot_ws/src/install/msg_srv_action_interface_cpp/share/msg_srv_action_interface_cpp/hook/cmake_prefix_path.dsv'
[5.002s] INFO:colcon.colcon_core.shell:Creating environment hook '/home/lee/robot_ws/src/install/msg_srv_action_interface_cpp/share/msg_srv_action_interface_cpp/hook/cmake_prefix_path.sh'
[5.003s] Level 1:colcon.colcon_core.environment:checking '/home/lee/robot_ws/src/install/msg_srv_action_interface_cpp/lib'
[5.003s] Level 1:colcon.colcon_core.shell:create_environment_hook('msg_srv_action_interface_cpp', 'ld_library_path_lib')
[5.005s] INFO:colcon.colcon_core.shell:Creating environment hook '/home/lee/robot_ws/src/install/msg_srv_action_interface_cpp/share/msg_srv_action_interface_cpp/hook/ld_library_path_lib.ps1'
[5.005s] INFO:colcon.colcon_core.shell:Creating environment descriptor '/home/lee/robot_ws/src/install/msg_srv_action_interface_cpp/share/msg_srv_action_interface_cpp/hook/ld_library_path_lib.dsv'
[5.005s] INFO:colcon.colcon_core.shell:Creating environment hook '/home/lee/robot_ws/src/install/msg_srv_action_interface_cpp/share/msg_srv_action_interface_cpp/hook/ld_library_path_lib.sh'
[5.005s] Level 1:colcon.colcon_core.environment:checking '/home/lee/robot_ws/src/install/msg_srv_action_interface_cpp/bin'
[5.005s] Level 1:colcon.colcon_core.environment:checking '/home/lee/robot_ws/src/install/msg_srv_action_interface_cpp/lib/pkgconfig/msg_srv_action_interface_cpp.pc'
[5.005s] Level 1:colcon.colcon_core.environment:checking '/home/lee/robot_ws/src/install/msg_srv_action_interface_cpp/lib/python3.8/site-packages'
[5.005s] Level 1:colcon.colcon_core.shell:create_environment_hook('msg_srv_action_interface_cpp', 'pythonpath')
[5.007s] INFO:colcon.colcon_core.shell:Creating environment hook '/home/lee/robot_ws/src/install/msg_srv_action_interface_cpp/share/msg_srv_action_interface_cpp/hook/pythonpath.ps1'
[5.007s] INFO:colcon.colcon_core.shell:Creating environment descriptor '/home/lee/robot_ws/src/install/msg_srv_action_interface_cpp/share/msg_srv_action_interface_cpp/hook/pythonpath.dsv'
[5.007s] INFO:colcon.colcon_core.shell:Creating environment hook '/home/lee/robot_ws/src/install/msg_srv_action_interface_cpp/share/msg_srv_action_interface_cpp/hook/pythonpath.sh'
[5.008s] Level 1:colcon.colcon_core.environment:checking '/home/lee/robot_ws/src/install/msg_srv_action_interface_cpp/bin'
[5.009s] INFO:colcon.colcon_core.shell:Creating package script '/home/lee/robot_ws/src/install/msg_srv_action_interface_cpp/share/msg_srv_action_interface_cpp/package.ps1'
[5.010s] INFO:colcon.colcon_core.shell:Creating package descriptor '/home/lee/robot_ws/src/install/msg_srv_action_interface_cpp/share/msg_srv_action_interface_cpp/package.dsv'
[5.010s] INFO:colcon.colcon_core.shell:Creating package script '/home/lee/robot_ws/src/install/msg_srv_action_interface_cpp/share/msg_srv_action_interface_cpp/package.sh'
[5.011s] INFO:colcon.colcon_core.shell:Creating package script '/home/lee/robot_ws/src/install/msg_srv_action_interface_cpp/share/msg_srv_action_interface_cpp/package.bash'
[5.012s] INFO:colcon.colcon_core.shell:Creating package script '/home/lee/robot_ws/src/install/msg_srv_action_interface_cpp/share/msg_srv_action_interface_cpp/package.zsh'
[5.012s] Level 1:colcon.colcon_core.environment:create_file_with_runtime_dependencies(/home/lee/robot_ws/src/install/msg_srv_action_interface_cpp/share/colcon-core/packages/msg_srv_action_interface_cpp)
[5.062s] Level 1:colcon.colcon_core.environment:create_environment_scripts_only(msg_srv_action_interface_cpp)
[5.064s] Level 1:colcon.colcon_core.environment:checking '/home/lee/robot_ws/src/install/msg_srv_action_interface_cpp' for CMake module files
[5.065s] Level 1:colcon.colcon_core.environment:checking '/home/lee/robot_ws/src/install/msg_srv_action_interface_cpp' for CMake config files
[5.065s] Level 1:colcon.colcon_core.shell:create_environment_hook('msg_srv_action_interface_cpp', 'cmake_prefix_path')
[5.068s] INFO:colcon.colcon_core.shell:Creating environment hook '/home/lee/robot_ws/src/install/msg_srv_action_interface_cpp/share/msg_srv_action_interface_cpp/hook/cmake_prefix_path.ps1'
[5.069s] INFO:colcon.colcon_core.shell:Creating environment descriptor '/home/lee/robot_ws/src/install/msg_srv_action_interface_cpp/share/msg_srv_action_interface_cpp/hook/cmake_prefix_path.dsv'
[5.069s] INFO:colcon.colcon_core.shell:Creating environment hook '/home/lee/robot_ws/src/install/msg_srv_action_interface_cpp/share/msg_srv_action_interface_cpp/hook/cmake_prefix_path.sh'
[5.070s] Level 1:colcon.colcon_core.environment:checking '/home/lee/robot_ws/src/install/msg_srv_action_interface_cpp/lib'
[5.070s] Level 1:colcon.colcon_core.shell:create_environment_hook('msg_srv_action_interface_cpp', 'ld_library_path_lib')
[5.072s] INFO:colcon.colcon_core.shell:Creating environment hook '/home/lee/robot_ws/src/install/msg_srv_action_interface_cpp/share/msg_srv_action_interface_cpp/hook/ld_library_path_lib.ps1'
[5.072s] INFO:colcon.colcon_core.shell:Creating environment descriptor '/home/lee/robot_ws/src/install/msg_srv_action_interface_cpp/share/msg_srv_action_interface_cpp/hook/ld_library_path_lib.dsv'
[5.073s] INFO:colcon.colcon_core.shell:Creating environment hook '/home/lee/robot_ws/src/install/msg_srv_action_interface_cpp/share/msg_srv_action_interface_cpp/hook/ld_library_path_lib.sh'
[5.073s] Level 1:colcon.colcon_core.environment:checking '/home/lee/robot_ws/src/install/msg_srv_action_interface_cpp/bin'
[5.073s] Level 1:colcon.colcon_core.environment:checking '/home/lee/robot_ws/src/install/msg_srv_action_interface_cpp/lib/pkgconfig/msg_srv_action_interface_cpp.pc'
[5.073s] Level 1:colcon.colcon_core.environment:checking '/home/lee/robot_ws/src/install/msg_srv_action_interface_cpp/lib/python3.8/site-packages'
[5.073s] Level 1:colcon.colcon_core.shell:create_environment_hook('msg_srv_action_interface_cpp', 'pythonpath')
[5.075s] INFO:colcon.colcon_core.shell:Creating environment hook '/home/lee/robot_ws/src/install/msg_srv_action_interface_cpp/share/msg_srv_action_interface_cpp/hook/pythonpath.ps1'
[5.075s] INFO:colcon.colcon_core.shell:Creating environment descriptor '/home/lee/robot_ws/src/install/msg_srv_action_interface_cpp/share/msg_srv_action_interface_cpp/hook/pythonpath.dsv'
[5.075s] INFO:colcon.colcon_core.shell:Creating environment hook '/home/lee/robot_ws/src/install/msg_srv_action_interface_cpp/share/msg_srv_action_interface_cpp/hook/pythonpath.sh'
[5.075s] Level 1:colcon.colcon_core.environment:checking '/home/lee/robot_ws/src/install/msg_srv_action_interface_cpp/bin'
[5.077s] INFO:colcon.colcon_core.shell:Creating package script '/home/lee/robot_ws/src/install/msg_srv_action_interface_cpp/share/msg_srv_action_interface_cpp/package.ps1'
[5.078s] INFO:colcon.colcon_core.shell:Creating package descriptor '/home/lee/robot_ws/src/install/msg_srv_action_interface_cpp/share/msg_srv_action_interface_cpp/package.dsv'
[5.078s] INFO:colcon.colcon_core.shell:Creating package script '/home/lee/robot_ws/src/install/msg_srv_action_interface_cpp/share/msg_srv_action_interface_cpp/package.sh'
[5.078s] INFO:colcon.colcon_core.shell:Creating package script '/home/lee/robot_ws/src/install/msg_srv_action_interface_cpp/share/msg_srv_action_interface_cpp/package.bash'
[5.079s] INFO:colcon.colcon_core.shell:Creating package script '/home/lee/robot_ws/src/install/msg_srv_action_interface_cpp/share/msg_srv_action_interface_cpp/package.zsh'
[5.079s] Level 1:colcon.colcon_core.environment:create_file_with_runtime_dependencies(/home/lee/robot_ws/src/install/msg_srv_action_interface_cpp/share/colcon-core/packages/msg_srv_action_interface_cpp)
[5.079s] DEBUG:colcon.colcon_parallel_executor.executor.parallel:closing loop
[5.079s] DEBUG:colcon.colcon_parallel_executor.executor.parallel:loop closed
[5.079s] DEBUG:colcon.colcon_parallel_executor.executor.parallel:run_until_complete finished with '0'
[5.079s] DEBUG:colcon.colcon_core.event_reactor:joining thread
[5.085s] INFO:colcon.colcon_core.plugin_system:Skipping extension 'colcon_notification.desktop_notification.terminal_notifier': Not used on non-Darwin systems
[5.085s] INFO:colcon.colcon_core.plugin_system:Skipping extension 'colcon_notification.desktop_notification.win32': Not used on non-Windows systems
[5.085s] INFO:colcon.colcon_notification.desktop_notification:Sending desktop notification using 'notify2'
[5.097s] DEBUG:colcon.colcon_core.event_reactor:joined thread
[5.100s] INFO:colcon.colcon_core.shell:Creating prefix script '/home/lee/robot_ws/src/install/local_setup.ps1'
[5.101s] INFO:colcon.colcon_core.shell:Creating prefix util module '/home/lee/robot_ws/src/install/_local_setup_util_ps1.py'
[5.103s] INFO:colcon.colcon_core.shell:Creating prefix chain script '/home/lee/robot_ws/src/install/setup.ps1'
[5.104s] INFO:colcon.colcon_core.shell:Creating prefix script '/home/lee/robot_ws/src/install/local_setup.sh'
[5.105s] INFO:colcon.colcon_core.shell:Creating prefix util module '/home/lee/robot_ws/src/install/_local_setup_util_sh.py'
[5.105s] INFO:colcon.colcon_core.shell:Creating prefix chain script '/home/lee/robot_ws/src/install/setup.sh'
[5.106s] INFO:colcon.colcon_core.shell:Creating prefix script '/home/lee/robot_ws/src/install/local_setup.bash'
[5.107s] INFO:colcon.colcon_core.shell:Creating prefix chain script '/home/lee/robot_ws/src/install/setup.bash'
[5.108s] INFO:colcon.colcon_core.shell:Creating prefix script '/home/lee/robot_ws/src/install/local_setup.zsh'
[5.109s] INFO:colcon.colcon_core.shell:Creating prefix chain script '/home/lee/robot_ws/src/install/setup.zsh'
