-- Found ament_cmake: 0.9.9 (/opt/ros/foxy/share/ament_cmake/cmake)
-- Using PYTHON_EXECUTABLE: /usr/bin/python3
-- Override CMake install command with custom implementation using symlinks instead of copying resources
-- Found msg_srv_action_interface_example: 0.6.0 (/home/lee/robot_ws/install/msg_srv_action_interface_example/share/msg_srv_action_interface_example/cmake)
-- Using all available rosidl_typesupport_c: rosidl_typesupport_fastrtps_c;rosidl_typesupport_introspection_c
-- Found rosidl_adapter: 1.2.1 (/opt/ros/foxy/share/rosidl_adapter/cmake)
-- Using all available rosidl_typesupport_cpp: rosidl_typesupport_fastrtps_cpp;rosidl_typesupport_introspection_cpp
-- Found rclcpp: 2.4.1 (/opt/ros/foxy/share/rclcpp/cmake)
-- Found rmw_implementation_cmake: 1.0.3 (/opt/ros/foxy/share/rmw_implementation_cmake/cmake)
-- Using RMW implementation 'rmw_fastrtps_cpp' as default
-- Found rclcpp_action: 2.4.1 (/opt/ros/foxy/share/rclcpp_action/cmake)
-- Found ament_lint_auto: 0.9.6 (/opt/ros/foxy/share/ament_lint_auto/cmake)
-- Found ament_cmake_gtest: 0.9.9 (/opt/ros/foxy/share/ament_cmake_gtest/cmake)
-- Found gtest sources under '/opt/ros/foxy/src/gtest_vendor': C++ tests using 'Google Test' will be built
-- Added test 'copyright' to check source files copyright and LICENSE
-- Added test 'cppcheck' to perform static code analysis on C / C++ code
-- Configured cppcheck include dirs: /home/lee/robot_ws/src/ros2-seminar-examples/topic_service_action_rclcpp_example/include
-- Configured cppcheck exclude dirs and/or files: 
-- Added test 'cpplint' to check C / C++ code against the Google style
-- Configured cpplint exclude dirs and/or files: 
-- Added test 'flake8' to check Python code syntax and style conventions
-- Added test 'lint_cmake' to check CMake code style
-- Added test 'pep257' to check Python code against some of the style conventions in PEP 257
-- Added test 'uncrustify' to check C / C++ code style
-- Configured uncrustify additional arguments: 
-- Added test 'xmllint' to check XML markup files
-- Configuring done
-- Generating done
-- Build files have been written to: /home/lee/robot_ws/build/topic_service_action_rclcpp_example
[35m[1mScanning dependencies of target calculator[0m
[ 23%] Built target gtest
[ 23%] Built target gtest_main
[ 29%] [32mBuilding CXX object CMakeFiles/operator.dir/src/arithmetic/operator.cpp.o[0m
[ 35%] [32mBuilding CXX object CMakeFiles/argument.dir/src/arithmetic/argument.cpp.o[0m
[ 41%] [32mBuilding CXX object CMakeFiles/checker.dir/src/checker/main.cpp.o[0m
[ 47%] [32mBuilding CXX object CMakeFiles/checker.dir/src/checker/checker.cpp.o[0m
[35m[1mScanning dependencies of target test_calculator[0m
[ 58%] [32mBuilding CXX object CMakeFiles/calculator.dir/src/calculator/calculator.cpp.o[0m
[ 58%] [32mBuilding CXX object CMakeFiles/calculator.dir/src/calculator/main.cpp.o[0m
[ 70%] [32mBuilding CXX object test/CMakeFiles/test_calculator.dir/__/src/calculator/calculator.cpp.o[0m
[ 70%] [32mBuilding CXX object test/CMakeFiles/test_calculator.dir/test_calculator.cpp.o[0m
[ 76%] [32m[1mLinking CXX executable operator[0m
[ 76%] Built target operator
[ 82%] [32m[1mLinking CXX executable checker[0m
[ 82%] Built target checker
[ 88%] [32m[1mLinking CXX executable argument[0m
[ 88%] Built target argument
[ 94%] [32m[1mLinking CXX executable test_calculator[0m
[100%] [32m[1mLinking CXX executable calculator[0m
[100%] Built target calculator
[100%] Built target test_calculator
-- Install configuration: ""
-- Execute custom install script
-- Up-to-date symlink: /home/lee/robot_ws/install/topic_service_action_rclcpp_example/lib/topic_service_action_rclcpp_example/argument
-- Up-to-date symlink: /home/lee/robot_ws/install/topic_service_action_rclcpp_example/lib/topic_service_action_rclcpp_example/calculator
-- Up-to-date symlink: /home/lee/robot_ws/install/topic_service_action_rclcpp_example/lib/topic_service_action_rclcpp_example/checker
-- Up-to-date symlink: /home/lee/robot_ws/install/topic_service_action_rclcpp_example/lib/topic_service_action_rclcpp_example/operator
-- Up-to-date symlink: /home/lee/robot_ws/install/topic_service_action_rclcpp_example/share/topic_service_action_rclcpp_example/launch/arithmetic.launch.py
-- Up-to-date symlink: /home/lee/robot_ws/install/topic_service_action_rclcpp_example/share/topic_service_action_rclcpp_example/param/arithmetic_config.yaml
-- Up-to-date symlink: /home/lee/robot_ws/install/topic_service_action_rclcpp_example/share/ament_index/resource_index/package_run_dependencies/topic_service_action_rclcpp_example
-- Up-to-date symlink: /home/lee/robot_ws/install/topic_service_action_rclcpp_example/share/ament_index/resource_index/parent_prefix_path/topic_service_action_rclcpp_example
-- Up-to-date symlink: /home/lee/robot_ws/install/topic_service_action_rclcpp_example/share/topic_service_action_rclcpp_example/environment/ament_prefix_path.sh
-- Up-to-date symlink: /home/lee/robot_ws/install/topic_service_action_rclcpp_example/share/topic_service_action_rclcpp_example/environment/ament_prefix_path.dsv
-- Up-to-date symlink: /home/lee/robot_ws/install/topic_service_action_rclcpp_example/share/topic_service_action_rclcpp_example/environment/path.sh
-- Up-to-date symlink: /home/lee/robot_ws/install/topic_service_action_rclcpp_example/share/topic_service_action_rclcpp_example/environment/path.dsv
-- Up-to-date symlink: /home/lee/robot_ws/install/topic_service_action_rclcpp_example/share/topic_service_action_rclcpp_example/local_setup.bash
-- Up-to-date symlink: /home/lee/robot_ws/install/topic_service_action_rclcpp_example/share/topic_service_action_rclcpp_example/local_setup.sh
-- Up-to-date symlink: /home/lee/robot_ws/install/topic_service_action_rclcpp_example/share/topic_service_action_rclcpp_example/local_setup.zsh
-- Up-to-date symlink: /home/lee/robot_ws/install/topic_service_action_rclcpp_example/share/topic_service_action_rclcpp_example/local_setup.dsv
-- Symlinking: /home/lee/robot_ws/install/topic_service_action_rclcpp_example/share/topic_service_action_rclcpp_example/package.dsv
-- Up-to-date symlink: /home/lee/robot_ws/install/topic_service_action_rclcpp_example/share/ament_index/resource_index/packages/topic_service_action_rclcpp_example
-- Up-to-date symlink: /home/lee/robot_ws/install/topic_service_action_rclcpp_example/share/topic_service_action_rclcpp_example/cmake/topic_service_action_rclcpp_exampleConfig.cmake
-- Up-to-date symlink: /home/lee/robot_ws/install/topic_service_action_rclcpp_example/share/topic_service_action_rclcpp_example/cmake/topic_service_action_rclcpp_exampleConfig-version.cmake
-- Up-to-date symlink: /home/lee/robot_ws/install/topic_service_action_rclcpp_example/share/topic_service_action_rclcpp_example/package.xml
