[0.010s] Invoking command in '/home/lee/robot_ws/build/my_first_ros_rclcpp_pkg': CMAKE_PREFIX_PATH=/home/lee/robot_ws/install/my_first_ros_rclpy_pkg:/opt/ros/foxy /usr/bin/cmake /home/lee/robot_ws/src/my_first_ros_rclcpp_pkg -DAMENT_CMAKE_SYMLINK_INSTALL=1 -DCMAKE_INSTALL_PREFIX=/home/lee/robot_ws/install/my_first_ros_rclcpp_pkg
[0.087s] -- The C compiler identification is GNU 9.4.0
[0.147s] -- The CXX compiler identification is GNU 9.4.0
[0.152s] -- Check for working C compiler: /usr/bin/cc
[0.225s] -- Check for working C compiler: /usr/bin/cc -- works
[0.226s] -- Detecting C compiler ABI info
[0.281s] -- Detecting C compiler ABI info - done
[0.289s] -- Detecting C compile features
[0.289s] -- Detecting C compile features - done
[0.291s] -- Check for working CXX compiler: /usr/bin/c++
[0.346s] -- Check for working CXX compiler: /usr/bin/c++ -- works
[0.347s] -- Detecting CXX compiler ABI info
[0.407s] -- Detecting CXX compiler ABI info - done
[0.414s] -- Detecting CXX compile features
[0.414s] -- Detecting CXX compile features - done
[0.418s] -- Found ament_cmake: 0.9.9 (/opt/ros/foxy/share/ament_cmake/cmake)
[0.439s] -- Found PythonInterp: /usr/bin/python3 (found suitable version "3.8.10", minimum required is "3") 
[0.439s] -- Using PYTHON_EXECUTABLE: /usr/bin/python3
[0.548s] -- Override CMake install command with custom implementation using symlinks instead of copying resources
[0.571s] -- Found rclcpp: 2.4.1 (/opt/ros/foxy/share/rclcpp/cmake)
[0.610s] -- Using all available rosidl_typesupport_c: rosidl_typesupport_fastrtps_c;rosidl_typesupport_introspection_c
[0.616s] -- Found rosidl_adapter: 1.2.1 (/opt/ros/foxy/share/rosidl_adapter/cmake)
[0.664s] -- Found OpenSSL: /usr/lib/x86_64-linux-gnu/libcrypto.so (found version "1.1.1f")  
[0.682s] -- Found FastRTPS: /opt/ros/foxy/include  
[0.737s] -- Using all available rosidl_typesupport_cpp: rosidl_typesupport_fastrtps_cpp;rosidl_typesupport_introspection_cpp
[0.780s] -- Found rmw_implementation_cmake: 1.0.3 (/opt/ros/foxy/share/rmw_implementation_cmake/cmake)
[0.782s] -- Using RMW implementation 'rmw_fastrtps_cpp' as default
[0.783s] -- Looking for pthread.h
[0.831s] -- Looking for pthread.h - found
[0.831s] -- Performing Test CMAKE_HAVE_LIBC_PTHREAD
[0.901s] -- Performing Test CMAKE_HAVE_LIBC_PTHREAD - Failed
[0.901s] -- Looking for pthread_create in pthreads
[0.941s] -- Looking for pthread_create in pthreads - not found
[0.941s] -- Looking for pthread_create in pthread
[1.007s] -- Looking for pthread_create in pthread - found
[1.008s] -- Found Threads: TRUE  
[1.127s] -- Found ament_lint_auto: 0.9.6 (/opt/ros/foxy/share/ament_lint_auto/cmake)
[1.181s] -- Added test 'copyright' to check source files copyright and LICENSE
[1.182s] -- Added test 'cppcheck' to perform static code analysis on C / C++ code
[1.182s] -- Configured cppcheck include dirs: 
[1.182s] -- Configured cppcheck exclude dirs and/or files: 
[1.183s] -- Added test 'cpplint' to check C / C++ code against the Google style
[1.183s] -- Configured cpplint exclude dirs and/or files: 
[1.183s] -- Added test 'lint_cmake' to check CMake code style
[1.184s] -- Added test 'uncrustify' to check C / C++ code style
[1.184s] -- Configured uncrustify additional arguments: 
[1.185s] -- Added test 'xmllint' to check XML markup files
[1.187s] -- Configuring done
[1.193s] -- Generating done
[1.194s] -- Build files have been written to: /home/lee/robot_ws/build/my_first_ros_rclcpp_pkg
[1.198s] Invoked command in '/home/lee/robot_ws/build/my_first_ros_rclcpp_pkg' returned '0': CMAKE_PREFIX_PATH=/home/lee/robot_ws/install/my_first_ros_rclpy_pkg:/opt/ros/foxy /usr/bin/cmake /home/lee/robot_ws/src/my_first_ros_rclcpp_pkg -DAMENT_CMAKE_SYMLINK_INSTALL=1 -DCMAKE_INSTALL_PREFIX=/home/lee/robot_ws/install/my_first_ros_rclcpp_pkg
[1.200s] Invoking command in '/home/lee/robot_ws/build/my_first_ros_rclcpp_pkg': CMAKE_PREFIX_PATH=/home/lee/robot_ws/install/my_first_ros_rclpy_pkg:/opt/ros/foxy /usr/bin/cmake --build /home/lee/robot_ws/build/my_first_ros_rclcpp_pkg -- -j12 -l12
[1.225s] [35m[1mScanning dependencies of target helloworld_subscriber[0m
[1.225s] [35m[1mScanning dependencies of target helloworld_publisher[0m
[1.245s] [ 50%] [32mBuilding CXX object CMakeFiles/helloworld_subscriber.dir/src/helloworld_subscriber.cpp.o[0m
[1.245s] [ 50%] [32mBuilding CXX object CMakeFiles/helloworld_publisher.dir/src/helloworld_publisher.cpp.o[0m
[3.132s] [ 75%] [32m[1mLinking CXX executable helloworld_publisher[0m
[3.254s] [ 75%] Built target helloworld_publisher
[4.351s] [100%] [32m[1mLinking CXX executable helloworld_subscriber[0m
[4.494s] [100%] Built target helloworld_subscriber
[4.501s] Invoked command in '/home/lee/robot_ws/build/my_first_ros_rclcpp_pkg' returned '0': CMAKE_PREFIX_PATH=/home/lee/robot_ws/install/my_first_ros_rclpy_pkg:/opt/ros/foxy /usr/bin/cmake --build /home/lee/robot_ws/build/my_first_ros_rclcpp_pkg -- -j12 -l12
[4.525s] Invoking command in '/home/lee/robot_ws/build/my_first_ros_rclcpp_pkg': CMAKE_PREFIX_PATH=/home/lee/robot_ws/install/my_first_ros_rclpy_pkg:/opt/ros/foxy /usr/bin/cmake --install /home/lee/robot_ws/build/my_first_ros_rclcpp_pkg
[4.531s] -- Install configuration: ""
[4.531s] -- Execute custom install script
[4.532s] -- Symlinking: /home/lee/robot_ws/install/my_first_ros_rclcpp_pkg/lib/my_first_ros_rclcpp_pkg/helloworld_publisher
[4.537s] -- Symlinking: /home/lee/robot_ws/install/my_first_ros_rclcpp_pkg/lib/my_first_ros_rclcpp_pkg/helloworld_subscriber
[4.545s] -- Symlinking: /home/lee/robot_ws/install/my_first_ros_rclcpp_pkg/share/ament_index/resource_index/package_run_dependencies/my_first_ros_rclcpp_pkg
[4.551s] -- Symlinking: /home/lee/robot_ws/install/my_first_ros_rclcpp_pkg/share/ament_index/resource_index/parent_prefix_path/my_first_ros_rclcpp_pkg
[4.556s] -- Symlinking: /home/lee/robot_ws/install/my_first_ros_rclcpp_pkg/share/my_first_ros_rclcpp_pkg/environment/ament_prefix_path.sh
[4.563s] -- Symlinking: /home/lee/robot_ws/install/my_first_ros_rclcpp_pkg/share/my_first_ros_rclcpp_pkg/environment/ament_prefix_path.dsv
[4.568s] -- Symlinking: /home/lee/robot_ws/install/my_first_ros_rclcpp_pkg/share/my_first_ros_rclcpp_pkg/environment/path.sh
[4.573s] -- Symlinking: /home/lee/robot_ws/install/my_first_ros_rclcpp_pkg/share/my_first_ros_rclcpp_pkg/environment/path.dsv
[4.580s] -- Symlinking: /home/lee/robot_ws/install/my_first_ros_rclcpp_pkg/share/my_first_ros_rclcpp_pkg/local_setup.bash
[4.585s] -- Symlinking: /home/lee/robot_ws/install/my_first_ros_rclcpp_pkg/share/my_first_ros_rclcpp_pkg/local_setup.sh
[4.591s] -- Symlinking: /home/lee/robot_ws/install/my_first_ros_rclcpp_pkg/share/my_first_ros_rclcpp_pkg/local_setup.zsh
[4.597s] -- Symlinking: /home/lee/robot_ws/install/my_first_ros_rclcpp_pkg/share/my_first_ros_rclcpp_pkg/local_setup.dsv
[4.602s] -- Symlinking: /home/lee/robot_ws/install/my_first_ros_rclcpp_pkg/share/my_first_ros_rclcpp_pkg/package.dsv
[4.608s] -- Symlinking: /home/lee/robot_ws/install/my_first_ros_rclcpp_pkg/share/ament_index/resource_index/packages/my_first_ros_rclcpp_pkg
[4.615s] -- Symlinking: /home/lee/robot_ws/install/my_first_ros_rclcpp_pkg/share/my_first_ros_rclcpp_pkg/cmake/my_first_ros_rclcpp_pkgConfig.cmake
[4.620s] -- Symlinking: /home/lee/robot_ws/install/my_first_ros_rclcpp_pkg/share/my_first_ros_rclcpp_pkg/cmake/my_first_ros_rclcpp_pkgConfig-version.cmake
[4.626s] -- Symlinking: /home/lee/robot_ws/install/my_first_ros_rclcpp_pkg/share/my_first_ros_rclcpp_pkg/package.xml
[4.633s] Invoked command in '/home/lee/robot_ws/build/my_first_ros_rclcpp_pkg' returned '0': CMAKE_PREFIX_PATH=/home/lee/robot_ws/install/my_first_ros_rclpy_pkg:/opt/ros/foxy /usr/bin/cmake --install /home/lee/robot_ws/build/my_first_ros_rclcpp_pkg
