-- Install configuration: ""
-- Execute custom install script
-- Up-to-date symlink: /home/lee/robot_ws/install/rqt_example/share/rqt_example/environment/pythonpath.sh
-- Symlinking: /home/lee/robot_ws/install/rqt_example/share/rqt_example/environment/pythonpath.dsv
-- Symlinking: /home/lee/robot_ws/install/rqt_example/lib/python3.8/site-packages/rqt_example/__init__.py
-- Symlinking: /home/lee/robot_ws/install/rqt_example/lib/python3.8/site-packages/rqt_example/examples.py
-- Symlinking: /home/lee/robot_ws/install/rqt_example/lib/python3.8/site-packages/rqt_example/examples_widget.py
-- Symlinking: /home/lee/robot_ws/install/rqt_example/share/rqt_example/plugin.xml
-- Symlinking: /home/lee/robot_ws/install/rqt_example/share/rqt_example/resource/rqt_example.ui
-- Symlinking: /home/lee/robot_ws/install/rqt_example/share/rqt_example/launch/turtlesim.launch.py
-- Symlinking: /home/lee/robot_ws/install/rqt_example/lib/rqt_example/rqt_example
-- Symlinking: /home/lee/robot_ws/install/rqt_example/share/ament_index/resource_index/package_run_dependencies/rqt_example
-- Symlinking: /home/lee/robot_ws/install/rqt_example/share/ament_index/resource_index/parent_prefix_path/rqt_example
-- Symlinking: /home/lee/robot_ws/install/rqt_example/share/rqt_example/environment/ament_prefix_path.sh
-- Symlinking: /home/lee/robot_ws/install/rqt_example/share/rqt_example/environment/ament_prefix_path.dsv
-- Symlinking: /home/lee/robot_ws/install/rqt_example/share/rqt_example/environment/path.sh
-- Symlinking: /home/lee/robot_ws/install/rqt_example/share/rqt_example/environment/path.dsv
-- Symlinking: /home/lee/robot_ws/install/rqt_example/share/rqt_example/local_setup.bash
-- Symlinking: /home/lee/robot_ws/install/rqt_example/share/rqt_example/local_setup.sh
-- Symlinking: /home/lee/robot_ws/install/rqt_example/share/rqt_example/local_setup.zsh
-- Symlinking: /home/lee/robot_ws/install/rqt_example/share/rqt_example/local_setup.dsv
-- Symlinking: /home/lee/robot_ws/install/rqt_example/share/rqt_example/package.dsv
-- Symlinking: /home/lee/robot_ws/install/rqt_example/share/ament_index/resource_index/packages/rqt_example
-- Symlinking: /home/lee/robot_ws/install/rqt_example/share/rqt_example/cmake/rqt_exampleConfig.cmake
-- Symlinking: /home/lee/robot_ws/install/rqt_example/share/rqt_example/cmake/rqt_exampleConfig-version.cmake
-- Symlinking: /home/lee/robot_ws/install/rqt_example/share/rqt_example/package.xml
Listing '/home/lee/robot_ws/install/rqt_example/lib/python3.8/site-packages/rqt_example'...
Compiling '/home/lee/robot_ws/install/rqt_example/lib/python3.8/site-packages/rqt_example/__init__.py'...
Compiling '/home/lee/robot_ws/install/rqt_example/lib/python3.8/site-packages/rqt_example/examples.py'...
Compiling '/home/lee/robot_ws/install/rqt_example/lib/python3.8/site-packages/rqt_example/examples_widget.py'...
