[0.468s] Invoking command in '/home/lee/robot_ws/build/rqt_example': CMAKE_PREFIX_PATH=${CMAKE_PREFIX_PATH}:/home/lee/robot_ws/install/my_first_ros_rclpy_pkg:/opt/ros/foxy /usr/bin/cmake --build /home/lee/robot_ws/build/rqt_example -- -j12 -l12
[0.762s] Invoked command in '/home/lee/robot_ws/build/rqt_example' returned '0': CMAKE_PREFIX_PATH=${CMAKE_PREFIX_PATH}:/home/lee/robot_ws/install/my_first_ros_rclpy_pkg:/opt/ros/foxy /usr/bin/cmake --build /home/lee/robot_ws/build/rqt_example -- -j12 -l12
[0.804s] Invoking command in '/home/lee/robot_ws/build/rqt_example': CMAKE_PREFIX_PATH=${CMAKE_PREFIX_PATH}:/home/lee/robot_ws/install/my_first_ros_rclpy_pkg:/opt/ros/foxy /usr/bin/cmake --install /home/lee/robot_ws/build/rqt_example
[0.820s] -- Install configuration: ""
[0.820s] -- Execute custom install script
[0.820s] -- Up-to-date symlink: /home/lee/robot_ws/install/rqt_example/share/rqt_example/environment/pythonpath.sh
[0.820s] -- Symlinking: /home/lee/robot_ws/install/rqt_example/share/rqt_example/environment/pythonpath.dsv
[0.824s] -- Symlinking: /home/lee/robot_ws/install/rqt_example/lib/python3.8/site-packages/rqt_example/__init__.py
[0.832s] -- Symlinking: /home/lee/robot_ws/install/rqt_example/lib/python3.8/site-packages/rqt_example/examples.py
[0.841s] -- Symlinking: /home/lee/robot_ws/install/rqt_example/lib/python3.8/site-packages/rqt_example/examples_widget.py
[0.847s] -- Symlinking: /home/lee/robot_ws/install/rqt_example/share/rqt_example/plugin.xml
[0.854s] -- Symlinking: /home/lee/robot_ws/install/rqt_example/share/rqt_example/resource/rqt_example.ui
[0.860s] -- Symlinking: /home/lee/robot_ws/install/rqt_example/share/rqt_example/launch/turtlesim.launch.py
[0.867s] -- Symlinking: /home/lee/robot_ws/install/rqt_example/lib/rqt_example/rqt_example
[0.874s] -- Symlinking: /home/lee/robot_ws/install/rqt_example/share/ament_index/resource_index/package_run_dependencies/rqt_example
[0.880s] -- Symlinking: /home/lee/robot_ws/install/rqt_example/share/ament_index/resource_index/parent_prefix_path/rqt_example
[0.888s] -- Symlinking: /home/lee/robot_ws/install/rqt_example/share/rqt_example/environment/ament_prefix_path.sh
[0.897s] -- Symlinking: /home/lee/robot_ws/install/rqt_example/share/rqt_example/environment/ament_prefix_path.dsv
[0.905s] -- Symlinking: /home/lee/robot_ws/install/rqt_example/share/rqt_example/environment/path.sh
[0.914s] -- Symlinking: /home/lee/robot_ws/install/rqt_example/share/rqt_example/environment/path.dsv
[0.923s] -- Symlinking: /home/lee/robot_ws/install/rqt_example/share/rqt_example/local_setup.bash
[0.932s] -- Symlinking: /home/lee/robot_ws/install/rqt_example/share/rqt_example/local_setup.sh
[0.941s] -- Symlinking: /home/lee/robot_ws/install/rqt_example/share/rqt_example/local_setup.zsh
[0.950s] -- Symlinking: /home/lee/robot_ws/install/rqt_example/share/rqt_example/local_setup.dsv
[0.959s] -- Symlinking: /home/lee/robot_ws/install/rqt_example/share/rqt_example/package.dsv
[0.968s] -- Symlinking: /home/lee/robot_ws/install/rqt_example/share/ament_index/resource_index/packages/rqt_example
[0.980s] -- Symlinking: /home/lee/robot_ws/install/rqt_example/share/rqt_example/cmake/rqt_exampleConfig.cmake
[0.986s] -- Symlinking: /home/lee/robot_ws/install/rqt_example/share/rqt_example/cmake/rqt_exampleConfig-version.cmake
[0.996s] -- Symlinking: /home/lee/robot_ws/install/rqt_example/share/rqt_example/package.xml
[1.037s] Listing '/home/lee/robot_ws/install/rqt_example/lib/python3.8/site-packages/rqt_example'...
[1.037s] Compiling '/home/lee/robot_ws/install/rqt_example/lib/python3.8/site-packages/rqt_example/__init__.py'...
[1.037s] Compiling '/home/lee/robot_ws/install/rqt_example/lib/python3.8/site-packages/rqt_example/examples.py'...
[1.037s] Compiling '/home/lee/robot_ws/install/rqt_example/lib/python3.8/site-packages/rqt_example/examples_widget.py'...
[1.077s] Invoked command in '/home/lee/robot_ws/build/rqt_example' returned '0': CMAKE_PREFIX_PATH=${CMAKE_PREFIX_PATH}:/home/lee/robot_ws/install/my_first_ros_rclpy_pkg:/opt/ros/foxy /usr/bin/cmake --install /home/lee/robot_ws/build/rqt_example
