[0.011s] Invoking command in '/home/lee/robot_ws/build/msg_srv_action_interface_cpp': CMAKE_PREFIX_PATH=${CMAKE_PREFIX_PATH}:/home/lee/robot_ws/install/topic_service_action_rclpy_example:/home/lee/robot_ws/install/time_rclpy_example:/home/lee/robot_ws/install/tf2_rclpy_example:/home/lee/robot_ws/install/test_lee_rclpy:/home/lee/robot_ws/install/ros2env:/home/lee/robot_ws/install/my_first_ros_rclpy_pkg:/home/lee/robot_ws/install/logging_rclpy_example:/opt/ros/foxy /usr/bin/cmake --build /home/lee/robot_ws/build/msg_srv_action_interface_cpp -- -j12 -l12
[0.049s] [  2%] Built target msg_srv_action_interface_cpp__cpp
[0.049s] [ 12%] Built target msg_srv_action_interface_cpp__rosidl_generator_c
[0.066s] [ 55%] Built target msg_srv_action_interface_cpp__rosidl_typesupport_cpp
[0.066s] [ 55%] Built target msg_srv_action_interface_cpp__rosidl_typesupport_introspection_c
[0.066s] [ 55%] Built target msg_srv_action_interface_cpp__rosidl_typesupport_c
[0.066s] [ 55%] Built target msg_srv_action_interface_cpp__rosidl_typesupport_introspection_cpp
[0.068s] [ 65%] Built target msg_srv_action_interface_cpp__rosidl_typesupport_fastrtps_cpp
[0.085s] [ 76%] Built target msg_srv_action_interface_cpp__rosidl_typesupport_fastrtps_c
[0.099s] [ 76%] Built target msg_srv_action_interface_cpp
[0.117s] [ 78%] Built target msg_srv_action_interface_cpp__py
[0.138s] [ 87%] Built target msg_srv_action_interface_cpp__python
[0.157s] [100%] Built target msg_srv_action_interface_cpp__rosidl_typesupport_fastrtps_c__pyext
[0.158s] [100%] Built target msg_srv_action_interface_cpp__rosidl_typesupport_introspection_c__pyext
[0.158s] [100%] Built target msg_srv_action_interface_cpp__rosidl_typesupport_c__pyext
[0.166s] Invoked command in '/home/lee/robot_ws/build/msg_srv_action_interface_cpp' returned '0': CMAKE_PREFIX_PATH=${CMAKE_PREFIX_PATH}:/home/lee/robot_ws/install/topic_service_action_rclpy_example:/home/lee/robot_ws/install/time_rclpy_example:/home/lee/robot_ws/install/tf2_rclpy_example:/home/lee/robot_ws/install/test_lee_rclpy:/home/lee/robot_ws/install/ros2env:/home/lee/robot_ws/install/my_first_ros_rclpy_pkg:/home/lee/robot_ws/install/logging_rclpy_example:/opt/ros/foxy /usr/bin/cmake --build /home/lee/robot_ws/build/msg_srv_action_interface_cpp -- -j12 -l12
[0.223s] Invoking command in '/home/lee/robot_ws/build/msg_srv_action_interface_cpp': CMAKE_PREFIX_PATH=${CMAKE_PREFIX_PATH}:/home/lee/robot_ws/install/topic_service_action_rclpy_example:/home/lee/robot_ws/install/time_rclpy_example:/home/lee/robot_ws/install/tf2_rclpy_example:/home/lee/robot_ws/install/test_lee_rclpy:/home/lee/robot_ws/install/ros2env:/home/lee/robot_ws/install/my_first_ros_rclpy_pkg:/home/lee/robot_ws/install/logging_rclpy_example:/opt/ros/foxy /usr/bin/cmake --install /home/lee/robot_ws/build/msg_srv_action_interface_cpp
[0.229s] -- Install configuration: ""
[0.229s] -- Execute custom install script
[0.229s] -- Up-to-date symlink: /home/lee/robot_ws/install/msg_srv_action_interface_cpp/share/ament_index/resource_index/rosidl_interfaces/msg_srv_action_interface_cpp
[0.229s] -- Up-to-date symlink: /home/lee/robot_ws/install/msg_srv_action_interface_cpp/include/msg_srv_action_interface_cpp/action/coordinates_checker.h
[0.230s] -- Up-to-date symlink: /home/lee/robot_ws/install/msg_srv_action_interface_cpp/include/msg_srv_action_interface_cpp/action/detail/coordinates_checker__functions.h
[0.230s] -- Up-to-date symlink: /home/lee/robot_ws/install/msg_srv_action_interface_cpp/include/msg_srv_action_interface_cpp/action/detail/coordinates_checker__struct.h
[0.230s] -- Up-to-date symlink: /home/lee/robot_ws/install/msg_srv_action_interface_cpp/include/msg_srv_action_interface_cpp/action/detail/coordinates_checker__type_support.h
[0.230s] -- Up-to-date symlink: /home/lee/robot_ws/install/msg_srv_action_interface_cpp/include/msg_srv_action_interface_cpp/msg/coordinates.h
[0.230s] -- Up-to-date symlink: /home/lee/robot_ws/install/msg_srv_action_interface_cpp/include/msg_srv_action_interface_cpp/msg/detail/coordinates__functions.h
[0.230s] -- Up-to-date symlink: /home/lee/robot_ws/install/msg_srv_action_interface_cpp/include/msg_srv_action_interface_cpp/msg/detail/coordinates__struct.h
[0.230s] -- Up-to-date symlink: /home/lee/robot_ws/install/msg_srv_action_interface_cpp/include/msg_srv_action_interface_cpp/msg/detail/coordinates__type_support.h
[0.230s] -- Up-to-date symlink: /home/lee/robot_ws/install/msg_srv_action_interface_cpp/include/msg_srv_action_interface_cpp/msg/rosidl_generator_c__visibility_control.h
[0.230s] -- Up-to-date symlink: /home/lee/robot_ws/install/msg_srv_action_interface_cpp/include/msg_srv_action_interface_cpp/srv/conversion.h
[0.231s] -- Up-to-date symlink: /home/lee/robot_ws/install/msg_srv_action_interface_cpp/include/msg_srv_action_interface_cpp/srv/detail/conversion__functions.h
[0.231s] -- Up-to-date symlink: /home/lee/robot_ws/install/msg_srv_action_interface_cpp/include/msg_srv_action_interface_cpp/srv/detail/conversion__struct.h
[0.231s] -- Up-to-date symlink: /home/lee/robot_ws/install/msg_srv_action_interface_cpp/include/msg_srv_action_interface_cpp/srv/detail/conversion__type_support.h
[0.231s] -- Up-to-date symlink: /home/lee/robot_ws/install/msg_srv_action_interface_cpp/share/msg_srv_action_interface_cpp/environment/library_path.sh
[0.231s] -- Up-to-date symlink: /home/lee/robot_ws/install/msg_srv_action_interface_cpp/share/msg_srv_action_interface_cpp/environment/library_path.dsv
[0.231s] -- Up-to-date symlink: /home/lee/robot_ws/install/msg_srv_action_interface_cpp/include/msg_srv_action_interface_cpp/action/detail/coordinates_checker__rosidl_typesupport_fastrtps_c.h
[0.232s] -- Up-to-date symlink: /home/lee/robot_ws/install/msg_srv_action_interface_cpp/include/msg_srv_action_interface_cpp/msg/detail/coordinates__rosidl_typesupport_fastrtps_c.h
[0.232s] -- Up-to-date symlink: /home/lee/robot_ws/install/msg_srv_action_interface_cpp/include/msg_srv_action_interface_cpp/msg/rosidl_typesupport_fastrtps_c__visibility_control.h
[0.232s] -- Up-to-date symlink: /home/lee/robot_ws/install/msg_srv_action_interface_cpp/include/msg_srv_action_interface_cpp/srv/detail/conversion__rosidl_typesupport_fastrtps_c.h
[0.232s] -- Up-to-date symlink: /home/lee/robot_ws/install/msg_srv_action_interface_cpp/lib/libmsg_srv_action_interface_cpp__rosidl_typesupport_fastrtps_c.so
[0.232s] -- Up-to-date symlink: /home/lee/robot_ws/install/msg_srv_action_interface_cpp/include/msg_srv_action_interface_cpp/action/detail/coordinates_checker__rosidl_typesupport_fastrtps_cpp.hpp
[0.232s] -- Up-to-date symlink: /home/lee/robot_ws/install/msg_srv_action_interface_cpp/include/msg_srv_action_interface_cpp/msg/detail/coordinates__rosidl_typesupport_fastrtps_cpp.hpp
[0.233s] -- Up-to-date symlink: /home/lee/robot_ws/install/msg_srv_action_interface_cpp/include/msg_srv_action_interface_cpp/msg/rosidl_typesupport_fastrtps_cpp__visibility_control.h
[0.233s] -- Up-to-date symlink: /home/lee/robot_ws/install/msg_srv_action_interface_cpp/include/msg_srv_action_interface_cpp/srv/detail/conversion__rosidl_typesupport_fastrtps_cpp.hpp
[0.233s] -- Up-to-date symlink: /home/lee/robot_ws/install/msg_srv_action_interface_cpp/lib/libmsg_srv_action_interface_cpp__rosidl_typesupport_fastrtps_cpp.so
[0.233s] -- Up-to-date symlink: /home/lee/robot_ws/install/msg_srv_action_interface_cpp/include/msg_srv_action_interface_cpp/action/detail/coordinates_checker__rosidl_typesupport_introspection_c.h
[0.233s] -- Up-to-date symlink: /home/lee/robot_ws/install/msg_srv_action_interface_cpp/include/msg_srv_action_interface_cpp/msg/detail/coordinates__rosidl_typesupport_introspection_c.h
[0.233s] -- Up-to-date symlink: /home/lee/robot_ws/install/msg_srv_action_interface_cpp/include/msg_srv_action_interface_cpp/msg/rosidl_typesupport_introspection_c__visibility_control.h
[0.233s] -- Up-to-date symlink: /home/lee/robot_ws/install/msg_srv_action_interface_cpp/include/msg_srv_action_interface_cpp/srv/detail/conversion__rosidl_typesupport_introspection_c.h
[0.234s] -- Up-to-date symlink: /home/lee/robot_ws/install/msg_srv_action_interface_cpp/include/msg_srv_action_interface_cpp/action/coordinates_checker.hpp
[0.234s] -- Up-to-date symlink: /home/lee/robot_ws/install/msg_srv_action_interface_cpp/include/msg_srv_action_interface_cpp/action/detail/coordinates_checker__builder.hpp
[0.234s] -- Up-to-date symlink: /home/lee/robot_ws/install/msg_srv_action_interface_cpp/include/msg_srv_action_interface_cpp/action/detail/coordinates_checker__struct.hpp
[0.234s] -- Up-to-date symlink: /home/lee/robot_ws/install/msg_srv_action_interface_cpp/include/msg_srv_action_interface_cpp/action/detail/coordinates_checker__traits.hpp
[0.234s] -- Up-to-date symlink: /home/lee/robot_ws/install/msg_srv_action_interface_cpp/include/msg_srv_action_interface_cpp/msg/coordinates.hpp
[0.234s] -- Up-to-date symlink: /home/lee/robot_ws/install/msg_srv_action_interface_cpp/include/msg_srv_action_interface_cpp/msg/detail/coordinates__builder.hpp
[0.234s] -- Up-to-date symlink: /home/lee/robot_ws/install/msg_srv_action_interface_cpp/include/msg_srv_action_interface_cpp/msg/detail/coordinates__struct.hpp
[0.234s] -- Up-to-date symlink: /home/lee/robot_ws/install/msg_srv_action_interface_cpp/include/msg_srv_action_interface_cpp/msg/detail/coordinates__traits.hpp
[0.235s] -- Up-to-date symlink: /home/lee/robot_ws/install/msg_srv_action_interface_cpp/include/msg_srv_action_interface_cpp/srv/conversion.hpp
[0.235s] -- Up-to-date symlink: /home/lee/robot_ws/install/msg_srv_action_interface_cpp/include/msg_srv_action_interface_cpp/srv/detail/conversion__builder.hpp
[0.235s] -- Up-to-date symlink: /home/lee/robot_ws/install/msg_srv_action_interface_cpp/include/msg_srv_action_interface_cpp/srv/detail/conversion__struct.hpp
[0.235s] -- Up-to-date symlink: /home/lee/robot_ws/install/msg_srv_action_interface_cpp/include/msg_srv_action_interface_cpp/srv/detail/conversion__traits.hpp
[0.235s] -- Up-to-date symlink: /home/lee/robot_ws/install/msg_srv_action_interface_cpp/include/msg_srv_action_interface_cpp/action/detail/coordinates_checker__rosidl_typesupport_introspection_cpp.hpp
[0.235s] -- Up-to-date symlink: /home/lee/robot_ws/install/msg_srv_action_interface_cpp/include/msg_srv_action_interface_cpp/msg/detail/coordinates__rosidl_typesupport_introspection_cpp.hpp
[0.235s] -- Up-to-date symlink: /home/lee/robot_ws/install/msg_srv_action_interface_cpp/include/msg_srv_action_interface_cpp/srv/detail/conversion__rosidl_typesupport_introspection_cpp.hpp
[0.235s] -- Up-to-date symlink: /home/lee/robot_ws/install/msg_srv_action_interface_cpp/share/msg_srv_action_interface_cpp/environment/pythonpath.sh
[0.236s] -- Up-to-date symlink: /home/lee/robot_ws/install/msg_srv_action_interface_cpp/share/msg_srv_action_interface_cpp/environment/pythonpath.dsv
[0.236s] -- Up-to-date symlink: /home/lee/robot_ws/install/msg_srv_action_interface_cpp/lib/python3.8/site-packages/msg_srv_action_interface_cpp/__init__.py
[0.236s] -- Up-to-date symlink: /home/lee/robot_ws/install/msg_srv_action_interface_cpp/lib/python3.8/site-packages/msg_srv_action_interface_cpp/msg/__init__.py
[0.237s] -- Up-to-date symlink: /home/lee/robot_ws/install/msg_srv_action_interface_cpp/lib/python3.8/site-packages/msg_srv_action_interface_cpp/msg/_coordinates.py
[0.237s] -- Up-to-date symlink: /home/lee/robot_ws/install/msg_srv_action_interface_cpp/lib/python3.8/site-packages/msg_srv_action_interface_cpp/srv/__init__.py
[0.237s] -- Up-to-date symlink: /home/lee/robot_ws/install/msg_srv_action_interface_cpp/lib/python3.8/site-packages/msg_srv_action_interface_cpp/srv/_conversion.py
[0.238s] -- Up-to-date symlink: /home/lee/robot_ws/install/msg_srv_action_interface_cpp/lib/python3.8/site-packages/msg_srv_action_interface_cpp/action/__init__.py
[0.238s] -- Up-to-date symlink: /home/lee/robot_ws/install/msg_srv_action_interface_cpp/lib/python3.8/site-packages/msg_srv_action_interface_cpp/action/_coordinates_checker.py
[0.238s] -- Up-to-date symlink: /home/lee/robot_ws/install/msg_srv_action_interface_cpp/lib/python3.8/site-packages/msg_srv_action_interface_cpp/msg_srv_action_interface_cpp_s__rosidl_typesupport_fastrtps_c.cpython-38-x86_64-linux-gnu.so
[0.238s] -- Up-to-date symlink: /home/lee/robot_ws/install/msg_srv_action_interface_cpp/lib/python3.8/site-packages/msg_srv_action_interface_cpp/msg_srv_action_interface_cpp_s__rosidl_typesupport_introspection_c.cpython-38-x86_64-linux-gnu.so
[0.238s] -- Up-to-date symlink: /home/lee/robot_ws/install/msg_srv_action_interface_cpp/lib/python3.8/site-packages/msg_srv_action_interface_cpp/msg_srv_action_interface_cpp_s__rosidl_typesupport_c.cpython-38-x86_64-linux-gnu.so
[0.238s] -- Up-to-date symlink: /home/lee/robot_ws/install/msg_srv_action_interface_cpp/lib/libmsg_srv_action_interface_cpp__python.so
[0.238s] -- Up-to-date symlink: /home/lee/robot_ws/install/msg_srv_action_interface_cpp/share/msg_srv_action_interface_cpp/msg/Coordinates.idl
[0.238s] -- Up-to-date symlink: /home/lee/robot_ws/install/msg_srv_action_interface_cpp/share/msg_srv_action_interface_cpp/srv/Conversion.idl
[0.238s] -- Up-to-date symlink: /home/lee/robot_ws/install/msg_srv_action_interface_cpp/share/msg_srv_action_interface_cpp/action/CoordinatesChecker.idl
[0.238s] -- Up-to-date symlink: /home/lee/robot_ws/install/msg_srv_action_interface_cpp/share/msg_srv_action_interface_cpp/msg/Coordinates.msg
[0.238s] -- Up-to-date symlink: /home/lee/robot_ws/install/msg_srv_action_interface_cpp/share/msg_srv_action_interface_cpp/srv/Conversion.srv
[0.239s] -- Up-to-date symlink: /home/lee/robot_ws/install/msg_srv_action_interface_cpp/share/msg_srv_action_interface_cpp/srv/Conversion_Request.msg
[0.239s] -- Up-to-date symlink: /home/lee/robot_ws/install/msg_srv_action_interface_cpp/share/msg_srv_action_interface_cpp/srv/Conversion_Response.msg
[0.239s] -- Up-to-date symlink: /home/lee/robot_ws/install/msg_srv_action_interface_cpp/share/msg_srv_action_interface_cpp/action/CoordinatesChecker.action
[0.239s] -- Up-to-date symlink: /home/lee/robot_ws/install/msg_srv_action_interface_cpp/share/ament_index/resource_index/package_run_dependencies/msg_srv_action_interface_cpp
[0.239s] -- Up-to-date symlink: /home/lee/robot_ws/install/msg_srv_action_interface_cpp/share/ament_index/resource_index/parent_prefix_path/msg_srv_action_interface_cpp
[0.239s] -- Up-to-date symlink: /home/lee/robot_ws/install/msg_srv_action_interface_cpp/share/msg_srv_action_interface_cpp/environment/ament_prefix_path.sh
[0.239s] -- Up-to-date symlink: /home/lee/robot_ws/install/msg_srv_action_interface_cpp/share/msg_srv_action_interface_cpp/environment/ament_prefix_path.dsv
[0.240s] -- Up-to-date symlink: /home/lee/robot_ws/install/msg_srv_action_interface_cpp/share/msg_srv_action_interface_cpp/environment/path.sh
[0.240s] -- Up-to-date symlink: /home/lee/robot_ws/install/msg_srv_action_interface_cpp/share/msg_srv_action_interface_cpp/environment/path.dsv
[0.240s] -- Up-to-date symlink: /home/lee/robot_ws/install/msg_srv_action_interface_cpp/share/msg_srv_action_interface_cpp/local_setup.bash
[0.240s] -- Up-to-date symlink: /home/lee/robot_ws/install/msg_srv_action_interface_cpp/share/msg_srv_action_interface_cpp/local_setup.sh
[0.240s] -- Up-to-date symlink: /home/lee/robot_ws/install/msg_srv_action_interface_cpp/share/msg_srv_action_interface_cpp/local_setup.zsh
[0.240s] -- Up-to-date symlink: /home/lee/robot_ws/install/msg_srv_action_interface_cpp/share/msg_srv_action_interface_cpp/local_setup.dsv
[0.240s] -- Symlinking: /home/lee/robot_ws/install/msg_srv_action_interface_cpp/share/msg_srv_action_interface_cpp/package.dsv
[0.247s] -- Up-to-date symlink: /home/lee/robot_ws/install/msg_srv_action_interface_cpp/share/ament_index/resource_index/packages/msg_srv_action_interface_cpp
[0.247s] -- Up-to-date symlink: /home/lee/robot_ws/install/msg_srv_action_interface_cpp/share/msg_srv_action_interface_cpp/cmake/rosidl_cmake-extras.cmake
[0.247s] -- Up-to-date symlink: /home/lee/robot_ws/install/msg_srv_action_interface_cpp/share/msg_srv_action_interface_cpp/cmake/ament_cmake_export_dependencies-extras.cmake
[0.247s] -- Up-to-date symlink: /home/lee/robot_ws/install/msg_srv_action_interface_cpp/share/msg_srv_action_interface_cpp/cmake/ament_cmake_export_libraries-extras.cmake
[0.247s] -- Up-to-date symlink: /home/lee/robot_ws/install/msg_srv_action_interface_cpp/share/msg_srv_action_interface_cpp/cmake/ament_cmake_export_targets-extras.cmake
[0.247s] -- Up-to-date symlink: /home/lee/robot_ws/install/msg_srv_action_interface_cpp/share/msg_srv_action_interface_cpp/cmake/ament_cmake_export_include_directories-extras.cmake
[0.247s] -- Up-to-date symlink: /home/lee/robot_ws/install/msg_srv_action_interface_cpp/share/msg_srv_action_interface_cpp/cmake/rosidl_cmake_export_typesupport_libraries-extras.cmake
[0.248s] -- Up-to-date symlink: /home/lee/robot_ws/install/msg_srv_action_interface_cpp/share/msg_srv_action_interface_cpp/cmake/rosidl_cmake_export_typesupport_targets-extras.cmake
[0.248s] -- Up-to-date symlink: /home/lee/robot_ws/install/msg_srv_action_interface_cpp/share/msg_srv_action_interface_cpp/cmake/msg_srv_action_interface_cppConfig.cmake
[0.248s] -- Up-to-date symlink: /home/lee/robot_ws/install/msg_srv_action_interface_cpp/share/msg_srv_action_interface_cpp/cmake/msg_srv_action_interface_cppConfig-version.cmake
[0.248s] -- Up-to-date symlink: /home/lee/robot_ws/install/msg_srv_action_interface_cpp/share/msg_srv_action_interface_cpp/package.xml
[0.248s] -- Up-to-date: /home/lee/robot_ws/install/msg_srv_action_interface_cpp/lib/libmsg_srv_action_interface_cpp__rosidl_generator_c.so
[0.248s] -- Up-to-date: /home/lee/robot_ws/install/msg_srv_action_interface_cpp/lib/libmsg_srv_action_interface_cpp__rosidl_typesupport_introspection_c.so
[0.249s] -- Up-to-date: /home/lee/robot_ws/install/msg_srv_action_interface_cpp/lib/libmsg_srv_action_interface_cpp__rosidl_typesupport_c.so
[0.249s] -- Up-to-date: /home/lee/robot_ws/install/msg_srv_action_interface_cpp/lib/libmsg_srv_action_interface_cpp__rosidl_typesupport_introspection_cpp.so
[0.249s] -- Up-to-date: /home/lee/robot_ws/install/msg_srv_action_interface_cpp/lib/libmsg_srv_action_interface_cpp__rosidl_typesupport_cpp.so
[0.279s] -- Up-to-date: /home/lee/robot_ws/install/msg_srv_action_interface_cpp/share/msg_srv_action_interface_cpp/cmake/msg_srv_action_interface_cpp__rosidl_generator_cExport.cmake
[0.279s] -- Up-to-date: /home/lee/robot_ws/install/msg_srv_action_interface_cpp/share/msg_srv_action_interface_cpp/cmake/msg_srv_action_interface_cpp__rosidl_generator_cExport-noconfig.cmake
[0.279s] -- Up-to-date: /home/lee/robot_ws/install/msg_srv_action_interface_cpp/share/msg_srv_action_interface_cpp/cmake/msg_srv_action_interface_cpp__rosidl_typesupport_introspection_cExport.cmake
[0.279s] -- Up-to-date: /home/lee/robot_ws/install/msg_srv_action_interface_cpp/share/msg_srv_action_interface_cpp/cmake/msg_srv_action_interface_cpp__rosidl_typesupport_introspection_cExport-noconfig.cmake
[0.279s] -- Up-to-date: /home/lee/robot_ws/install/msg_srv_action_interface_cpp/share/msg_srv_action_interface_cpp/cmake/msg_srv_action_interface_cpp__rosidl_typesupport_cExport.cmake
[0.279s] -- Up-to-date: /home/lee/robot_ws/install/msg_srv_action_interface_cpp/share/msg_srv_action_interface_cpp/cmake/msg_srv_action_interface_cpp__rosidl_typesupport_cExport-noconfig.cmake
[0.279s] -- Up-to-date: /home/lee/robot_ws/install/msg_srv_action_interface_cpp/share/msg_srv_action_interface_cpp/cmake/msg_srv_action_interface_cpp__rosidl_generator_cppExport.cmake
[0.279s] -- Up-to-date: /home/lee/robot_ws/install/msg_srv_action_interface_cpp/share/msg_srv_action_interface_cpp/cmake/msg_srv_action_interface_cpp__rosidl_typesupport_introspection_cppExport.cmake
[0.279s] -- Up-to-date: /home/lee/robot_ws/install/msg_srv_action_interface_cpp/share/msg_srv_action_interface_cpp/cmake/msg_srv_action_interface_cpp__rosidl_typesupport_introspection_cppExport-noconfig.cmake
[0.279s] -- Up-to-date: /home/lee/robot_ws/install/msg_srv_action_interface_cpp/share/msg_srv_action_interface_cpp/cmake/msg_srv_action_interface_cpp__rosidl_typesupport_cppExport.cmake
[0.279s] -- Up-to-date: /home/lee/robot_ws/install/msg_srv_action_interface_cpp/share/msg_srv_action_interface_cpp/cmake/msg_srv_action_interface_cpp__rosidl_typesupport_cppExport-noconfig.cmake
[0.281s] Invoked command in '/home/lee/robot_ws/build/msg_srv_action_interface_cpp' returned '0': CMAKE_PREFIX_PATH=${CMAKE_PREFIX_PATH}:/home/lee/robot_ws/install/topic_service_action_rclpy_example:/home/lee/robot_ws/install/time_rclpy_example:/home/lee/robot_ws/install/tf2_rclpy_example:/home/lee/robot_ws/install/test_lee_rclpy:/home/lee/robot_ws/install/ros2env:/home/lee/robot_ws/install/my_first_ros_rclpy_pkg:/home/lee/robot_ws/install/logging_rclpy_example:/opt/ros/foxy /usr/bin/cmake --install /home/lee/robot_ws/build/msg_srv_action_interface_cpp
