[0.663s] Invoking command in '/home/lee/robot_ws/build/time_rclcpp_example': CMAKE_PREFIX_PATH=${CMAKE_PREFIX_PATH}:/home/lee/robot_ws/install/topic_service_action_rclpy_example:/home/lee/robot_ws/install/time_rclpy_example:/home/lee/robot_ws/install/tf2_rclpy_example:/home/lee/robot_ws/install/ros2env:/home/lee/robot_ws/install/my_first_ros_rclpy_pkg:/home/lee/robot_ws/install/logging_rclpy_example:/opt/ros/foxy /usr/bin/cmake --build /home/lee/robot_ws/build/time_rclcpp_example -- -j12 -l12
[0.826s] [100%] Built target time_example
[0.834s] Invoked command in '/home/lee/robot_ws/build/time_rclcpp_example' returned '0': CMAKE_PREFIX_PATH=${CMAKE_PREFIX_PATH}:/home/lee/robot_ws/install/topic_service_action_rclpy_example:/home/lee/robot_ws/install/time_rclpy_example:/home/lee/robot_ws/install/tf2_rclpy_example:/home/lee/robot_ws/install/ros2env:/home/lee/robot_ws/install/my_first_ros_rclpy_pkg:/home/lee/robot_ws/install/logging_rclpy_example:/opt/ros/foxy /usr/bin/cmake --build /home/lee/robot_ws/build/time_rclcpp_example -- -j12 -l12
[0.882s] Invoking command in '/home/lee/robot_ws/build/time_rclcpp_example': CMAKE_PREFIX_PATH=${CMAKE_PREFIX_PATH}:/home/lee/robot_ws/install/topic_service_action_rclpy_example:/home/lee/robot_ws/install/time_rclpy_example:/home/lee/robot_ws/install/tf2_rclpy_example:/home/lee/robot_ws/install/ros2env:/home/lee/robot_ws/install/my_first_ros_rclpy_pkg:/home/lee/robot_ws/install/logging_rclpy_example:/opt/ros/foxy /usr/bin/cmake --install /home/lee/robot_ws/build/time_rclcpp_example
[0.898s] -- Install configuration: ""
[0.899s] -- Execute custom install script
[0.899s] -- Up-to-date symlink: /home/lee/robot_ws/install/time_rclcpp_example/lib/time_rclcpp_example/time_example
[0.899s] -- Up-to-date symlink: /home/lee/robot_ws/install/time_rclcpp_example/share/ament_index/resource_index/package_run_dependencies/time_rclcpp_example
[0.899s] -- Up-to-date symlink: /home/lee/robot_ws/install/time_rclcpp_example/share/ament_index/resource_index/parent_prefix_path/time_rclcpp_example
[0.899s] -- Up-to-date symlink: /home/lee/robot_ws/install/time_rclcpp_example/share/time_rclcpp_example/environment/ament_prefix_path.sh
[0.899s] -- Up-to-date symlink: /home/lee/robot_ws/install/time_rclcpp_example/share/time_rclcpp_example/environment/ament_prefix_path.dsv
[0.900s] -- Up-to-date symlink: /home/lee/robot_ws/install/time_rclcpp_example/share/time_rclcpp_example/environment/path.sh
[0.900s] -- Up-to-date symlink: /home/lee/robot_ws/install/time_rclcpp_example/share/time_rclcpp_example/environment/path.dsv
[0.900s] -- Up-to-date symlink: /home/lee/robot_ws/install/time_rclcpp_example/share/time_rclcpp_example/local_setup.bash
[0.900s] -- Up-to-date symlink: /home/lee/robot_ws/install/time_rclcpp_example/share/time_rclcpp_example/local_setup.sh
[0.900s] -- Up-to-date symlink: /home/lee/robot_ws/install/time_rclcpp_example/share/time_rclcpp_example/local_setup.zsh
[0.900s] -- Up-to-date symlink: /home/lee/robot_ws/install/time_rclcpp_example/share/time_rclcpp_example/local_setup.dsv
[0.900s] -- Symlinking: /home/lee/robot_ws/install/time_rclcpp_example/share/time_rclcpp_example/package.dsv
[0.906s] -- Up-to-date symlink: /home/lee/robot_ws/install/time_rclcpp_example/share/ament_index/resource_index/packages/time_rclcpp_example
[0.907s] -- Up-to-date symlink: /home/lee/robot_ws/install/time_rclcpp_example/share/time_rclcpp_example/cmake/time_rclcpp_exampleConfig.cmake
[0.907s] -- Up-to-date symlink: /home/lee/robot_ws/install/time_rclcpp_example/share/time_rclcpp_example/cmake/time_rclcpp_exampleConfig-version.cmake
[0.907s] -- Up-to-date symlink: /home/lee/robot_ws/install/time_rclcpp_example/share/time_rclcpp_example/package.xml
[0.981s] Invoked command in '/home/lee/robot_ws/build/time_rclcpp_example' returned '0': CMAKE_PREFIX_PATH=${CMAKE_PREFIX_PATH}:/home/lee/robot_ws/install/topic_service_action_rclpy_example:/home/lee/robot_ws/install/time_rclpy_example:/home/lee/robot_ws/install/tf2_rclpy_example:/home/lee/robot_ws/install/ros2env:/home/lee/robot_ws/install/my_first_ros_rclpy_pkg:/home/lee/robot_ws/install/logging_rclpy_example:/opt/ros/foxy /usr/bin/cmake --install /home/lee/robot_ws/build/time_rclcpp_example
