[0.000000] (-) TimerEvent: {}
[0.000183] (-) JobUnselected: {'identifier': 'action_tutorials_cpp'}
[0.000261] (-) JobUnselected: {'identifier': 'action_tutorials_interfaces'}
[0.000286] (-) JobUnselected: {'identifier': 'action_tutorials_py'}
[0.000297] (-) JobUnselected: {'identifier': 'composition'}
[0.000308] (-) JobUnselected: {'identifier': 'demo_nodes_cpp'}
[0.000318] (-) JobUnselected: {'identifier': 'demo_nodes_cpp_native'}
[0.000328] (-) JobUnselected: {'identifier': 'demo_nodes_py'}
[0.000337] (-) JobUnselected: {'identifier': 'dummy_map_server'}
[0.000358] (-) JobUnselected: {'identifier': 'dummy_robot_bringup'}
[0.000368] (-) JobUnselected: {'identifier': 'dummy_sensors'}
[0.000378] (-) JobUnselected: {'identifier': 'image_tools'}
[0.000388] (-) JobUnselected: {'identifier': 'intra_process_demo'}
[0.000410] (-) JobUnselected: {'identifier': 'lifecycle'}
[0.000425] (-) JobUnselected: {'identifier': 'lifecycle'}
[0.000435] (-) JobUnselected: {'identifier': 'lifecycle_py'}
[0.000445] (-) JobUnselected: {'identifier': 'logging_demo'}
[0.000462] (-) JobUnselected: {'identifier': 'logging_rclpy_example'}
[0.000476] (-) JobUnselected: {'identifier': 'msg_interface_py_test'}
[0.000491] (-) JobUnselected: {'identifier': 'msg_srv_action_interface_cpp'}
[0.000501] (-) JobUnselected: {'identifier': 'msg_srv_action_interface_example'}
[0.000511] (-) JobUnselected: {'identifier': 'msg_srv_action_interface_py_test'}
[0.000521] (-) JobUnselected: {'identifier': 'msg_srv_interface_py_test'}
[0.000531] (-) JobUnselected: {'identifier': 'my_first_ros_rclpy_pkg'}
[0.000541] (-) JobUnselected: {'identifier': 'pendulum_control'}
[0.000551] (-) JobUnselected: {'identifier': 'pendulum_msgs'}
[0.000561] (-) JobUnselected: {'identifier': 'quality_of_service_demo_cpp'}
[0.000571] (-) JobUnselected: {'identifier': 'quality_of_service_demo_py'}
[0.000581] (-) JobUnselected: {'identifier': 'ros2env'}
[0.000591] (-) JobUnselected: {'identifier': 'rqt_example'}
[0.000601] (-) JobUnselected: {'identifier': 'test_lee_rclcpp'}
[0.000611] (-) JobUnselected: {'identifier': 'test_lee_rclpy'}
[0.000621] (-) JobUnselected: {'identifier': 'testbot_description'}
[0.000631] (-) JobUnselected: {'identifier': 'tf2_rclcpp_example'}
[0.000641] (-) JobUnselected: {'identifier': 'tf2_rclpy_example'}
[0.000651] (-) JobUnselected: {'identifier': 'time_rclcpp_example'}
[0.000660] (-) JobUnselected: {'identifier': 'time_rclpy_example'}
[0.000670] (-) JobUnselected: {'identifier': 'topic_monitor'}
[0.000680] (-) JobUnselected: {'identifier': 'topic_service_action_rclcpp_example'}
[0.000690] (-) JobUnselected: {'identifier': 'topic_service_action_rclpy_example'}
[0.000700] (-) JobUnselected: {'identifier': 'topic_statistics_demo'}
[0.000711] (-) EventReactorShutdown: {}
