[0.524s] Invoking command in '/home/lee/robot_ws/build/rqt_example': CMAKE_PREFIX_PATH=${CMAKE_PREFIX_PATH}:/home/lee/robot_ws/install/topic_service_action_rclpy_example:/home/lee/robot_ws/install/time_rclpy_example:/home/lee/robot_ws/install/tf2_rclpy_example:/home/lee/robot_ws/install/ros2env:/home/lee/robot_ws/install/my_first_ros_rclpy_pkg:/home/lee/robot_ws/install/logging_rclpy_example:/opt/ros/foxy /usr/bin/cmake --build /home/lee/robot_ws/build/rqt_example -- -j12 -l12
[0.856s] Invoked command in '/home/lee/robot_ws/build/rqt_example' returned '0': CMAKE_PREFIX_PATH=${CMAKE_PREFIX_PATH}:/home/lee/robot_ws/install/topic_service_action_rclpy_example:/home/lee/robot_ws/install/time_rclpy_example:/home/lee/robot_ws/install/tf2_rclpy_example:/home/lee/robot_ws/install/ros2env:/home/lee/robot_ws/install/my_first_ros_rclpy_pkg:/home/lee/robot_ws/install/logging_rclpy_example:/opt/ros/foxy /usr/bin/cmake --build /home/lee/robot_ws/build/rqt_example -- -j12 -l12
[0.899s] Invoking command in '/home/lee/robot_ws/build/rqt_example': CMAKE_PREFIX_PATH=${CMAKE_PREFIX_PATH}:/home/lee/robot_ws/install/topic_service_action_rclpy_example:/home/lee/robot_ws/install/time_rclpy_example:/home/lee/robot_ws/install/tf2_rclpy_example:/home/lee/robot_ws/install/ros2env:/home/lee/robot_ws/install/my_first_ros_rclpy_pkg:/home/lee/robot_ws/install/logging_rclpy_example:/opt/ros/foxy /usr/bin/cmake --install /home/lee/robot_ws/build/rqt_example
[0.915s] -- Install configuration: ""
[0.915s] -- Execute custom install script
[0.916s] -- Up-to-date symlink: /home/lee/robot_ws/install/rqt_example/share/rqt_example/environment/pythonpath.sh
[0.916s] -- Up-to-date symlink: /home/lee/robot_ws/install/rqt_example/share/rqt_example/environment/pythonpath.dsv
[0.916s] -- Up-to-date symlink: /home/lee/robot_ws/install/rqt_example/lib/python3.8/site-packages/rqt_example/__init__.py
[0.916s] -- Up-to-date symlink: /home/lee/robot_ws/install/rqt_example/lib/python3.8/site-packages/rqt_example/examples.py
[0.916s] -- Up-to-date symlink: /home/lee/robot_ws/install/rqt_example/lib/python3.8/site-packages/rqt_example/examples_widget.py
[0.916s] -- Up-to-date symlink: /home/lee/robot_ws/install/rqt_example/share/rqt_example/plugin.xml
[0.916s] -- Up-to-date symlink: /home/lee/robot_ws/install/rqt_example/share/rqt_example/resource/rqt_example.ui
[0.916s] -- Up-to-date symlink: /home/lee/robot_ws/install/rqt_example/share/rqt_example/launch/turtlesim.launch.py
[0.916s] -- Up-to-date symlink: /home/lee/robot_ws/install/rqt_example/lib/rqt_example/rqt_example
[0.916s] -- Up-to-date symlink: /home/lee/robot_ws/install/rqt_example/share/ament_index/resource_index/package_run_dependencies/rqt_example
[0.916s] -- Up-to-date symlink: /home/lee/robot_ws/install/rqt_example/share/ament_index/resource_index/parent_prefix_path/rqt_example
[0.916s] -- Up-to-date symlink: /home/lee/robot_ws/install/rqt_example/share/rqt_example/environment/ament_prefix_path.sh
[0.916s] -- Up-to-date symlink: /home/lee/robot_ws/install/rqt_example/share/rqt_example/environment/ament_prefix_path.dsv
[0.916s] -- Up-to-date symlink: /home/lee/robot_ws/install/rqt_example/share/rqt_example/environment/path.sh
[0.916s] -- Up-to-date symlink: /home/lee/robot_ws/install/rqt_example/share/rqt_example/environment/path.dsv
[0.916s] -- Up-to-date symlink: /home/lee/robot_ws/install/rqt_example/share/rqt_example/local_setup.bash
[0.917s] -- Up-to-date symlink: /home/lee/robot_ws/install/rqt_example/share/rqt_example/local_setup.sh
[0.917s] -- Up-to-date symlink: /home/lee/robot_ws/install/rqt_example/share/rqt_example/local_setup.zsh
[0.917s] -- Up-to-date symlink: /home/lee/robot_ws/install/rqt_example/share/rqt_example/local_setup.dsv
[0.918s] -- Symlinking: /home/lee/robot_ws/install/rqt_example/share/rqt_example/package.dsv
[0.929s] -- Up-to-date symlink: /home/lee/robot_ws/install/rqt_example/share/ament_index/resource_index/packages/rqt_example
[0.929s] -- Up-to-date symlink: /home/lee/robot_ws/install/rqt_example/share/rqt_example/cmake/rqt_exampleConfig.cmake
[0.929s] -- Up-to-date symlink: /home/lee/robot_ws/install/rqt_example/share/rqt_example/cmake/rqt_exampleConfig-version.cmake
[0.929s] -- Up-to-date symlink: /home/lee/robot_ws/install/rqt_example/share/rqt_example/package.xml
[0.971s] Listing '/home/lee/robot_ws/install/rqt_example/lib/python3.8/site-packages/rqt_example'...
[1.033s] Invoked command in '/home/lee/robot_ws/build/rqt_example' returned '0': CMAKE_PREFIX_PATH=${CMAKE_PREFIX_PATH}:/home/lee/robot_ws/install/topic_service_action_rclpy_example:/home/lee/robot_ws/install/time_rclpy_example:/home/lee/robot_ws/install/tf2_rclpy_example:/home/lee/robot_ws/install/ros2env:/home/lee/robot_ws/install/my_first_ros_rclpy_pkg:/home/lee/robot_ws/install/logging_rclpy_example:/opt/ros/foxy /usr/bin/cmake --install /home/lee/robot_ws/build/rqt_example
